[3.996s] Invoking command in '/home/wego/third_impact/build/slam_parking': PYTHONPATH=/home/wego/third_impact/build/slam_parking/prefix_override:/usr/lib/python3/dist-packages/colcon_core/task/python/colcon_distutils_commands:/home/wego/third_impact/install/slam_parking/lib/python3.10/site-packages:${PYTHONPATH} /usr/bin/python3 -W ignore:setup.py install is deprecated -W ignore:easy_install command is deprecated setup.py develop --editable --build-directory /home/wego/third_impact/build/slam_parking/build --no-deps symlink_data
[5.105s] running develop
[5.936s] running egg_info
[5.936s] creating slam_parking.egg-info
[5.982s] writing slam_parking.egg-info/PKG-INFO
[5.984s] writing dependency_links to slam_parking.egg-info/dependency_links.txt
[5.985s] writing entry points to slam_parking.egg-info/entry_points.txt
[5.986s] writing requirements to slam_parking.egg-info/requires.txt
[5.986s] writing top-level names to slam_parking.egg-info/top_level.txt
[5.987s] writing manifest file 'slam_parking.egg-info/SOURCES.txt'
[6.079s] reading manifest file 'slam_parking.egg-info/SOURCES.txt'
[6.081s] writing manifest file 'slam_parking.egg-info/SOURCES.txt'
[6.173s] running build_ext
[6.174s] Creating /home/wego/third_impact/install/slam_parking/lib/python3.10/site-packages/slam-parking.egg-link (link to .)
[6.176s] Installing parking_navigator_node script to /home/wego/third_impact/install/slam_parking/lib/slam_parking
[6.177s] Installing parking_pose_recorder_node script to /home/wego/third_impact/install/slam_parking/lib/slam_parking
[6.179s] 
[6.180s] Installed /home/wego/third_impact/build/slam_parking
[6.180s] running symlink_data
[6.180s] creating /home/wego/third_impact/install/slam_parking/share/ament_index
[6.180s] creating /home/wego/third_impact/install/slam_parking/share/ament_index/resource_index
[6.181s] creating /home/wego/third_impact/install/slam_parking/share/ament_index/resource_index/packages
[6.181s] symbolically linking /home/wego/third_impact/build/slam_parking/resource/slam_parking -> /home/wego/third_impact/install/slam_parking/share/ament_index/resource_index/packages
[6.181s] symbolically linking /home/wego/third_impact/build/slam_parking/package.xml -> /home/wego/third_impact/install/slam_parking/share/slam_parking
[6.309s] Invoked command in '/home/wego/third_impact/build/slam_parking' returned '0': PYTHONPATH=/home/wego/third_impact/build/slam_parking/prefix_override:/usr/lib/python3/dist-packages/colcon_core/task/python/colcon_distutils_commands:/home/wego/third_impact/install/slam_parking/lib/python3.10/site-packages:${PYTHONPATH} /usr/bin/python3 -W ignore:setup.py install is deprecated -W ignore:easy_install command is deprecated setup.py develop --editable --build-directory /home/wego/third_impact/build/slam_parking/build --no-deps symlink_data
