[4.027s] Invoking command in '/home/wego/third_impact/build/limo_aj': PYTHONPATH=/home/wego/third_impact/build/limo_aj/prefix_override:/usr/lib/python3/dist-packages/colcon_core/task/python/colcon_distutils_commands:/home/wego/third_impact/install/limo_aj/lib/python3.10/site-packages:${PYTHONPATH} /usr/bin/python3 -W ignore:setup.py install is deprecated -W ignore:easy_install command is deprecated setup.py develop --editable --build-directory /home/wego/third_impact/build/limo_aj/build --no-deps symlink_data
[4.909s] running develop
[5.512s] running egg_info
[5.559s] writing limo_aj.egg-info/PKG-INFO
[5.560s] writing dependency_links to limo_aj.egg-info/dependency_links.txt
[5.560s] writing entry points to limo_aj.egg-info/entry_points.txt
[5.560s] writing requirements to limo_aj.egg-info/requires.txt
[5.561s] writing top-level names to limo_aj.egg-info/top_level.txt
[5.664s] reading manifest file 'limo_aj.egg-info/SOURCES.txt'
[5.664s] writing manifest file 'limo_aj.egg-info/SOURCES.txt'
[5.742s] running build_ext
[5.750s] Creating /home/wego/third_impact/install/limo_aj/lib/python3.10/site-packages/limo-aj.egg-link (link to .)
[5.751s] Installing cone_check_node script to /home/wego/third_impact/install/limo_aj/lib/limo_aj
[5.753s] Installing cone_node script to /home/wego/third_impact/install/limo_aj/lib/limo_aj
[5.755s] Installing lidar_angle_node script to /home/wego/third_impact/install/limo_aj/lib/limo_aj
[5.758s] Installing lidar_check_node script to /home/wego/third_impact/install/limo_aj/lib/limo_aj
[5.759s] Installing steering_test_node script to /home/wego/third_impact/install/limo_aj/lib/limo_aj
[5.761s] Installing traffic_node script to /home/wego/third_impact/install/limo_aj/lib/limo_aj
[5.761s] 
[5.762s] Installed /home/wego/third_impact/build/limo_aj
[5.765s] running symlink_data
[5.872s] Invoked command in '/home/wego/third_impact/build/limo_aj' returned '0': PYTHONPATH=/home/wego/third_impact/build/limo_aj/prefix_override:/usr/lib/python3/dist-packages/colcon_core/task/python/colcon_distutils_commands:/home/wego/third_impact/install/limo_aj/lib/python3.10/site-packages:${PYTHONPATH} /usr/bin/python3 -W ignore:setup.py install is deprecated -W ignore:easy_install command is deprecated setup.py develop --editable --build-directory /home/wego/third_impact/build/limo_aj/build --no-deps symlink_data
