[0.270s] [34mcolcon[0m [1;30mDEBUG[0m [32mCommand line arguments: ['/usr/bin/colcon', 'build', '--symlink-install'][0m
[0.271s] [34mcolcon[0m [1;30mDEBUG[0m [32mParsed command line arguments: Namespace(log_base=None, log_level=None, verb_name='build', build_base='build', install_base='install', merge_install=False, symlink_install=True, test_result_base=None, continue_on_error=False, executor='parallel', parallel_workers=6, event_handlers=None, ignore_user_meta=False, metas=['./colcon.meta'], base_paths=['.'], packages_ignore=None, packages_ignore_regex=None, paths=None, packages_up_to=None, packages_up_to_regex=None, packages_above=None, packages_above_and_dependencies=None, packages_above_depth=None, packages_select_by_dep=None, packages_skip_by_dep=None, packages_skip_up_to=None, packages_select_build_failed=False, packages_skip_build_finished=False, packages_select_test_failures=False, packages_skip_test_passed=False, packages_select=None, packages_skip=None, packages_select_regex=None, packages_skip_regex=None, packages_start=None, packages_end=None, allow_overriding=[], cmake_args=None, cmake_target=None, cmake_target_skip_unavailable=False, cmake_clean_cache=False, cmake_clean_first=False, cmake_force_configure=False, ament_cmake_args=None, catkin_cmake_args=None, catkin_skip_building_tests=False, mixin_files=None, mixin=None, verb_parser=<colcon_mixin.mixin.mixin_argument.MixinArgumentDecorator object at 0xffffa19c3c70>, verb_extension=<colcon_core.verb.build.BuildVerb object at 0xffffa19c2f50>, main=<bound method BuildVerb.main of <colcon_core.verb.build.BuildVerb object at 0xffffa19c2f50>>, mixin_verb=('build',))[0m
[0.364s] [34mcolcon.colcon_core.package_discovery[0m [1;30mLevel 1[0m discover_packages(colcon_meta) check parameters
[0.365s] [34mcolcon.colcon_core.package_discovery[0m [1;30mLevel 1[0m discover_packages(recursive) check parameters
[0.365s] [34mcolcon.colcon_core.package_discovery[0m [1;30mLevel 1[0m discover_packages(ignore) check parameters
[0.365s] [34mcolcon.colcon_core.package_discovery[0m [1;30mLevel 1[0m discover_packages(path) check parameters
[0.365s] [34mcolcon.colcon_core.package_discovery[0m [1;30mLevel 1[0m discover_packages(colcon_meta) discover
[0.365s] [34mcolcon.colcon_core.package_discovery[0m [1;30mLevel 1[0m discover_packages(recursive) discover
[0.365s] [34mcolcon.colcon_core.package_discovery[0m [1;30mINFO[0m Crawling recursively for packages in '/home/wego/third_impact'
[0.365s] [34mcolcon.colcon_core.package_identification[0m [1;30mLevel 1[0m _identify(.) by extensions ['ignore', 'ignore_ament_install']
[0.366s] [34mcolcon.colcon_core.package_identification[0m [1;30mLevel 1[0m _identify(.) by extension 'ignore'
[0.366s] [34mcolcon.colcon_core.package_identification[0m [1;30mLevel 1[0m _identify(.) by extension 'ignore_ament_install'
[0.366s] [34mcolcon.colcon_core.package_identification[0m [1;30mLevel 1[0m _identify(.) by extensions ['colcon_pkg']
[0.366s] [34mcolcon.colcon_core.package_identification[0m [1;30mLevel 1[0m _identify(.) by extension 'colcon_pkg'
[0.366s] [34mcolcon.colcon_core.package_identification[0m [1;30mLevel 1[0m _identify(.) by extensions ['colcon_meta']
[0.366s] [34mcolcon.colcon_core.package_identification[0m [1;30mLevel 1[0m _identify(.) by extension 'colcon_meta'
[0.366s] [34mcolcon.colcon_core.package_identification[0m [1;30mLevel 1[0m _identify(.) by extensions ['ros']
[0.367s] [34mcolcon.colcon_core.package_identification[0m [1;30mLevel 1[0m _identify(.) by extension 'ros'
[0.418s] [34mcolcon.colcon_core.package_identification[0m [1;30mLevel 1[0m _identify(.) by extensions ['cmake', 'python']
[0.419s] [34mcolcon.colcon_core.package_identification[0m [1;30mLevel 1[0m _identify(.) by extension 'cmake'
[0.419s] [34mcolcon.colcon_core.package_identification[0m [1;30mLevel 1[0m _identify(.) by extension 'python'
[0.419s] [34mcolcon.colcon_core.package_identification[0m [1;30mLevel 1[0m _identify(.) by extensions ['python_setup_py']
[0.419s] [34mcolcon.colcon_core.package_identification[0m [1;30mLevel 1[0m _identify(.) by extension 'python_setup_py'
[0.419s] [34mcolcon.colcon_core.package_identification[0m [1;30mLevel 1[0m _identify(Log) by extensions ['ignore', 'ignore_ament_install']
[0.420s] [34mcolcon.colcon_core.package_identification[0m [1;30mLevel 1[0m _identify(Log) by extension 'ignore'
[0.420s] [34mcolcon.colcon_core.package_identification[0m [1;30mLevel 1[0m _identify(Log) by extension 'ignore_ament_install'
[0.420s] [34mcolcon.colcon_core.package_identification[0m [1;30mLevel 1[0m _identify(Log) by extensions ['colcon_pkg']
[0.420s] [34mcolcon.colcon_core.package_identification[0m [1;30mLevel 1[0m _identify(Log) by extension 'colcon_pkg'
[0.420s] [34mcolcon.colcon_core.package_identification[0m [1;30mLevel 1[0m _identify(Log) by extensions ['colcon_meta']
[0.420s] [34mcolcon.colcon_core.package_identification[0m [1;30mLevel 1[0m _identify(Log) by extension 'colcon_meta'
[0.420s] [34mcolcon.colcon_core.package_identification[0m [1;30mLevel 1[0m _identify(Log) by extensions ['ros']
[0.420s] [34mcolcon.colcon_core.package_identification[0m [1;30mLevel 1[0m _identify(Log) by extension 'ros'
[0.421s] [34mcolcon.colcon_core.package_identification[0m [1;30mLevel 1[0m _identify(Log) by extensions ['cmake', 'python']
[0.421s] [34mcolcon.colcon_core.package_identification[0m [1;30mLevel 1[0m _identify(Log) by extension 'cmake'
[0.421s] [34mcolcon.colcon_core.package_identification[0m [1;30mLevel 1[0m _identify(Log) by extension 'python'
[0.421s] [34mcolcon.colcon_core.package_identification[0m [1;30mLevel 1[0m _identify(Log) by extensions ['python_setup_py']
[0.421s] [34mcolcon.colcon_core.package_identification[0m [1;30mLevel 1[0m _identify(Log) by extension 'python_setup_py'
[0.421s] [34mcolcon.colcon_core.package_identification[0m [1;30mLevel 1[0m _identify(build) by extensions ['ignore', 'ignore_ament_install']
[0.421s] [34mcolcon.colcon_core.package_identification[0m [1;30mLevel 1[0m _identify(build) by extension 'ignore'
[0.421s] [34mcolcon.colcon_core.package_identification[0m [1;30mLevel 1[0m _identify(build) ignored
[0.422s] [34mcolcon.colcon_core.package_identification[0m [1;30mLevel 1[0m _identify(install) by extensions ['ignore', 'ignore_ament_install']
[0.422s] [34mcolcon.colcon_core.package_identification[0m [1;30mLevel 1[0m _identify(install) by extension 'ignore'
[0.422s] [34mcolcon.colcon_core.package_identification[0m [1;30mLevel 1[0m _identify(install) ignored
[0.422s] [34mcolcon.colcon_core.package_identification[0m [1;30mLevel 1[0m _identify(log) by extensions ['ignore', 'ignore_ament_install']
[0.422s] [34mcolcon.colcon_core.package_identification[0m [1;30mLevel 1[0m _identify(log) by extension 'ignore'
[0.422s] [34mcolcon.colcon_core.package_identification[0m [1;30mLevel 1[0m _identify(log) ignored
[0.423s] [34mcolcon.colcon_core.package_identification[0m [1;30mLevel 1[0m _identify(src) by extensions ['ignore', 'ignore_ament_install']
[0.423s] [34mcolcon.colcon_core.package_identification[0m [1;30mLevel 1[0m _identify(src) by extension 'ignore'
[0.423s] [34mcolcon.colcon_core.package_identification[0m [1;30mLevel 1[0m _identify(src) by extension 'ignore_ament_install'
[0.423s] [34mcolcon.colcon_core.package_identification[0m [1;30mLevel 1[0m _identify(src) by extensions ['colcon_pkg']
[0.423s] [34mcolcon.colcon_core.package_identification[0m [1;30mLevel 1[0m _identify(src) by extension 'colcon_pkg'
[0.423s] [34mcolcon.colcon_core.package_identification[0m [1;30mLevel 1[0m _identify(src) by extensions ['colcon_meta']
[0.423s] [34mcolcon.colcon_core.package_identification[0m [1;30mLevel 1[0m _identify(src) by extension 'colcon_meta'
[0.423s] [34mcolcon.colcon_core.package_identification[0m [1;30mLevel 1[0m _identify(src) by extensions ['ros']
[0.423s] [34mcolcon.colcon_core.package_identification[0m [1;30mLevel 1[0m _identify(src) by extension 'ros'
[0.424s] [34mcolcon.colcon_core.package_identification[0m [1;30mLevel 1[0m _identify(src) by extensions ['cmake', 'python']
[0.424s] [34mcolcon.colcon_core.package_identification[0m [1;30mLevel 1[0m _identify(src) by extension 'cmake'
[0.424s] [34mcolcon.colcon_core.package_identification[0m [1;30mLevel 1[0m _identify(src) by extension 'python'
[0.424s] [34mcolcon.colcon_core.package_identification[0m [1;30mLevel 1[0m _identify(src) by extensions ['python_setup_py']
[0.424s] [34mcolcon.colcon_core.package_identification[0m [1;30mLevel 1[0m _identify(src) by extension 'python_setup_py'
[0.424s] [34mcolcon.colcon_core.package_identification[0m [1;30mLevel 1[0m _identify(src/jetracer_ros2) by extensions ['ignore', 'ignore_ament_install']
[0.424s] [34mcolcon.colcon_core.package_identification[0m [1;30mLevel 1[0m _identify(src/jetracer_ros2) by extension 'ignore'
[0.425s] [34mcolcon.colcon_core.package_identification[0m [1;30mLevel 1[0m _identify(src/jetracer_ros2) by extension 'ignore_ament_install'
[0.425s] [34mcolcon.colcon_core.package_identification[0m [1;30mLevel 1[0m _identify(src/jetracer_ros2) by extensions ['colcon_pkg']
[0.425s] [34mcolcon.colcon_core.package_identification[0m [1;30mLevel 1[0m _identify(src/jetracer_ros2) by extension 'colcon_pkg'
[0.425s] [34mcolcon.colcon_core.package_identification[0m [1;30mLevel 1[0m _identify(src/jetracer_ros2) by extensions ['colcon_meta']
[0.425s] [34mcolcon.colcon_core.package_identification[0m [1;30mLevel 1[0m _identify(src/jetracer_ros2) by extension 'colcon_meta'
[0.425s] [34mcolcon.colcon_core.package_identification[0m [1;30mLevel 1[0m _identify(src/jetracer_ros2) by extensions ['ros']
[0.425s] [34mcolcon.colcon_core.package_identification[0m [1;30mLevel 1[0m _identify(src/jetracer_ros2) by extension 'ros'
[0.430s] [34mcolcon.colcon_core.package_identification[0m [1;30mDEBUG[0m [32mPackage 'src/jetracer_ros2' with type 'ros.ament_python' and name 'jetracer_ros2'[0m
[0.431s] [34mcolcon.colcon_core.package_identification[0m [1;30mLevel 1[0m _identify(src/limo_aj) by extensions ['ignore', 'ignore_ament_install']
[0.431s] [34mcolcon.colcon_core.package_identification[0m [1;30mLevel 1[0m _identify(src/limo_aj) by extension 'ignore'
[0.431s] [34mcolcon.colcon_core.package_identification[0m [1;30mLevel 1[0m _identify(src/limo_aj) by extension 'ignore_ament_install'
[0.431s] [34mcolcon.colcon_core.package_identification[0m [1;30mLevel 1[0m _identify(src/limo_aj) by extensions ['colcon_pkg']
[0.431s] [34mcolcon.colcon_core.package_identification[0m [1;30mLevel 1[0m _identify(src/limo_aj) by extension 'colcon_pkg'
[0.432s] [34mcolcon.colcon_core.package_identification[0m [1;30mLevel 1[0m _identify(src/limo_aj) by extensions ['colcon_meta']
[0.432s] [34mcolcon.colcon_core.package_identification[0m [1;30mLevel 1[0m _identify(src/limo_aj) by extension 'colcon_meta'
[0.432s] [34mcolcon.colcon_core.package_identification[0m [1;30mLevel 1[0m _identify(src/limo_aj) by extensions ['ros']
[0.432s] [34mcolcon.colcon_core.package_identification[0m [1;30mLevel 1[0m _identify(src/limo_aj) by extension 'ros'
[0.433s] [34mcolcon.colcon_core.package_identification[0m [1;30mDEBUG[0m [32mPackage 'src/limo_aj' with type 'ros.ament_python' and name 'limo_aj'[0m
[0.433s] [34mcolcon.colcon_core.package_identification[0m [1;30mLevel 1[0m _identify(src/limo_lidar) by extensions ['ignore', 'ignore_ament_install']
[0.433s] [34mcolcon.colcon_core.package_identification[0m [1;30mLevel 1[0m _identify(src/limo_lidar) by extension 'ignore'
[0.433s] [34mcolcon.colcon_core.package_identification[0m [1;30mLevel 1[0m _identify(src/limo_lidar) by extension 'ignore_ament_install'
[0.434s] [34mcolcon.colcon_core.package_identification[0m [1;30mLevel 1[0m _identify(src/limo_lidar) by extensions ['colcon_pkg']
[0.434s] [34mcolcon.colcon_core.package_identification[0m [1;30mLevel 1[0m _identify(src/limo_lidar) by extension 'colcon_pkg'
[0.434s] [34mcolcon.colcon_core.package_identification[0m [1;30mLevel 1[0m _identify(src/limo_lidar) by extensions ['colcon_meta']
[0.434s] [34mcolcon.colcon_core.package_identification[0m [1;30mLevel 1[0m _identify(src/limo_lidar) by extension 'colcon_meta'
[0.434s] [34mcolcon.colcon_core.package_identification[0m [1;30mLevel 1[0m _identify(src/limo_lidar) by extensions ['ros']
[0.434s] [34mcolcon.colcon_core.package_identification[0m [1;30mLevel 1[0m _identify(src/limo_lidar) by extension 'ros'
[0.435s] [34mcolcon.colcon_core.package_identification[0m [1;30mDEBUG[0m [32mPackage 'src/limo_lidar' with type 'ros.ament_python' and name 'limo_lidar'[0m
[0.435s] [34mcolcon.colcon_core.package_discovery[0m [1;30mLevel 1[0m discover_packages(recursive) using defaults
[0.435s] [34mcolcon.colcon_core.package_discovery[0m [1;30mLevel 1[0m discover_packages(ignore) discover
[0.435s] [34mcolcon.colcon_core.package_discovery[0m [1;30mLevel 1[0m discover_packages(ignore) using defaults
[0.436s] [34mcolcon.colcon_core.package_discovery[0m [1;30mLevel 1[0m discover_packages(path) discover
[0.436s] [34mcolcon.colcon_core.package_discovery[0m [1;30mLevel 1[0m discover_packages(path) using defaults
[0.471s] [34mcolcon.colcon_core.package_discovery[0m [1;30mLevel 1[0m discover_packages(prefix_path) check parameters
[0.471s] [34mcolcon.colcon_core.package_discovery[0m [1;30mLevel 1[0m discover_packages(prefix_path) discover
[0.473s] [34mcolcon.colcon_ros.prefix_path.ament[0m [1;30mWARNING[0m [33mThe path '/home/wego/third_impact/install/line_follow' in the environment variable AMENT_PREFIX_PATH doesn't exist[0m
[0.473s] [34mcolcon.colcon_ros.prefix_path.ament[0m [1;30mWARNING[0m [33mThe path '/home/wego/third_impact/install/limo_lidar' in the environment variable AMENT_PREFIX_PATH doesn't exist[0m
[0.473s] [34mcolcon.colcon_ros.prefix_path.ament[0m [1;30mWARNING[0m [33mThe path '/home/wego/third_impact/install/limo_joy_teleop' in the environment variable AMENT_PREFIX_PATH doesn't exist[0m
[0.473s] [34mcolcon.colcon_ros.prefix_path.ament[0m [1;30mWARNING[0m [33mThe path '/home/wego/third_impact/install/limo_dl_drive' in the environment variable AMENT_PREFIX_PATH doesn't exist[0m
[0.473s] [34mcolcon.colcon_ros.prefix_path.ament[0m [1;30mWARNING[0m [33mThe path '/home/wego/third_impact/install/limo_aj' in the environment variable AMENT_PREFIX_PATH doesn't exist[0m
[0.474s] [34mcolcon.colcon_ros.prefix_path.ament[0m [1;30mWARNING[0m [33mThe path '/home/wego/third_impact/install/jetracer_ros2' in the environment variable AMENT_PREFIX_PATH doesn't exist[0m
[0.475s] [34mcolcon.colcon_installed_package_information.package_discovery[0m [1;30mDEBUG[0m [32mFound 0 installed packages in /home/wego/third_impact/install[0m
[0.478s] [34mcolcon.colcon_installed_package_information.package_discovery[0m [1;30mDEBUG[0m [32mFound 365 installed packages in /opt/ros/humble[0m
[0.482s] [34mcolcon.colcon_core.package_discovery[0m [1;30mLevel 1[0m discover_packages(prefix_path) using defaults
[0.609s] [34mcolcon.colcon_core.verb[0m [1;30mLevel 5[0m set package 'jetracer_ros2' build argument 'cmake_args' from command line to 'None'
[0.609s] [34mcolcon.colcon_core.verb[0m [1;30mLevel 5[0m set package 'jetracer_ros2' build argument 'cmake_target' from command line to 'None'
[0.609s] [34mcolcon.colcon_core.verb[0m [1;30mLevel 5[0m set package 'jetracer_ros2' build argument 'cmake_target_skip_unavailable' from command line to 'False'
[0.609s] [34mcolcon.colcon_core.verb[0m [1;30mLevel 5[0m set package 'jetracer_ros2' build argument 'cmake_clean_cache' from command line to 'False'
[0.609s] [34mcolcon.colcon_core.verb[0m [1;30mLevel 5[0m set package 'jetracer_ros2' build argument 'cmake_clean_first' from command line to 'False'
[0.609s] [34mcolcon.colcon_core.verb[0m [1;30mLevel 5[0m set package 'jetracer_ros2' build argument 'cmake_force_configure' from command line to 'False'
[0.609s] [34mcolcon.colcon_core.verb[0m [1;30mLevel 5[0m set package 'jetracer_ros2' build argument 'ament_cmake_args' from command line to 'None'
[0.609s] [34mcolcon.colcon_core.verb[0m [1;30mLevel 5[0m set package 'jetracer_ros2' build argument 'catkin_cmake_args' from command line to 'None'
[0.609s] [34mcolcon.colcon_core.verb[0m [1;30mLevel 5[0m set package 'jetracer_ros2' build argument 'catkin_skip_building_tests' from command line to 'False'
[0.609s] [34mcolcon.colcon_core.verb[0m [1;30mDEBUG[0m [32mBuilding package 'jetracer_ros2' with the following arguments: {'ament_cmake_args': None, 'build_base': '/home/wego/third_impact/build/jetracer_ros2', 'catkin_cmake_args': None, 'catkin_skip_building_tests': False, 'cmake_args': None, 'cmake_clean_cache': False, 'cmake_clean_first': False, 'cmake_force_configure': False, 'cmake_target': None, 'cmake_target_skip_unavailable': False, 'install_base': '/home/wego/third_impact/install/jetracer_ros2', 'merge_install': False, 'path': '/home/wego/third_impact/src/jetracer_ros2', 'symlink_install': True, 'test_result_base': None}[0m
[0.610s] [34mcolcon.colcon_core.verb[0m [1;30mLevel 5[0m set package 'limo_aj' build argument 'cmake_args' from command line to 'None'
[0.610s] [34mcolcon.colcon_core.verb[0m [1;30mLevel 5[0m set package 'limo_aj' build argument 'cmake_target' from command line to 'None'
[0.610s] [34mcolcon.colcon_core.verb[0m [1;30mLevel 5[0m set package 'limo_aj' build argument 'cmake_target_skip_unavailable' from command line to 'False'
[0.610s] [34mcolcon.colcon_core.verb[0m [1;30mLevel 5[0m set package 'limo_aj' build argument 'cmake_clean_cache' from command line to 'False'
[0.610s] [34mcolcon.colcon_core.verb[0m [1;30mLevel 5[0m set package 'limo_aj' build argument 'cmake_clean_first' from command line to 'False'
[0.610s] [34mcolcon.colcon_core.verb[0m [1;30mLevel 5[0m set package 'limo_aj' build argument 'cmake_force_configure' from command line to 'False'
[0.611s] [34mcolcon.colcon_core.verb[0m [1;30mLevel 5[0m set package 'limo_aj' build argument 'ament_cmake_args' from command line to 'None'
[0.611s] [34mcolcon.colcon_core.verb[0m [1;30mLevel 5[0m set package 'limo_aj' build argument 'catkin_cmake_args' from command line to 'None'
[0.611s] [34mcolcon.colcon_core.verb[0m [1;30mLevel 5[0m set package 'limo_aj' build argument 'catkin_skip_building_tests' from command line to 'False'
[0.611s] [34mcolcon.colcon_core.verb[0m [1;30mDEBUG[0m [32mBuilding package 'limo_aj' with the following arguments: {'ament_cmake_args': None, 'build_base': '/home/wego/third_impact/build/limo_aj', 'catkin_cmake_args': None, 'catkin_skip_building_tests': False, 'cmake_args': None, 'cmake_clean_cache': False, 'cmake_clean_first': False, 'cmake_force_configure': False, 'cmake_target': None, 'cmake_target_skip_unavailable': False, 'install_base': '/home/wego/third_impact/install/limo_aj', 'merge_install': False, 'path': '/home/wego/third_impact/src/limo_aj', 'symlink_install': True, 'test_result_base': None}[0m
[0.611s] [34mcolcon.colcon_core.verb[0m [1;30mLevel 5[0m set package 'limo_lidar' build argument 'cmake_args' from command line to 'None'
[0.611s] [34mcolcon.colcon_core.verb[0m [1;30mLevel 5[0m set package 'limo_lidar' build argument 'cmake_target' from command line to 'None'
[0.612s] [34mcolcon.colcon_core.verb[0m [1;30mLevel 5[0m set package 'limo_lidar' build argument 'cmake_target_skip_unavailable' from command line to 'False'
[0.612s] [34mcolcon.colcon_core.verb[0m [1;30mLevel 5[0m set package 'limo_lidar' build argument 'cmake_clean_cache' from command line to 'False'
[0.612s] [34mcolcon.colcon_core.verb[0m [1;30mLevel 5[0m set package 'limo_lidar' build argument 'cmake_clean_first' from command line to 'False'
[0.612s] [34mcolcon.colcon_core.verb[0m [1;30mLevel 5[0m set package 'limo_lidar' build argument 'cmake_force_configure' from command line to 'False'
[0.612s] [34mcolcon.colcon_core.verb[0m [1;30mLevel 5[0m set package 'limo_lidar' build argument 'ament_cmake_args' from command line to 'None'
[0.612s] [34mcolcon.colcon_core.verb[0m [1;30mLevel 5[0m set package 'limo_lidar' build argument 'catkin_cmake_args' from command line to 'None'
[0.612s] [34mcolcon.colcon_core.verb[0m [1;30mLevel 5[0m set package 'limo_lidar' build argument 'catkin_skip_building_tests' from command line to 'False'
[0.612s] [34mcolcon.colcon_core.verb[0m [1;30mDEBUG[0m [32mBuilding package 'limo_lidar' with the following arguments: {'ament_cmake_args': None, 'build_base': '/home/wego/third_impact/build/limo_lidar', 'catkin_cmake_args': None, 'catkin_skip_building_tests': False, 'cmake_args': None, 'cmake_clean_cache': False, 'cmake_clean_first': False, 'cmake_force_configure': False, 'cmake_target': None, 'cmake_target_skip_unavailable': False, 'install_base': '/home/wego/third_impact/install/limo_lidar', 'merge_install': False, 'path': '/home/wego/third_impact/src/limo_lidar', 'symlink_install': True, 'test_result_base': None}[0m
[0.612s] [34mcolcon.colcon_core.executor[0m [1;30mINFO[0m Executing jobs using 'parallel' executor
[0.615s] [34mcolcon.colcon_parallel_executor.executor.parallel[0m [1;30mDEBUG[0m [32mrun_until_complete[0m
[0.615s] [34mcolcon.colcon_ros.task.ament_python.build[0m [1;30mINFO[0m Building ROS package in '/home/wego/third_impact/src/jetracer_ros2' with build type 'ament_python'
[0.616s] [34mcolcon.colcon_core.shell[0m [1;30mLevel 1[0m create_environment_hook('jetracer_ros2', 'ament_prefix_path')
[0.620s] [34mcolcon.colcon_core.plugin_system[0m [1;30mINFO[0m Skipping extension 'colcon_core.shell.bat': Not used on non-Windows systems
[0.621s] [34mcolcon.colcon_core.shell[0m [1;30mINFO[0m Creating environment hook '/home/wego/third_impact/install/jetracer_ros2/share/jetracer_ros2/hook/ament_prefix_path.ps1'
[0.623s] [34mcolcon.colcon_core.shell[0m [1;30mINFO[0m Creating environment descriptor '/home/wego/third_impact/install/jetracer_ros2/share/jetracer_ros2/hook/ament_prefix_path.dsv'
[0.624s] [34mcolcon.colcon_core.shell[0m [1;30mINFO[0m Creating environment hook '/home/wego/third_impact/install/jetracer_ros2/share/jetracer_ros2/hook/ament_prefix_path.sh'
[0.625s] [34mcolcon.colcon_core.shell[0m [1;30mINFO[0m Skip shell extension 'powershell' for command environment: Not usable outside of PowerShell
[0.625s] [34mcolcon.colcon_core.shell[0m [1;30mDEBUG[0m [32mSkip shell extension 'dsv' for command environment[0m
[0.632s] [34mcolcon.colcon_ros.task.ament_python.build[0m [1;30mINFO[0m Building ROS package in '/home/wego/third_impact/src/limo_aj' with build type 'ament_python'
[0.633s] [34mcolcon.colcon_core.shell[0m [1;30mLevel 1[0m create_environment_hook('limo_aj', 'ament_prefix_path')
[0.633s] [34mcolcon.colcon_core.shell[0m [1;30mINFO[0m Creating environment hook '/home/wego/third_impact/install/limo_aj/share/limo_aj/hook/ament_prefix_path.ps1'
[0.635s] [34mcolcon.colcon_core.shell[0m [1;30mINFO[0m Creating environment descriptor '/home/wego/third_impact/install/limo_aj/share/limo_aj/hook/ament_prefix_path.dsv'
[0.635s] [34mcolcon.colcon_core.shell[0m [1;30mINFO[0m Creating environment hook '/home/wego/third_impact/install/limo_aj/share/limo_aj/hook/ament_prefix_path.sh'
[0.637s] [34mcolcon.colcon_core.shell[0m [1;30mINFO[0m Skip shell extension 'powershell' for command environment: Not usable outside of PowerShell
[0.637s] [34mcolcon.colcon_core.shell[0m [1;30mDEBUG[0m [32mSkip shell extension 'dsv' for command environment[0m
[0.643s] [34mcolcon.colcon_ros.task.ament_python.build[0m [1;30mINFO[0m Building ROS package in '/home/wego/third_impact/src/limo_lidar' with build type 'ament_python'
[0.643s] [34mcolcon.colcon_core.shell[0m [1;30mLevel 1[0m create_environment_hook('limo_lidar', 'ament_prefix_path')
[0.644s] [34mcolcon.colcon_core.shell[0m [1;30mINFO[0m Creating environment hook '/home/wego/third_impact/install/limo_lidar/share/limo_lidar/hook/ament_prefix_path.ps1'
[0.646s] [34mcolcon.colcon_core.shell[0m [1;30mINFO[0m Creating environment descriptor '/home/wego/third_impact/install/limo_lidar/share/limo_lidar/hook/ament_prefix_path.dsv'
[0.647s] [34mcolcon.colcon_core.shell[0m [1;30mINFO[0m Creating environment hook '/home/wego/third_impact/install/limo_lidar/share/limo_lidar/hook/ament_prefix_path.sh'
[0.648s] [34mcolcon.colcon_core.shell[0m [1;30mINFO[0m Skip shell extension 'powershell' for command environment: Not usable outside of PowerShell
[0.648s] [34mcolcon.colcon_core.shell[0m [1;30mDEBUG[0m [32mSkip shell extension 'dsv' for command environment[0m
[1.186s] [34mcolcon.colcon_core.task.python.build[0m [1;30mINFO[0m Building Python package in '/home/wego/third_impact/src/jetracer_ros2'
[1.187s] [34mcolcon.colcon_core.shell[0m [1;30mINFO[0m Skip shell extension 'powershell' for command environment: Not usable outside of PowerShell
[1.187s] [34mcolcon.colcon_core.shell[0m [1;30mDEBUG[0m [32mSkip shell extension 'dsv' for command environment[0m
[1.725s] [34mcolcon.colcon_core.task.python.build[0m [1;30mINFO[0m Building Python package in '/home/wego/third_impact/src/limo_aj'
[1.726s] [34mcolcon.colcon_core.shell[0m [1;30mINFO[0m Skip shell extension 'powershell' for command environment: Not usable outside of PowerShell
[1.726s] [34mcolcon.colcon_core.shell[0m [1;30mDEBUG[0m [32mSkip shell extension 'dsv' for command environment[0m
[2.275s] [34mcolcon.colcon_core.task.python.build[0m [1;30mINFO[0m Building Python package in '/home/wego/third_impact/src/limo_lidar'
[2.276s] [34mcolcon.colcon_core.shell[0m [1;30mINFO[0m Skip shell extension 'powershell' for command environment: Not usable outside of PowerShell
[2.276s] [34mcolcon.colcon_core.shell[0m [1;30mDEBUG[0m [32mSkip shell extension 'dsv' for command environment[0m
[3.714s] [34mcolcon.colcon_core.event_handler.log_command[0m [1;30mDEBUG[0m [32mInvoking command in '/home/wego/third_impact/build/limo_aj': PYTHONPATH=/home/wego/third_impact/build/limo_aj/prefix_override:/usr/lib/python3/dist-packages/colcon_core/task/python/colcon_distutils_commands:/home/wego/third_impact/install/limo_aj/lib/python3.10/site-packages:${PYTHONPATH} /usr/bin/python3 -W ignore:setup.py install is deprecated -W ignore:easy_install command is deprecated setup.py develop --editable --build-directory /home/wego/third_impact/build/limo_aj/build --no-deps symlink_data[0m
[3.719s] [34mcolcon.colcon_core.event_handler.log_command[0m [1;30mDEBUG[0m [32mInvoking command in '/home/wego/third_impact/build/limo_lidar': PYTHONPATH=/home/wego/third_impact/build/limo_lidar/prefix_override:/usr/lib/python3/dist-packages/colcon_core/task/python/colcon_distutils_commands:/home/wego/third_impact/install/limo_lidar/lib/python3.10/site-packages:${PYTHONPATH} /usr/bin/python3 -W ignore:setup.py install is deprecated -W ignore:easy_install command is deprecated setup.py develop --editable --build-directory /home/wego/third_impact/build/limo_lidar/build --no-deps symlink_data[0m
[3.801s] [34mcolcon.colcon_core.event_handler.log_command[0m [1;30mDEBUG[0m [32mInvoking command in '/home/wego/third_impact/build/jetracer_ros2': PYTHONPATH=/home/wego/third_impact/build/jetracer_ros2/prefix_override:/usr/lib/python3/dist-packages/colcon_core/task/python/colcon_distutils_commands:/home/wego/third_impact/install/jetracer_ros2/lib/python3.10/site-packages:${PYTHONPATH} /usr/bin/python3 -W ignore:setup.py install is deprecated -W ignore:easy_install command is deprecated setup.py develop --editable --build-directory /home/wego/third_impact/build/jetracer_ros2/build --no-deps symlink_data[0m
[5.484s] [34mcolcon.colcon_core.shell[0m [1;30mLevel 1[0m create_environment_hook('limo_aj', 'pythonpath_develop')
[5.485s] [34mcolcon.colcon_core.shell[0m [1;30mINFO[0m Creating environment hook '/home/wego/third_impact/build/limo_aj/share/limo_aj/hook/pythonpath_develop.ps1'
[5.486s] [34mcolcon.colcon_core.event_handler.log_command[0m [1;30mDEBUG[0m [32mInvoked command in '/home/wego/third_impact/build/limo_aj' returned '0': PYTHONPATH=/home/wego/third_impact/build/limo_aj/prefix_override:/usr/lib/python3/dist-packages/colcon_core/task/python/colcon_distutils_commands:/home/wego/third_impact/install/limo_aj/lib/python3.10/site-packages:${PYTHONPATH} /usr/bin/python3 -W ignore:setup.py install is deprecated -W ignore:easy_install command is deprecated setup.py develop --editable --build-directory /home/wego/third_impact/build/limo_aj/build --no-deps symlink_data[0m
[5.488s] [34mcolcon.colcon_core.shell[0m [1;30mINFO[0m Creating environment descriptor '/home/wego/third_impact/build/limo_aj/share/limo_aj/hook/pythonpath_develop.dsv'
[5.489s] [34mcolcon.colcon_core.shell[0m [1;30mINFO[0m Creating environment hook '/home/wego/third_impact/build/limo_aj/share/limo_aj/hook/pythonpath_develop.sh'
[5.496s] [34mcolcon.colcon_core.environment[0m [1;30mLevel 1[0m checking '/home/wego/third_impact/install/limo_aj' for CMake module files
[5.497s] [34mcolcon.colcon_core.environment[0m [1;30mLevel 1[0m checking '/home/wego/third_impact/install/limo_aj' for CMake config files
[5.499s] [34mcolcon.colcon_core.environment[0m [1;30mLevel 1[0m checking '/home/wego/third_impact/install/limo_aj/lib'
[5.499s] [34mcolcon.colcon_core.environment[0m [1;30mLevel 1[0m checking '/home/wego/third_impact/install/limo_aj/bin'
[5.499s] [34mcolcon.colcon_core.environment[0m [1;30mLevel 1[0m checking '/home/wego/third_impact/install/limo_aj/lib/pkgconfig/limo_aj.pc'
[5.500s] [34mcolcon.colcon_core.environment[0m [1;30mLevel 1[0m checking '/home/wego/third_impact/install/limo_aj/lib/python3.10/site-packages'
[5.500s] [34mcolcon.colcon_core.shell[0m [1;30mLevel 1[0m create_environment_hook('limo_aj', 'pythonpath')
[5.500s] [34mcolcon.colcon_core.shell[0m [1;30mINFO[0m Creating environment hook '/home/wego/third_impact/install/limo_aj/share/limo_aj/hook/pythonpath.ps1'
[5.502s] [34mcolcon.colcon_core.shell[0m [1;30mINFO[0m Creating environment descriptor '/home/wego/third_impact/install/limo_aj/share/limo_aj/hook/pythonpath.dsv'
[5.503s] [34mcolcon.colcon_core.shell[0m [1;30mINFO[0m Creating environment hook '/home/wego/third_impact/install/limo_aj/share/limo_aj/hook/pythonpath.sh'
[5.505s] [34mcolcon.colcon_core.environment[0m [1;30mLevel 1[0m checking '/home/wego/third_impact/install/limo_aj/bin'
[5.505s] [34mcolcon.colcon_core.environment[0m [1;30mLevel 1[0m create_environment_scripts_only(limo_aj)
[5.506s] [34mcolcon.colcon_core.shell[0m [1;30mINFO[0m Creating package script '/home/wego/third_impact/install/limo_aj/share/limo_aj/package.ps1'
[5.508s] [34mcolcon.colcon_core.shell[0m [1;30mINFO[0m Creating package descriptor '/home/wego/third_impact/install/limo_aj/share/limo_aj/package.dsv'
[5.510s] [34mcolcon.colcon_core.shell[0m [1;30mINFO[0m Creating package script '/home/wego/third_impact/install/limo_aj/share/limo_aj/package.sh'
[5.511s] [34mcolcon.colcon_core.shell[0m [1;30mINFO[0m Creating package script '/home/wego/third_impact/install/limo_aj/share/limo_aj/package.bash'
[5.513s] [34mcolcon.colcon_core.shell[0m [1;30mINFO[0m Creating package script '/home/wego/third_impact/install/limo_aj/share/limo_aj/package.zsh'
[5.514s] [34mcolcon.colcon_core.environment[0m [1;30mLevel 1[0m create_file_with_runtime_dependencies(/home/wego/third_impact/install/limo_aj/share/colcon-core/packages/limo_aj)
[5.531s] [34mcolcon.colcon_core.shell[0m [1;30mLevel 1[0m create_environment_hook('limo_lidar', 'pythonpath_develop')
[5.532s] [34mcolcon.colcon_core.shell[0m [1;30mINFO[0m Creating environment hook '/home/wego/third_impact/build/limo_lidar/share/limo_lidar/hook/pythonpath_develop.ps1'
[5.534s] [34mcolcon.colcon_core.event_handler.log_command[0m [1;30mDEBUG[0m [32mInvoked command in '/home/wego/third_impact/build/limo_lidar' returned '0': PYTHONPATH=/home/wego/third_impact/build/limo_lidar/prefix_override:/usr/lib/python3/dist-packages/colcon_core/task/python/colcon_distutils_commands:/home/wego/third_impact/install/limo_lidar/lib/python3.10/site-packages:${PYTHONPATH} /usr/bin/python3 -W ignore:setup.py install is deprecated -W ignore:easy_install command is deprecated setup.py develop --editable --build-directory /home/wego/third_impact/build/limo_lidar/build --no-deps symlink_data[0m
[5.535s] [34mcolcon.colcon_core.shell[0m [1;30mINFO[0m Creating environment descriptor '/home/wego/third_impact/build/limo_lidar/share/limo_lidar/hook/pythonpath_develop.dsv'
[5.536s] [34mcolcon.colcon_core.shell[0m [1;30mINFO[0m Creating environment hook '/home/wego/third_impact/build/limo_lidar/share/limo_lidar/hook/pythonpath_develop.sh'
[5.538s] [34mcolcon.colcon_core.environment[0m [1;30mLevel 1[0m checking '/home/wego/third_impact/install/limo_lidar' for CMake module files
[5.540s] [34mcolcon.colcon_core.environment[0m [1;30mLevel 1[0m checking '/home/wego/third_impact/install/limo_lidar' for CMake config files
[5.542s] [34mcolcon.colcon_core.environment[0m [1;30mLevel 1[0m checking '/home/wego/third_impact/install/limo_lidar/lib'
[5.542s] [34mcolcon.colcon_core.environment[0m [1;30mLevel 1[0m checking '/home/wego/third_impact/install/limo_lidar/bin'
[5.542s] [34mcolcon.colcon_core.environment[0m [1;30mLevel 1[0m checking '/home/wego/third_impact/install/limo_lidar/lib/pkgconfig/limo_lidar.pc'
[5.543s] [34mcolcon.colcon_core.environment[0m [1;30mLevel 1[0m checking '/home/wego/third_impact/install/limo_lidar/lib/python3.10/site-packages'
[5.543s] [34mcolcon.colcon_core.shell[0m [1;30mLevel 1[0m create_environment_hook('limo_lidar', 'pythonpath')
[5.544s] [34mcolcon.colcon_core.shell[0m [1;30mINFO[0m Creating environment hook '/home/wego/third_impact/install/limo_lidar/share/limo_lidar/hook/pythonpath.ps1'
[5.545s] [34mcolcon.colcon_core.shell[0m [1;30mINFO[0m Creating environment descriptor '/home/wego/third_impact/install/limo_lidar/share/limo_lidar/hook/pythonpath.dsv'
[5.546s] [34mcolcon.colcon_core.shell[0m [1;30mINFO[0m Creating environment hook '/home/wego/third_impact/install/limo_lidar/share/limo_lidar/hook/pythonpath.sh'
[5.548s] [34mcolcon.colcon_core.environment[0m [1;30mLevel 1[0m checking '/home/wego/third_impact/install/limo_lidar/bin'
[5.549s] [34mcolcon.colcon_core.environment[0m [1;30mLevel 1[0m create_environment_scripts_only(limo_lidar)
[5.550s] [34mcolcon.colcon_core.shell[0m [1;30mINFO[0m Creating package script '/home/wego/third_impact/install/limo_lidar/share/limo_lidar/package.ps1'
[5.552s] [34mcolcon.colcon_core.shell[0m [1;30mINFO[0m Creating package descriptor '/home/wego/third_impact/install/limo_lidar/share/limo_lidar/package.dsv'
[5.553s] [34mcolcon.colcon_core.shell[0m [1;30mINFO[0m Creating package script '/home/wego/third_impact/install/limo_lidar/share/limo_lidar/package.sh'
[5.555s] [34mcolcon.colcon_core.shell[0m [1;30mINFO[0m Creating package script '/home/wego/third_impact/install/limo_lidar/share/limo_lidar/package.bash'
[5.556s] [34mcolcon.colcon_core.shell[0m [1;30mINFO[0m Creating package script '/home/wego/third_impact/install/limo_lidar/share/limo_lidar/package.zsh'
[5.557s] [34mcolcon.colcon_core.environment[0m [1;30mLevel 1[0m create_file_with_runtime_dependencies(/home/wego/third_impact/install/limo_lidar/share/colcon-core/packages/limo_lidar)
[5.560s] [34mcolcon.colcon_core.shell[0m [1;30mLevel 1[0m create_environment_hook('jetracer_ros2', 'pythonpath_develop')
[5.561s] [34mcolcon.colcon_core.shell[0m [1;30mINFO[0m Creating environment hook '/home/wego/third_impact/build/jetracer_ros2/share/jetracer_ros2/hook/pythonpath_develop.ps1'
[5.562s] [34mcolcon.colcon_core.event_handler.log_command[0m [1;30mDEBUG[0m [32mInvoked command in '/home/wego/third_impact/build/jetracer_ros2' returned '0': PYTHONPATH=/home/wego/third_impact/build/jetracer_ros2/prefix_override:/usr/lib/python3/dist-packages/colcon_core/task/python/colcon_distutils_commands:/home/wego/third_impact/install/jetracer_ros2/lib/python3.10/site-packages:${PYTHONPATH} /usr/bin/python3 -W ignore:setup.py install is deprecated -W ignore:easy_install command is deprecated setup.py develop --editable --build-directory /home/wego/third_impact/build/jetracer_ros2/build --no-deps symlink_data[0m
[5.563s] [34mcolcon.colcon_core.shell[0m [1;30mINFO[0m Creating environment descriptor '/home/wego/third_impact/build/jetracer_ros2/share/jetracer_ros2/hook/pythonpath_develop.dsv'
[5.565s] [34mcolcon.colcon_core.shell[0m [1;30mINFO[0m Creating environment hook '/home/wego/third_impact/build/jetracer_ros2/share/jetracer_ros2/hook/pythonpath_develop.sh'
[5.566s] [34mcolcon.colcon_core.environment[0m [1;30mLevel 1[0m checking '/home/wego/third_impact/install/jetracer_ros2' for CMake module files
[5.567s] [34mcolcon.colcon_core.environment[0m [1;30mLevel 1[0m checking '/home/wego/third_impact/install/jetracer_ros2' for CMake config files
[5.569s] [34mcolcon.colcon_core.environment[0m [1;30mLevel 1[0m checking '/home/wego/third_impact/install/jetracer_ros2/lib'
[5.569s] [34mcolcon.colcon_core.environment[0m [1;30mLevel 1[0m checking '/home/wego/third_impact/install/jetracer_ros2/bin'
[5.569s] [34mcolcon.colcon_core.environment[0m [1;30mLevel 1[0m checking '/home/wego/third_impact/install/jetracer_ros2/lib/pkgconfig/jetracer_ros2.pc'
[5.570s] [34mcolcon.colcon_core.environment[0m [1;30mLevel 1[0m checking '/home/wego/third_impact/install/jetracer_ros2/lib/python3.10/site-packages'
[5.570s] [34mcolcon.colcon_core.shell[0m [1;30mLevel 1[0m create_environment_hook('jetracer_ros2', 'pythonpath')
[5.571s] [34mcolcon.colcon_core.shell[0m [1;30mINFO[0m Creating environment hook '/home/wego/third_impact/install/jetracer_ros2/share/jetracer_ros2/hook/pythonpath.ps1'
[5.572s] [34mcolcon.colcon_core.shell[0m [1;30mINFO[0m Creating environment descriptor '/home/wego/third_impact/install/jetracer_ros2/share/jetracer_ros2/hook/pythonpath.dsv'
[5.573s] [34mcolcon.colcon_core.shell[0m [1;30mINFO[0m Creating environment hook '/home/wego/third_impact/install/jetracer_ros2/share/jetracer_ros2/hook/pythonpath.sh'
[5.575s] [34mcolcon.colcon_core.environment[0m [1;30mLevel 1[0m checking '/home/wego/third_impact/install/jetracer_ros2/bin'
[5.575s] [34mcolcon.colcon_core.environment[0m [1;30mLevel 1[0m create_environment_scripts_only(jetracer_ros2)
[5.576s] [34mcolcon.colcon_core.shell[0m [1;30mINFO[0m Creating package script '/home/wego/third_impact/install/jetracer_ros2/share/jetracer_ros2/package.ps1'
[5.578s] [34mcolcon.colcon_core.shell[0m [1;30mINFO[0m Creating package descriptor '/home/wego/third_impact/install/jetracer_ros2/share/jetracer_ros2/package.dsv'
[5.580s] [34mcolcon.colcon_core.shell[0m [1;30mINFO[0m Creating package script '/home/wego/third_impact/install/jetracer_ros2/share/jetracer_ros2/package.sh'
[5.581s] [34mcolcon.colcon_core.shell[0m [1;30mINFO[0m Creating package script '/home/wego/third_impact/install/jetracer_ros2/share/jetracer_ros2/package.bash'
[5.582s] [34mcolcon.colcon_core.shell[0m [1;30mINFO[0m Creating package script '/home/wego/third_impact/install/jetracer_ros2/share/jetracer_ros2/package.zsh'
[5.582s] [34mcolcon.colcon_core.environment[0m [1;30mLevel 1[0m create_file_with_runtime_dependencies(/home/wego/third_impact/install/jetracer_ros2/share/colcon-core/packages/jetracer_ros2)
[5.583s] [34mcolcon.colcon_parallel_executor.executor.parallel[0m [1;30mDEBUG[0m [32mclosing loop[0m
[5.584s] [34mcolcon.colcon_parallel_executor.executor.parallel[0m [1;30mDEBUG[0m [32mloop closed[0m
[5.585s] [34mcolcon.colcon_parallel_executor.executor.parallel[0m [1;30mDEBUG[0m [32mrun_until_complete finished with '0'[0m
[5.585s] [34mcolcon.colcon_core.event_reactor[0m [1;30mDEBUG[0m [32mjoining thread[0m
[5.598s] [34mcolcon.colcon_core.plugin_system[0m [1;30mINFO[0m Skipping extension 'colcon_notification.desktop_notification.terminal_notifier': Not used on non-Darwin systems
[5.599s] [34mcolcon.colcon_core.plugin_system[0m [1;30mINFO[0m Skipping extension 'colcon_notification.desktop_notification.win32': Not used on non-Windows systems
[5.599s] [34mcolcon.colcon_notification.desktop_notification[0m [1;30mINFO[0m Sending desktop notification using 'notify2'
[5.647s] [34mcolcon.colcon_core.event_reactor[0m [1;30mDEBUG[0m [32mjoined thread[0m
[5.648s] [34mcolcon.colcon_core.shell[0m [1;30mINFO[0m Creating prefix script '/home/wego/third_impact/install/local_setup.ps1'
[5.651s] [34mcolcon.colcon_core.shell[0m [1;30mINFO[0m Creating prefix util module '/home/wego/third_impact/install/_local_setup_util_ps1.py'
[5.655s] [34mcolcon.colcon_core.shell[0m [1;30mINFO[0m Creating prefix chain script '/home/wego/third_impact/install/setup.ps1'
[5.659s] [34mcolcon.colcon_core.shell[0m [1;30mINFO[0m Creating prefix script '/home/wego/third_impact/install/local_setup.sh'
[5.660s] [34mcolcon.colcon_core.shell[0m [1;30mINFO[0m Creating prefix util module '/home/wego/third_impact/install/_local_setup_util_sh.py'
[5.662s] [34mcolcon.colcon_core.shell[0m [1;30mINFO[0m Creating prefix chain script '/home/wego/third_impact/install/setup.sh'
[5.664s] [34mcolcon.colcon_core.shell[0m [1;30mINFO[0m Creating prefix script '/home/wego/third_impact/install/local_setup.bash'
[5.665s] [34mcolcon.colcon_core.shell[0m [1;30mINFO[0m Creating prefix chain script '/home/wego/third_impact/install/setup.bash'
[5.668s] [34mcolcon.colcon_core.shell[0m [1;30mINFO[0m Creating prefix script '/home/wego/third_impact/install/local_setup.zsh'
[5.669s] [34mcolcon.colcon_core.shell[0m [1;30mINFO[0m Creating prefix chain script '/home/wego/third_impact/install/setup.zsh'
