running develop
running egg_info
creating limo_lidar.egg-info
writing limo_lidar.egg-info/PKG-INFO
writing dependency_links to limo_lidar.egg-info/dependency_links.txt
writing entry points to limo_lidar.egg-info/entry_points.txt
writing requirements to limo_lidar.egg-info/requires.txt
writing top-level names to limo_lidar.egg-info/top_level.txt
writing manifest file 'limo_lidar.egg-info/SOURCES.txt'
reading manifest file 'limo_lidar.egg-info/SOURCES.txt'
writing manifest file 'limo_lidar.egg-info/SOURCES.txt'
running build_ext
Creating /home/wego/third_impact/install/limo_lidar/lib/python3.10/site-packages/limo-lidar.egg-link (link to .)
Installing line_check script to /home/wego/third_impact/install/limo_lidar/lib/limo_lidar
Installing obstacle_avoid script to /home/wego/third_impact/install/limo_lidar/lib/limo_lidar
Installing parking script to /home/wego/third_impact/install/limo_lidar/lib/limo_lidar
Installing reset_steer script to /home/wego/third_impact/install/limo_lidar/lib/limo_lidar
Installing stop_and_go script to /home/wego/third_impact/install/limo_lidar/lib/limo_lidar
Installing stop_test script to /home/wego/third_impact/install/limo_lidar/lib/limo_lidar
Installing stop_test_2 script to /home/wego/third_impact/install/limo_lidar/lib/limo_lidar
Installing test script to /home/wego/third_impact/install/limo_lidar/lib/limo_lidar
Installing yellow_det script to /home/wego/third_impact/install/limo_lidar/lib/limo_lidar

Installed /home/wego/third_impact/build/limo_lidar
running symlink_data
creating /home/wego/third_impact/install/limo_lidar/share/ament_index
creating /home/wego/third_impact/install/limo_lidar/share/ament_index/resource_index
creating /home/wego/third_impact/install/limo_lidar/share/ament_index/resource_index/packages
symbolically linking /home/wego/third_impact/build/limo_lidar/resource/limo_lidar -> /home/wego/third_impact/install/limo_lidar/share/ament_index/resource_index/packages
symbolically linking /home/wego/third_impact/build/limo_lidar/package.xml -> /home/wego/third_impact/install/limo_lidar/share/limo_lidar
