[1.196s] Invoking command in '/home/wego/third_impact/build/limo_base': CMAKE_PREFIX_PATH=/home/wego/third_impact/install/slam_parking:/home/wego/third_impact/install/limo_lidar:/home/wego/third_impact/install/limo_aj:/home/wego/third_impact/install/jetracer_ros2:/opt/ros/humble /usr/bin/cmake /home/wego/third_impact/src/limo_base -DAMENT_CMAKE_SYMLINK_INSTALL=1 -DCMAKE_INSTALL_PREFIX=/home/wego/third_impact/install/limo_base
[1.829s] -- The C compiler identification is GNU 11.4.0
[1.829s] -- The CXX compiler identification is GNU 11.4.0
[1.829s] -- Detecting C compiler ABI info
[1.830s] -- Detecting C compiler ABI info - done
[1.830s] -- Check for working C compiler: /usr/bin/cc - skipped
[1.830s] -- Detecting C compile features
[1.830s] -- Detecting C compile features - done
[1.830s] -- Detecting CXX compiler ABI info
[1.959s] -- Detecting CXX compiler ABI info - done
[1.974s] -- Check for working CXX compiler: /usr/bin/c++ - skipped
[1.974s] -- Detecting CXX compile features
[1.976s] -- Detecting CXX compile features - done
[1.990s] -- Found ament_cmake: 1.3.12 (/opt/ros/humble/share/ament_cmake/cmake)
[2.364s] -- Found Python3: /usr/bin/python3 (found version "3.10.12") found components: Interpreter 
[2.612s] -- Override CMake install command with custom implementation using symlinks instead of copying resources
[2.750s] -- Found rclcpp: 16.0.15 (/opt/ros/humble/share/rclcpp/cmake)
[2.990s] -- Found rosidl_generator_c: 3.1.7 (/opt/ros/humble/share/rosidl_generator_c/cmake)
[3.019s] -- Found rosidl_adapter: 3.1.7 (/opt/ros/humble/share/rosidl_adapter/cmake)
[3.064s] -- Found rosidl_generator_cpp: 3.1.7 (/opt/ros/humble/share/rosidl_generator_cpp/cmake)
[3.117s] -- Using all available rosidl_typesupport_c: rosidl_typesupport_fastrtps_c;rosidl_typesupport_introspection_c
[3.171s] -- Using all available rosidl_typesupport_cpp: rosidl_typesupport_fastrtps_cpp;rosidl_typesupport_introspection_cpp
[3.305s] -- Found rmw_implementation_cmake: 6.1.2 (/opt/ros/humble/share/rmw_implementation_cmake/cmake)
[3.315s] -- Found rmw_fastrtps_cpp: 6.2.9 (/opt/ros/humble/share/rmw_fastrtps_cpp/cmake)
[3.566s] -- Found OpenSSL: /usr/lib/aarch64-linux-gnu/libcrypto.so (found version "3.0.2")  
[3.661s] -- Found FastRTPS: /opt/ros/humble/include  
[3.785s] -- Using RMW implementation 'rmw_fastrtps_cpp' as default
[3.852s] -- Looking for pthread.h
[4.166s] -- Looking for pthread.h - found
[4.167s] -- Performing Test CMAKE_HAVE_LIBC_PTHREAD
[4.342s] -- Performing Test CMAKE_HAVE_LIBC_PTHREAD - Success
[4.343s] -- Found Threads: TRUE  
[4.489s] -- Found geometry_msgs: 4.9.0 (/opt/ros/humble/share/geometry_msgs/cmake)
[4.522s] -- Found nav_msgs: 4.9.0 (/opt/ros/humble/share/nav_msgs/cmake)
[4.565s] -- Found sensor_msgs: 4.9.0 (/opt/ros/humble/share/sensor_msgs/cmake)
[4.610s] -- Found tf2: 0.25.16 (/opt/ros/humble/share/tf2/cmake)
[4.637s] -- Found tf2_ros: 0.25.16 (/opt/ros/humble/share/tf2_ros/cmake)
[4.874s] -- Found tf2_geometry_msgs: 0.25.16 (/opt/ros/humble/share/tf2_geometry_msgs/cmake)
[4.916s] -- Found eigen3_cmake_module: 0.1.1 (/opt/ros/humble/share/eigen3_cmake_module/cmake)
[4.920s] -- Found Eigen3: TRUE (found version "3.4.0") 
[4.920s] -- Ensuring Eigen3 include directory is part of orocos-kdl CMake target
[4.948s] [31mCMake Error at CMakeLists.txt:26 (find_package):
[4.948s]   By not providing "Findlimo_msgs.cmake" in CMAKE_MODULE_PATH this project
[4.948s]   has asked CMake to find a package configuration file provided by
[4.948s]   "limo_msgs", but CMake did not find one.
[4.948s] 
[4.949s]   Could not find a package configuration file provided by "limo_msgs" with
[4.949s]   any of the following names:
[4.949s] 
[4.949s]     limo_msgsConfig.cmake
[4.949s]     limo_msgs-config.cmake
[4.949s] 
[4.949s]   Add the installation prefix of "limo_msgs" to CMAKE_PREFIX_PATH or set
[4.949s]   "limo_msgs_DIR" to a directory containing one of the above files.  If
[4.950s]   "limo_msgs" provides a separate development package or SDK, be sure it has
[4.950s]   been installed.
[4.950s] 
[4.950s] [0m
[4.950s] -- Configuring incomplete, errors occurred!
[4.950s] See also "/home/wego/third_impact/build/limo_base/CMakeFiles/CMakeOutput.log".
[4.984s] Invoked command in '/home/wego/third_impact/build/limo_base' returned '1': CMAKE_PREFIX_PATH=/home/wego/third_impact/install/slam_parking:/home/wego/third_impact/install/limo_lidar:/home/wego/third_impact/install/limo_aj:/home/wego/third_impact/install/jetracer_ros2:/opt/ros/humble /usr/bin/cmake /home/wego/third_impact/src/limo_base -DAMENT_CMAKE_SYMLINK_INSTALL=1 -DCMAKE_INSTALL_PREFIX=/home/wego/third_impact/install/limo_base
