[4.593s] Invoking command in '/home/wego/third_impact/build/limo_lidar': PYTHONPATH=/home/wego/third_impact/build/limo_lidar/prefix_override:/usr/lib/python3/dist-packages/colcon_core/task/python/colcon_distutils_commands:/home/wego/third_impact/install/limo_lidar/lib/python3.10/site-packages:${PYTHONPATH} /usr/bin/python3 -W ignore:setup.py install is deprecated -W ignore:easy_install command is deprecated setup.py develop --editable --build-directory /home/wego/third_impact/build/limo_lidar/build --no-deps symlink_data
[5.946s] running develop
[6.757s] running egg_info
[6.814s] writing limo_lidar.egg-info/PKG-INFO
[6.819s] writing dependency_links to limo_lidar.egg-info/dependency_links.txt
[6.822s] writing entry points to limo_lidar.egg-info/entry_points.txt
[6.823s] writing requirements to limo_lidar.egg-info/requires.txt
[6.824s] writing top-level names to limo_lidar.egg-info/top_level.txt
[6.938s] reading manifest file 'limo_lidar.egg-info/SOURCES.txt'
[6.942s] writing manifest file 'limo_lidar.egg-info/SOURCES.txt'
[7.038s] running build_ext
[7.039s] Creating /home/wego/third_impact/install/limo_lidar/lib/python3.10/site-packages/limo-lidar.egg-link (link to .)
[7.042s] Installing lidar_parking script to /home/wego/third_impact/install/limo_lidar/lib/limo_lidar
[7.043s] Installing lidar_parking_2 script to /home/wego/third_impact/install/limo_lidar/lib/limo_lidar
[7.043s] Installing line_check script to /home/wego/third_impact/install/limo_lidar/lib/limo_lidar
[7.044s] Installing obstacle_avoid script to /home/wego/third_impact/install/limo_lidar/lib/limo_lidar
[7.044s] Installing parking script to /home/wego/third_impact/install/limo_lidar/lib/limo_lidar
[7.044s] Installing reset_steer script to /home/wego/third_impact/install/limo_lidar/lib/limo_lidar
[7.045s] Installing stop_and_go script to /home/wego/third_impact/install/limo_lidar/lib/limo_lidar
[7.045s] Installing stop_test script to /home/wego/third_impact/install/limo_lidar/lib/limo_lidar
[7.045s] Installing stop_test_2 script to /home/wego/third_impact/install/limo_lidar/lib/limo_lidar
[7.045s] Installing test script to /home/wego/third_impact/install/limo_lidar/lib/limo_lidar
[7.046s] 
[7.046s] Installed /home/wego/third_impact/build/limo_lidar
[7.046s] running symlink_data
[7.184s] Invoked command in '/home/wego/third_impact/build/limo_lidar' returned '0': PYTHONPATH=/home/wego/third_impact/build/limo_lidar/prefix_override:/usr/lib/python3/dist-packages/colcon_core/task/python/colcon_distutils_commands:/home/wego/third_impact/install/limo_lidar/lib/python3.10/site-packages:${PYTHONPATH} /usr/bin/python3 -W ignore:setup.py install is deprecated -W ignore:easy_install command is deprecated setup.py develop --editable --build-directory /home/wego/third_impact/build/limo_lidar/build --no-deps symlink_data
