[3.184s] Invoking command in '/home/wego/third_impact/build/jetracer_ros2': PYTHONPATH=/home/wego/third_impact/build/jetracer_ros2/prefix_override:/usr/lib/python3/dist-packages/colcon_core/task/python/colcon_distutils_commands:/home/wego/third_impact/install/jetracer_ros2/lib/python3.10/site-packages:${PYTHONPATH} /usr/bin/python3 -W ignore:setup.py install is deprecated -W ignore:easy_install command is deprecated setup.py develop --editable --build-directory /home/wego/third_impact/build/jetracer_ros2/build --no-deps symlink_data
[4.061s] running develop
[4.676s] running egg_info
[4.723s] writing jetracer_ros2.egg-info/PKG-INFO
[4.725s] writing dependency_links to jetracer_ros2.egg-info/dependency_links.txt
[4.727s] writing entry points to jetracer_ros2.egg-info/entry_points.txt
[4.727s] writing requirements to jetracer_ros2.egg-info/requires.txt
[4.727s] writing top-level names to jetracer_ros2.egg-info/top_level.txt
[4.818s] reading manifest file 'jetracer_ros2.egg-info/SOURCES.txt'
[4.821s] writing manifest file 'jetracer_ros2.egg-info/SOURCES.txt'
[4.897s] running build_ext
[4.897s] Creating /home/wego/third_impact/install/jetracer_ros2/lib/python3.10/site-packages/jetracer-ros2.egg-link (link to .)
[4.899s] Installing data_collection_node script to /home/wego/third_impact/install/jetracer_ros2/lib/jetracer_ros2
[4.900s] Installing inference_StopAndGo_with_joy_node script to /home/wego/third_impact/install/jetracer_ros2/lib/jetracer_ros2
[4.900s] Installing inference_StopAndGo_with_lidar_node script to /home/wego/third_impact/install/jetracer_ros2/lib/jetracer_ros2
[4.901s] Installing inference_node script to /home/wego/third_impact/install/jetracer_ros2/lib/jetracer_ros2
[4.901s] Installing inference_people_estop_node script to /home/wego/third_impact/install/jetracer_ros2/lib/jetracer_ros2
[4.902s] 
[4.902s] Installed /home/wego/third_impact/build/jetracer_ros2
[4.902s] running symlink_data
[5.056s] Invoked command in '/home/wego/third_impact/build/jetracer_ros2' returned '0': PYTHONPATH=/home/wego/third_impact/build/jetracer_ros2/prefix_override:/usr/lib/python3/dist-packages/colcon_core/task/python/colcon_distutils_commands:/home/wego/third_impact/install/jetracer_ros2/lib/python3.10/site-packages:${PYTHONPATH} /usr/bin/python3 -W ignore:setup.py install is deprecated -W ignore:easy_install command is deprecated setup.py develop --editable --build-directory /home/wego/third_impact/build/jetracer_ros2/build --no-deps symlink_data
