[0.293s] [34mcolcon[0m [1;30mDEBUG[0m [32mCommand line arguments: ['/usr/bin/colcon', 'build', '--symlink-install'][0m
[0.294s] [34mcolcon[0m [1;30mDEBUG[0m [32mParsed command line arguments: Namespace(log_base=None, log_level=None, verb_name='build', build_base='build', install_base='install', merge_install=False, symlink_install=True, test_result_base=None, continue_on_error=False, executor='parallel', parallel_workers=6, event_handlers=None, ignore_user_meta=False, metas=['./colcon.meta'], base_paths=['.'], packages_ignore=None, packages_ignore_regex=None, paths=None, packages_up_to=None, packages_up_to_regex=None, packages_above=None, packages_above_and_dependencies=None, packages_above_depth=None, packages_select_by_dep=None, packages_skip_by_dep=None, packages_skip_up_to=None, packages_select_build_failed=False, packages_skip_build_finished=False, packages_select_test_failures=False, packages_skip_test_passed=False, packages_select=None, packages_skip=None, packages_select_regex=None, packages_skip_regex=None, packages_start=None, packages_end=None, allow_overriding=[], cmake_args=None, cmake_target=None, cmake_target_skip_unavailable=False, cmake_clean_cache=False, cmake_clean_first=False, cmake_force_configure=False, ament_cmake_args=None, catkin_cmake_args=None, catkin_skip_building_tests=False, mixin_files=None, mixin=None, verb_parser=<colcon_mixin.mixin.mixin_argument.MixinArgumentDecorator object at 0xffff9aa5ef20>, verb_extension=<colcon_core.verb.build.BuildVerb object at 0xffff9aa5e200>, main=<bound method BuildVerb.main of <colcon_core.verb.build.BuildVerb object at 0xffff9aa5e200>>, mixin_verb=('build',))[0m
[0.392s] [34mcolcon.colcon_core.package_discovery[0m [1;30mLevel 1[0m discover_packages(colcon_meta) check parameters
[0.392s] [34mcolcon.colcon_core.package_discovery[0m [1;30mLevel 1[0m discover_packages(recursive) check parameters
[0.392s] [34mcolcon.colcon_core.package_discovery[0m [1;30mLevel 1[0m discover_packages(ignore) check parameters
[0.393s] [34mcolcon.colcon_core.package_discovery[0m [1;30mLevel 1[0m discover_packages(path) check parameters
[0.393s] [34mcolcon.colcon_core.package_discovery[0m [1;30mLevel 1[0m discover_packages(colcon_meta) discover
[0.393s] [34mcolcon.colcon_core.package_discovery[0m [1;30mLevel 1[0m discover_packages(recursive) discover
[0.393s] [34mcolcon.colcon_core.package_discovery[0m [1;30mINFO[0m Crawling recursively for packages in '/home/wego/third_impact'
[0.393s] [34mcolcon.colcon_core.package_identification[0m [1;30mLevel 1[0m _identify(.) by extensions ['ignore', 'ignore_ament_install']
[0.394s] [34mcolcon.colcon_core.package_identification[0m [1;30mLevel 1[0m _identify(.) by extension 'ignore'
[0.394s] [34mcolcon.colcon_core.package_identification[0m [1;30mLevel 1[0m _identify(.) by extension 'ignore_ament_install'
[0.394s] [34mcolcon.colcon_core.package_identification[0m [1;30mLevel 1[0m _identify(.) by extensions ['colcon_pkg']
[0.394s] [34mcolcon.colcon_core.package_identification[0m [1;30mLevel 1[0m _identify(.) by extension 'colcon_pkg'
[0.394s] [34mcolcon.colcon_core.package_identification[0m [1;30mLevel 1[0m _identify(.) by extensions ['colcon_meta']
[0.394s] [34mcolcon.colcon_core.package_identification[0m [1;30mLevel 1[0m _identify(.) by extension 'colcon_meta'
[0.395s] [34mcolcon.colcon_core.package_identification[0m [1;30mLevel 1[0m _identify(.) by extensions ['ros']
[0.395s] [34mcolcon.colcon_core.package_identification[0m [1;30mLevel 1[0m _identify(.) by extension 'ros'
[0.448s] [34mcolcon.colcon_core.package_identification[0m [1;30mLevel 1[0m _identify(.) by extensions ['cmake', 'python']
[0.448s] [34mcolcon.colcon_core.package_identification[0m [1;30mLevel 1[0m _identify(.) by extension 'cmake'
[0.449s] [34mcolcon.colcon_core.package_identification[0m [1;30mLevel 1[0m _identify(.) by extension 'python'
[0.449s] [34mcolcon.colcon_core.package_identification[0m [1;30mLevel 1[0m _identify(.) by extensions ['python_setup_py']
[0.449s] [34mcolcon.colcon_core.package_identification[0m [1;30mLevel 1[0m _identify(.) by extension 'python_setup_py'
[0.449s] [34mcolcon.colcon_core.package_identification[0m [1;30mLevel 1[0m _identify(Log) by extensions ['ignore', 'ignore_ament_install']
[0.449s] [34mcolcon.colcon_core.package_identification[0m [1;30mLevel 1[0m _identify(Log) by extension 'ignore'
[0.450s] [34mcolcon.colcon_core.package_identification[0m [1;30mLevel 1[0m _identify(Log) by extension 'ignore_ament_install'
[0.450s] [34mcolcon.colcon_core.package_identification[0m [1;30mLevel 1[0m _identify(Log) by extensions ['colcon_pkg']
[0.450s] [34mcolcon.colcon_core.package_identification[0m [1;30mLevel 1[0m _identify(Log) by extension 'colcon_pkg'
[0.450s] [34mcolcon.colcon_core.package_identification[0m [1;30mLevel 1[0m _identify(Log) by extensions ['colcon_meta']
[0.450s] [34mcolcon.colcon_core.package_identification[0m [1;30mLevel 1[0m _identify(Log) by extension 'colcon_meta'
[0.450s] [34mcolcon.colcon_core.package_identification[0m [1;30mLevel 1[0m _identify(Log) by extensions ['ros']
[0.450s] [34mcolcon.colcon_core.package_identification[0m [1;30mLevel 1[0m _identify(Log) by extension 'ros'
[0.450s] [34mcolcon.colcon_core.package_identification[0m [1;30mLevel 1[0m _identify(Log) by extensions ['cmake', 'python']
[0.451s] [34mcolcon.colcon_core.package_identification[0m [1;30mLevel 1[0m _identify(Log) by extension 'cmake'
[0.451s] [34mcolcon.colcon_core.package_identification[0m [1;30mLevel 1[0m _identify(Log) by extension 'python'
[0.451s] [34mcolcon.colcon_core.package_identification[0m [1;30mLevel 1[0m _identify(Log) by extensions ['python_setup_py']
[0.451s] [34mcolcon.colcon_core.package_identification[0m [1;30mLevel 1[0m _identify(Log) by extension 'python_setup_py'
[0.451s] [34mcolcon.colcon_core.package_identification[0m [1;30mLevel 1[0m _identify(build) by extensions ['ignore', 'ignore_ament_install']
[0.451s] [34mcolcon.colcon_core.package_identification[0m [1;30mLevel 1[0m _identify(build) by extension 'ignore'
[0.451s] [34mcolcon.colcon_core.package_identification[0m [1;30mLevel 1[0m _identify(build) ignored
[0.452s] [34mcolcon.colcon_core.package_identification[0m [1;30mLevel 1[0m _identify(install) by extensions ['ignore', 'ignore_ament_install']
[0.452s] [34mcolcon.colcon_core.package_identification[0m [1;30mLevel 1[0m _identify(install) by extension 'ignore'
[0.452s] [34mcolcon.colcon_core.package_identification[0m [1;30mLevel 1[0m _identify(install) ignored
[0.452s] [34mcolcon.colcon_core.package_identification[0m [1;30mLevel 1[0m _identify(log) by extensions ['ignore', 'ignore_ament_install']
[0.452s] [34mcolcon.colcon_core.package_identification[0m [1;30mLevel 1[0m _identify(log) by extension 'ignore'
[0.453s] [34mcolcon.colcon_core.package_identification[0m [1;30mLevel 1[0m _identify(log) ignored
[0.453s] [34mcolcon.colcon_core.package_identification[0m [1;30mLevel 1[0m _identify(src) by extensions ['ignore', 'ignore_ament_install']
[0.453s] [34mcolcon.colcon_core.package_identification[0m [1;30mLevel 1[0m _identify(src) by extension 'ignore'
[0.453s] [34mcolcon.colcon_core.package_identification[0m [1;30mLevel 1[0m _identify(src) by extension 'ignore_ament_install'
[0.453s] [34mcolcon.colcon_core.package_identification[0m [1;30mLevel 1[0m _identify(src) by extensions ['colcon_pkg']
[0.453s] [34mcolcon.colcon_core.package_identification[0m [1;30mLevel 1[0m _identify(src) by extension 'colcon_pkg'
[0.453s] [34mcolcon.colcon_core.package_identification[0m [1;30mLevel 1[0m _identify(src) by extensions ['colcon_meta']
[0.453s] [34mcolcon.colcon_core.package_identification[0m [1;30mLevel 1[0m _identify(src) by extension 'colcon_meta'
[0.454s] [34mcolcon.colcon_core.package_identification[0m [1;30mLevel 1[0m _identify(src) by extensions ['ros']
[0.454s] [34mcolcon.colcon_core.package_identification[0m [1;30mLevel 1[0m _identify(src) by extension 'ros'
[0.454s] [34mcolcon.colcon_core.package_identification[0m [1;30mLevel 1[0m _identify(src) by extensions ['cmake', 'python']
[0.454s] [34mcolcon.colcon_core.package_identification[0m [1;30mLevel 1[0m _identify(src) by extension 'cmake'
[0.454s] [34mcolcon.colcon_core.package_identification[0m [1;30mLevel 1[0m _identify(src) by extension 'python'
[0.454s] [34mcolcon.colcon_core.package_identification[0m [1;30mLevel 1[0m _identify(src) by extensions ['python_setup_py']
[0.454s] [34mcolcon.colcon_core.package_identification[0m [1;30mLevel 1[0m _identify(src) by extension 'python_setup_py'
[0.455s] [34mcolcon.colcon_core.package_identification[0m [1;30mLevel 1[0m _identify(src/jetracer_ros2) by extensions ['ignore', 'ignore_ament_install']
[0.455s] [34mcolcon.colcon_core.package_identification[0m [1;30mLevel 1[0m _identify(src/jetracer_ros2) by extension 'ignore'
[0.455s] [34mcolcon.colcon_core.package_identification[0m [1;30mLevel 1[0m _identify(src/jetracer_ros2) by extension 'ignore_ament_install'
[0.455s] [34mcolcon.colcon_core.package_identification[0m [1;30mLevel 1[0m _identify(src/jetracer_ros2) by extensions ['colcon_pkg']
[0.455s] [34mcolcon.colcon_core.package_identification[0m [1;30mLevel 1[0m _identify(src/jetracer_ros2) by extension 'colcon_pkg'
[0.455s] [34mcolcon.colcon_core.package_identification[0m [1;30mLevel 1[0m _identify(src/jetracer_ros2) by extensions ['colcon_meta']
[0.455s] [34mcolcon.colcon_core.package_identification[0m [1;30mLevel 1[0m _identify(src/jetracer_ros2) by extension 'colcon_meta'
[0.455s] [34mcolcon.colcon_core.package_identification[0m [1;30mLevel 1[0m _identify(src/jetracer_ros2) by extensions ['ros']
[0.455s] [34mcolcon.colcon_core.package_identification[0m [1;30mLevel 1[0m _identify(src/jetracer_ros2) by extension 'ros'
[0.461s] [34mcolcon.colcon_core.package_identification[0m [1;30mDEBUG[0m [32mPackage 'src/jetracer_ros2' with type 'ros.ament_python' and name 'jetracer_ros2'[0m
[0.462s] [34mcolcon.colcon_core.package_identification[0m [1;30mLevel 1[0m _identify(src/limo_aj) by extensions ['ignore', 'ignore_ament_install']
[0.462s] [34mcolcon.colcon_core.package_identification[0m [1;30mLevel 1[0m _identify(src/limo_aj) by extension 'ignore'
[0.462s] [34mcolcon.colcon_core.package_identification[0m [1;30mLevel 1[0m _identify(src/limo_aj) by extension 'ignore_ament_install'
[0.462s] [34mcolcon.colcon_core.package_identification[0m [1;30mLevel 1[0m _identify(src/limo_aj) by extensions ['colcon_pkg']
[0.462s] [34mcolcon.colcon_core.package_identification[0m [1;30mLevel 1[0m _identify(src/limo_aj) by extension 'colcon_pkg'
[0.463s] [34mcolcon.colcon_core.package_identification[0m [1;30mLevel 1[0m _identify(src/limo_aj) by extensions ['colcon_meta']
[0.463s] [34mcolcon.colcon_core.package_identification[0m [1;30mLevel 1[0m _identify(src/limo_aj) by extension 'colcon_meta'
[0.463s] [34mcolcon.colcon_core.package_identification[0m [1;30mLevel 1[0m _identify(src/limo_aj) by extensions ['ros']
[0.463s] [34mcolcon.colcon_core.package_identification[0m [1;30mLevel 1[0m _identify(src/limo_aj) by extension 'ros'
[0.464s] [34mcolcon.colcon_core.package_identification[0m [1;30mDEBUG[0m [32mPackage 'src/limo_aj' with type 'ros.ament_python' and name 'limo_aj'[0m
[0.465s] [34mcolcon.colcon_core.package_identification[0m [1;30mLevel 1[0m _identify(src/limo_lidar) by extensions ['ignore', 'ignore_ament_install']
[0.465s] [34mcolcon.colcon_core.package_identification[0m [1;30mLevel 1[0m _identify(src/limo_lidar) by extension 'ignore'
[0.465s] [34mcolcon.colcon_core.package_identification[0m [1;30mLevel 1[0m _identify(src/limo_lidar) by extension 'ignore_ament_install'
[0.465s] [34mcolcon.colcon_core.package_identification[0m [1;30mLevel 1[0m _identify(src/limo_lidar) by extensions ['colcon_pkg']
[0.465s] [34mcolcon.colcon_core.package_identification[0m [1;30mLevel 1[0m _identify(src/limo_lidar) by extension 'colcon_pkg'
[0.465s] [34mcolcon.colcon_core.package_identification[0m [1;30mLevel 1[0m _identify(src/limo_lidar) by extensions ['colcon_meta']
[0.465s] [34mcolcon.colcon_core.package_identification[0m [1;30mLevel 1[0m _identify(src/limo_lidar) by extension 'colcon_meta'
[0.466s] [34mcolcon.colcon_core.package_identification[0m [1;30mLevel 1[0m _identify(src/limo_lidar) by extensions ['ros']
[0.466s] [34mcolcon.colcon_core.package_identification[0m [1;30mLevel 1[0m _identify(src/limo_lidar) by extension 'ros'
[0.467s] [34mcolcon.colcon_core.package_identification[0m [1;30mDEBUG[0m [32mPackage 'src/limo_lidar' with type 'ros.ament_python' and name 'limo_lidar'[0m
[0.467s] [34mcolcon.colcon_core.package_identification[0m [1;30mLevel 1[0m _identify(src/slam_parking) by extensions ['ignore', 'ignore_ament_install']
[0.467s] [34mcolcon.colcon_core.package_identification[0m [1;30mLevel 1[0m _identify(src/slam_parking) by extension 'ignore'
[0.467s] [34mcolcon.colcon_core.package_identification[0m [1;30mLevel 1[0m _identify(src/slam_parking) by extension 'ignore_ament_install'
[0.468s] [34mcolcon.colcon_core.package_identification[0m [1;30mLevel 1[0m _identify(src/slam_parking) by extensions ['colcon_pkg']
[0.468s] [34mcolcon.colcon_core.package_identification[0m [1;30mLevel 1[0m _identify(src/slam_parking) by extension 'colcon_pkg'
[0.468s] [34mcolcon.colcon_core.package_identification[0m [1;30mLevel 1[0m _identify(src/slam_parking) by extensions ['colcon_meta']
[0.468s] [34mcolcon.colcon_core.package_identification[0m [1;30mLevel 1[0m _identify(src/slam_parking) by extension 'colcon_meta'
[0.468s] [34mcolcon.colcon_core.package_identification[0m [1;30mLevel 1[0m _identify(src/slam_parking) by extensions ['ros']
[0.468s] [34mcolcon.colcon_core.package_identification[0m [1;30mLevel 1[0m _identify(src/slam_parking) by extension 'ros'
[0.469s] [34mcolcon.colcon_core.package_identification[0m [1;30mDEBUG[0m [32mPackage 'src/slam_parking' with type 'ros.ament_python' and name 'slam_parking'[0m
[0.469s] [34mcolcon.colcon_core.package_discovery[0m [1;30mLevel 1[0m discover_packages(recursive) using defaults
[0.470s] [34mcolcon.colcon_core.package_discovery[0m [1;30mLevel 1[0m discover_packages(ignore) discover
[0.470s] [34mcolcon.colcon_core.package_discovery[0m [1;30mLevel 1[0m discover_packages(ignore) using defaults
[0.470s] [34mcolcon.colcon_core.package_discovery[0m [1;30mLevel 1[0m discover_packages(path) discover
[0.470s] [34mcolcon.colcon_core.package_discovery[0m [1;30mLevel 1[0m discover_packages(path) using defaults
[0.506s] [34mcolcon.colcon_core.package_discovery[0m [1;30mLevel 1[0m discover_packages(prefix_path) check parameters
[0.506s] [34mcolcon.colcon_core.package_discovery[0m [1;30mLevel 1[0m discover_packages(prefix_path) discover
[0.508s] [34mcolcon.colcon_ros.prefix_path.ament[0m [1;30mWARNING[0m [33mThe path '/home/wego/third_impact/install/slam_parking' in the environment variable AMENT_PREFIX_PATH doesn't exist[0m
[0.509s] [34mcolcon.colcon_ros.prefix_path.ament[0m [1;30mWARNING[0m [33mThe path '/home/wego/third_impact/install/limo_lidar' in the environment variable AMENT_PREFIX_PATH doesn't exist[0m
[0.509s] [34mcolcon.colcon_ros.prefix_path.ament[0m [1;30mWARNING[0m [33mThe path '/home/wego/third_impact/install/limo_aj' in the environment variable AMENT_PREFIX_PATH doesn't exist[0m
[0.509s] [34mcolcon.colcon_ros.prefix_path.ament[0m [1;30mWARNING[0m [33mThe path '/home/wego/third_impact/install/jetracer_ros2' in the environment variable AMENT_PREFIX_PATH doesn't exist[0m
[0.511s] [34mcolcon.colcon_installed_package_information.package_discovery[0m [1;30mDEBUG[0m [32mFound 0 installed packages in /home/wego/third_impact/install[0m
[0.513s] [34mcolcon.colcon_installed_package_information.package_discovery[0m [1;30mDEBUG[0m [32mFound 365 installed packages in /opt/ros/humble[0m
[0.517s] [34mcolcon.colcon_core.package_discovery[0m [1;30mLevel 1[0m discover_packages(prefix_path) using defaults
[0.649s] [34mcolcon.colcon_core.verb[0m [1;30mLevel 5[0m set package 'jetracer_ros2' build argument 'cmake_args' from command line to 'None'
[0.650s] [34mcolcon.colcon_core.verb[0m [1;30mLevel 5[0m set package 'jetracer_ros2' build argument 'cmake_target' from command line to 'None'
[0.650s] [34mcolcon.colcon_core.verb[0m [1;30mLevel 5[0m set package 'jetracer_ros2' build argument 'cmake_target_skip_unavailable' from command line to 'False'
[0.650s] [34mcolcon.colcon_core.verb[0m [1;30mLevel 5[0m set package 'jetracer_ros2' build argument 'cmake_clean_cache' from command line to 'False'
[0.650s] [34mcolcon.colcon_core.verb[0m [1;30mLevel 5[0m set package 'jetracer_ros2' build argument 'cmake_clean_first' from command line to 'False'
[0.650s] [34mcolcon.colcon_core.verb[0m [1;30mLevel 5[0m set package 'jetracer_ros2' build argument 'cmake_force_configure' from command line to 'False'
[0.650s] [34mcolcon.colcon_core.verb[0m [1;30mLevel 5[0m set package 'jetracer_ros2' build argument 'ament_cmake_args' from command line to 'None'
[0.650s] [34mcolcon.colcon_core.verb[0m [1;30mLevel 5[0m set package 'jetracer_ros2' build argument 'catkin_cmake_args' from command line to 'None'
[0.650s] [34mcolcon.colcon_core.verb[0m [1;30mLevel 5[0m set package 'jetracer_ros2' build argument 'catkin_skip_building_tests' from command line to 'False'
[0.650s] [34mcolcon.colcon_core.verb[0m [1;30mDEBUG[0m [32mBuilding package 'jetracer_ros2' with the following arguments: {'ament_cmake_args': None, 'build_base': '/home/wego/third_impact/build/jetracer_ros2', 'catkin_cmake_args': None, 'catkin_skip_building_tests': False, 'cmake_args': None, 'cmake_clean_cache': False, 'cmake_clean_first': False, 'cmake_force_configure': False, 'cmake_target': None, 'cmake_target_skip_unavailable': False, 'install_base': '/home/wego/third_impact/install/jetracer_ros2', 'merge_install': False, 'path': '/home/wego/third_impact/src/jetracer_ros2', 'symlink_install': True, 'test_result_base': None}[0m
[0.651s] [34mcolcon.colcon_core.verb[0m [1;30mLevel 5[0m set package 'limo_aj' build argument 'cmake_args' from command line to 'None'
[0.651s] [34mcolcon.colcon_core.verb[0m [1;30mLevel 5[0m set package 'limo_aj' build argument 'cmake_target' from command line to 'None'
[0.651s] [34mcolcon.colcon_core.verb[0m [1;30mLevel 5[0m set package 'limo_aj' build argument 'cmake_target_skip_unavailable' from command line to 'False'
[0.652s] [34mcolcon.colcon_core.verb[0m [1;30mLevel 5[0m set package 'limo_aj' build argument 'cmake_clean_cache' from command line to 'False'
[0.652s] [34mcolcon.colcon_core.verb[0m [1;30mLevel 5[0m set package 'limo_aj' build argument 'cmake_clean_first' from command line to 'False'
[0.652s] [34mcolcon.colcon_core.verb[0m [1;30mLevel 5[0m set package 'limo_aj' build argument 'cmake_force_configure' from command line to 'False'
[0.652s] [34mcolcon.colcon_core.verb[0m [1;30mLevel 5[0m set package 'limo_aj' build argument 'ament_cmake_args' from command line to 'None'
[0.652s] [34mcolcon.colcon_core.verb[0m [1;30mLevel 5[0m set package 'limo_aj' build argument 'catkin_cmake_args' from command line to 'None'
[0.652s] [34mcolcon.colcon_core.verb[0m [1;30mLevel 5[0m set package 'limo_aj' build argument 'catkin_skip_building_tests' from command line to 'False'
[0.652s] [34mcolcon.colcon_core.verb[0m [1;30mDEBUG[0m [32mBuilding package 'limo_aj' with the following arguments: {'ament_cmake_args': None, 'build_base': '/home/wego/third_impact/build/limo_aj', 'catkin_cmake_args': None, 'catkin_skip_building_tests': False, 'cmake_args': None, 'cmake_clean_cache': False, 'cmake_clean_first': False, 'cmake_force_configure': False, 'cmake_target': None, 'cmake_target_skip_unavailable': False, 'install_base': '/home/wego/third_impact/install/limo_aj', 'merge_install': False, 'path': '/home/wego/third_impact/src/limo_aj', 'symlink_install': True, 'test_result_base': None}[0m
[0.653s] [34mcolcon.colcon_core.verb[0m [1;30mLevel 5[0m set package 'limo_lidar' build argument 'cmake_args' from command line to 'None'
[0.653s] [34mcolcon.colcon_core.verb[0m [1;30mLevel 5[0m set package 'limo_lidar' build argument 'cmake_target' from command line to 'None'
[0.653s] [34mcolcon.colcon_core.verb[0m [1;30mLevel 5[0m set package 'limo_lidar' build argument 'cmake_target_skip_unavailable' from command line to 'False'
[0.653s] [34mcolcon.colcon_core.verb[0m [1;30mLevel 5[0m set package 'limo_lidar' build argument 'cmake_clean_cache' from command line to 'False'
[0.653s] [34mcolcon.colcon_core.verb[0m [1;30mLevel 5[0m set package 'limo_lidar' build argument 'cmake_clean_first' from command line to 'False'
[0.653s] [34mcolcon.colcon_core.verb[0m [1;30mLevel 5[0m set package 'limo_lidar' build argument 'cmake_force_configure' from command line to 'False'
[0.653s] [34mcolcon.colcon_core.verb[0m [1;30mLevel 5[0m set package 'limo_lidar' build argument 'ament_cmake_args' from command line to 'None'
[0.653s] [34mcolcon.colcon_core.verb[0m [1;30mLevel 5[0m set package 'limo_lidar' build argument 'catkin_cmake_args' from command line to 'None'
[0.653s] [34mcolcon.colcon_core.verb[0m [1;30mLevel 5[0m set package 'limo_lidar' build argument 'catkin_skip_building_tests' from command line to 'False'
[0.653s] [34mcolcon.colcon_core.verb[0m [1;30mDEBUG[0m [32mBuilding package 'limo_lidar' with the following arguments: {'ament_cmake_args': None, 'build_base': '/home/wego/third_impact/build/limo_lidar', 'catkin_cmake_args': None, 'catkin_skip_building_tests': False, 'cmake_args': None, 'cmake_clean_cache': False, 'cmake_clean_first': False, 'cmake_force_configure': False, 'cmake_target': None, 'cmake_target_skip_unavailable': False, 'install_base': '/home/wego/third_impact/install/limo_lidar', 'merge_install': False, 'path': '/home/wego/third_impact/src/limo_lidar', 'symlink_install': True, 'test_result_base': None}[0m
[0.654s] [34mcolcon.colcon_core.verb[0m [1;30mLevel 5[0m set package 'slam_parking' build argument 'cmake_args' from command line to 'None'
[0.654s] [34mcolcon.colcon_core.verb[0m [1;30mLevel 5[0m set package 'slam_parking' build argument 'cmake_target' from command line to 'None'
[0.654s] [34mcolcon.colcon_core.verb[0m [1;30mLevel 5[0m set package 'slam_parking' build argument 'cmake_target_skip_unavailable' from command line to 'False'
[0.654s] [34mcolcon.colcon_core.verb[0m [1;30mLevel 5[0m set package 'slam_parking' build argument 'cmake_clean_cache' from command line to 'False'
[0.654s] [34mcolcon.colcon_core.verb[0m [1;30mLevel 5[0m set package 'slam_parking' build argument 'cmake_clean_first' from command line to 'False'
[0.654s] [34mcolcon.colcon_core.verb[0m [1;30mLevel 5[0m set package 'slam_parking' build argument 'cmake_force_configure' from command line to 'False'
[0.654s] [34mcolcon.colcon_core.verb[0m [1;30mLevel 5[0m set package 'slam_parking' build argument 'ament_cmake_args' from command line to 'None'
[0.654s] [34mcolcon.colcon_core.verb[0m [1;30mLevel 5[0m set package 'slam_parking' build argument 'catkin_cmake_args' from command line to 'None'
[0.654s] [34mcolcon.colcon_core.verb[0m [1;30mLevel 5[0m set package 'slam_parking' build argument 'catkin_skip_building_tests' from command line to 'False'
[0.655s] [34mcolcon.colcon_core.verb[0m [1;30mDEBUG[0m [32mBuilding package 'slam_parking' with the following arguments: {'ament_cmake_args': None, 'build_base': '/home/wego/third_impact/build/slam_parking', 'catkin_cmake_args': None, 'catkin_skip_building_tests': False, 'cmake_args': None, 'cmake_clean_cache': False, 'cmake_clean_first': False, 'cmake_force_configure': False, 'cmake_target': None, 'cmake_target_skip_unavailable': False, 'install_base': '/home/wego/third_impact/install/slam_parking', 'merge_install': False, 'path': '/home/wego/third_impact/src/slam_parking', 'symlink_install': True, 'test_result_base': None}[0m
[0.655s] [34mcolcon.colcon_core.executor[0m [1;30mINFO[0m Executing jobs using 'parallel' executor
[0.657s] [34mcolcon.colcon_parallel_executor.executor.parallel[0m [1;30mDEBUG[0m [32mrun_until_complete[0m
[0.658s] [34mcolcon.colcon_ros.task.ament_python.build[0m [1;30mINFO[0m Building ROS package in '/home/wego/third_impact/src/jetracer_ros2' with build type 'ament_python'
[0.659s] [34mcolcon.colcon_core.shell[0m [1;30mLevel 1[0m create_environment_hook('jetracer_ros2', 'ament_prefix_path')
[0.666s] [34mcolcon.colcon_core.plugin_system[0m [1;30mINFO[0m Skipping extension 'colcon_core.shell.bat': Not used on non-Windows systems
[0.666s] [34mcolcon.colcon_core.shell[0m [1;30mINFO[0m Creating environment hook '/home/wego/third_impact/install/jetracer_ros2/share/jetracer_ros2/hook/ament_prefix_path.ps1'
[0.669s] [34mcolcon.colcon_core.shell[0m [1;30mINFO[0m Creating environment descriptor '/home/wego/third_impact/install/jetracer_ros2/share/jetracer_ros2/hook/ament_prefix_path.dsv'
[0.669s] [34mcolcon.colcon_core.shell[0m [1;30mINFO[0m Creating environment hook '/home/wego/third_impact/install/jetracer_ros2/share/jetracer_ros2/hook/ament_prefix_path.sh'
[0.671s] [34mcolcon.colcon_core.shell[0m [1;30mINFO[0m Skip shell extension 'powershell' for command environment: Not usable outside of PowerShell
[0.671s] [34mcolcon.colcon_core.shell[0m [1;30mDEBUG[0m [32mSkip shell extension 'dsv' for command environment[0m
[0.678s] [34mcolcon.colcon_ros.task.ament_python.build[0m [1;30mINFO[0m Building ROS package in '/home/wego/third_impact/src/limo_aj' with build type 'ament_python'
[0.678s] [34mcolcon.colcon_core.shell[0m [1;30mLevel 1[0m create_environment_hook('limo_aj', 'ament_prefix_path')
[0.679s] [34mcolcon.colcon_core.shell[0m [1;30mINFO[0m Creating environment hook '/home/wego/third_impact/install/limo_aj/share/limo_aj/hook/ament_prefix_path.ps1'
[0.680s] [34mcolcon.colcon_core.shell[0m [1;30mINFO[0m Creating environment descriptor '/home/wego/third_impact/install/limo_aj/share/limo_aj/hook/ament_prefix_path.dsv'
[0.681s] [34mcolcon.colcon_core.shell[0m [1;30mINFO[0m Creating environment hook '/home/wego/third_impact/install/limo_aj/share/limo_aj/hook/ament_prefix_path.sh'
[0.682s] [34mcolcon.colcon_core.shell[0m [1;30mINFO[0m Skip shell extension 'powershell' for command environment: Not usable outside of PowerShell
[0.682s] [34mcolcon.colcon_core.shell[0m [1;30mDEBUG[0m [32mSkip shell extension 'dsv' for command environment[0m
[0.689s] [34mcolcon.colcon_ros.task.ament_python.build[0m [1;30mINFO[0m Building ROS package in '/home/wego/third_impact/src/limo_lidar' with build type 'ament_python'
[0.690s] [34mcolcon.colcon_core.shell[0m [1;30mLevel 1[0m create_environment_hook('limo_lidar', 'ament_prefix_path')
[0.690s] [34mcolcon.colcon_core.shell[0m [1;30mINFO[0m Creating environment hook '/home/wego/third_impact/install/limo_lidar/share/limo_lidar/hook/ament_prefix_path.ps1'
[0.692s] [34mcolcon.colcon_core.shell[0m [1;30mINFO[0m Creating environment descriptor '/home/wego/third_impact/install/limo_lidar/share/limo_lidar/hook/ament_prefix_path.dsv'
[0.693s] [34mcolcon.colcon_core.shell[0m [1;30mINFO[0m Creating environment hook '/home/wego/third_impact/install/limo_lidar/share/limo_lidar/hook/ament_prefix_path.sh'
[0.694s] [34mcolcon.colcon_core.shell[0m [1;30mINFO[0m Skip shell extension 'powershell' for command environment: Not usable outside of PowerShell
[0.694s] [34mcolcon.colcon_core.shell[0m [1;30mDEBUG[0m [32mSkip shell extension 'dsv' for command environment[0m
[0.700s] [34mcolcon.colcon_ros.task.ament_python.build[0m [1;30mINFO[0m Building ROS package in '/home/wego/third_impact/src/slam_parking' with build type 'ament_python'
[0.701s] [34mcolcon.colcon_core.shell[0m [1;30mLevel 1[0m create_environment_hook('slam_parking', 'ament_prefix_path')
[0.701s] [34mcolcon.colcon_core.shell[0m [1;30mINFO[0m Creating environment hook '/home/wego/third_impact/install/slam_parking/share/slam_parking/hook/ament_prefix_path.ps1'
[0.703s] [34mcolcon.colcon_core.shell[0m [1;30mINFO[0m Creating environment descriptor '/home/wego/third_impact/install/slam_parking/share/slam_parking/hook/ament_prefix_path.dsv'
[0.703s] [34mcolcon.colcon_core.shell[0m [1;30mINFO[0m Creating environment hook '/home/wego/third_impact/install/slam_parking/share/slam_parking/hook/ament_prefix_path.sh'
[0.706s] [34mcolcon.colcon_core.shell[0m [1;30mINFO[0m Skip shell extension 'powershell' for command environment: Not usable outside of PowerShell
[0.707s] [34mcolcon.colcon_core.shell[0m [1;30mDEBUG[0m [32mSkip shell extension 'dsv' for command environment[0m
[1.273s] [34mcolcon.colcon_core.task.python.build[0m [1;30mINFO[0m Building Python package in '/home/wego/third_impact/src/jetracer_ros2'
[1.274s] [34mcolcon.colcon_core.shell[0m [1;30mINFO[0m Skip shell extension 'powershell' for command environment: Not usable outside of PowerShell
[1.275s] [34mcolcon.colcon_core.shell[0m [1;30mDEBUG[0m [32mSkip shell extension 'dsv' for command environment[0m
[1.846s] [34mcolcon.colcon_core.task.python.build[0m [1;30mINFO[0m Building Python package in '/home/wego/third_impact/src/limo_aj'
[1.847s] [34mcolcon.colcon_core.shell[0m [1;30mINFO[0m Skip shell extension 'powershell' for command environment: Not usable outside of PowerShell
[1.848s] [34mcolcon.colcon_core.shell[0m [1;30mDEBUG[0m [32mSkip shell extension 'dsv' for command environment[0m
[2.424s] [34mcolcon.colcon_core.task.python.build[0m [1;30mINFO[0m Building Python package in '/home/wego/third_impact/src/limo_lidar'
[2.426s] [34mcolcon.colcon_core.shell[0m [1;30mINFO[0m Skip shell extension 'powershell' for command environment: Not usable outside of PowerShell
[2.426s] [34mcolcon.colcon_core.shell[0m [1;30mDEBUG[0m [32mSkip shell extension 'dsv' for command environment[0m
[2.994s] [34mcolcon.colcon_core.task.python.build[0m [1;30mINFO[0m Building Python package in '/home/wego/third_impact/src/slam_parking'
[2.995s] [34mcolcon.colcon_core.shell[0m [1;30mINFO[0m Skip shell extension 'powershell' for command environment: Not usable outside of PowerShell
[2.996s] [34mcolcon.colcon_core.shell[0m [1;30mDEBUG[0m [32mSkip shell extension 'dsv' for command environment[0m
[4.571s] [34mcolcon.colcon_core.event_handler.log_command[0m [1;30mDEBUG[0m [32mInvoking command in '/home/wego/third_impact/build/limo_lidar': PYTHONPATH=/home/wego/third_impact/build/limo_lidar/prefix_override:/usr/lib/python3/dist-packages/colcon_core/task/python/colcon_distutils_commands:/home/wego/third_impact/install/limo_lidar/lib/python3.10/site-packages:${PYTHONPATH} /usr/bin/python3 -W ignore:setup.py install is deprecated -W ignore:easy_install command is deprecated setup.py develop --editable --build-directory /home/wego/third_impact/build/limo_lidar/build --no-deps symlink_data[0m
[4.601s] [34mcolcon.colcon_core.event_handler.log_command[0m [1;30mDEBUG[0m [32mInvoking command in '/home/wego/third_impact/build/slam_parking': PYTHONPATH=/home/wego/third_impact/build/slam_parking/prefix_override:/usr/lib/python3/dist-packages/colcon_core/task/python/colcon_distutils_commands:/home/wego/third_impact/install/slam_parking/lib/python3.10/site-packages:${PYTHONPATH} /usr/bin/python3 -W ignore:setup.py install is deprecated -W ignore:easy_install command is deprecated setup.py develop --editable --build-directory /home/wego/third_impact/build/slam_parking/build --no-deps symlink_data[0m
[4.723s] [34mcolcon.colcon_core.event_handler.log_command[0m [1;30mDEBUG[0m [32mInvoking command in '/home/wego/third_impact/build/jetracer_ros2': PYTHONPATH=/home/wego/third_impact/build/jetracer_ros2/prefix_override:/usr/lib/python3/dist-packages/colcon_core/task/python/colcon_distutils_commands:/home/wego/third_impact/install/jetracer_ros2/lib/python3.10/site-packages:${PYTHONPATH} /usr/bin/python3 -W ignore:setup.py install is deprecated -W ignore:easy_install command is deprecated setup.py develop --editable --build-directory /home/wego/third_impact/build/jetracer_ros2/build --no-deps symlink_data[0m
[4.822s] [34mcolcon.colcon_core.event_handler.log_command[0m [1;30mDEBUG[0m [32mInvoking command in '/home/wego/third_impact/build/limo_aj': PYTHONPATH=/home/wego/third_impact/build/limo_aj/prefix_override:/usr/lib/python3/dist-packages/colcon_core/task/python/colcon_distutils_commands:/home/wego/third_impact/install/limo_aj/lib/python3.10/site-packages:${PYTHONPATH} /usr/bin/python3 -W ignore:setup.py install is deprecated -W ignore:easy_install command is deprecated setup.py develop --editable --build-directory /home/wego/third_impact/build/limo_aj/build --no-deps symlink_data[0m
[6.646s] [34mcolcon.colcon_core.shell[0m [1;30mLevel 1[0m create_environment_hook('slam_parking', 'pythonpath_develop')
[6.647s] [34mcolcon.colcon_core.shell[0m [1;30mINFO[0m Creating environment hook '/home/wego/third_impact/build/slam_parking/share/slam_parking/hook/pythonpath_develop.ps1'
[6.649s] [34mcolcon.colcon_core.shell[0m [1;30mINFO[0m Creating environment descriptor '/home/wego/third_impact/build/slam_parking/share/slam_parking/hook/pythonpath_develop.dsv'
[6.650s] [34mcolcon.colcon_core.shell[0m [1;30mINFO[0m Creating environment hook '/home/wego/third_impact/build/slam_parking/share/slam_parking/hook/pythonpath_develop.sh'
[6.652s] [34mcolcon.colcon_core.event_handler.log_command[0m [1;30mDEBUG[0m [32mInvoked command in '/home/wego/third_impact/build/slam_parking' returned '0': PYTHONPATH=/home/wego/third_impact/build/slam_parking/prefix_override:/usr/lib/python3/dist-packages/colcon_core/task/python/colcon_distutils_commands:/home/wego/third_impact/install/slam_parking/lib/python3.10/site-packages:${PYTHONPATH} /usr/bin/python3 -W ignore:setup.py install is deprecated -W ignore:easy_install command is deprecated setup.py develop --editable --build-directory /home/wego/third_impact/build/slam_parking/build --no-deps symlink_data[0m
[6.678s] [34mcolcon.colcon_core.environment[0m [1;30mLevel 1[0m checking '/home/wego/third_impact/install/slam_parking' for CMake module files
[6.679s] [34mcolcon.colcon_core.environment[0m [1;30mLevel 1[0m checking '/home/wego/third_impact/install/slam_parking' for CMake config files
[6.680s] [34mcolcon.colcon_core.environment[0m [1;30mLevel 1[0m checking '/home/wego/third_impact/install/slam_parking/lib'
[6.681s] [34mcolcon.colcon_core.environment[0m [1;30mLevel 1[0m checking '/home/wego/third_impact/install/slam_parking/bin'
[6.681s] [34mcolcon.colcon_core.environment[0m [1;30mLevel 1[0m checking '/home/wego/third_impact/install/slam_parking/lib/pkgconfig/slam_parking.pc'
[6.681s] [34mcolcon.colcon_core.environment[0m [1;30mLevel 1[0m checking '/home/wego/third_impact/install/slam_parking/lib/python3.10/site-packages'
[6.682s] [34mcolcon.colcon_core.shell[0m [1;30mLevel 1[0m create_environment_hook('slam_parking', 'pythonpath')
[6.682s] [34mcolcon.colcon_core.shell[0m [1;30mINFO[0m Creating environment hook '/home/wego/third_impact/install/slam_parking/share/slam_parking/hook/pythonpath.ps1'
[6.684s] [34mcolcon.colcon_core.shell[0m [1;30mINFO[0m Creating environment descriptor '/home/wego/third_impact/install/slam_parking/share/slam_parking/hook/pythonpath.dsv'
[6.685s] [34mcolcon.colcon_core.shell[0m [1;30mINFO[0m Creating environment hook '/home/wego/third_impact/install/slam_parking/share/slam_parking/hook/pythonpath.sh'
[6.689s] [34mcolcon.colcon_core.environment[0m [1;30mLevel 1[0m checking '/home/wego/third_impact/install/slam_parking/bin'
[6.689s] [34mcolcon.colcon_core.environment[0m [1;30mLevel 1[0m create_environment_scripts_only(slam_parking)
[6.690s] [34mcolcon.colcon_core.shell[0m [1;30mINFO[0m Creating package script '/home/wego/third_impact/install/slam_parking/share/slam_parking/package.ps1'
[6.692s] [34mcolcon.colcon_core.shell[0m [1;30mINFO[0m Creating package descriptor '/home/wego/third_impact/install/slam_parking/share/slam_parking/package.dsv'
[6.694s] [34mcolcon.colcon_core.shell[0m [1;30mINFO[0m Creating package script '/home/wego/third_impact/install/slam_parking/share/slam_parking/package.sh'
[6.695s] [34mcolcon.colcon_core.shell[0m [1;30mINFO[0m Creating package script '/home/wego/third_impact/install/slam_parking/share/slam_parking/package.bash'
[6.697s] [34mcolcon.colcon_core.shell[0m [1;30mINFO[0m Creating package script '/home/wego/third_impact/install/slam_parking/share/slam_parking/package.zsh'
[6.698s] [34mcolcon.colcon_core.environment[0m [1;30mLevel 1[0m create_file_with_runtime_dependencies(/home/wego/third_impact/install/slam_parking/share/colcon-core/packages/slam_parking)
[6.702s] [34mcolcon.colcon_core.shell[0m [1;30mLevel 1[0m create_environment_hook('limo_lidar', 'pythonpath_develop')
[6.705s] [34mcolcon.colcon_core.event_handler.log_command[0m [1;30mDEBUG[0m [32mInvoked command in '/home/wego/third_impact/build/limo_lidar' returned '0': PYTHONPATH=/home/wego/third_impact/build/limo_lidar/prefix_override:/usr/lib/python3/dist-packages/colcon_core/task/python/colcon_distutils_commands:/home/wego/third_impact/install/limo_lidar/lib/python3.10/site-packages:${PYTHONPATH} /usr/bin/python3 -W ignore:setup.py install is deprecated -W ignore:easy_install command is deprecated setup.py develop --editable --build-directory /home/wego/third_impact/build/limo_lidar/build --no-deps symlink_data[0m
[6.706s] [34mcolcon.colcon_core.shell[0m [1;30mINFO[0m Creating environment hook '/home/wego/third_impact/build/limo_lidar/share/limo_lidar/hook/pythonpath_develop.ps1'
[6.709s] [34mcolcon.colcon_core.shell[0m [1;30mINFO[0m Creating environment descriptor '/home/wego/third_impact/build/limo_lidar/share/limo_lidar/hook/pythonpath_develop.dsv'
[6.710s] [34mcolcon.colcon_core.shell[0m [1;30mINFO[0m Creating environment hook '/home/wego/third_impact/build/limo_lidar/share/limo_lidar/hook/pythonpath_develop.sh'
[6.712s] [34mcolcon.colcon_core.environment[0m [1;30mLevel 1[0m checking '/home/wego/third_impact/install/limo_lidar' for CMake module files
[6.713s] [34mcolcon.colcon_core.environment[0m [1;30mLevel 1[0m checking '/home/wego/third_impact/install/limo_lidar' for CMake config files
[6.715s] [34mcolcon.colcon_core.environment[0m [1;30mLevel 1[0m checking '/home/wego/third_impact/install/limo_lidar/lib'
[6.715s] [34mcolcon.colcon_core.environment[0m [1;30mLevel 1[0m checking '/home/wego/third_impact/install/limo_lidar/bin'
[6.715s] [34mcolcon.colcon_core.environment[0m [1;30mLevel 1[0m checking '/home/wego/third_impact/install/limo_lidar/lib/pkgconfig/limo_lidar.pc'
[6.716s] [34mcolcon.colcon_core.environment[0m [1;30mLevel 1[0m checking '/home/wego/third_impact/install/limo_lidar/lib/python3.10/site-packages'
[6.716s] [34mcolcon.colcon_core.shell[0m [1;30mLevel 1[0m create_environment_hook('limo_lidar', 'pythonpath')
[6.717s] [34mcolcon.colcon_core.shell[0m [1;30mINFO[0m Creating environment hook '/home/wego/third_impact/install/limo_lidar/share/limo_lidar/hook/pythonpath.ps1'
[6.718s] [34mcolcon.colcon_core.shell[0m [1;30mINFO[0m Creating environment descriptor '/home/wego/third_impact/install/limo_lidar/share/limo_lidar/hook/pythonpath.dsv'
[6.720s] [34mcolcon.colcon_core.shell[0m [1;30mINFO[0m Creating environment hook '/home/wego/third_impact/install/limo_lidar/share/limo_lidar/hook/pythonpath.sh'
[6.722s] [34mcolcon.colcon_core.environment[0m [1;30mLevel 1[0m checking '/home/wego/third_impact/install/limo_lidar/bin'
[6.722s] [34mcolcon.colcon_core.environment[0m [1;30mLevel 1[0m create_environment_scripts_only(limo_lidar)
[6.723s] [34mcolcon.colcon_core.shell[0m [1;30mINFO[0m Creating package script '/home/wego/third_impact/install/limo_lidar/share/limo_lidar/package.ps1'
[6.726s] [34mcolcon.colcon_core.shell[0m [1;30mINFO[0m Creating package descriptor '/home/wego/third_impact/install/limo_lidar/share/limo_lidar/package.dsv'
[6.728s] [34mcolcon.colcon_core.shell[0m [1;30mINFO[0m Creating package script '/home/wego/third_impact/install/limo_lidar/share/limo_lidar/package.sh'
[6.730s] [34mcolcon.colcon_core.shell[0m [1;30mINFO[0m Creating package script '/home/wego/third_impact/install/limo_lidar/share/limo_lidar/package.bash'
[6.731s] [34mcolcon.colcon_core.shell[0m [1;30mINFO[0m Creating package script '/home/wego/third_impact/install/limo_lidar/share/limo_lidar/package.zsh'
[6.731s] [34mcolcon.colcon_core.environment[0m [1;30mLevel 1[0m create_file_with_runtime_dependencies(/home/wego/third_impact/install/limo_lidar/share/colcon-core/packages/limo_lidar)
[6.759s] [34mcolcon.colcon_core.shell[0m [1;30mLevel 1[0m create_environment_hook('limo_aj', 'pythonpath_develop')
[6.761s] [34mcolcon.colcon_core.event_handler.log_command[0m [1;30mDEBUG[0m [32mInvoked command in '/home/wego/third_impact/build/limo_aj' returned '0': PYTHONPATH=/home/wego/third_impact/build/limo_aj/prefix_override:/usr/lib/python3/dist-packages/colcon_core/task/python/colcon_distutils_commands:/home/wego/third_impact/install/limo_aj/lib/python3.10/site-packages:${PYTHONPATH} /usr/bin/python3 -W ignore:setup.py install is deprecated -W ignore:easy_install command is deprecated setup.py develop --editable --build-directory /home/wego/third_impact/build/limo_aj/build --no-deps symlink_data[0m
[6.762s] [34mcolcon.colcon_core.shell[0m [1;30mINFO[0m Creating environment hook '/home/wego/third_impact/build/limo_aj/share/limo_aj/hook/pythonpath_develop.ps1'
[6.765s] [34mcolcon.colcon_core.shell[0m [1;30mINFO[0m Creating environment descriptor '/home/wego/third_impact/build/limo_aj/share/limo_aj/hook/pythonpath_develop.dsv'
[6.766s] [34mcolcon.colcon_core.shell[0m [1;30mINFO[0m Creating environment hook '/home/wego/third_impact/build/limo_aj/share/limo_aj/hook/pythonpath_develop.sh'
[6.768s] [34mcolcon.colcon_core.environment[0m [1;30mLevel 1[0m checking '/home/wego/third_impact/install/limo_aj' for CMake module files
[6.769s] [34mcolcon.colcon_core.environment[0m [1;30mLevel 1[0m checking '/home/wego/third_impact/install/limo_aj' for CMake config files
[6.770s] [34mcolcon.colcon_core.environment[0m [1;30mLevel 1[0m checking '/home/wego/third_impact/install/limo_aj/lib'
[6.770s] [34mcolcon.colcon_core.environment[0m [1;30mLevel 1[0m checking '/home/wego/third_impact/install/limo_aj/bin'
[6.771s] [34mcolcon.colcon_core.environment[0m [1;30mLevel 1[0m checking '/home/wego/third_impact/install/limo_aj/lib/pkgconfig/limo_aj.pc'
[6.771s] [34mcolcon.colcon_core.environment[0m [1;30mLevel 1[0m checking '/home/wego/third_impact/install/limo_aj/lib/python3.10/site-packages'
[6.771s] [34mcolcon.colcon_core.shell[0m [1;30mLevel 1[0m create_environment_hook('limo_aj', 'pythonpath')
[6.772s] [34mcolcon.colcon_core.shell[0m [1;30mINFO[0m Creating environment hook '/home/wego/third_impact/install/limo_aj/share/limo_aj/hook/pythonpath.ps1'
[6.773s] [34mcolcon.colcon_core.shell[0m [1;30mINFO[0m Creating environment descriptor '/home/wego/third_impact/install/limo_aj/share/limo_aj/hook/pythonpath.dsv'
[6.774s] [34mcolcon.colcon_core.shell[0m [1;30mINFO[0m Creating environment hook '/home/wego/third_impact/install/limo_aj/share/limo_aj/hook/pythonpath.sh'
[6.776s] [34mcolcon.colcon_core.environment[0m [1;30mLevel 1[0m checking '/home/wego/third_impact/install/limo_aj/bin'
[6.776s] [34mcolcon.colcon_core.environment[0m [1;30mLevel 1[0m create_environment_scripts_only(limo_aj)
[6.777s] [34mcolcon.colcon_core.shell[0m [1;30mINFO[0m Creating package script '/home/wego/third_impact/install/limo_aj/share/limo_aj/package.ps1'
[6.779s] [34mcolcon.colcon_core.shell[0m [1;30mINFO[0m Creating package descriptor '/home/wego/third_impact/install/limo_aj/share/limo_aj/package.dsv'
[6.780s] [34mcolcon.colcon_core.shell[0m [1;30mINFO[0m Creating package script '/home/wego/third_impact/install/limo_aj/share/limo_aj/package.sh'
[6.781s] [34mcolcon.colcon_core.shell[0m [1;30mINFO[0m Creating package script '/home/wego/third_impact/install/limo_aj/share/limo_aj/package.bash'
[6.782s] [34mcolcon.colcon_core.shell[0m [1;30mINFO[0m Creating package script '/home/wego/third_impact/install/limo_aj/share/limo_aj/package.zsh'
[6.783s] [34mcolcon.colcon_core.environment[0m [1;30mLevel 1[0m create_file_with_runtime_dependencies(/home/wego/third_impact/install/limo_aj/share/colcon-core/packages/limo_aj)
[6.803s] [34mcolcon.colcon_core.shell[0m [1;30mLevel 1[0m create_environment_hook('jetracer_ros2', 'pythonpath_develop')
[6.804s] [34mcolcon.colcon_core.shell[0m [1;30mINFO[0m Creating environment hook '/home/wego/third_impact/build/jetracer_ros2/share/jetracer_ros2/hook/pythonpath_develop.ps1'
[6.806s] [34mcolcon.colcon_core.event_handler.log_command[0m [1;30mDEBUG[0m [32mInvoked command in '/home/wego/third_impact/build/jetracer_ros2' returned '0': PYTHONPATH=/home/wego/third_impact/build/jetracer_ros2/prefix_override:/usr/lib/python3/dist-packages/colcon_core/task/python/colcon_distutils_commands:/home/wego/third_impact/install/jetracer_ros2/lib/python3.10/site-packages:${PYTHONPATH} /usr/bin/python3 -W ignore:setup.py install is deprecated -W ignore:easy_install command is deprecated setup.py develop --editable --build-directory /home/wego/third_impact/build/jetracer_ros2/build --no-deps symlink_data[0m
[6.807s] [34mcolcon.colcon_core.shell[0m [1;30mINFO[0m Creating environment descriptor '/home/wego/third_impact/build/jetracer_ros2/share/jetracer_ros2/hook/pythonpath_develop.dsv'
[6.808s] [34mcolcon.colcon_core.shell[0m [1;30mINFO[0m Creating environment hook '/home/wego/third_impact/build/jetracer_ros2/share/jetracer_ros2/hook/pythonpath_develop.sh'
[6.809s] [34mcolcon.colcon_core.environment[0m [1;30mLevel 1[0m checking '/home/wego/third_impact/install/jetracer_ros2' for CMake module files
[6.811s] [34mcolcon.colcon_core.environment[0m [1;30mLevel 1[0m checking '/home/wego/third_impact/install/jetracer_ros2' for CMake config files
[6.812s] [34mcolcon.colcon_core.environment[0m [1;30mLevel 1[0m checking '/home/wego/third_impact/install/jetracer_ros2/lib'
[6.813s] [34mcolcon.colcon_core.environment[0m [1;30mLevel 1[0m checking '/home/wego/third_impact/install/jetracer_ros2/bin'
[6.813s] [34mcolcon.colcon_core.environment[0m [1;30mLevel 1[0m checking '/home/wego/third_impact/install/jetracer_ros2/lib/pkgconfig/jetracer_ros2.pc'
[6.813s] [34mcolcon.colcon_core.environment[0m [1;30mLevel 1[0m checking '/home/wego/third_impact/install/jetracer_ros2/lib/python3.10/site-packages'
[6.814s] [34mcolcon.colcon_core.shell[0m [1;30mLevel 1[0m create_environment_hook('jetracer_ros2', 'pythonpath')
[6.814s] [34mcolcon.colcon_core.shell[0m [1;30mINFO[0m Creating environment hook '/home/wego/third_impact/install/jetracer_ros2/share/jetracer_ros2/hook/pythonpath.ps1'
[6.816s] [34mcolcon.colcon_core.shell[0m [1;30mINFO[0m Creating environment descriptor '/home/wego/third_impact/install/jetracer_ros2/share/jetracer_ros2/hook/pythonpath.dsv'
[6.817s] [34mcolcon.colcon_core.shell[0m [1;30mINFO[0m Creating environment hook '/home/wego/third_impact/install/jetracer_ros2/share/jetracer_ros2/hook/pythonpath.sh'
[6.819s] [34mcolcon.colcon_core.environment[0m [1;30mLevel 1[0m checking '/home/wego/third_impact/install/jetracer_ros2/bin'
[6.819s] [34mcolcon.colcon_core.environment[0m [1;30mLevel 1[0m create_environment_scripts_only(jetracer_ros2)
[6.820s] [34mcolcon.colcon_core.shell[0m [1;30mINFO[0m Creating package script '/home/wego/third_impact/install/jetracer_ros2/share/jetracer_ros2/package.ps1'
[6.822s] [34mcolcon.colcon_core.shell[0m [1;30mINFO[0m Creating package descriptor '/home/wego/third_impact/install/jetracer_ros2/share/jetracer_ros2/package.dsv'
[6.825s] [34mcolcon.colcon_core.shell[0m [1;30mINFO[0m Creating package script '/home/wego/third_impact/install/jetracer_ros2/share/jetracer_ros2/package.sh'
[6.827s] [34mcolcon.colcon_core.shell[0m [1;30mINFO[0m Creating package script '/home/wego/third_impact/install/jetracer_ros2/share/jetracer_ros2/package.bash'
[6.829s] [34mcolcon.colcon_core.shell[0m [1;30mINFO[0m Creating package script '/home/wego/third_impact/install/jetracer_ros2/share/jetracer_ros2/package.zsh'
[6.829s] [34mcolcon.colcon_core.environment[0m [1;30mLevel 1[0m create_file_with_runtime_dependencies(/home/wego/third_impact/install/jetracer_ros2/share/colcon-core/packages/jetracer_ros2)
[6.830s] [34mcolcon.colcon_parallel_executor.executor.parallel[0m [1;30mDEBUG[0m [32mclosing loop[0m
[6.832s] [34mcolcon.colcon_parallel_executor.executor.parallel[0m [1;30mDEBUG[0m [32mloop closed[0m
[6.832s] [34mcolcon.colcon_parallel_executor.executor.parallel[0m [1;30mDEBUG[0m [32mrun_until_complete finished with '0'[0m
[6.832s] [34mcolcon.colcon_core.event_reactor[0m [1;30mDEBUG[0m [32mjoining thread[0m
[6.850s] [34mcolcon.colcon_core.plugin_system[0m [1;30mINFO[0m Skipping extension 'colcon_notification.desktop_notification.terminal_notifier': Not used on non-Darwin systems
[6.851s] [34mcolcon.colcon_core.plugin_system[0m [1;30mINFO[0m Skipping extension 'colcon_notification.desktop_notification.win32': Not used on non-Windows systems
[6.851s] [34mcolcon.colcon_notification.desktop_notification[0m [1;30mINFO[0m Sending desktop notification using 'notify2'
[6.897s] [34mcolcon.colcon_core.event_reactor[0m [1;30mDEBUG[0m [32mjoined thread[0m
[6.899s] [34mcolcon.colcon_core.shell[0m [1;30mINFO[0m Creating prefix script '/home/wego/third_impact/install/local_setup.ps1'
[6.902s] [34mcolcon.colcon_core.shell[0m [1;30mINFO[0m Creating prefix util module '/home/wego/third_impact/install/_local_setup_util_ps1.py'
[6.906s] [34mcolcon.colcon_core.shell[0m [1;30mINFO[0m Creating prefix chain script '/home/wego/third_impact/install/setup.ps1'
[6.910s] [34mcolcon.colcon_core.shell[0m [1;30mINFO[0m Creating prefix script '/home/wego/third_impact/install/local_setup.sh'
[6.911s] [34mcolcon.colcon_core.shell[0m [1;30mINFO[0m Creating prefix util module '/home/wego/third_impact/install/_local_setup_util_sh.py'
[6.914s] [34mcolcon.colcon_core.shell[0m [1;30mINFO[0m Creating prefix chain script '/home/wego/third_impact/install/setup.sh'
[6.919s] [34mcolcon.colcon_core.shell[0m [1;30mINFO[0m Creating prefix script '/home/wego/third_impact/install/local_setup.bash'
[6.921s] [34mcolcon.colcon_core.shell[0m [1;30mINFO[0m Creating prefix chain script '/home/wego/third_impact/install/setup.bash'
[6.923s] [34mcolcon.colcon_core.shell[0m [1;30mINFO[0m Creating prefix script '/home/wego/third_impact/install/local_setup.zsh'
[6.924s] [34mcolcon.colcon_core.shell[0m [1;30mINFO[0m Creating prefix chain script '/home/wego/third_impact/install/setup.zsh'
