[4.273s] Invoking command in '/home/wego/third_impact/build/limo_lidar': PYTHONPATH=/home/wego/third_impact/build/limo_lidar/prefix_override:/usr/lib/python3/dist-packages/colcon_core/task/python/colcon_distutils_commands:/home/wego/third_impact/install/limo_lidar/lib/python3.10/site-packages:${PYTHONPATH} /usr/bin/python3 -W ignore:setup.py install is deprecated -W ignore:easy_install command is deprecated setup.py develop --editable --build-directory /home/wego/third_impact/build/limo_lidar/build --no-deps symlink_data
[5.246s] running develop
[6.063s] running egg_info
[6.114s] writing limo_lidar.egg-info/PKG-INFO
[6.116s] writing dependency_links to limo_lidar.egg-info/dependency_links.txt
[6.117s] writing entry points to limo_lidar.egg-info/entry_points.txt
[6.118s] writing requirements to limo_lidar.egg-info/requires.txt
[6.119s] writing top-level names to limo_lidar.egg-info/top_level.txt
[6.208s] reading manifest file 'limo_lidar.egg-info/SOURCES.txt'
[6.212s] writing manifest file 'limo_lidar.egg-info/SOURCES.txt'
[6.285s] running build_ext
[6.285s] Creating /home/wego/third_impact/install/limo_lidar/lib/python3.10/site-packages/limo-lidar.egg-link (link to .)
[6.288s] Installing lidar_parking script to /home/wego/third_impact/install/limo_lidar/lib/limo_lidar
[6.288s] Installing lidar_parking_2 script to /home/wego/third_impact/install/limo_lidar/lib/limo_lidar
[6.291s] Installing line_check script to /home/wego/third_impact/install/limo_lidar/lib/limo_lidar
[6.292s] Installing obstacle_avoid script to /home/wego/third_impact/install/limo_lidar/lib/limo_lidar
[6.293s] Installing parking script to /home/wego/third_impact/install/limo_lidar/lib/limo_lidar
[6.294s] Installing reset_steer script to /home/wego/third_impact/install/limo_lidar/lib/limo_lidar
[6.295s] Installing stop_and_go script to /home/wego/third_impact/install/limo_lidar/lib/limo_lidar
[6.295s] Installing stop_test script to /home/wego/third_impact/install/limo_lidar/lib/limo_lidar
[6.295s] Installing stop_test_2 script to /home/wego/third_impact/install/limo_lidar/lib/limo_lidar
[6.295s] Installing test script to /home/wego/third_impact/install/limo_lidar/lib/limo_lidar
[6.296s] 
[6.296s] Installed /home/wego/third_impact/build/limo_lidar
[6.296s] running symlink_data
[6.404s] Invoked command in '/home/wego/third_impact/build/limo_lidar' returned '0': PYTHONPATH=/home/wego/third_impact/build/limo_lidar/prefix_override:/usr/lib/python3/dist-packages/colcon_core/task/python/colcon_distutils_commands:/home/wego/third_impact/install/limo_lidar/lib/python3.10/site-packages:${PYTHONPATH} /usr/bin/python3 -W ignore:setup.py install is deprecated -W ignore:easy_install command is deprecated setup.py develop --editable --build-directory /home/wego/third_impact/build/limo_lidar/build --no-deps symlink_data
