running develop
running egg_info
writing jetracer_ros2.egg-info/PKG-INFO
writing dependency_links to jetracer_ros2.egg-info/dependency_links.txt
writing entry points to jetracer_ros2.egg-info/entry_points.txt
writing requirements to jetracer_ros2.egg-info/requires.txt
writing top-level names to jetracer_ros2.egg-info/top_level.txt
reading manifest file 'jetracer_ros2.egg-info/SOURCES.txt'
writing manifest file 'jetracer_ros2.egg-info/SOURCES.txt'
running build_ext
Creating /home/wego/third_impact/install/jetracer_ros2/lib/python3.10/site-packages/jetracer-ros2.egg-link (link to .)
Installing data_collection_node script to /home/wego/third_impact/install/jetracer_ros2/lib/jetracer_ros2
Installing debug_mission_traffic_light_node script to /home/wego/third_impact/install/jetracer_ros2/lib/jetracer_ros2
Installing inference_StopAndGo_with_joy_node script to /home/wego/third_impact/install/jetracer_ros2/lib/jetracer_ros2
Installing inference_StopAndGo_with_lidar_node script to /home/wego/third_impact/install/jetracer_ros2/lib/jetracer_ros2
Installing inference_node script to /home/wego/third_impact/install/jetracer_ros2/lib/jetracer_ros2
Installing inference_people_estop_node script to /home/wego/third_impact/install/jetracer_ros2/lib/jetracer_ros2
Installing mission_inference_node script to /home/wego/third_impact/install/jetracer_ros2/lib/jetracer_ros2
Installing mission_manager_node script to /home/wego/third_impact/install/jetracer_ros2/lib/jetracer_ros2
Installing mission_traffic_light_node script to /home/wego/third_impact/install/jetracer_ros2/lib/jetracer_ros2

Installed /home/wego/third_impact/build/jetracer_ros2
running symlink_data
