[4.166s] Invoking command in '/home/wego/third_impact/build/limo_aj': PYTHONPATH=/home/wego/third_impact/build/limo_aj/prefix_override:/usr/lib/python3/dist-packages/colcon_core/task/python/colcon_distutils_commands:/home/wego/third_impact/install/limo_aj/lib/python3.10/site-packages:${PYTHONPATH} /usr/bin/python3 -W ignore:setup.py install is deprecated -W ignore:easy_install command is deprecated setup.py develop --editable --build-directory /home/wego/third_impact/build/limo_aj/build --no-deps symlink_data
[5.227s] running develop
[5.955s] running egg_info
[6.022s] writing limo_aj.egg-info/PKG-INFO
[6.023s] writing dependency_links to limo_aj.egg-info/dependency_links.txt
[6.023s] writing entry points to limo_aj.egg-info/entry_points.txt
[6.024s] writing requirements to limo_aj.egg-info/requires.txt
[6.024s] writing top-level names to limo_aj.egg-info/top_level.txt
[6.135s] reading manifest file 'limo_aj.egg-info/SOURCES.txt'
[6.137s] writing manifest file 'limo_aj.egg-info/SOURCES.txt'
[6.219s] running build_ext
[6.220s] Creating /home/wego/third_impact/install/limo_aj/lib/python3.10/site-packages/limo-aj.egg-link (link to .)
[6.221s] Installing cone_check_node script to /home/wego/third_impact/install/limo_aj/lib/limo_aj
[6.224s] Installing cone_node script to /home/wego/third_impact/install/limo_aj/lib/limo_aj
[6.224s] Installing lidar_angle_node script to /home/wego/third_impact/install/limo_aj/lib/limo_aj
[6.224s] Installing lidar_check_node script to /home/wego/third_impact/install/limo_aj/lib/limo_aj
[6.224s] Installing steering_test_node script to /home/wego/third_impact/install/limo_aj/lib/limo_aj
[6.224s] Installing traffic_node script to /home/wego/third_impact/install/limo_aj/lib/limo_aj
[6.225s] 
[6.225s] Installed /home/wego/third_impact/build/limo_aj
[6.230s] running symlink_data
[6.357s] Invoked command in '/home/wego/third_impact/build/limo_aj' returned '0': PYTHONPATH=/home/wego/third_impact/build/limo_aj/prefix_override:/usr/lib/python3/dist-packages/colcon_core/task/python/colcon_distutils_commands:/home/wego/third_impact/install/limo_aj/lib/python3.10/site-packages:${PYTHONPATH} /usr/bin/python3 -W ignore:setup.py install is deprecated -W ignore:easy_install command is deprecated setup.py develop --editable --build-directory /home/wego/third_impact/build/limo_aj/build --no-deps symlink_data
