[1.177s] Invoking command in '/home/wego/third_impact/build/jetracer_ros2': PYTHONPATH=/home/wego/third_impact/build/jetracer_ros2/prefix_override:/usr/lib/python3/dist-packages/colcon_core/task/python/colcon_distutils_commands:/home/wego/third_impact/install/jetracer_ros2/lib/python3.10/site-packages: /usr/bin/python3 -W ignore:setup.py install is deprecated -W ignore:easy_install command is deprecated setup.py develop --uninstall --editable --build-directory /home/wego/third_impact/build/jetracer_ros2/build
[1.717s] running develop
[1.928s] Removing /home/wego/third_impact/install/jetracer_ros2/lib/python3.10/site-packages/jetracer-ros2.egg-link (link to .)
[2.009s] Invoked command in '/home/wego/third_impact/build/jetracer_ros2' returned '0': PYTHONPATH=/home/wego/third_impact/build/jetracer_ros2/prefix_override:/usr/lib/python3/dist-packages/colcon_core/task/python/colcon_distutils_commands:/home/wego/third_impact/install/jetracer_ros2/lib/python3.10/site-packages: /usr/bin/python3 -W ignore:setup.py install is deprecated -W ignore:easy_install command is deprecated setup.py develop --uninstall --editable --build-directory /home/wego/third_impact/build/jetracer_ros2/build
[2.014s] Invoking command in '/home/wego/third_impact/src/jetracer_ros2': PYTHONPATH=/home/wego/third_impact/build/jetracer_ros2/prefix_override:/usr/lib/python3/dist-packages/colcon_core/task/python/colcon_distutils_commands:/home/wego/third_impact/install/jetracer_ros2/lib/python3.10/site-packages: /usr/bin/python3 -W ignore:setup.py install is deprecated -W ignore:easy_install command is deprecated setup.py egg_info --egg-base ../../build/jetracer_ros2 build --build-base /home/wego/third_impact/build/jetracer_ros2/build install --record /home/wego/third_impact/build/jetracer_ros2/install.log --single-version-externally-managed install_data --force
[2.437s] running egg_info
[2.439s] writing ../../build/jetracer_ros2/jetracer_ros2.egg-info/PKG-INFO
[2.439s] writing dependency_links to ../../build/jetracer_ros2/jetracer_ros2.egg-info/dependency_links.txt
[2.440s] writing entry points to ../../build/jetracer_ros2/jetracer_ros2.egg-info/entry_points.txt
[2.440s] writing requirements to ../../build/jetracer_ros2/jetracer_ros2.egg-info/requires.txt
[2.441s] writing top-level names to ../../build/jetracer_ros2/jetracer_ros2.egg-info/top_level.txt
[2.445s] reading manifest file '../../build/jetracer_ros2/jetracer_ros2.egg-info/SOURCES.txt'
[2.449s] writing manifest file '../../build/jetracer_ros2/jetracer_ros2.egg-info/SOURCES.txt'
[2.449s] running build
[2.449s] running build_py
[2.450s] creating /home/wego/third_impact/build/jetracer_ros2/build
[2.450s] creating /home/wego/third_impact/build/jetracer_ros2/build/lib
[2.450s] creating /home/wego/third_impact/build/jetracer_ros2/build/lib/jetracer_ros2
[2.451s] copying jetracer_ros2/mission_track_following_node.py -> /home/wego/third_impact/build/jetracer_ros2/build/lib/jetracer_ros2
[2.451s] copying jetracer_ros2/inference_node.py -> /home/wego/third_impact/build/jetracer_ros2/build/lib/jetracer_ros2
[2.451s] copying jetracer_ros2/__init__.py -> /home/wego/third_impact/build/jetracer_ros2/build/lib/jetracer_ros2
[2.451s] copying jetracer_ros2/mission_people_estop_node.py -> /home/wego/third_impact/build/jetracer_ros2/build/lib/jetracer_ros2
[2.452s] copying jetracer_ros2/mission_manager_node.py -> /home/wego/third_impact/build/jetracer_ros2/build/lib/jetracer_ros2
[2.452s] copying jetracer_ros2/debug_mission_tunnel_node.py -> /home/wego/third_impact/build/jetracer_ros2/build/lib/jetracer_ros2
[2.452s] copying jetracer_ros2/mission_tunnel_node.py -> /home/wego/third_impact/build/jetracer_ros2/build/lib/jetracer_ros2
[2.453s] copying jetracer_ros2/debug_mission_people_estop_node.py -> /home/wego/third_impact/build/jetracer_ros2/build/lib/jetracer_ros2
[2.453s] copying jetracer_ros2/mission_inference_node.py -> /home/wego/third_impact/build/jetracer_ros2/build/lib/jetracer_ros2
[2.453s] copying jetracer_ros2/debug_mission_track_following_node.py -> /home/wego/third_impact/build/jetracer_ros2/build/lib/jetracer_ros2
[2.453s] copying jetracer_ros2/debug_mission_traffic_light_node.py -> /home/wego/third_impact/build/jetracer_ros2/build/lib/jetracer_ros2
[2.454s] copying jetracer_ros2/data_collection_node.py -> /home/wego/third_impact/build/jetracer_ros2/build/lib/jetracer_ros2
[2.454s] copying jetracer_ros2/mission_parking_node.py -> /home/wego/third_impact/build/jetracer_ros2/build/lib/jetracer_ros2
[2.454s] copying jetracer_ros2/mission_traffic_light_node.py -> /home/wego/third_impact/build/jetracer_ros2/build/lib/jetracer_ros2
[2.454s] copying jetracer_ros2/inference_go_stop_node.py -> /home/wego/third_impact/build/jetracer_ros2/build/lib/jetracer_ros2
[2.455s] creating /home/wego/third_impact/build/jetracer_ros2/build/lib/jetracer_ros2/utils
[2.455s] copying jetracer_ros2/utils/__init__.py -> /home/wego/third_impact/build/jetracer_ros2/build/lib/jetracer_ros2/utils
[2.455s] copying jetracer_ros2/utils/ackermann_utils.py -> /home/wego/third_impact/build/jetracer_ros2/build/lib/jetracer_ros2/utils
[2.456s] running install
[2.459s] running install_lib
[2.459s] creating /home/wego/third_impact/install/jetracer_ros2/lib/python3.10/site-packages/jetracer_ros2
[2.460s] copying /home/wego/third_impact/build/jetracer_ros2/build/lib/jetracer_ros2/mission_track_following_node.py -> /home/wego/third_impact/install/jetracer_ros2/lib/python3.10/site-packages/jetracer_ros2
[2.460s] copying /home/wego/third_impact/build/jetracer_ros2/build/lib/jetracer_ros2/inference_node.py -> /home/wego/third_impact/install/jetracer_ros2/lib/python3.10/site-packages/jetracer_ros2
[2.461s] copying /home/wego/third_impact/build/jetracer_ros2/build/lib/jetracer_ros2/__init__.py -> /home/wego/third_impact/install/jetracer_ros2/lib/python3.10/site-packages/jetracer_ros2
[2.461s] copying /home/wego/third_impact/build/jetracer_ros2/build/lib/jetracer_ros2/mission_people_estop_node.py -> /home/wego/third_impact/install/jetracer_ros2/lib/python3.10/site-packages/jetracer_ros2
[2.462s] copying /home/wego/third_impact/build/jetracer_ros2/build/lib/jetracer_ros2/mission_manager_node.py -> /home/wego/third_impact/install/jetracer_ros2/lib/python3.10/site-packages/jetracer_ros2
[2.462s] copying /home/wego/third_impact/build/jetracer_ros2/build/lib/jetracer_ros2/debug_mission_tunnel_node.py -> /home/wego/third_impact/install/jetracer_ros2/lib/python3.10/site-packages/jetracer_ros2
[2.462s] creating /home/wego/third_impact/install/jetracer_ros2/lib/python3.10/site-packages/jetracer_ros2/utils
[2.462s] copying /home/wego/third_impact/build/jetracer_ros2/build/lib/jetracer_ros2/utils/__init__.py -> /home/wego/third_impact/install/jetracer_ros2/lib/python3.10/site-packages/jetracer_ros2/utils
[2.463s] copying /home/wego/third_impact/build/jetracer_ros2/build/lib/jetracer_ros2/utils/ackermann_utils.py -> /home/wego/third_impact/install/jetracer_ros2/lib/python3.10/site-packages/jetracer_ros2/utils
[2.463s] copying /home/wego/third_impact/build/jetracer_ros2/build/lib/jetracer_ros2/mission_tunnel_node.py -> /home/wego/third_impact/install/jetracer_ros2/lib/python3.10/site-packages/jetracer_ros2
[2.464s] copying /home/wego/third_impact/build/jetracer_ros2/build/lib/jetracer_ros2/debug_mission_people_estop_node.py -> /home/wego/third_impact/install/jetracer_ros2/lib/python3.10/site-packages/jetracer_ros2
[2.465s] copying /home/wego/third_impact/build/jetracer_ros2/build/lib/jetracer_ros2/mission_inference_node.py -> /home/wego/third_impact/install/jetracer_ros2/lib/python3.10/site-packages/jetracer_ros2
[2.465s] copying /home/wego/third_impact/build/jetracer_ros2/build/lib/jetracer_ros2/debug_mission_track_following_node.py -> /home/wego/third_impact/install/jetracer_ros2/lib/python3.10/site-packages/jetracer_ros2
[2.465s] copying /home/wego/third_impact/build/jetracer_ros2/build/lib/jetracer_ros2/debug_mission_traffic_light_node.py -> /home/wego/third_impact/install/jetracer_ros2/lib/python3.10/site-packages/jetracer_ros2
[2.466s] copying /home/wego/third_impact/build/jetracer_ros2/build/lib/jetracer_ros2/data_collection_node.py -> /home/wego/third_impact/install/jetracer_ros2/lib/python3.10/site-packages/jetracer_ros2
[2.466s] copying /home/wego/third_impact/build/jetracer_ros2/build/lib/jetracer_ros2/mission_parking_node.py -> /home/wego/third_impact/install/jetracer_ros2/lib/python3.10/site-packages/jetracer_ros2
[2.466s] copying /home/wego/third_impact/build/jetracer_ros2/build/lib/jetracer_ros2/mission_traffic_light_node.py -> /home/wego/third_impact/install/jetracer_ros2/lib/python3.10/site-packages/jetracer_ros2
[2.466s] copying /home/wego/third_impact/build/jetracer_ros2/build/lib/jetracer_ros2/inference_go_stop_node.py -> /home/wego/third_impact/install/jetracer_ros2/lib/python3.10/site-packages/jetracer_ros2
[2.466s] byte-compiling /home/wego/third_impact/install/jetracer_ros2/lib/python3.10/site-packages/jetracer_ros2/mission_track_following_node.py to mission_track_following_node.cpython-310.pyc
[2.469s] byte-compiling /home/wego/third_impact/install/jetracer_ros2/lib/python3.10/site-packages/jetracer_ros2/inference_node.py to inference_node.cpython-310.pyc
[2.474s] byte-compiling /home/wego/third_impact/install/jetracer_ros2/lib/python3.10/site-packages/jetracer_ros2/__init__.py to __init__.cpython-310.pyc
[2.474s] byte-compiling /home/wego/third_impact/install/jetracer_ros2/lib/python3.10/site-packages/jetracer_ros2/mission_people_estop_node.py to mission_people_estop_node.cpython-310.pyc
[2.475s] byte-compiling /home/wego/third_impact/install/jetracer_ros2/lib/python3.10/site-packages/jetracer_ros2/mission_manager_node.py to mission_manager_node.cpython-310.pyc
[2.479s] byte-compiling /home/wego/third_impact/install/jetracer_ros2/lib/python3.10/site-packages/jetracer_ros2/debug_mission_tunnel_node.py to debug_mission_tunnel_node.cpython-310.pyc
[2.480s] byte-compiling /home/wego/third_impact/install/jetracer_ros2/lib/python3.10/site-packages/jetracer_ros2/utils/__init__.py to __init__.cpython-310.pyc
[2.480s] byte-compiling /home/wego/third_impact/install/jetracer_ros2/lib/python3.10/site-packages/jetracer_ros2/utils/ackermann_utils.py to ackermann_utils.cpython-310.pyc
[2.481s] byte-compiling /home/wego/third_impact/install/jetracer_ros2/lib/python3.10/site-packages/jetracer_ros2/mission_tunnel_node.py to mission_tunnel_node.cpython-310.pyc
[2.482s] byte-compiling /home/wego/third_impact/install/jetracer_ros2/lib/python3.10/site-packages/jetracer_ros2/debug_mission_people_estop_node.py to debug_mission_people_estop_node.cpython-310.pyc
[2.483s] byte-compiling /home/wego/third_impact/install/jetracer_ros2/lib/python3.10/site-packages/jetracer_ros2/mission_inference_node.py to mission_inference_node.cpython-310.pyc
[2.483s] byte-compiling /home/wego/third_impact/install/jetracer_ros2/lib/python3.10/site-packages/jetracer_ros2/debug_mission_track_following_node.py to debug_mission_track_following_node.cpython-310.pyc
[2.485s] byte-compiling /home/wego/third_impact/install/jetracer_ros2/lib/python3.10/site-packages/jetracer_ros2/debug_mission_traffic_light_node.py to debug_mission_traffic_light_node.cpython-310.pyc
[2.486s] byte-compiling /home/wego/third_impact/install/jetracer_ros2/lib/python3.10/site-packages/jetracer_ros2/data_collection_node.py to data_collection_node.cpython-310.pyc
[2.488s] byte-compiling /home/wego/third_impact/install/jetracer_ros2/lib/python3.10/site-packages/jetracer_ros2/mission_parking_node.py to mission_parking_node.cpython-310.pyc
[2.491s] byte-compiling /home/wego/third_impact/install/jetracer_ros2/lib/python3.10/site-packages/jetracer_ros2/mission_traffic_light_node.py to mission_traffic_light_node.cpython-310.pyc
[2.494s] byte-compiling /home/wego/third_impact/install/jetracer_ros2/lib/python3.10/site-packages/jetracer_ros2/inference_go_stop_node.py to inference_go_stop_node.cpython-310.pyc
[2.497s] running install_data
[2.498s] copying resource/jetracer_ros2 -> /home/wego/third_impact/install/jetracer_ros2/share/ament_index/resource_index/packages
[2.498s] copying package.xml -> /home/wego/third_impact/install/jetracer_ros2/share/jetracer_ros2
[2.498s] copying launch/all_in_node.launch.py -> /home/wego/third_impact/install/jetracer_ros2/share/jetracer_ros2/launch
[2.498s] copying launch/jetracer_teleop.launch.py -> /home/wego/third_impact/install/jetracer_ros2/share/jetracer_ros2/launch
[2.499s] copying params/params.yaml -> /home/wego/third_impact/install/jetracer_ros2/share/jetracer_ros2/params
[2.499s] running install_egg_info
[2.503s] Copying ../../build/jetracer_ros2/jetracer_ros2.egg-info to /home/wego/third_impact/install/jetracer_ros2/lib/python3.10/site-packages/jetracer_ros2-0.0.0-py3.10.egg-info
[2.505s] running install_scripts
[2.551s] Installing data_collection_node script to /home/wego/third_impact/install/jetracer_ros2/lib/jetracer_ros2
[2.552s] Installing debug_mission_people_estop_node script to /home/wego/third_impact/install/jetracer_ros2/lib/jetracer_ros2
[2.553s] Installing debug_mission_track_following_node script to /home/wego/third_impact/install/jetracer_ros2/lib/jetracer_ros2
[2.554s] Installing debug_mission_traffic_light_node script to /home/wego/third_impact/install/jetracer_ros2/lib/jetracer_ros2
[2.555s] Installing debug_mission_tunnel_node script to /home/wego/third_impact/install/jetracer_ros2/lib/jetracer_ros2
[2.555s] Installing inference_go_stop_node script to /home/wego/third_impact/install/jetracer_ros2/lib/jetracer_ros2
[2.556s] Installing inference_node script to /home/wego/third_impact/install/jetracer_ros2/lib/jetracer_ros2
[2.558s] Installing mission_inference_node script to /home/wego/third_impact/install/jetracer_ros2/lib/jetracer_ros2
[2.559s] Installing mission_manager_node script to /home/wego/third_impact/install/jetracer_ros2/lib/jetracer_ros2
[2.559s] Installing mission_parking_node script to /home/wego/third_impact/install/jetracer_ros2/lib/jetracer_ros2
[2.559s] Installing mission_people_estop_node script to /home/wego/third_impact/install/jetracer_ros2/lib/jetracer_ros2
[2.559s] Installing mission_track_following_node script to /home/wego/third_impact/install/jetracer_ros2/lib/jetracer_ros2
[2.559s] Installing mission_traffic_light_node script to /home/wego/third_impact/install/jetracer_ros2/lib/jetracer_ros2
[2.559s] Installing mission_tunnel_node script to /home/wego/third_impact/install/jetracer_ros2/lib/jetracer_ros2
[2.559s] writing list of installed files to '/home/wego/third_impact/build/jetracer_ros2/install.log'
[2.640s] Invoked command in '/home/wego/third_impact/src/jetracer_ros2' returned '0': PYTHONPATH=/home/wego/third_impact/build/jetracer_ros2/prefix_override:/usr/lib/python3/dist-packages/colcon_core/task/python/colcon_distutils_commands:/home/wego/third_impact/install/jetracer_ros2/lib/python3.10/site-packages: /usr/bin/python3 -W ignore:setup.py install is deprecated -W ignore:easy_install command is deprecated setup.py egg_info --egg-base ../../build/jetracer_ros2 build --build-base /home/wego/third_impact/build/jetracer_ros2/build install --record /home/wego/third_impact/build/jetracer_ros2/install.log --single-version-externally-managed install_data --force
