[3.958s] Invoking command in '/home/wego/third_impact/build/limo_aj': PYTHONPATH=/home/wego/third_impact/build/limo_aj/prefix_override:/usr/lib/python3/dist-packages/colcon_core/task/python/colcon_distutils_commands:/home/wego/third_impact/install/limo_aj/lib/python3.10/site-packages:${PYTHONPATH} /usr/bin/python3 -W ignore:setup.py install is deprecated -W ignore:easy_install command is deprecated setup.py develop --editable --build-directory /home/wego/third_impact/build/limo_aj/build --no-deps symlink_data
[4.885s] running develop
[5.523s] running egg_info
[5.575s] writing limo_aj.egg-info/PKG-INFO
[5.578s] writing dependency_links to limo_aj.egg-info/dependency_links.txt
[5.579s] writing entry points to limo_aj.egg-info/entry_points.txt
[5.582s] writing requirements to limo_aj.egg-info/requires.txt
[5.587s] writing top-level names to limo_aj.egg-info/top_level.txt
[5.689s] reading manifest file 'limo_aj.egg-info/SOURCES.txt'
[5.694s] writing manifest file 'limo_aj.egg-info/SOURCES.txt'
[5.774s] running build_ext
[5.775s] Creating /home/wego/third_impact/install/limo_aj/lib/python3.10/site-packages/limo-aj.egg-link (link to .)
[5.780s] Installing cone_check_node script to /home/wego/third_impact/install/limo_aj/lib/limo_aj
[5.781s] Installing cone_node script to /home/wego/third_impact/install/limo_aj/lib/limo_aj
[5.782s] Installing lidar_angle_node script to /home/wego/third_impact/install/limo_aj/lib/limo_aj
[5.782s] Installing lidar_check_node script to /home/wego/third_impact/install/limo_aj/lib/limo_aj
[5.784s] Installing steering_test_node script to /home/wego/third_impact/install/limo_aj/lib/limo_aj
[5.784s] Installing traffic_node script to /home/wego/third_impact/install/limo_aj/lib/limo_aj
[5.787s] 
[5.788s] Installed /home/wego/third_impact/build/limo_aj
[5.788s] running symlink_data
[5.915s] Invoked command in '/home/wego/third_impact/build/limo_aj' returned '0': PYTHONPATH=/home/wego/third_impact/build/limo_aj/prefix_override:/usr/lib/python3/dist-packages/colcon_core/task/python/colcon_distutils_commands:/home/wego/third_impact/install/limo_aj/lib/python3.10/site-packages:${PYTHONPATH} /usr/bin/python3 -W ignore:setup.py install is deprecated -W ignore:easy_install command is deprecated setup.py develop --editable --build-directory /home/wego/third_impact/build/limo_aj/build --no-deps symlink_data
