[5.006s] Invoking command in '/home/wego/third_impact/build/limo_lidar': PYTHONPATH=/home/wego/third_impact/build/limo_lidar/prefix_override:/usr/lib/python3/dist-packages/colcon_core/task/python/colcon_distutils_commands:/home/wego/third_impact/install/limo_lidar/lib/python3.10/site-packages:${PYTHONPATH} /usr/bin/python3 -W ignore:setup.py install is deprecated -W ignore:easy_install command is deprecated setup.py develop --editable --build-directory /home/wego/third_impact/build/limo_lidar/build --no-deps symlink_data
[6.640s] running develop
[7.593s] running egg_info
[7.645s] writing limo_lidar.egg-info/PKG-INFO
[7.648s] writing dependency_links to limo_lidar.egg-info/dependency_links.txt
[7.650s] writing entry points to limo_lidar.egg-info/entry_points.txt
[7.654s] writing requirements to limo_lidar.egg-info/requires.txt
[7.656s] writing top-level names to limo_lidar.egg-info/top_level.txt
[7.783s] reading manifest file 'limo_lidar.egg-info/SOURCES.txt'
[7.786s] writing manifest file 'limo_lidar.egg-info/SOURCES.txt'
[7.892s] running build_ext
[7.894s] Creating /home/wego/third_impact/install/limo_lidar/lib/python3.10/site-packages/limo-lidar.egg-link (link to .)
[7.898s] Installing lidar_parking script to /home/wego/third_impact/install/limo_lidar/lib/limo_lidar
[7.900s] Installing lidar_parking_2 script to /home/wego/third_impact/install/limo_lidar/lib/limo_lidar
[7.902s] Installing line_check script to /home/wego/third_impact/install/limo_lidar/lib/limo_lidar
[7.922s] Installing obstacle_avoid script to /home/wego/third_impact/install/limo_lidar/lib/limo_lidar
[7.923s] Installing parking script to /home/wego/third_impact/install/limo_lidar/lib/limo_lidar
[7.926s] Installing reset_steer script to /home/wego/third_impact/install/limo_lidar/lib/limo_lidar
[7.927s] Installing stop_and_go script to /home/wego/third_impact/install/limo_lidar/lib/limo_lidar
[7.928s] Installing stop_test script to /home/wego/third_impact/install/limo_lidar/lib/limo_lidar
[7.929s] Installing stop_test_2 script to /home/wego/third_impact/install/limo_lidar/lib/limo_lidar
[7.929s] Installing test script to /home/wego/third_impact/install/limo_lidar/lib/limo_lidar
[7.931s] 
[7.932s] Installed /home/wego/third_impact/build/limo_lidar
[7.932s] running symlink_data
[8.166s] Invoked command in '/home/wego/third_impact/build/limo_lidar' returned '0': PYTHONPATH=/home/wego/third_impact/build/limo_lidar/prefix_override:/usr/lib/python3/dist-packages/colcon_core/task/python/colcon_distutils_commands:/home/wego/third_impact/install/limo_lidar/lib/python3.10/site-packages:${PYTHONPATH} /usr/bin/python3 -W ignore:setup.py install is deprecated -W ignore:easy_install command is deprecated setup.py develop --editable --build-directory /home/wego/third_impact/build/limo_lidar/build --no-deps symlink_data
