running egg_info
writing ../../build/jetracer_ros2/jetracer_ros2.egg-info/PKG-INFO
writing dependency_links to ../../build/jetracer_ros2/jetracer_ros2.egg-info/dependency_links.txt
writing entry points to ../../build/jetracer_ros2/jetracer_ros2.egg-info/entry_points.txt
writing requirements to ../../build/jetracer_ros2/jetracer_ros2.egg-info/requires.txt
writing top-level names to ../../build/jetracer_ros2/jetracer_ros2.egg-info/top_level.txt
reading manifest file '../../build/jetracer_ros2/jetracer_ros2.egg-info/SOURCES.txt'
writing manifest file '../../build/jetracer_ros2/jetracer_ros2.egg-info/SOURCES.txt'
running build
running build_py
copying jetracer_ros2/mission_parking_test_node.py -> /home/wego/third_impact/build/jetracer_ros2/build/lib/jetracer_ros2
running install
running install_lib
copying /home/wego/third_impact/build/jetracer_ros2/build/lib/jetracer_ros2/mission_parking_test_node.py -> /home/wego/third_impact/install/jetracer_ros2/lib/python3.10/site-packages/jetracer_ros2
byte-compiling /home/wego/third_impact/install/jetracer_ros2/lib/python3.10/site-packages/jetracer_ros2/mission_parking_test_node.py to mission_parking_test_node.cpython-310.pyc
running install_data
running install_egg_info
removing '/home/wego/third_impact/install/jetracer_ros2/lib/python3.10/site-packages/jetracer_ros2-0.0.0-py3.10.egg-info' (and everything under it)
Copying ../../build/jetracer_ros2/jetracer_ros2.egg-info to /home/wego/third_impact/install/jetracer_ros2/lib/python3.10/site-packages/jetracer_ros2-0.0.0-py3.10.egg-info
running install_scripts
Installing data_collection_node script to /home/wego/third_impact/install/jetracer_ros2/lib/jetracer_ros2
Installing debug_mission_people_estop_node script to /home/wego/third_impact/install/jetracer_ros2/lib/jetracer_ros2
Installing debug_mission_track_following_node script to /home/wego/third_impact/install/jetracer_ros2/lib/jetracer_ros2
Installing debug_mission_traffic_light_node script to /home/wego/third_impact/install/jetracer_ros2/lib/jetracer_ros2
Installing debug_mission_tunnel_node script to /home/wego/third_impact/install/jetracer_ros2/lib/jetracer_ros2
Installing inference_go_stop_node script to /home/wego/third_impact/install/jetracer_ros2/lib/jetracer_ros2
Installing inference_node script to /home/wego/third_impact/install/jetracer_ros2/lib/jetracer_ros2
Installing mission_inference_node script to /home/wego/third_impact/install/jetracer_ros2/lib/jetracer_ros2
Installing mission_manager_node script to /home/wego/third_impact/install/jetracer_ros2/lib/jetracer_ros2
Installing mission_parking_node script to /home/wego/third_impact/install/jetracer_ros2/lib/jetracer_ros2
Installing mission_parking_test_node script to /home/wego/third_impact/install/jetracer_ros2/lib/jetracer_ros2
Installing mission_people_estop_node script to /home/wego/third_impact/install/jetracer_ros2/lib/jetracer_ros2
Installing mission_track_following_node script to /home/wego/third_impact/install/jetracer_ros2/lib/jetracer_ros2
Installing mission_traffic_light_node script to /home/wego/third_impact/install/jetracer_ros2/lib/jetracer_ros2
Installing mission_tunnel_node script to /home/wego/third_impact/install/jetracer_ros2/lib/jetracer_ros2
writing list of installed files to '/home/wego/third_impact/build/jetracer_ros2/install.log'
