[1.377s] Invoking command in '/home/wego/third_impact/src/jetracer_ros2': PYTHONPATH=/home/wego/third_impact/build/jetracer_ros2/prefix_override:/usr/lib/python3/dist-packages/colcon_core/task/python/colcon_distutils_commands:/home/wego/third_impact/install/jetracer_ros2/lib/python3.10/site-packages:${PYTHONPATH} /usr/bin/python3 -W ignore:setup.py install is deprecated -W ignore:easy_install command is deprecated setup.py egg_info --egg-base ../../build/jetracer_ros2 build --build-base /home/wego/third_impact/build/jetracer_ros2/build install --record /home/wego/third_impact/build/jetracer_ros2/install.log --single-version-externally-managed install_data
[1.911s] running egg_info
[1.912s] writing ../../build/jetracer_ros2/jetracer_ros2.egg-info/PKG-INFO
[1.913s] writing dependency_links to ../../build/jetracer_ros2/jetracer_ros2.egg-info/dependency_links.txt
[1.913s] writing entry points to ../../build/jetracer_ros2/jetracer_ros2.egg-info/entry_points.txt
[1.914s] writing requirements to ../../build/jetracer_ros2/jetracer_ros2.egg-info/requires.txt
[1.914s] writing top-level names to ../../build/jetracer_ros2/jetracer_ros2.egg-info/top_level.txt
[1.918s] reading manifest file '../../build/jetracer_ros2/jetracer_ros2.egg-info/SOURCES.txt'
[1.920s] writing manifest file '../../build/jetracer_ros2/jetracer_ros2.egg-info/SOURCES.txt'
[1.921s] running build
[1.921s] running build_py
[1.922s] copying jetracer_ros2/mission_parking_test_node.py -> /home/wego/third_impact/build/jetracer_ros2/build/lib/jetracer_ros2
[1.924s] running install
[1.924s] running install_lib
[1.926s] copying /home/wego/third_impact/build/jetracer_ros2/build/lib/jetracer_ros2/mission_parking_test_node.py -> /home/wego/third_impact/install/jetracer_ros2/lib/python3.10/site-packages/jetracer_ros2
[1.928s] byte-compiling /home/wego/third_impact/install/jetracer_ros2/lib/python3.10/site-packages/jetracer_ros2/mission_parking_test_node.py to mission_parking_test_node.cpython-310.pyc
[1.933s] running install_data
[1.933s] running install_egg_info
[1.938s] removing '/home/wego/third_impact/install/jetracer_ros2/lib/python3.10/site-packages/jetracer_ros2-0.0.0-py3.10.egg-info' (and everything under it)
[1.938s] Copying ../../build/jetracer_ros2/jetracer_ros2.egg-info to /home/wego/third_impact/install/jetracer_ros2/lib/python3.10/site-packages/jetracer_ros2-0.0.0-py3.10.egg-info
[1.940s] running install_scripts
[1.984s] Installing data_collection_node script to /home/wego/third_impact/install/jetracer_ros2/lib/jetracer_ros2
[1.986s] Installing debug_mission_people_estop_node script to /home/wego/third_impact/install/jetracer_ros2/lib/jetracer_ros2
[1.986s] Installing debug_mission_track_following_node script to /home/wego/third_impact/install/jetracer_ros2/lib/jetracer_ros2
[1.988s] Installing debug_mission_traffic_light_node script to /home/wego/third_impact/install/jetracer_ros2/lib/jetracer_ros2
[1.988s] Installing debug_mission_tunnel_node script to /home/wego/third_impact/install/jetracer_ros2/lib/jetracer_ros2
[1.988s] Installing inference_go_stop_node script to /home/wego/third_impact/install/jetracer_ros2/lib/jetracer_ros2
[1.988s] Installing inference_node script to /home/wego/third_impact/install/jetracer_ros2/lib/jetracer_ros2
[1.989s] Installing mission_inference_node script to /home/wego/third_impact/install/jetracer_ros2/lib/jetracer_ros2
[1.989s] Installing mission_manager_node script to /home/wego/third_impact/install/jetracer_ros2/lib/jetracer_ros2
[1.990s] Installing mission_parking_node script to /home/wego/third_impact/install/jetracer_ros2/lib/jetracer_ros2
[1.990s] Installing mission_parking_test_node script to /home/wego/third_impact/install/jetracer_ros2/lib/jetracer_ros2
[1.990s] Installing mission_people_estop_node script to /home/wego/third_impact/install/jetracer_ros2/lib/jetracer_ros2
[1.991s] Installing mission_track_following_node script to /home/wego/third_impact/install/jetracer_ros2/lib/jetracer_ros2
[1.991s] Installing mission_traffic_light_node script to /home/wego/third_impact/install/jetracer_ros2/lib/jetracer_ros2
[1.991s] Installing mission_tunnel_node script to /home/wego/third_impact/install/jetracer_ros2/lib/jetracer_ros2
[1.992s] writing list of installed files to '/home/wego/third_impact/build/jetracer_ros2/install.log'
[2.060s] Invoked command in '/home/wego/third_impact/src/jetracer_ros2' returned '0': PYTHONPATH=/home/wego/third_impact/build/jetracer_ros2/prefix_override:/usr/lib/python3/dist-packages/colcon_core/task/python/colcon_distutils_commands:/home/wego/third_impact/install/jetracer_ros2/lib/python3.10/site-packages:${PYTHONPATH} /usr/bin/python3 -W ignore:setup.py install is deprecated -W ignore:easy_install command is deprecated setup.py egg_info --egg-base ../../build/jetracer_ros2 build --build-base /home/wego/third_impact/build/jetracer_ros2/build install --record /home/wego/third_impact/build/jetracer_ros2/install.log --single-version-externally-managed install_data
