running develop
Removing /home/wego/third_impact/install/jetracer_ros2/lib/python3.10/site-packages/jetracer-ros2.egg-link (link to .)
running egg_info
writing ../../build/jetracer_ros2/jetracer_ros2.egg-info/PKG-INFO
writing dependency_links to ../../build/jetracer_ros2/jetracer_ros2.egg-info/dependency_links.txt
writing entry points to ../../build/jetracer_ros2/jetracer_ros2.egg-info/entry_points.txt
writing requirements to ../../build/jetracer_ros2/jetracer_ros2.egg-info/requires.txt
writing top-level names to ../../build/jetracer_ros2/jetracer_ros2.egg-info/top_level.txt
reading manifest file '../../build/jetracer_ros2/jetracer_ros2.egg-info/SOURCES.txt'
writing manifest file '../../build/jetracer_ros2/jetracer_ros2.egg-info/SOURCES.txt'
running build
running build_py
creating /home/wego/third_impact/build/jetracer_ros2/build
creating /home/wego/third_impact/build/jetracer_ros2/build/lib
creating /home/wego/third_impact/build/jetracer_ros2/build/lib/jetracer_ros2
copying jetracer_ros2/mission_parking_test_node.py -> /home/wego/third_impact/build/jetracer_ros2/build/lib/jetracer_ros2
copying jetracer_ros2/mission_track_following_node.py -> /home/wego/third_impact/build/jetracer_ros2/build/lib/jetracer_ros2
copying jetracer_ros2/inference_node.py -> /home/wego/third_impact/build/jetracer_ros2/build/lib/jetracer_ros2
copying jetracer_ros2/__init__.py -> /home/wego/third_impact/build/jetracer_ros2/build/lib/jetracer_ros2
copying jetracer_ros2/mission_people_estop_node.py -> /home/wego/third_impact/build/jetracer_ros2/build/lib/jetracer_ros2
copying jetracer_ros2/mission_manager_node.py -> /home/wego/third_impact/build/jetracer_ros2/build/lib/jetracer_ros2
copying jetracer_ros2/debug_mission_tunnel_node.py -> /home/wego/third_impact/build/jetracer_ros2/build/lib/jetracer_ros2
copying jetracer_ros2/mission_tunnel_node.py -> /home/wego/third_impact/build/jetracer_ros2/build/lib/jetracer_ros2
copying jetracer_ros2/debug_mission_people_estop_node.py -> /home/wego/third_impact/build/jetracer_ros2/build/lib/jetracer_ros2
copying jetracer_ros2/mission_inference_node.py -> /home/wego/third_impact/build/jetracer_ros2/build/lib/jetracer_ros2
copying jetracer_ros2/debug_mission_track_following_node.py -> /home/wego/third_impact/build/jetracer_ros2/build/lib/jetracer_ros2
copying jetracer_ros2/debug_mission_traffic_light_node.py -> /home/wego/third_impact/build/jetracer_ros2/build/lib/jetracer_ros2
copying jetracer_ros2/data_collection_node.py -> /home/wego/third_impact/build/jetracer_ros2/build/lib/jetracer_ros2
copying jetracer_ros2/mission_parking_node.py -> /home/wego/third_impact/build/jetracer_ros2/build/lib/jetracer_ros2
copying jetracer_ros2/mission_traffic_light_node.py -> /home/wego/third_impact/build/jetracer_ros2/build/lib/jetracer_ros2
copying jetracer_ros2/inference_go_stop_node.py -> /home/wego/third_impact/build/jetracer_ros2/build/lib/jetracer_ros2
creating /home/wego/third_impact/build/jetracer_ros2/build/lib/jetracer_ros2/utils
copying jetracer_ros2/utils/__init__.py -> /home/wego/third_impact/build/jetracer_ros2/build/lib/jetracer_ros2/utils
copying jetracer_ros2/utils/ackermann_utils.py -> /home/wego/third_impact/build/jetracer_ros2/build/lib/jetracer_ros2/utils
running install
running install_lib
creating /home/wego/third_impact/install/jetracer_ros2/lib/python3.10/site-packages/jetracer_ros2
copying /home/wego/third_impact/build/jetracer_ros2/build/lib/jetracer_ros2/mission_parking_test_node.py -> /home/wego/third_impact/install/jetracer_ros2/lib/python3.10/site-packages/jetracer_ros2
copying /home/wego/third_impact/build/jetracer_ros2/build/lib/jetracer_ros2/mission_track_following_node.py -> /home/wego/third_impact/install/jetracer_ros2/lib/python3.10/site-packages/jetracer_ros2
copying /home/wego/third_impact/build/jetracer_ros2/build/lib/jetracer_ros2/inference_node.py -> /home/wego/third_impact/install/jetracer_ros2/lib/python3.10/site-packages/jetracer_ros2
copying /home/wego/third_impact/build/jetracer_ros2/build/lib/jetracer_ros2/__init__.py -> /home/wego/third_impact/install/jetracer_ros2/lib/python3.10/site-packages/jetracer_ros2
copying /home/wego/third_impact/build/jetracer_ros2/build/lib/jetracer_ros2/mission_people_estop_node.py -> /home/wego/third_impact/install/jetracer_ros2/lib/python3.10/site-packages/jetracer_ros2
copying /home/wego/third_impact/build/jetracer_ros2/build/lib/jetracer_ros2/mission_manager_node.py -> /home/wego/third_impact/install/jetracer_ros2/lib/python3.10/site-packages/jetracer_ros2
copying /home/wego/third_impact/build/jetracer_ros2/build/lib/jetracer_ros2/debug_mission_tunnel_node.py -> /home/wego/third_impact/install/jetracer_ros2/lib/python3.10/site-packages/jetracer_ros2
creating /home/wego/third_impact/install/jetracer_ros2/lib/python3.10/site-packages/jetracer_ros2/utils
copying /home/wego/third_impact/build/jetracer_ros2/build/lib/jetracer_ros2/utils/__init__.py -> /home/wego/third_impact/install/jetracer_ros2/lib/python3.10/site-packages/jetracer_ros2/utils
copying /home/wego/third_impact/build/jetracer_ros2/build/lib/jetracer_ros2/utils/ackermann_utils.py -> /home/wego/third_impact/install/jetracer_ros2/lib/python3.10/site-packages/jetracer_ros2/utils
copying /home/wego/third_impact/build/jetracer_ros2/build/lib/jetracer_ros2/mission_tunnel_node.py -> /home/wego/third_impact/install/jetracer_ros2/lib/python3.10/site-packages/jetracer_ros2
copying /home/wego/third_impact/build/jetracer_ros2/build/lib/jetracer_ros2/debug_mission_people_estop_node.py -> /home/wego/third_impact/install/jetracer_ros2/lib/python3.10/site-packages/jetracer_ros2
copying /home/wego/third_impact/build/jetracer_ros2/build/lib/jetracer_ros2/mission_inference_node.py -> /home/wego/third_impact/install/jetracer_ros2/lib/python3.10/site-packages/jetracer_ros2
copying /home/wego/third_impact/build/jetracer_ros2/build/lib/jetracer_ros2/debug_mission_track_following_node.py -> /home/wego/third_impact/install/jetracer_ros2/lib/python3.10/site-packages/jetracer_ros2
copying /home/wego/third_impact/build/jetracer_ros2/build/lib/jetracer_ros2/debug_mission_traffic_light_node.py -> /home/wego/third_impact/install/jetracer_ros2/lib/python3.10/site-packages/jetracer_ros2
copying /home/wego/third_impact/build/jetracer_ros2/build/lib/jetracer_ros2/data_collection_node.py -> /home/wego/third_impact/install/jetracer_ros2/lib/python3.10/site-packages/jetracer_ros2
copying /home/wego/third_impact/build/jetracer_ros2/build/lib/jetracer_ros2/mission_parking_node.py -> /home/wego/third_impact/install/jetracer_ros2/lib/python3.10/site-packages/jetracer_ros2
copying /home/wego/third_impact/build/jetracer_ros2/build/lib/jetracer_ros2/mission_traffic_light_node.py -> /home/wego/third_impact/install/jetracer_ros2/lib/python3.10/site-packages/jetracer_ros2
copying /home/wego/third_impact/build/jetracer_ros2/build/lib/jetracer_ros2/inference_go_stop_node.py -> /home/wego/third_impact/install/jetracer_ros2/lib/python3.10/site-packages/jetracer_ros2
byte-compiling /home/wego/third_impact/install/jetracer_ros2/lib/python3.10/site-packages/jetracer_ros2/mission_parking_test_node.py to mission_parking_test_node.cpython-310.pyc
byte-compiling /home/wego/third_impact/install/jetracer_ros2/lib/python3.10/site-packages/jetracer_ros2/mission_track_following_node.py to mission_track_following_node.cpython-310.pyc
byte-compiling /home/wego/third_impact/install/jetracer_ros2/lib/python3.10/site-packages/jetracer_ros2/inference_node.py to inference_node.cpython-310.pyc
byte-compiling /home/wego/third_impact/install/jetracer_ros2/lib/python3.10/site-packages/jetracer_ros2/__init__.py to __init__.cpython-310.pyc
byte-compiling /home/wego/third_impact/install/jetracer_ros2/lib/python3.10/site-packages/jetracer_ros2/mission_people_estop_node.py to mission_people_estop_node.cpython-310.pyc
byte-compiling /home/wego/third_impact/install/jetracer_ros2/lib/python3.10/site-packages/jetracer_ros2/mission_manager_node.py to mission_manager_node.cpython-310.pyc
byte-compiling /home/wego/third_impact/install/jetracer_ros2/lib/python3.10/site-packages/jetracer_ros2/debug_mission_tunnel_node.py to debug_mission_tunnel_node.cpython-310.pyc
byte-compiling /home/wego/third_impact/install/jetracer_ros2/lib/python3.10/site-packages/jetracer_ros2/utils/__init__.py to __init__.cpython-310.pyc
byte-compiling /home/wego/third_impact/install/jetracer_ros2/lib/python3.10/site-packages/jetracer_ros2/utils/ackermann_utils.py to ackermann_utils.cpython-310.pyc
byte-compiling /home/wego/third_impact/install/jetracer_ros2/lib/python3.10/site-packages/jetracer_ros2/mission_tunnel_node.py to mission_tunnel_node.cpython-310.pyc
byte-compiling /home/wego/third_impact/install/jetracer_ros2/lib/python3.10/site-packages/jetracer_ros2/debug_mission_people_estop_node.py to debug_mission_people_estop_node.cpython-310.pyc
byte-compiling /home/wego/third_impact/install/jetracer_ros2/lib/python3.10/site-packages/jetracer_ros2/mission_inference_node.py to mission_inference_node.cpython-310.pyc
byte-compiling /home/wego/third_impact/install/jetracer_ros2/lib/python3.10/site-packages/jetracer_ros2/debug_mission_track_following_node.py to debug_mission_track_following_node.cpython-310.pyc
byte-compiling /home/wego/third_impact/install/jetracer_ros2/lib/python3.10/site-packages/jetracer_ros2/debug_mission_traffic_light_node.py to debug_mission_traffic_light_node.cpython-310.pyc
byte-compiling /home/wego/third_impact/install/jetracer_ros2/lib/python3.10/site-packages/jetracer_ros2/data_collection_node.py to data_collection_node.cpython-310.pyc
byte-compiling /home/wego/third_impact/install/jetracer_ros2/lib/python3.10/site-packages/jetracer_ros2/mission_parking_node.py to mission_parking_node.cpython-310.pyc
byte-compiling /home/wego/third_impact/install/jetracer_ros2/lib/python3.10/site-packages/jetracer_ros2/mission_traffic_light_node.py to mission_traffic_light_node.cpython-310.pyc
byte-compiling /home/wego/third_impact/install/jetracer_ros2/lib/python3.10/site-packages/jetracer_ros2/inference_go_stop_node.py to inference_go_stop_node.cpython-310.pyc
running install_data
copying resource/jetracer_ros2 -> /home/wego/third_impact/install/jetracer_ros2/share/ament_index/resource_index/packages
copying package.xml -> /home/wego/third_impact/install/jetracer_ros2/share/jetracer_ros2
copying launch/all_in_node.launch.py -> /home/wego/third_impact/install/jetracer_ros2/share/jetracer_ros2/launch
copying launch/jetracer_teleop.launch.py -> /home/wego/third_impact/install/jetracer_ros2/share/jetracer_ros2/launch
copying params/params.yaml -> /home/wego/third_impact/install/jetracer_ros2/share/jetracer_ros2/params
running install_egg_info
Copying ../../build/jetracer_ros2/jetracer_ros2.egg-info to /home/wego/third_impact/install/jetracer_ros2/lib/python3.10/site-packages/jetracer_ros2-0.0.0-py3.10.egg-info
running install_scripts
Installing data_collection_node script to /home/wego/third_impact/install/jetracer_ros2/lib/jetracer_ros2
Installing debug_mission_people_estop_node script to /home/wego/third_impact/install/jetracer_ros2/lib/jetracer_ros2
Installing debug_mission_track_following_node script to /home/wego/third_impact/install/jetracer_ros2/lib/jetracer_ros2
Installing debug_mission_traffic_light_node script to /home/wego/third_impact/install/jetracer_ros2/lib/jetracer_ros2
Installing debug_mission_tunnel_node script to /home/wego/third_impact/install/jetracer_ros2/lib/jetracer_ros2
Installing inference_go_stop_node script to /home/wego/third_impact/install/jetracer_ros2/lib/jetracer_ros2
Installing inference_node script to /home/wego/third_impact/install/jetracer_ros2/lib/jetracer_ros2
Installing mission_inference_node script to /home/wego/third_impact/install/jetracer_ros2/lib/jetracer_ros2
Installing mission_manager_node script to /home/wego/third_impact/install/jetracer_ros2/lib/jetracer_ros2
Installing mission_parking_node script to /home/wego/third_impact/install/jetracer_ros2/lib/jetracer_ros2
Installing mission_parking_test_node script to /home/wego/third_impact/install/jetracer_ros2/lib/jetracer_ros2
Installing mission_people_estop_node script to /home/wego/third_impact/install/jetracer_ros2/lib/jetracer_ros2
Installing mission_track_following_node script to /home/wego/third_impact/install/jetracer_ros2/lib/jetracer_ros2
Installing mission_traffic_light_node script to /home/wego/third_impact/install/jetracer_ros2/lib/jetracer_ros2
Installing mission_tunnel_node script to /home/wego/third_impact/install/jetracer_ros2/lib/jetracer_ros2
writing list of installed files to '/home/wego/third_impact/build/jetracer_ros2/install.log'
