[0.239s] DEBUG:colcon:Command line arguments: ['/usr/bin/colcon', 'build', '--packages-select', 'jetracer_ros2']
[0.239s] DEBUG:colcon:Parsed command line arguments: Namespace(log_base=None, log_level=None, verb_name='build', build_base='build', install_base='install', merge_install=False, symlink_install=False, test_result_base=None, continue_on_error=False, executor='parallel', parallel_workers=6, event_handlers=None, ignore_user_meta=False, metas=['./colcon.meta'], base_paths=['.'], packages_ignore=None, packages_ignore_regex=None, paths=None, packages_up_to=None, packages_up_to_regex=None, packages_above=None, packages_above_and_dependencies=None, packages_above_depth=None, packages_select_by_dep=None, packages_skip_by_dep=None, packages_skip_up_to=None, packages_select_build_failed=False, packages_skip_build_finished=False, packages_select_test_failures=False, packages_skip_test_passed=False, packages_select=['jetracer_ros2'], packages_skip=None, packages_select_regex=None, packages_skip_regex=None, packages_start=None, packages_end=None, allow_overriding=[], cmake_args=None, cmake_target=None, cmake_target_skip_unavailable=False, cmake_clean_cache=False, cmake_clean_first=False, cmake_force_configure=False, ament_cmake_args=None, catkin_cmake_args=None, catkin_skip_building_tests=False, mixin_files=None, mixin=None, verb_parser=<colcon_mixin.mixin.mixin_argument.MixinArgumentDecorator object at 0xffffaaaa7bb0>, verb_extension=<colcon_core.verb.build.BuildVerb object at 0xffffaaaa6e90>, main=<bound method BuildVerb.main of <colcon_core.verb.build.BuildVerb object at 0xffffaaaa6e90>>, mixin_verb=('build',))
[0.608s] Level 1:colcon.colcon_core.package_discovery:discover_packages(colcon_meta) check parameters
[0.609s] Level 1:colcon.colcon_core.package_discovery:discover_packages(recursive) check parameters
[0.609s] Level 1:colcon.colcon_core.package_discovery:discover_packages(ignore) check parameters
[0.609s] Level 1:colcon.colcon_core.package_discovery:discover_packages(path) check parameters
[0.609s] Level 1:colcon.colcon_core.package_discovery:discover_packages(colcon_meta) discover
[0.609s] Level 1:colcon.colcon_core.package_discovery:discover_packages(recursive) discover
[0.610s] INFO:colcon.colcon_core.package_discovery:Crawling recursively for packages in '/home/wego/third_impact'
[0.610s] Level 1:colcon.colcon_core.package_identification:_identify(.) by extensions ['ignore', 'ignore_ament_install']
[0.610s] Level 1:colcon.colcon_core.package_identification:_identify(.) by extension 'ignore'
[0.610s] Level 1:colcon.colcon_core.package_identification:_identify(.) by extension 'ignore_ament_install'
[0.610s] Level 1:colcon.colcon_core.package_identification:_identify(.) by extensions ['colcon_pkg']
[0.610s] Level 1:colcon.colcon_core.package_identification:_identify(.) by extension 'colcon_pkg'
[0.611s] Level 1:colcon.colcon_core.package_identification:_identify(.) by extensions ['colcon_meta']
[0.611s] Level 1:colcon.colcon_core.package_identification:_identify(.) by extension 'colcon_meta'
[0.611s] Level 1:colcon.colcon_core.package_identification:_identify(.) by extensions ['ros']
[0.611s] Level 1:colcon.colcon_core.package_identification:_identify(.) by extension 'ros'
[0.634s] Level 1:colcon.colcon_core.package_identification:_identify(.) by extensions ['cmake', 'python']
[0.634s] Level 1:colcon.colcon_core.package_identification:_identify(.) by extension 'cmake'
[0.634s] Level 1:colcon.colcon_core.package_identification:_identify(.) by extension 'python'
[0.634s] Level 1:colcon.colcon_core.package_identification:_identify(.) by extensions ['python_setup_py']
[0.634s] Level 1:colcon.colcon_core.package_identification:_identify(.) by extension 'python_setup_py'
[0.635s] Level 1:colcon.colcon_core.package_identification:_identify(Log) by extensions ['ignore', 'ignore_ament_install']
[0.635s] Level 1:colcon.colcon_core.package_identification:_identify(Log) by extension 'ignore'
[0.635s] Level 1:colcon.colcon_core.package_identification:_identify(Log) by extension 'ignore_ament_install'
[0.635s] Level 1:colcon.colcon_core.package_identification:_identify(Log) by extensions ['colcon_pkg']
[0.635s] Level 1:colcon.colcon_core.package_identification:_identify(Log) by extension 'colcon_pkg'
[0.635s] Level 1:colcon.colcon_core.package_identification:_identify(Log) by extensions ['colcon_meta']
[0.635s] Level 1:colcon.colcon_core.package_identification:_identify(Log) by extension 'colcon_meta'
[0.636s] Level 1:colcon.colcon_core.package_identification:_identify(Log) by extensions ['ros']
[0.636s] Level 1:colcon.colcon_core.package_identification:_identify(Log) by extension 'ros'
[0.636s] Level 1:colcon.colcon_core.package_identification:_identify(Log) by extensions ['cmake', 'python']
[0.636s] Level 1:colcon.colcon_core.package_identification:_identify(Log) by extension 'cmake'
[0.636s] Level 1:colcon.colcon_core.package_identification:_identify(Log) by extension 'python'
[0.636s] Level 1:colcon.colcon_core.package_identification:_identify(Log) by extensions ['python_setup_py']
[0.636s] Level 1:colcon.colcon_core.package_identification:_identify(Log) by extension 'python_setup_py'
[0.636s] Level 1:colcon.colcon_core.package_identification:_identify(build) by extensions ['ignore', 'ignore_ament_install']
[0.637s] Level 1:colcon.colcon_core.package_identification:_identify(build) by extension 'ignore'
[0.637s] Level 1:colcon.colcon_core.package_identification:_identify(build) ignored
[0.637s] Level 1:colcon.colcon_core.package_identification:_identify(install) by extensions ['ignore', 'ignore_ament_install']
[0.637s] Level 1:colcon.colcon_core.package_identification:_identify(install) by extension 'ignore'
[0.637s] Level 1:colcon.colcon_core.package_identification:_identify(install) ignored
[0.638s] Level 1:colcon.colcon_core.package_identification:_identify(log) by extensions ['ignore', 'ignore_ament_install']
[0.638s] Level 1:colcon.colcon_core.package_identification:_identify(log) by extension 'ignore'
[0.638s] Level 1:colcon.colcon_core.package_identification:_identify(log) ignored
[0.638s] Level 1:colcon.colcon_core.package_identification:_identify(src) by extensions ['ignore', 'ignore_ament_install']
[0.638s] Level 1:colcon.colcon_core.package_identification:_identify(src) by extension 'ignore'
[0.638s] Level 1:colcon.colcon_core.package_identification:_identify(src) by extension 'ignore_ament_install'
[0.638s] Level 1:colcon.colcon_core.package_identification:_identify(src) by extensions ['colcon_pkg']
[0.639s] Level 1:colcon.colcon_core.package_identification:_identify(src) by extension 'colcon_pkg'
[0.639s] Level 1:colcon.colcon_core.package_identification:_identify(src) by extensions ['colcon_meta']
[0.639s] Level 1:colcon.colcon_core.package_identification:_identify(src) by extension 'colcon_meta'
[0.639s] Level 1:colcon.colcon_core.package_identification:_identify(src) by extensions ['ros']
[0.639s] Level 1:colcon.colcon_core.package_identification:_identify(src) by extension 'ros'
[0.639s] Level 1:colcon.colcon_core.package_identification:_identify(src) by extensions ['cmake', 'python']
[0.639s] Level 1:colcon.colcon_core.package_identification:_identify(src) by extension 'cmake'
[0.639s] Level 1:colcon.colcon_core.package_identification:_identify(src) by extension 'python'
[0.639s] Level 1:colcon.colcon_core.package_identification:_identify(src) by extensions ['python_setup_py']
[0.639s] Level 1:colcon.colcon_core.package_identification:_identify(src) by extension 'python_setup_py'
[0.640s] Level 1:colcon.colcon_core.package_identification:_identify(src/jetracer_ros2) by extensions ['ignore', 'ignore_ament_install']
[0.640s] Level 1:colcon.colcon_core.package_identification:_identify(src/jetracer_ros2) by extension 'ignore'
[0.640s] Level 1:colcon.colcon_core.package_identification:_identify(src/jetracer_ros2) by extension 'ignore_ament_install'
[0.640s] Level 1:colcon.colcon_core.package_identification:_identify(src/jetracer_ros2) by extensions ['colcon_pkg']
[0.640s] Level 1:colcon.colcon_core.package_identification:_identify(src/jetracer_ros2) by extension 'colcon_pkg'
[0.640s] Level 1:colcon.colcon_core.package_identification:_identify(src/jetracer_ros2) by extensions ['colcon_meta']
[0.640s] Level 1:colcon.colcon_core.package_identification:_identify(src/jetracer_ros2) by extension 'colcon_meta'
[0.641s] Level 1:colcon.colcon_core.package_identification:_identify(src/jetracer_ros2) by extensions ['ros']
[0.641s] Level 1:colcon.colcon_core.package_identification:_identify(src/jetracer_ros2) by extension 'ros'
[0.646s] DEBUG:colcon.colcon_core.package_identification:Package 'src/jetracer_ros2' with type 'ros.ament_python' and name 'jetracer_ros2'
[0.647s] Level 1:colcon.colcon_core.package_identification:_identify(src/limo_aj) by extensions ['ignore', 'ignore_ament_install']
[0.647s] Level 1:colcon.colcon_core.package_identification:_identify(src/limo_aj) by extension 'ignore'
[0.647s] Level 1:colcon.colcon_core.package_identification:_identify(src/limo_aj) by extension 'ignore_ament_install'
[0.647s] Level 1:colcon.colcon_core.package_identification:_identify(src/limo_aj) by extensions ['colcon_pkg']
[0.647s] Level 1:colcon.colcon_core.package_identification:_identify(src/limo_aj) by extension 'colcon_pkg'
[0.647s] Level 1:colcon.colcon_core.package_identification:_identify(src/limo_aj) by extensions ['colcon_meta']
[0.647s] Level 1:colcon.colcon_core.package_identification:_identify(src/limo_aj) by extension 'colcon_meta'
[0.648s] Level 1:colcon.colcon_core.package_identification:_identify(src/limo_aj) by extensions ['ros']
[0.648s] Level 1:colcon.colcon_core.package_identification:_identify(src/limo_aj) by extension 'ros'
[0.649s] DEBUG:colcon.colcon_core.package_identification:Package 'src/limo_aj' with type 'ros.ament_python' and name 'limo_aj'
[0.649s] Level 1:colcon.colcon_core.package_identification:_identify(src/limo_lidar) by extensions ['ignore', 'ignore_ament_install']
[0.649s] Level 1:colcon.colcon_core.package_identification:_identify(src/limo_lidar) by extension 'ignore'
[0.649s] Level 1:colcon.colcon_core.package_identification:_identify(src/limo_lidar) by extension 'ignore_ament_install'
[0.649s] Level 1:colcon.colcon_core.package_identification:_identify(src/limo_lidar) by extensions ['colcon_pkg']
[0.650s] Level 1:colcon.colcon_core.package_identification:_identify(src/limo_lidar) by extension 'colcon_pkg'
[0.650s] Level 1:colcon.colcon_core.package_identification:_identify(src/limo_lidar) by extensions ['colcon_meta']
[0.650s] Level 1:colcon.colcon_core.package_identification:_identify(src/limo_lidar) by extension 'colcon_meta'
[0.650s] Level 1:colcon.colcon_core.package_identification:_identify(src/limo_lidar) by extensions ['ros']
[0.650s] Level 1:colcon.colcon_core.package_identification:_identify(src/limo_lidar) by extension 'ros'
[0.651s] DEBUG:colcon.colcon_core.package_identification:Package 'src/limo_lidar' with type 'ros.ament_python' and name 'limo_lidar'
[0.651s] Level 1:colcon.colcon_core.package_identification:_identify(src/slam_parking) by extensions ['ignore', 'ignore_ament_install']
[0.651s] Level 1:colcon.colcon_core.package_identification:_identify(src/slam_parking) by extension 'ignore'
[0.651s] Level 1:colcon.colcon_core.package_identification:_identify(src/slam_parking) by extension 'ignore_ament_install'
[0.652s] Level 1:colcon.colcon_core.package_identification:_identify(src/slam_parking) by extensions ['colcon_pkg']
[0.652s] Level 1:colcon.colcon_core.package_identification:_identify(src/slam_parking) by extension 'colcon_pkg'
[0.652s] Level 1:colcon.colcon_core.package_identification:_identify(src/slam_parking) by extensions ['colcon_meta']
[0.652s] Level 1:colcon.colcon_core.package_identification:_identify(src/slam_parking) by extension 'colcon_meta'
[0.652s] Level 1:colcon.colcon_core.package_identification:_identify(src/slam_parking) by extensions ['ros']
[0.652s] Level 1:colcon.colcon_core.package_identification:_identify(src/slam_parking) by extension 'ros'
[0.653s] DEBUG:colcon.colcon_core.package_identification:Package 'src/slam_parking' with type 'ros.ament_python' and name 'slam_parking'
[0.653s] Level 1:colcon.colcon_core.package_discovery:discover_packages(recursive) using defaults
[0.653s] Level 1:colcon.colcon_core.package_discovery:discover_packages(ignore) discover
[0.653s] Level 1:colcon.colcon_core.package_discovery:discover_packages(ignore) using defaults
[0.654s] Level 1:colcon.colcon_core.package_discovery:discover_packages(path) discover
[0.654s] Level 1:colcon.colcon_core.package_discovery:discover_packages(path) using defaults
[0.727s] INFO:colcon.colcon_core.package_selection:Skipping not selected package 'limo_aj' in 'src/limo_aj'
[0.727s] INFO:colcon.colcon_core.package_selection:Skipping not selected package 'limo_lidar' in 'src/limo_lidar'
[0.727s] INFO:colcon.colcon_core.package_selection:Skipping not selected package 'slam_parking' in 'src/slam_parking'
[0.728s] Level 1:colcon.colcon_core.package_discovery:discover_packages(prefix_path) check parameters
[0.728s] Level 1:colcon.colcon_core.package_discovery:discover_packages(prefix_path) discover
[0.732s] DEBUG:colcon.colcon_installed_package_information.package_discovery:Found 4 installed packages in /home/wego/third_impact/install
[0.735s] DEBUG:colcon.colcon_installed_package_information.package_discovery:Found 365 installed packages in /opt/ros/humble
[0.738s] Level 1:colcon.colcon_core.package_discovery:discover_packages(prefix_path) using defaults
[0.834s] Level 5:colcon.colcon_core.verb:set package 'jetracer_ros2' build argument 'cmake_args' from command line to 'None'
[0.834s] Level 5:colcon.colcon_core.verb:set package 'jetracer_ros2' build argument 'cmake_target' from command line to 'None'
[0.834s] Level 5:colcon.colcon_core.verb:set package 'jetracer_ros2' build argument 'cmake_target_skip_unavailable' from command line to 'False'
[0.834s] Level 5:colcon.colcon_core.verb:set package 'jetracer_ros2' build argument 'cmake_clean_cache' from command line to 'False'
[0.834s] Level 5:colcon.colcon_core.verb:set package 'jetracer_ros2' build argument 'cmake_clean_first' from command line to 'False'
[0.834s] Level 5:colcon.colcon_core.verb:set package 'jetracer_ros2' build argument 'cmake_force_configure' from command line to 'False'
[0.834s] Level 5:colcon.colcon_core.verb:set package 'jetracer_ros2' build argument 'ament_cmake_args' from command line to 'None'
[0.834s] Level 5:colcon.colcon_core.verb:set package 'jetracer_ros2' build argument 'catkin_cmake_args' from command line to 'None'
[0.835s] Level 5:colcon.colcon_core.verb:set package 'jetracer_ros2' build argument 'catkin_skip_building_tests' from command line to 'False'
[0.835s] DEBUG:colcon.colcon_core.verb:Building package 'jetracer_ros2' with the following arguments: {'ament_cmake_args': None, 'build_base': '/home/wego/third_impact/build/jetracer_ros2', 'catkin_cmake_args': None, 'catkin_skip_building_tests': False, 'cmake_args': None, 'cmake_clean_cache': False, 'cmake_clean_first': False, 'cmake_force_configure': False, 'cmake_target': None, 'cmake_target_skip_unavailable': False, 'install_base': '/home/wego/third_impact/install/jetracer_ros2', 'merge_install': False, 'path': '/home/wego/third_impact/src/jetracer_ros2', 'symlink_install': False, 'test_result_base': None}
[0.835s] INFO:colcon.colcon_core.executor:Executing jobs using 'parallel' executor
[0.837s] DEBUG:colcon.colcon_parallel_executor.executor.parallel:run_until_complete
[0.838s] INFO:colcon.colcon_ros.task.ament_python.build:Building ROS package in '/home/wego/third_impact/src/jetracer_ros2' with build type 'ament_python'
[0.838s] Level 1:colcon.colcon_core.shell:create_environment_hook('jetracer_ros2', 'ament_prefix_path')
[0.843s] INFO:colcon.colcon_core.plugin_system:Skipping extension 'colcon_core.shell.bat': Not used on non-Windows systems
[0.843s] INFO:colcon.colcon_core.shell:Creating environment hook '/home/wego/third_impact/install/jetracer_ros2/share/jetracer_ros2/hook/ament_prefix_path.ps1'
[0.845s] INFO:colcon.colcon_core.shell:Creating environment descriptor '/home/wego/third_impact/install/jetracer_ros2/share/jetracer_ros2/hook/ament_prefix_path.dsv'
[0.846s] INFO:colcon.colcon_core.shell:Creating environment hook '/home/wego/third_impact/install/jetracer_ros2/share/jetracer_ros2/hook/ament_prefix_path.sh'
[0.847s] INFO:colcon.colcon_core.shell:Skip shell extension 'powershell' for command environment: Not usable outside of PowerShell
[0.848s] DEBUG:colcon.colcon_core.shell:Skip shell extension 'dsv' for command environment
[1.440s] INFO:colcon.colcon_core.task.python.build:Building Python package in '/home/wego/third_impact/src/jetracer_ros2'
[1.441s] INFO:colcon.colcon_core.shell:Skip shell extension 'powershell' for command environment: Not usable outside of PowerShell
[1.441s] DEBUG:colcon.colcon_core.shell:Skip shell extension 'dsv' for command environment
[2.216s] DEBUG:colcon.colcon_core.event_handler.log_command:Invoking command in '/home/wego/third_impact/src/jetracer_ros2': PYTHONPATH=/home/wego/third_impact/build/jetracer_ros2/prefix_override:/usr/lib/python3/dist-packages/colcon_core/task/python/colcon_distutils_commands:/home/wego/third_impact/install/jetracer_ros2/lib/python3.10/site-packages:${PYTHONPATH} /usr/bin/python3 -W ignore:setup.py install is deprecated -W ignore:easy_install command is deprecated setup.py egg_info --egg-base ../../build/jetracer_ros2 build --build-base /home/wego/third_impact/build/jetracer_ros2/build install --record /home/wego/third_impact/build/jetracer_ros2/install.log --single-version-externally-managed install_data
[2.900s] DEBUG:colcon.colcon_core.event_handler.log_command:Invoked command in '/home/wego/third_impact/src/jetracer_ros2' returned '0': PYTHONPATH=/home/wego/third_impact/build/jetracer_ros2/prefix_override:/usr/lib/python3/dist-packages/colcon_core/task/python/colcon_distutils_commands:/home/wego/third_impact/install/jetracer_ros2/lib/python3.10/site-packages:${PYTHONPATH} /usr/bin/python3 -W ignore:setup.py install is deprecated -W ignore:easy_install command is deprecated setup.py egg_info --egg-base ../../build/jetracer_ros2 build --build-base /home/wego/third_impact/build/jetracer_ros2/build install --record /home/wego/third_impact/build/jetracer_ros2/install.log --single-version-externally-managed install_data
[2.909s] Level 1:colcon.colcon_core.environment:checking '/home/wego/third_impact/install/jetracer_ros2' for CMake module files
[2.911s] Level 1:colcon.colcon_core.environment:checking '/home/wego/third_impact/install/jetracer_ros2' for CMake config files
[2.914s] Level 1:colcon.colcon_core.environment:checking '/home/wego/third_impact/install/jetracer_ros2/lib'
[2.915s] Level 1:colcon.colcon_core.environment:checking '/home/wego/third_impact/install/jetracer_ros2/bin'
[2.915s] Level 1:colcon.colcon_core.environment:checking '/home/wego/third_impact/install/jetracer_ros2/lib/pkgconfig/jetracer_ros2.pc'
[2.916s] Level 1:colcon.colcon_core.environment:checking '/home/wego/third_impact/install/jetracer_ros2/lib/python3.10/site-packages'
[2.916s] Level 1:colcon.colcon_core.shell:create_environment_hook('jetracer_ros2', 'pythonpath')
[2.917s] INFO:colcon.colcon_core.shell:Creating environment hook '/home/wego/third_impact/install/jetracer_ros2/share/jetracer_ros2/hook/pythonpath.ps1'
[2.919s] INFO:colcon.colcon_core.shell:Creating environment descriptor '/home/wego/third_impact/install/jetracer_ros2/share/jetracer_ros2/hook/pythonpath.dsv'
[2.921s] INFO:colcon.colcon_core.shell:Creating environment hook '/home/wego/third_impact/install/jetracer_ros2/share/jetracer_ros2/hook/pythonpath.sh'
[2.924s] Level 1:colcon.colcon_core.environment:checking '/home/wego/third_impact/install/jetracer_ros2/bin'
[2.924s] Level 1:colcon.colcon_core.environment:create_environment_scripts_only(jetracer_ros2)
[2.925s] INFO:colcon.colcon_core.shell:Creating package script '/home/wego/third_impact/install/jetracer_ros2/share/jetracer_ros2/package.ps1'
[2.928s] INFO:colcon.colcon_core.shell:Creating package descriptor '/home/wego/third_impact/install/jetracer_ros2/share/jetracer_ros2/package.dsv'
[2.930s] INFO:colcon.colcon_core.shell:Creating package script '/home/wego/third_impact/install/jetracer_ros2/share/jetracer_ros2/package.sh'
[2.933s] INFO:colcon.colcon_core.shell:Creating package script '/home/wego/third_impact/install/jetracer_ros2/share/jetracer_ros2/package.bash'
[2.936s] INFO:colcon.colcon_core.shell:Creating package script '/home/wego/third_impact/install/jetracer_ros2/share/jetracer_ros2/package.zsh'
[2.938s] Level 1:colcon.colcon_core.environment:create_file_with_runtime_dependencies(/home/wego/third_impact/install/jetracer_ros2/share/colcon-core/packages/jetracer_ros2)
[2.940s] DEBUG:colcon.colcon_parallel_executor.executor.parallel:closing loop
[2.940s] DEBUG:colcon.colcon_parallel_executor.executor.parallel:loop closed
[2.941s] DEBUG:colcon.colcon_parallel_executor.executor.parallel:run_until_complete finished with '0'
[2.941s] DEBUG:colcon.colcon_core.event_reactor:joining thread
[2.959s] INFO:colcon.colcon_core.plugin_system:Skipping extension 'colcon_notification.desktop_notification.terminal_notifier': Not used on non-Darwin systems
[2.960s] INFO:colcon.colcon_core.plugin_system:Skipping extension 'colcon_notification.desktop_notification.win32': Not used on non-Windows systems
[2.960s] INFO:colcon.colcon_notification.desktop_notification:Sending desktop notification using 'notify2'
[2.994s] DEBUG:colcon.colcon_core.event_reactor:joined thread
[2.995s] INFO:colcon.colcon_core.shell:Creating prefix script '/home/wego/third_impact/install/local_setup.ps1'
[3.000s] INFO:colcon.colcon_core.shell:Creating prefix util module '/home/wego/third_impact/install/_local_setup_util_ps1.py'
[3.005s] INFO:colcon.colcon_core.shell:Creating prefix chain script '/home/wego/third_impact/install/setup.ps1'
[3.010s] INFO:colcon.colcon_core.shell:Creating prefix script '/home/wego/third_impact/install/local_setup.sh'
[3.012s] INFO:colcon.colcon_core.shell:Creating prefix util module '/home/wego/third_impact/install/_local_setup_util_sh.py'
[3.014s] INFO:colcon.colcon_core.shell:Creating prefix chain script '/home/wego/third_impact/install/setup.sh'
[3.019s] INFO:colcon.colcon_core.shell:Creating prefix script '/home/wego/third_impact/install/local_setup.bash'
[3.020s] INFO:colcon.colcon_core.shell:Creating prefix chain script '/home/wego/third_impact/install/setup.bash'
[3.024s] INFO:colcon.colcon_core.shell:Creating prefix script '/home/wego/third_impact/install/local_setup.zsh'
[3.027s] INFO:colcon.colcon_core.shell:Creating prefix chain script '/home/wego/third_impact/install/setup.zsh'
