[3.264s] Invoking command in '/home/wego/third_impact/build/limo_aj': PYTHONPATH=/home/wego/third_impact/build/limo_aj/prefix_override:/usr/lib/python3/dist-packages/colcon_core/task/python/colcon_distutils_commands:/home/wego/third_impact/install/limo_aj/lib/python3.10/site-packages:${PYTHONPATH} /usr/bin/python3 -W ignore:setup.py install is deprecated -W ignore:easy_install command is deprecated setup.py develop --editable --build-directory /home/wego/third_impact/build/limo_aj/build --no-deps symlink_data
[4.112s] running develop
[4.712s] running egg_info
[4.764s] writing limo_aj.egg-info/PKG-INFO
[4.766s] writing dependency_links to limo_aj.egg-info/dependency_links.txt
[4.768s] writing entry points to limo_aj.egg-info/entry_points.txt
[4.769s] writing requirements to limo_aj.egg-info/requires.txt
[4.769s] writing top-level names to limo_aj.egg-info/top_level.txt
[4.878s] reading manifest file 'limo_aj.egg-info/SOURCES.txt'
[4.883s] writing manifest file 'limo_aj.egg-info/SOURCES.txt'
[4.972s] running build_ext
[4.973s] Creating /home/wego/third_impact/install/limo_aj/lib/python3.10/site-packages/limo-aj.egg-link (link to .)
[4.975s] Installing cone_check_node script to /home/wego/third_impact/install/limo_aj/lib/limo_aj
[4.976s] Installing cone_node script to /home/wego/third_impact/install/limo_aj/lib/limo_aj
[4.977s] Installing lidar_angle_node script to /home/wego/third_impact/install/limo_aj/lib/limo_aj
[4.977s] Installing lidar_check_node script to /home/wego/third_impact/install/limo_aj/lib/limo_aj
[4.977s] Installing steering_test_node script to /home/wego/third_impact/install/limo_aj/lib/limo_aj
[4.978s] Installing traffic_node script to /home/wego/third_impact/install/limo_aj/lib/limo_aj
[4.978s] 
[4.978s] Installed /home/wego/third_impact/build/limo_aj
[4.979s] running symlink_data
[5.121s] Invoked command in '/home/wego/third_impact/build/limo_aj' returned '0': PYTHONPATH=/home/wego/third_impact/build/limo_aj/prefix_override:/usr/lib/python3/dist-packages/colcon_core/task/python/colcon_distutils_commands:/home/wego/third_impact/install/limo_aj/lib/python3.10/site-packages:${PYTHONPATH} /usr/bin/python3 -W ignore:setup.py install is deprecated -W ignore:easy_install command is deprecated setup.py develop --editable --build-directory /home/wego/third_impact/build/limo_aj/build --no-deps symlink_data
