[3.176s] Invoking command in '/home/wego/third_impact/build/limo_aj': PYTHONPATH=/home/wego/third_impact/build/limo_aj/prefix_override:/usr/lib/python3/dist-packages/colcon_core/task/python/colcon_distutils_commands:/home/wego/third_impact/install/limo_aj/lib/python3.10/site-packages:${PYTHONPATH} /usr/bin/python3 -W ignore:setup.py install is deprecated -W ignore:easy_install command is deprecated setup.py develop --editable --build-directory /home/wego/third_impact/build/limo_aj/build --no-deps symlink_data
[3.992s] running develop
[4.578s] running egg_info
[4.623s] writing limo_aj.egg-info/PKG-INFO
[4.624s] writing dependency_links to limo_aj.egg-info/dependency_links.txt
[4.625s] writing entry points to limo_aj.egg-info/entry_points.txt
[4.625s] writing requirements to limo_aj.egg-info/requires.txt
[4.625s] writing top-level names to limo_aj.egg-info/top_level.txt
[4.714s] reading manifest file 'limo_aj.egg-info/SOURCES.txt'
[4.716s] writing manifest file 'limo_aj.egg-info/SOURCES.txt'
[4.788s] running build_ext
[4.789s] Creating /home/wego/third_impact/install/limo_aj/lib/python3.10/site-packages/limo-aj.egg-link (link to .)
[4.791s] Installing cone_check_node script to /home/wego/third_impact/install/limo_aj/lib/limo_aj
[4.792s] Installing cone_node script to /home/wego/third_impact/install/limo_aj/lib/limo_aj
[4.792s] Installing lidar_angle_node script to /home/wego/third_impact/install/limo_aj/lib/limo_aj
[4.792s] Installing lidar_check_node script to /home/wego/third_impact/install/limo_aj/lib/limo_aj
[4.792s] Installing steering_test_node script to /home/wego/third_impact/install/limo_aj/lib/limo_aj
[4.793s] Installing traffic_node script to /home/wego/third_impact/install/limo_aj/lib/limo_aj
[4.793s] 
[4.793s] Installed /home/wego/third_impact/build/limo_aj
[4.793s] running symlink_data
[4.905s] Invoked command in '/home/wego/third_impact/build/limo_aj' returned '0': PYTHONPATH=/home/wego/third_impact/build/limo_aj/prefix_override:/usr/lib/python3/dist-packages/colcon_core/task/python/colcon_distutils_commands:/home/wego/third_impact/install/limo_aj/lib/python3.10/site-packages:${PYTHONPATH} /usr/bin/python3 -W ignore:setup.py install is deprecated -W ignore:easy_install command is deprecated setup.py develop --editable --build-directory /home/wego/third_impact/build/limo_aj/build --no-deps symlink_data
