[4.452s] Invoking command in '/home/wego/third_impact/build/jetracer_ros2': PYTHONPATH=/home/wego/third_impact/build/jetracer_ros2/prefix_override:/usr/lib/python3/dist-packages/colcon_core/task/python/colcon_distutils_commands:/home/wego/third_impact/install/jetracer_ros2/lib/python3.10/site-packages:${PYTHONPATH} /usr/bin/python3 -W ignore:setup.py install is deprecated -W ignore:easy_install command is deprecated setup.py develop --editable --build-directory /home/wego/third_impact/build/jetracer_ros2/build --no-deps symlink_data
[5.524s] running develop
[6.255s] running egg_info
[6.306s] writing jetracer_ros2.egg-info/PKG-INFO
[6.308s] writing dependency_links to jetracer_ros2.egg-info/dependency_links.txt
[6.309s] writing entry points to jetracer_ros2.egg-info/entry_points.txt
[6.310s] writing requirements to jetracer_ros2.egg-info/requires.txt
[6.310s] writing top-level names to jetracer_ros2.egg-info/top_level.txt
[6.427s] reading manifest file 'jetracer_ros2.egg-info/SOURCES.txt'
[6.434s] writing manifest file 'jetracer_ros2.egg-info/SOURCES.txt'
[6.531s] running build_ext
[6.531s] Creating /home/wego/third_impact/install/jetracer_ros2/lib/python3.10/site-packages/jetracer-ros2.egg-link (link to .)
[6.533s] Installing data_collection_node script to /home/wego/third_impact/install/jetracer_ros2/lib/jetracer_ros2
[6.534s] Installing inference_StopAndGo_with_joy_node script to /home/wego/third_impact/install/jetracer_ros2/lib/jetracer_ros2
[6.534s] Installing inference_StopAndGo_with_lidar_node script to /home/wego/third_impact/install/jetracer_ros2/lib/jetracer_ros2
[6.535s] Installing inference_node script to /home/wego/third_impact/install/jetracer_ros2/lib/jetracer_ros2
[6.535s] Installing inference_people_estop_node script to /home/wego/third_impact/install/jetracer_ros2/lib/jetracer_ros2
[6.536s] 
[6.536s] Installed /home/wego/third_impact/build/jetracer_ros2
[6.536s] running symlink_data
