[3.151s] Invoking command in '/home/wego/third_impact/build/limo_lidar': PYTHONPATH=/home/wego/third_impact/build/limo_lidar/prefix_override:/usr/lib/python3/dist-packages/colcon_core/task/python/colcon_distutils_commands:/home/wego/third_impact/install/limo_lidar/lib/python3.10/site-packages:${PYTHONPATH} /usr/bin/python3 -W ignore:setup.py install is deprecated -W ignore:easy_install command is deprecated setup.py develop --editable --build-directory /home/wego/third_impact/build/limo_lidar/build --no-deps symlink_data
[3.983s] running develop
[4.571s] running egg_info
[4.616s] writing limo_lidar.egg-info/PKG-INFO
[4.618s] writing dependency_links to limo_lidar.egg-info/dependency_links.txt
[4.618s] writing entry points to limo_lidar.egg-info/entry_points.txt
[4.619s] writing requirements to limo_lidar.egg-info/requires.txt
[4.619s] writing top-level names to limo_lidar.egg-info/top_level.txt
[4.709s] reading manifest file 'limo_lidar.egg-info/SOURCES.txt'
[4.711s] writing manifest file 'limo_lidar.egg-info/SOURCES.txt'
[4.784s] running build_ext
[4.784s] Creating /home/wego/third_impact/install/limo_lidar/lib/python3.10/site-packages/limo-lidar.egg-link (link to .)
[4.786s] Installing line_check script to /home/wego/third_impact/install/limo_lidar/lib/limo_lidar
[4.787s] Installing obstacle_avoid script to /home/wego/third_impact/install/limo_lidar/lib/limo_lidar
[4.787s] Installing parking script to /home/wego/third_impact/install/limo_lidar/lib/limo_lidar
[4.787s] Installing reset_steer script to /home/wego/third_impact/install/limo_lidar/lib/limo_lidar
[4.788s] Installing stop_and_go script to /home/wego/third_impact/install/limo_lidar/lib/limo_lidar
[4.788s] Installing stop_test script to /home/wego/third_impact/install/limo_lidar/lib/limo_lidar
[4.788s] Installing stop_test_2 script to /home/wego/third_impact/install/limo_lidar/lib/limo_lidar
[4.789s] Installing test script to /home/wego/third_impact/install/limo_lidar/lib/limo_lidar
[4.789s] Installing yellow_det script to /home/wego/third_impact/install/limo_lidar/lib/limo_lidar
[4.789s] 
[4.790s] Installed /home/wego/third_impact/build/limo_lidar
[4.790s] running symlink_data
[4.903s] Invoked command in '/home/wego/third_impact/build/limo_lidar' returned '0': PYTHONPATH=/home/wego/third_impact/build/limo_lidar/prefix_override:/usr/lib/python3/dist-packages/colcon_core/task/python/colcon_distutils_commands:/home/wego/third_impact/install/limo_lidar/lib/python3.10/site-packages:${PYTHONPATH} /usr/bin/python3 -W ignore:setup.py install is deprecated -W ignore:easy_install command is deprecated setup.py develop --editable --build-directory /home/wego/third_impact/build/limo_lidar/build --no-deps symlink_data
