[3.748s] Invoking command in '/home/wego/third_impact/build/limo_lidar': PYTHONPATH=/home/wego/third_impact/build/limo_lidar/prefix_override:/usr/lib/python3/dist-packages/colcon_core/task/python/colcon_distutils_commands:/home/wego/third_impact/install/limo_lidar/lib/python3.10/site-packages:${PYTHONPATH} /usr/bin/python3 -W ignore:setup.py install is deprecated -W ignore:easy_install command is deprecated setup.py develop --editable --build-directory /home/wego/third_impact/build/limo_lidar/build --no-deps symlink_data
[4.678s] running develop
[5.295s] running egg_info
[5.342s] writing limo_lidar.egg-info/PKG-INFO
[5.345s] writing dependency_links to limo_lidar.egg-info/dependency_links.txt
[5.345s] writing entry points to limo_lidar.egg-info/entry_points.txt
[5.347s] writing requirements to limo_lidar.egg-info/requires.txt
[5.348s] writing top-level names to limo_lidar.egg-info/top_level.txt
[5.442s] reading manifest file 'limo_lidar.egg-info/SOURCES.txt'
[5.444s] writing manifest file 'limo_lidar.egg-info/SOURCES.txt'
[5.538s] running build_ext
[5.540s] Creating /home/wego/third_impact/install/limo_lidar/lib/python3.10/site-packages/limo-lidar.egg-link (link to .)
[5.541s] Installing lidar_parking script to /home/wego/third_impact/install/limo_lidar/lib/limo_lidar
[5.541s] Installing lidar_parking_2 script to /home/wego/third_impact/install/limo_lidar/lib/limo_lidar
[5.542s] Installing line_check script to /home/wego/third_impact/install/limo_lidar/lib/limo_lidar
[5.543s] Installing obstacle_avoid script to /home/wego/third_impact/install/limo_lidar/lib/limo_lidar
[5.543s] Installing parking script to /home/wego/third_impact/install/limo_lidar/lib/limo_lidar
[5.543s] Installing reset_steer script to /home/wego/third_impact/install/limo_lidar/lib/limo_lidar
[5.543s] Installing stop_and_go script to /home/wego/third_impact/install/limo_lidar/lib/limo_lidar
[5.544s] Installing stop_test script to /home/wego/third_impact/install/limo_lidar/lib/limo_lidar
[5.544s] Installing stop_test_2 script to /home/wego/third_impact/install/limo_lidar/lib/limo_lidar
[5.544s] Installing test script to /home/wego/third_impact/install/limo_lidar/lib/limo_lidar
[5.547s] 
[5.550s] Installed /home/wego/third_impact/build/limo_lidar
[5.550s] running symlink_data
[5.733s] Invoked command in '/home/wego/third_impact/build/limo_lidar' returned '0': PYTHONPATH=/home/wego/third_impact/build/limo_lidar/prefix_override:/usr/lib/python3/dist-packages/colcon_core/task/python/colcon_distutils_commands:/home/wego/third_impact/install/limo_lidar/lib/python3.10/site-packages:${PYTHONPATH} /usr/bin/python3 -W ignore:setup.py install is deprecated -W ignore:easy_install command is deprecated setup.py develop --editable --build-directory /home/wego/third_impact/build/limo_lidar/build --no-deps symlink_data
