[0.277s] [34mcolcon[0m [1;30mDEBUG[0m [32mCommand line arguments: ['/usr/bin/colcon', 'build', '--symlink-install'][0m
[0.277s] [34mcolcon[0m [1;30mDEBUG[0m [32mParsed command line arguments: Namespace(log_base=None, log_level=None, verb_name='build', build_base='build', install_base='install', merge_install=False, symlink_install=True, test_result_base=None, continue_on_error=False, executor='parallel', parallel_workers=6, event_handlers=None, ignore_user_meta=False, metas=['./colcon.meta'], base_paths=['.'], packages_ignore=None, packages_ignore_regex=None, paths=None, packages_up_to=None, packages_up_to_regex=None, packages_above=None, packages_above_and_dependencies=None, packages_above_depth=None, packages_select_by_dep=None, packages_skip_by_dep=None, packages_skip_up_to=None, packages_select_build_failed=False, packages_skip_build_finished=False, packages_select_test_failures=False, packages_skip_test_passed=False, packages_select=None, packages_skip=None, packages_select_regex=None, packages_skip_regex=None, packages_start=None, packages_end=None, allow_overriding=[], cmake_args=None, cmake_target=None, cmake_target_skip_unavailable=False, cmake_clean_cache=False, cmake_clean_first=False, cmake_force_configure=False, ament_cmake_args=None, catkin_cmake_args=None, catkin_skip_building_tests=False, mixin_files=None, mixin=None, verb_parser=<colcon_mixin.mixin.mixin_argument.MixinArgumentDecorator object at 0xffffbb816620>, verb_extension=<colcon_core.verb.build.BuildVerb object at 0xffffbb815900>, main=<bound method BuildVerb.main of <colcon_core.verb.build.BuildVerb object at 0xffffbb815900>>, mixin_verb=('build',))[0m
[0.372s] [34mcolcon.colcon_core.package_discovery[0m [1;30mLevel 1[0m discover_packages(colcon_meta) check parameters
[0.372s] [34mcolcon.colcon_core.package_discovery[0m [1;30mLevel 1[0m discover_packages(recursive) check parameters
[0.372s] [34mcolcon.colcon_core.package_discovery[0m [1;30mLevel 1[0m discover_packages(ignore) check parameters
[0.372s] [34mcolcon.colcon_core.package_discovery[0m [1;30mLevel 1[0m discover_packages(path) check parameters
[0.372s] [34mcolcon.colcon_core.package_discovery[0m [1;30mLevel 1[0m discover_packages(colcon_meta) discover
[0.373s] [34mcolcon.colcon_core.package_discovery[0m [1;30mLevel 1[0m discover_packages(recursive) discover
[0.373s] [34mcolcon.colcon_core.package_discovery[0m [1;30mINFO[0m Crawling recursively for packages in '/home/wego/third_impact'
[0.373s] [34mcolcon.colcon_core.package_identification[0m [1;30mLevel 1[0m _identify(.) by extensions ['ignore', 'ignore_ament_install']
[0.373s] [34mcolcon.colcon_core.package_identification[0m [1;30mLevel 1[0m _identify(.) by extension 'ignore'
[0.374s] [34mcolcon.colcon_core.package_identification[0m [1;30mLevel 1[0m _identify(.) by extension 'ignore_ament_install'
[0.374s] [34mcolcon.colcon_core.package_identification[0m [1;30mLevel 1[0m _identify(.) by extensions ['colcon_pkg']
[0.374s] [34mcolcon.colcon_core.package_identification[0m [1;30mLevel 1[0m _identify(.) by extension 'colcon_pkg'
[0.374s] [34mcolcon.colcon_core.package_identification[0m [1;30mLevel 1[0m _identify(.) by extensions ['colcon_meta']
[0.374s] [34mcolcon.colcon_core.package_identification[0m [1;30mLevel 1[0m _identify(.) by extension 'colcon_meta'
[0.374s] [34mcolcon.colcon_core.package_identification[0m [1;30mLevel 1[0m _identify(.) by extensions ['ros']
[0.374s] [34mcolcon.colcon_core.package_identification[0m [1;30mLevel 1[0m _identify(.) by extension 'ros'
[0.427s] [34mcolcon.colcon_core.package_identification[0m [1;30mLevel 1[0m _identify(.) by extensions ['cmake', 'python']
[0.428s] [34mcolcon.colcon_core.package_identification[0m [1;30mLevel 1[0m _identify(.) by extension 'cmake'
[0.428s] [34mcolcon.colcon_core.package_identification[0m [1;30mLevel 1[0m _identify(.) by extension 'python'
[0.428s] [34mcolcon.colcon_core.package_identification[0m [1;30mLevel 1[0m _identify(.) by extensions ['python_setup_py']
[0.428s] [34mcolcon.colcon_core.package_identification[0m [1;30mLevel 1[0m _identify(.) by extension 'python_setup_py'
[0.428s] [34mcolcon.colcon_core.package_identification[0m [1;30mLevel 1[0m _identify(Log) by extensions ['ignore', 'ignore_ament_install']
[0.429s] [34mcolcon.colcon_core.package_identification[0m [1;30mLevel 1[0m _identify(Log) by extension 'ignore'
[0.429s] [34mcolcon.colcon_core.package_identification[0m [1;30mLevel 1[0m _identify(Log) by extension 'ignore_ament_install'
[0.429s] [34mcolcon.colcon_core.package_identification[0m [1;30mLevel 1[0m _identify(Log) by extensions ['colcon_pkg']
[0.429s] [34mcolcon.colcon_core.package_identification[0m [1;30mLevel 1[0m _identify(Log) by extension 'colcon_pkg'
[0.429s] [34mcolcon.colcon_core.package_identification[0m [1;30mLevel 1[0m _identify(Log) by extensions ['colcon_meta']
[0.429s] [34mcolcon.colcon_core.package_identification[0m [1;30mLevel 1[0m _identify(Log) by extension 'colcon_meta'
[0.429s] [34mcolcon.colcon_core.package_identification[0m [1;30mLevel 1[0m _identify(Log) by extensions ['ros']
[0.429s] [34mcolcon.colcon_core.package_identification[0m [1;30mLevel 1[0m _identify(Log) by extension 'ros'
[0.430s] [34mcolcon.colcon_core.package_identification[0m [1;30mLevel 1[0m _identify(Log) by extensions ['cmake', 'python']
[0.430s] [34mcolcon.colcon_core.package_identification[0m [1;30mLevel 1[0m _identify(Log) by extension 'cmake'
[0.430s] [34mcolcon.colcon_core.package_identification[0m [1;30mLevel 1[0m _identify(Log) by extension 'python'
[0.430s] [34mcolcon.colcon_core.package_identification[0m [1;30mLevel 1[0m _identify(Log) by extensions ['python_setup_py']
[0.430s] [34mcolcon.colcon_core.package_identification[0m [1;30mLevel 1[0m _identify(Log) by extension 'python_setup_py'
[0.430s] [34mcolcon.colcon_core.package_identification[0m [1;30mLevel 1[0m _identify(build) by extensions ['ignore', 'ignore_ament_install']
[0.430s] [34mcolcon.colcon_core.package_identification[0m [1;30mLevel 1[0m _identify(build) by extension 'ignore'
[0.431s] [34mcolcon.colcon_core.package_identification[0m [1;30mLevel 1[0m _identify(build) ignored
[0.431s] [34mcolcon.colcon_core.package_identification[0m [1;30mLevel 1[0m _identify(install) by extensions ['ignore', 'ignore_ament_install']
[0.431s] [34mcolcon.colcon_core.package_identification[0m [1;30mLevel 1[0m _identify(install) by extension 'ignore'
[0.431s] [34mcolcon.colcon_core.package_identification[0m [1;30mLevel 1[0m _identify(install) ignored
[0.431s] [34mcolcon.colcon_core.package_identification[0m [1;30mLevel 1[0m _identify(log) by extensions ['ignore', 'ignore_ament_install']
[0.432s] [34mcolcon.colcon_core.package_identification[0m [1;30mLevel 1[0m _identify(log) by extension 'ignore'
[0.432s] [34mcolcon.colcon_core.package_identification[0m [1;30mLevel 1[0m _identify(log) ignored
[0.432s] [34mcolcon.colcon_core.package_identification[0m [1;30mLevel 1[0m _identify(src) by extensions ['ignore', 'ignore_ament_install']
[0.432s] [34mcolcon.colcon_core.package_identification[0m [1;30mLevel 1[0m _identify(src) by extension 'ignore'
[0.432s] [34mcolcon.colcon_core.package_identification[0m [1;30mLevel 1[0m _identify(src) by extension 'ignore_ament_install'
[0.432s] [34mcolcon.colcon_core.package_identification[0m [1;30mLevel 1[0m _identify(src) by extensions ['colcon_pkg']
[0.432s] [34mcolcon.colcon_core.package_identification[0m [1;30mLevel 1[0m _identify(src) by extension 'colcon_pkg'
[0.433s] [34mcolcon.colcon_core.package_identification[0m [1;30mLevel 1[0m _identify(src) by extensions ['colcon_meta']
[0.433s] [34mcolcon.colcon_core.package_identification[0m [1;30mLevel 1[0m _identify(src) by extension 'colcon_meta'
[0.433s] [34mcolcon.colcon_core.package_identification[0m [1;30mLevel 1[0m _identify(src) by extensions ['ros']
[0.433s] [34mcolcon.colcon_core.package_identification[0m [1;30mLevel 1[0m _identify(src) by extension 'ros'
[0.433s] [34mcolcon.colcon_core.package_identification[0m [1;30mLevel 1[0m _identify(src) by extensions ['cmake', 'python']
[0.433s] [34mcolcon.colcon_core.package_identification[0m [1;30mLevel 1[0m _identify(src) by extension 'cmake'
[0.433s] [34mcolcon.colcon_core.package_identification[0m [1;30mLevel 1[0m _identify(src) by extension 'python'
[0.433s] [34mcolcon.colcon_core.package_identification[0m [1;30mLevel 1[0m _identify(src) by extensions ['python_setup_py']
[0.433s] [34mcolcon.colcon_core.package_identification[0m [1;30mLevel 1[0m _identify(src) by extension 'python_setup_py'
[0.434s] [34mcolcon.colcon_core.package_identification[0m [1;30mLevel 1[0m _identify(src/jetracer_ros2) by extensions ['ignore', 'ignore_ament_install']
[0.434s] [34mcolcon.colcon_core.package_identification[0m [1;30mLevel 1[0m _identify(src/jetracer_ros2) by extension 'ignore'
[0.434s] [34mcolcon.colcon_core.package_identification[0m [1;30mLevel 1[0m _identify(src/jetracer_ros2) by extension 'ignore_ament_install'
[0.434s] [34mcolcon.colcon_core.package_identification[0m [1;30mLevel 1[0m _identify(src/jetracer_ros2) by extensions ['colcon_pkg']
[0.434s] [34mcolcon.colcon_core.package_identification[0m [1;30mLevel 1[0m _identify(src/jetracer_ros2) by extension 'colcon_pkg'
[0.434s] [34mcolcon.colcon_core.package_identification[0m [1;30mLevel 1[0m _identify(src/jetracer_ros2) by extensions ['colcon_meta']
[0.434s] [34mcolcon.colcon_core.package_identification[0m [1;30mLevel 1[0m _identify(src/jetracer_ros2) by extension 'colcon_meta'
[0.435s] [34mcolcon.colcon_core.package_identification[0m [1;30mLevel 1[0m _identify(src/jetracer_ros2) by extensions ['ros']
[0.435s] [34mcolcon.colcon_core.package_identification[0m [1;30mLevel 1[0m _identify(src/jetracer_ros2) by extension 'ros'
[0.440s] [34mcolcon.colcon_core.package_identification[0m [1;30mDEBUG[0m [32mPackage 'src/jetracer_ros2' with type 'ros.ament_python' and name 'jetracer_ros2'[0m
[0.441s] [34mcolcon.colcon_core.package_identification[0m [1;30mLevel 1[0m _identify(src/limo_aj) by extensions ['ignore', 'ignore_ament_install']
[0.441s] [34mcolcon.colcon_core.package_identification[0m [1;30mLevel 1[0m _identify(src/limo_aj) by extension 'ignore'
[0.441s] [34mcolcon.colcon_core.package_identification[0m [1;30mLevel 1[0m _identify(src/limo_aj) by extension 'ignore_ament_install'
[0.441s] [34mcolcon.colcon_core.package_identification[0m [1;30mLevel 1[0m _identify(src/limo_aj) by extensions ['colcon_pkg']
[0.441s] [34mcolcon.colcon_core.package_identification[0m [1;30mLevel 1[0m _identify(src/limo_aj) by extension 'colcon_pkg'
[0.441s] [34mcolcon.colcon_core.package_identification[0m [1;30mLevel 1[0m _identify(src/limo_aj) by extensions ['colcon_meta']
[0.441s] [34mcolcon.colcon_core.package_identification[0m [1;30mLevel 1[0m _identify(src/limo_aj) by extension 'colcon_meta'
[0.442s] [34mcolcon.colcon_core.package_identification[0m [1;30mLevel 1[0m _identify(src/limo_aj) by extensions ['ros']
[0.442s] [34mcolcon.colcon_core.package_identification[0m [1;30mLevel 1[0m _identify(src/limo_aj) by extension 'ros'
[0.443s] [34mcolcon.colcon_core.package_identification[0m [1;30mDEBUG[0m [32mPackage 'src/limo_aj' with type 'ros.ament_python' and name 'limo_aj'[0m
[0.443s] [34mcolcon.colcon_core.package_identification[0m [1;30mLevel 1[0m _identify(src/limo_lidar) by extensions ['ignore', 'ignore_ament_install']
[0.443s] [34mcolcon.colcon_core.package_identification[0m [1;30mLevel 1[0m _identify(src/limo_lidar) by extension 'ignore'
[0.444s] [34mcolcon.colcon_core.package_identification[0m [1;30mLevel 1[0m _identify(src/limo_lidar) by extension 'ignore_ament_install'
[0.444s] [34mcolcon.colcon_core.package_identification[0m [1;30mLevel 1[0m _identify(src/limo_lidar) by extensions ['colcon_pkg']
[0.444s] [34mcolcon.colcon_core.package_identification[0m [1;30mLevel 1[0m _identify(src/limo_lidar) by extension 'colcon_pkg'
[0.444s] [34mcolcon.colcon_core.package_identification[0m [1;30mLevel 1[0m _identify(src/limo_lidar) by extensions ['colcon_meta']
[0.444s] [34mcolcon.colcon_core.package_identification[0m [1;30mLevel 1[0m _identify(src/limo_lidar) by extension 'colcon_meta'
[0.444s] [34mcolcon.colcon_core.package_identification[0m [1;30mLevel 1[0m _identify(src/limo_lidar) by extensions ['ros']
[0.444s] [34mcolcon.colcon_core.package_identification[0m [1;30mLevel 1[0m _identify(src/limo_lidar) by extension 'ros'
[0.445s] [34mcolcon.colcon_core.package_identification[0m [1;30mDEBUG[0m [32mPackage 'src/limo_lidar' with type 'ros.ament_python' and name 'limo_lidar'[0m
[0.446s] [34mcolcon.colcon_core.package_discovery[0m [1;30mLevel 1[0m discover_packages(recursive) using defaults
[0.446s] [34mcolcon.colcon_core.package_discovery[0m [1;30mLevel 1[0m discover_packages(ignore) discover
[0.446s] [34mcolcon.colcon_core.package_discovery[0m [1;30mLevel 1[0m discover_packages(ignore) using defaults
[0.446s] [34mcolcon.colcon_core.package_discovery[0m [1;30mLevel 1[0m discover_packages(path) discover
[0.446s] [34mcolcon.colcon_core.package_discovery[0m [1;30mLevel 1[0m discover_packages(path) using defaults
[0.482s] [34mcolcon.colcon_core.package_discovery[0m [1;30mLevel 1[0m discover_packages(prefix_path) check parameters
[0.483s] [34mcolcon.colcon_core.package_discovery[0m [1;30mLevel 1[0m discover_packages(prefix_path) discover
[0.487s] [34mcolcon.colcon_installed_package_information.package_discovery[0m [1;30mDEBUG[0m [32mFound 3 installed packages in /home/wego/third_impact/install[0m
[0.490s] [34mcolcon.colcon_installed_package_information.package_discovery[0m [1;30mDEBUG[0m [32mFound 365 installed packages in /opt/ros/humble[0m
[0.493s] [34mcolcon.colcon_core.package_discovery[0m [1;30mLevel 1[0m discover_packages(prefix_path) using defaults
[0.620s] [34mcolcon.colcon_core.verb[0m [1;30mLevel 5[0m set package 'jetracer_ros2' build argument 'cmake_args' from command line to 'None'
[0.621s] [34mcolcon.colcon_core.verb[0m [1;30mLevel 5[0m set package 'jetracer_ros2' build argument 'cmake_target' from command line to 'None'
[0.621s] [34mcolcon.colcon_core.verb[0m [1;30mLevel 5[0m set package 'jetracer_ros2' build argument 'cmake_target_skip_unavailable' from command line to 'False'
[0.621s] [34mcolcon.colcon_core.verb[0m [1;30mLevel 5[0m set package 'jetracer_ros2' build argument 'cmake_clean_cache' from command line to 'False'
[0.621s] [34mcolcon.colcon_core.verb[0m [1;30mLevel 5[0m set package 'jetracer_ros2' build argument 'cmake_clean_first' from command line to 'False'
[0.621s] [34mcolcon.colcon_core.verb[0m [1;30mLevel 5[0m set package 'jetracer_ros2' build argument 'cmake_force_configure' from command line to 'False'
[0.621s] [34mcolcon.colcon_core.verb[0m [1;30mLevel 5[0m set package 'jetracer_ros2' build argument 'ament_cmake_args' from command line to 'None'
[0.621s] [34mcolcon.colcon_core.verb[0m [1;30mLevel 5[0m set package 'jetracer_ros2' build argument 'catkin_cmake_args' from command line to 'None'
[0.621s] [34mcolcon.colcon_core.verb[0m [1;30mLevel 5[0m set package 'jetracer_ros2' build argument 'catkin_skip_building_tests' from command line to 'False'
[0.621s] [34mcolcon.colcon_core.verb[0m [1;30mDEBUG[0m [32mBuilding package 'jetracer_ros2' with the following arguments: {'ament_cmake_args': None, 'build_base': '/home/wego/third_impact/build/jetracer_ros2', 'catkin_cmake_args': None, 'catkin_skip_building_tests': False, 'cmake_args': None, 'cmake_clean_cache': False, 'cmake_clean_first': False, 'cmake_force_configure': False, 'cmake_target': None, 'cmake_target_skip_unavailable': False, 'install_base': '/home/wego/third_impact/install/jetracer_ros2', 'merge_install': False, 'path': '/home/wego/third_impact/src/jetracer_ros2', 'symlink_install': True, 'test_result_base': None}[0m
[0.622s] [34mcolcon.colcon_core.verb[0m [1;30mLevel 5[0m set package 'limo_aj' build argument 'cmake_args' from command line to 'None'
[0.622s] [34mcolcon.colcon_core.verb[0m [1;30mLevel 5[0m set package 'limo_aj' build argument 'cmake_target' from command line to 'None'
[0.622s] [34mcolcon.colcon_core.verb[0m [1;30mLevel 5[0m set package 'limo_aj' build argument 'cmake_target_skip_unavailable' from command line to 'False'
[0.623s] [34mcolcon.colcon_core.verb[0m [1;30mLevel 5[0m set package 'limo_aj' build argument 'cmake_clean_cache' from command line to 'False'
[0.623s] [34mcolcon.colcon_core.verb[0m [1;30mLevel 5[0m set package 'limo_aj' build argument 'cmake_clean_first' from command line to 'False'
[0.623s] [34mcolcon.colcon_core.verb[0m [1;30mLevel 5[0m set package 'limo_aj' build argument 'cmake_force_configure' from command line to 'False'
[0.623s] [34mcolcon.colcon_core.verb[0m [1;30mLevel 5[0m set package 'limo_aj' build argument 'ament_cmake_args' from command line to 'None'
[0.623s] [34mcolcon.colcon_core.verb[0m [1;30mLevel 5[0m set package 'limo_aj' build argument 'catkin_cmake_args' from command line to 'None'
[0.623s] [34mcolcon.colcon_core.verb[0m [1;30mLevel 5[0m set package 'limo_aj' build argument 'catkin_skip_building_tests' from command line to 'False'
[0.623s] [34mcolcon.colcon_core.verb[0m [1;30mDEBUG[0m [32mBuilding package 'limo_aj' with the following arguments: {'ament_cmake_args': None, 'build_base': '/home/wego/third_impact/build/limo_aj', 'catkin_cmake_args': None, 'catkin_skip_building_tests': False, 'cmake_args': None, 'cmake_clean_cache': False, 'cmake_clean_first': False, 'cmake_force_configure': False, 'cmake_target': None, 'cmake_target_skip_unavailable': False, 'install_base': '/home/wego/third_impact/install/limo_aj', 'merge_install': False, 'path': '/home/wego/third_impact/src/limo_aj', 'symlink_install': True, 'test_result_base': None}[0m
[0.624s] [34mcolcon.colcon_core.verb[0m [1;30mLevel 5[0m set package 'limo_lidar' build argument 'cmake_args' from command line to 'None'
[0.624s] [34mcolcon.colcon_core.verb[0m [1;30mLevel 5[0m set package 'limo_lidar' build argument 'cmake_target' from command line to 'None'
[0.624s] [34mcolcon.colcon_core.verb[0m [1;30mLevel 5[0m set package 'limo_lidar' build argument 'cmake_target_skip_unavailable' from command line to 'False'
[0.624s] [34mcolcon.colcon_core.verb[0m [1;30mLevel 5[0m set package 'limo_lidar' build argument 'cmake_clean_cache' from command line to 'False'
[0.624s] [34mcolcon.colcon_core.verb[0m [1;30mLevel 5[0m set package 'limo_lidar' build argument 'cmake_clean_first' from command line to 'False'
[0.624s] [34mcolcon.colcon_core.verb[0m [1;30mLevel 5[0m set package 'limo_lidar' build argument 'cmake_force_configure' from command line to 'False'
[0.624s] [34mcolcon.colcon_core.verb[0m [1;30mLevel 5[0m set package 'limo_lidar' build argument 'ament_cmake_args' from command line to 'None'
[0.624s] [34mcolcon.colcon_core.verb[0m [1;30mLevel 5[0m set package 'limo_lidar' build argument 'catkin_cmake_args' from command line to 'None'
[0.624s] [34mcolcon.colcon_core.verb[0m [1;30mLevel 5[0m set package 'limo_lidar' build argument 'catkin_skip_building_tests' from command line to 'False'
[0.624s] [34mcolcon.colcon_core.verb[0m [1;30mDEBUG[0m [32mBuilding package 'limo_lidar' with the following arguments: {'ament_cmake_args': None, 'build_base': '/home/wego/third_impact/build/limo_lidar', 'catkin_cmake_args': None, 'catkin_skip_building_tests': False, 'cmake_args': None, 'cmake_clean_cache': False, 'cmake_clean_first': False, 'cmake_force_configure': False, 'cmake_target': None, 'cmake_target_skip_unavailable': False, 'install_base': '/home/wego/third_impact/install/limo_lidar', 'merge_install': False, 'path': '/home/wego/third_impact/src/limo_lidar', 'symlink_install': True, 'test_result_base': None}[0m
[0.625s] [34mcolcon.colcon_core.executor[0m [1;30mINFO[0m Executing jobs using 'parallel' executor
[0.627s] [34mcolcon.colcon_parallel_executor.executor.parallel[0m [1;30mDEBUG[0m [32mrun_until_complete[0m
[0.627s] [34mcolcon.colcon_ros.task.ament_python.build[0m [1;30mINFO[0m Building ROS package in '/home/wego/third_impact/src/jetracer_ros2' with build type 'ament_python'
[0.628s] [34mcolcon.colcon_core.shell[0m [1;30mLevel 1[0m create_environment_hook('jetracer_ros2', 'ament_prefix_path')
[0.633s] [34mcolcon.colcon_core.plugin_system[0m [1;30mINFO[0m Skipping extension 'colcon_core.shell.bat': Not used on non-Windows systems
[0.633s] [34mcolcon.colcon_core.shell[0m [1;30mINFO[0m Creating environment hook '/home/wego/third_impact/install/jetracer_ros2/share/jetracer_ros2/hook/ament_prefix_path.ps1'
[0.635s] [34mcolcon.colcon_core.shell[0m [1;30mINFO[0m Creating environment descriptor '/home/wego/third_impact/install/jetracer_ros2/share/jetracer_ros2/hook/ament_prefix_path.dsv'
[0.636s] [34mcolcon.colcon_core.shell[0m [1;30mINFO[0m Creating environment hook '/home/wego/third_impact/install/jetracer_ros2/share/jetracer_ros2/hook/ament_prefix_path.sh'
[0.638s] [34mcolcon.colcon_core.shell[0m [1;30mINFO[0m Skip shell extension 'powershell' for command environment: Not usable outside of PowerShell
[0.638s] [34mcolcon.colcon_core.shell[0m [1;30mDEBUG[0m [32mSkip shell extension 'dsv' for command environment[0m
[0.646s] [34mcolcon.colcon_ros.task.ament_python.build[0m [1;30mINFO[0m Building ROS package in '/home/wego/third_impact/src/limo_aj' with build type 'ament_python'
[0.646s] [34mcolcon.colcon_core.shell[0m [1;30mLevel 1[0m create_environment_hook('limo_aj', 'ament_prefix_path')
[0.647s] [34mcolcon.colcon_core.shell[0m [1;30mINFO[0m Creating environment hook '/home/wego/third_impact/install/limo_aj/share/limo_aj/hook/ament_prefix_path.ps1'
[0.648s] [34mcolcon.colcon_core.shell[0m [1;30mINFO[0m Creating environment descriptor '/home/wego/third_impact/install/limo_aj/share/limo_aj/hook/ament_prefix_path.dsv'
[0.650s] [34mcolcon.colcon_core.shell[0m [1;30mINFO[0m Creating environment hook '/home/wego/third_impact/install/limo_aj/share/limo_aj/hook/ament_prefix_path.sh'
[0.651s] [34mcolcon.colcon_core.shell[0m [1;30mINFO[0m Skip shell extension 'powershell' for command environment: Not usable outside of PowerShell
[0.651s] [34mcolcon.colcon_core.shell[0m [1;30mDEBUG[0m [32mSkip shell extension 'dsv' for command environment[0m
[0.658s] [34mcolcon.colcon_ros.task.ament_python.build[0m [1;30mINFO[0m Building ROS package in '/home/wego/third_impact/src/limo_lidar' with build type 'ament_python'
[0.658s] [34mcolcon.colcon_core.shell[0m [1;30mLevel 1[0m create_environment_hook('limo_lidar', 'ament_prefix_path')
[0.659s] [34mcolcon.colcon_core.shell[0m [1;30mINFO[0m Creating environment hook '/home/wego/third_impact/install/limo_lidar/share/limo_lidar/hook/ament_prefix_path.ps1'
[0.660s] [34mcolcon.colcon_core.shell[0m [1;30mINFO[0m Creating environment descriptor '/home/wego/third_impact/install/limo_lidar/share/limo_lidar/hook/ament_prefix_path.dsv'
[0.661s] [34mcolcon.colcon_core.shell[0m [1;30mINFO[0m Creating environment hook '/home/wego/third_impact/install/limo_lidar/share/limo_lidar/hook/ament_prefix_path.sh'
[0.663s] [34mcolcon.colcon_core.shell[0m [1;30mINFO[0m Skip shell extension 'powershell' for command environment: Not usable outside of PowerShell
[0.663s] [34mcolcon.colcon_core.shell[0m [1;30mDEBUG[0m [32mSkip shell extension 'dsv' for command environment[0m
[1.230s] [34mcolcon.colcon_core.task.python.build[0m [1;30mINFO[0m Building Python package in '/home/wego/third_impact/src/jetracer_ros2'
[1.232s] [34mcolcon.colcon_core.shell[0m [1;30mINFO[0m Skip shell extension 'powershell' for command environment: Not usable outside of PowerShell
[1.232s] [34mcolcon.colcon_core.shell[0m [1;30mDEBUG[0m [32mSkip shell extension 'dsv' for command environment[0m
[1.789s] [34mcolcon.colcon_core.task.python.build[0m [1;30mINFO[0m Building Python package in '/home/wego/third_impact/src/limo_aj'
[1.791s] [34mcolcon.colcon_core.shell[0m [1;30mINFO[0m Skip shell extension 'powershell' for command environment: Not usable outside of PowerShell
[1.791s] [34mcolcon.colcon_core.shell[0m [1;30mDEBUG[0m [32mSkip shell extension 'dsv' for command environment[0m
[2.446s] [34mcolcon.colcon_core.task.python.build[0m [1;30mINFO[0m Building Python package in '/home/wego/third_impact/src/limo_lidar'
[2.447s] [34mcolcon.colcon_core.shell[0m [1;30mINFO[0m Skip shell extension 'powershell' for command environment: Not usable outside of PowerShell
[2.448s] [34mcolcon.colcon_core.shell[0m [1;30mDEBUG[0m [32mSkip shell extension 'dsv' for command environment[0m
[3.897s] [34mcolcon.colcon_core.event_handler.log_command[0m [1;30mDEBUG[0m [32mInvoking command in '/home/wego/third_impact/build/jetracer_ros2': PYTHONPATH=/home/wego/third_impact/build/jetracer_ros2/prefix_override:/usr/lib/python3/dist-packages/colcon_core/task/python/colcon_distutils_commands:/home/wego/third_impact/install/jetracer_ros2/lib/python3.10/site-packages:${PYTHONPATH} /usr/bin/python3 -W ignore:setup.py install is deprecated -W ignore:easy_install command is deprecated setup.py develop --editable --build-directory /home/wego/third_impact/build/jetracer_ros2/build --no-deps symlink_data[0m
[3.943s] [34mcolcon.colcon_core.event_handler.log_command[0m [1;30mDEBUG[0m [32mInvoking command in '/home/wego/third_impact/build/limo_aj': PYTHONPATH=/home/wego/third_impact/build/limo_aj/prefix_override:/usr/lib/python3/dist-packages/colcon_core/task/python/colcon_distutils_commands:/home/wego/third_impact/install/limo_aj/lib/python3.10/site-packages:${PYTHONPATH} /usr/bin/python3 -W ignore:setup.py install is deprecated -W ignore:easy_install command is deprecated setup.py develop --editable --build-directory /home/wego/third_impact/build/limo_aj/build --no-deps symlink_data[0m
[3.983s] [34mcolcon.colcon_core.event_handler.log_command[0m [1;30mDEBUG[0m [32mInvoking command in '/home/wego/third_impact/build/limo_lidar': PYTHONPATH=/home/wego/third_impact/build/limo_lidar/prefix_override:/usr/lib/python3/dist-packages/colcon_core/task/python/colcon_distutils_commands:/home/wego/third_impact/install/limo_lidar/lib/python3.10/site-packages:${PYTHONPATH} /usr/bin/python3 -W ignore:setup.py install is deprecated -W ignore:easy_install command is deprecated setup.py develop --editable --build-directory /home/wego/third_impact/build/limo_lidar/build --no-deps symlink_data[0m
[5.726s] [34mcolcon.colcon_core.shell[0m [1;30mLevel 1[0m create_environment_hook('limo_aj', 'pythonpath_develop')
[5.727s] [34mcolcon.colcon_core.shell[0m [1;30mINFO[0m Creating environment hook '/home/wego/third_impact/build/limo_aj/share/limo_aj/hook/pythonpath_develop.ps1'
[5.728s] [34mcolcon.colcon_core.event_handler.log_command[0m [1;30mDEBUG[0m [32mInvoked command in '/home/wego/third_impact/build/limo_aj' returned '0': PYTHONPATH=/home/wego/third_impact/build/limo_aj/prefix_override:/usr/lib/python3/dist-packages/colcon_core/task/python/colcon_distutils_commands:/home/wego/third_impact/install/limo_aj/lib/python3.10/site-packages:${PYTHONPATH} /usr/bin/python3 -W ignore:setup.py install is deprecated -W ignore:easy_install command is deprecated setup.py develop --editable --build-directory /home/wego/third_impact/build/limo_aj/build --no-deps symlink_data[0m
[5.730s] [34mcolcon.colcon_core.shell[0m [1;30mINFO[0m Creating environment descriptor '/home/wego/third_impact/build/limo_aj/share/limo_aj/hook/pythonpath_develop.dsv'
[5.731s] [34mcolcon.colcon_core.shell[0m [1;30mINFO[0m Creating environment hook '/home/wego/third_impact/build/limo_aj/share/limo_aj/hook/pythonpath_develop.sh'
[5.740s] [34mcolcon.colcon_core.environment[0m [1;30mLevel 1[0m checking '/home/wego/third_impact/install/limo_aj' for CMake module files
[5.741s] [34mcolcon.colcon_core.environment[0m [1;30mLevel 1[0m checking '/home/wego/third_impact/install/limo_aj' for CMake config files
[5.743s] [34mcolcon.colcon_core.environment[0m [1;30mLevel 1[0m checking '/home/wego/third_impact/install/limo_aj/lib'
[5.744s] [34mcolcon.colcon_core.environment[0m [1;30mLevel 1[0m checking '/home/wego/third_impact/install/limo_aj/bin'
[5.744s] [34mcolcon.colcon_core.environment[0m [1;30mLevel 1[0m checking '/home/wego/third_impact/install/limo_aj/lib/pkgconfig/limo_aj.pc'
[5.744s] [34mcolcon.colcon_core.environment[0m [1;30mLevel 1[0m checking '/home/wego/third_impact/install/limo_aj/lib/python3.10/site-packages'
[5.745s] [34mcolcon.colcon_core.shell[0m [1;30mLevel 1[0m create_environment_hook('limo_aj', 'pythonpath')
[5.745s] [34mcolcon.colcon_core.shell[0m [1;30mINFO[0m Creating environment hook '/home/wego/third_impact/install/limo_aj/share/limo_aj/hook/pythonpath.ps1'
[5.747s] [34mcolcon.colcon_core.shell[0m [1;30mINFO[0m Creating environment descriptor '/home/wego/third_impact/install/limo_aj/share/limo_aj/hook/pythonpath.dsv'
[5.748s] [34mcolcon.colcon_core.shell[0m [1;30mINFO[0m Creating environment hook '/home/wego/third_impact/install/limo_aj/share/limo_aj/hook/pythonpath.sh'
[5.750s] [34mcolcon.colcon_core.environment[0m [1;30mLevel 1[0m checking '/home/wego/third_impact/install/limo_aj/bin'
[5.750s] [34mcolcon.colcon_core.environment[0m [1;30mLevel 1[0m create_environment_scripts_only(limo_aj)
[5.751s] [34mcolcon.colcon_core.shell[0m [1;30mINFO[0m Creating package script '/home/wego/third_impact/install/limo_aj/share/limo_aj/package.ps1'
[5.754s] [34mcolcon.colcon_core.shell[0m [1;30mINFO[0m Creating package descriptor '/home/wego/third_impact/install/limo_aj/share/limo_aj/package.dsv'
[5.756s] [34mcolcon.colcon_core.shell[0m [1;30mINFO[0m Creating package script '/home/wego/third_impact/install/limo_aj/share/limo_aj/package.sh'
[5.758s] [34mcolcon.colcon_core.shell[0m [1;30mINFO[0m Creating package script '/home/wego/third_impact/install/limo_aj/share/limo_aj/package.bash'
[5.759s] [34mcolcon.colcon_core.shell[0m [1;30mINFO[0m Creating package script '/home/wego/third_impact/install/limo_aj/share/limo_aj/package.zsh'
[5.761s] [34mcolcon.colcon_core.environment[0m [1;30mLevel 1[0m create_file_with_runtime_dependencies(/home/wego/third_impact/install/limo_aj/share/colcon-core/packages/limo_aj)
[5.764s] [34mcolcon.colcon_core.shell[0m [1;30mLevel 1[0m create_environment_hook('jetracer_ros2', 'pythonpath_develop')
[5.765s] [34mcolcon.colcon_core.shell[0m [1;30mINFO[0m Creating environment hook '/home/wego/third_impact/build/jetracer_ros2/share/jetracer_ros2/hook/pythonpath_develop.ps1'
[5.769s] [34mcolcon.colcon_core.event_handler.log_command[0m [1;30mDEBUG[0m [32mInvoked command in '/home/wego/third_impact/build/jetracer_ros2' returned '0': PYTHONPATH=/home/wego/third_impact/build/jetracer_ros2/prefix_override:/usr/lib/python3/dist-packages/colcon_core/task/python/colcon_distutils_commands:/home/wego/third_impact/install/jetracer_ros2/lib/python3.10/site-packages:${PYTHONPATH} /usr/bin/python3 -W ignore:setup.py install is deprecated -W ignore:easy_install command is deprecated setup.py develop --editable --build-directory /home/wego/third_impact/build/jetracer_ros2/build --no-deps symlink_data[0m
[5.770s] [34mcolcon.colcon_core.shell[0m [1;30mINFO[0m Creating environment descriptor '/home/wego/third_impact/build/jetracer_ros2/share/jetracer_ros2/hook/pythonpath_develop.dsv'
[5.772s] [34mcolcon.colcon_core.shell[0m [1;30mINFO[0m Creating environment hook '/home/wego/third_impact/build/jetracer_ros2/share/jetracer_ros2/hook/pythonpath_develop.sh'
[5.775s] [34mcolcon.colcon_core.environment[0m [1;30mLevel 1[0m checking '/home/wego/third_impact/install/jetracer_ros2' for CMake module files
[5.779s] [34mcolcon.colcon_core.environment[0m [1;30mLevel 1[0m checking '/home/wego/third_impact/install/jetracer_ros2' for CMake config files
[5.781s] [34mcolcon.colcon_core.environment[0m [1;30mLevel 1[0m checking '/home/wego/third_impact/install/jetracer_ros2/lib'
[5.781s] [34mcolcon.colcon_core.environment[0m [1;30mLevel 1[0m checking '/home/wego/third_impact/install/jetracer_ros2/bin'
[5.782s] [34mcolcon.colcon_core.environment[0m [1;30mLevel 1[0m checking '/home/wego/third_impact/install/jetracer_ros2/lib/pkgconfig/jetracer_ros2.pc'
[5.782s] [34mcolcon.colcon_core.environment[0m [1;30mLevel 1[0m checking '/home/wego/third_impact/install/jetracer_ros2/lib/python3.10/site-packages'
[5.782s] [34mcolcon.colcon_core.shell[0m [1;30mLevel 1[0m create_environment_hook('jetracer_ros2', 'pythonpath')
[5.783s] [34mcolcon.colcon_core.shell[0m [1;30mINFO[0m Creating environment hook '/home/wego/third_impact/install/jetracer_ros2/share/jetracer_ros2/hook/pythonpath.ps1'
[5.786s] [34mcolcon.colcon_core.shell[0m [1;30mINFO[0m Creating environment descriptor '/home/wego/third_impact/install/jetracer_ros2/share/jetracer_ros2/hook/pythonpath.dsv'
[5.788s] [34mcolcon.colcon_core.shell[0m [1;30mINFO[0m Creating environment hook '/home/wego/third_impact/install/jetracer_ros2/share/jetracer_ros2/hook/pythonpath.sh'
[5.790s] [34mcolcon.colcon_core.environment[0m [1;30mLevel 1[0m checking '/home/wego/third_impact/install/jetracer_ros2/bin'
[5.791s] [34mcolcon.colcon_core.environment[0m [1;30mLevel 1[0m create_environment_scripts_only(jetracer_ros2)
[5.792s] [34mcolcon.colcon_core.shell[0m [1;30mINFO[0m Creating package script '/home/wego/third_impact/install/jetracer_ros2/share/jetracer_ros2/package.ps1'
[5.794s] [34mcolcon.colcon_core.shell[0m [1;30mINFO[0m Creating package descriptor '/home/wego/third_impact/install/jetracer_ros2/share/jetracer_ros2/package.dsv'
[5.795s] [34mcolcon.colcon_core.shell[0m [1;30mINFO[0m Creating package script '/home/wego/third_impact/install/jetracer_ros2/share/jetracer_ros2/package.sh'
[5.796s] [34mcolcon.colcon_core.shell[0m [1;30mINFO[0m Creating package script '/home/wego/third_impact/install/jetracer_ros2/share/jetracer_ros2/package.bash'
[5.797s] [34mcolcon.colcon_core.shell[0m [1;30mINFO[0m Creating package script '/home/wego/third_impact/install/jetracer_ros2/share/jetracer_ros2/package.zsh'
[5.798s] [34mcolcon.colcon_core.environment[0m [1;30mLevel 1[0m create_file_with_runtime_dependencies(/home/wego/third_impact/install/jetracer_ros2/share/colcon-core/packages/jetracer_ros2)
[5.813s] [34mcolcon.colcon_core.shell[0m [1;30mLevel 1[0m create_environment_hook('limo_lidar', 'pythonpath_develop')
[5.814s] [34mcolcon.colcon_core.shell[0m [1;30mINFO[0m Creating environment hook '/home/wego/third_impact/build/limo_lidar/share/limo_lidar/hook/pythonpath_develop.ps1'
[5.816s] [34mcolcon.colcon_core.event_handler.log_command[0m [1;30mDEBUG[0m [32mInvoked command in '/home/wego/third_impact/build/limo_lidar' returned '0': PYTHONPATH=/home/wego/third_impact/build/limo_lidar/prefix_override:/usr/lib/python3/dist-packages/colcon_core/task/python/colcon_distutils_commands:/home/wego/third_impact/install/limo_lidar/lib/python3.10/site-packages:${PYTHONPATH} /usr/bin/python3 -W ignore:setup.py install is deprecated -W ignore:easy_install command is deprecated setup.py develop --editable --build-directory /home/wego/third_impact/build/limo_lidar/build --no-deps symlink_data[0m
[5.817s] [34mcolcon.colcon_core.shell[0m [1;30mINFO[0m Creating environment descriptor '/home/wego/third_impact/build/limo_lidar/share/limo_lidar/hook/pythonpath_develop.dsv'
[5.819s] [34mcolcon.colcon_core.shell[0m [1;30mINFO[0m Creating environment hook '/home/wego/third_impact/build/limo_lidar/share/limo_lidar/hook/pythonpath_develop.sh'
[5.820s] [34mcolcon.colcon_core.environment[0m [1;30mLevel 1[0m checking '/home/wego/third_impact/install/limo_lidar' for CMake module files
[5.821s] [34mcolcon.colcon_core.environment[0m [1;30mLevel 1[0m checking '/home/wego/third_impact/install/limo_lidar' for CMake config files
[5.822s] [34mcolcon.colcon_core.environment[0m [1;30mLevel 1[0m checking '/home/wego/third_impact/install/limo_lidar/lib'
[5.822s] [34mcolcon.colcon_core.environment[0m [1;30mLevel 1[0m checking '/home/wego/third_impact/install/limo_lidar/bin'
[5.823s] [34mcolcon.colcon_core.environment[0m [1;30mLevel 1[0m checking '/home/wego/third_impact/install/limo_lidar/lib/pkgconfig/limo_lidar.pc'
[5.823s] [34mcolcon.colcon_core.environment[0m [1;30mLevel 1[0m checking '/home/wego/third_impact/install/limo_lidar/lib/python3.10/site-packages'
[5.824s] [34mcolcon.colcon_core.shell[0m [1;30mLevel 1[0m create_environment_hook('limo_lidar', 'pythonpath')
[5.824s] [34mcolcon.colcon_core.shell[0m [1;30mINFO[0m Creating environment hook '/home/wego/third_impact/install/limo_lidar/share/limo_lidar/hook/pythonpath.ps1'
[5.825s] [34mcolcon.colcon_core.shell[0m [1;30mINFO[0m Creating environment descriptor '/home/wego/third_impact/install/limo_lidar/share/limo_lidar/hook/pythonpath.dsv'
[5.826s] [34mcolcon.colcon_core.shell[0m [1;30mINFO[0m Creating environment hook '/home/wego/third_impact/install/limo_lidar/share/limo_lidar/hook/pythonpath.sh'
[5.828s] [34mcolcon.colcon_core.environment[0m [1;30mLevel 1[0m checking '/home/wego/third_impact/install/limo_lidar/bin'
[5.828s] [34mcolcon.colcon_core.environment[0m [1;30mLevel 1[0m create_environment_scripts_only(limo_lidar)
[5.829s] [34mcolcon.colcon_core.shell[0m [1;30mINFO[0m Creating package script '/home/wego/third_impact/install/limo_lidar/share/limo_lidar/package.ps1'
[5.830s] [34mcolcon.colcon_core.shell[0m [1;30mINFO[0m Creating package descriptor '/home/wego/third_impact/install/limo_lidar/share/limo_lidar/package.dsv'
[5.832s] [34mcolcon.colcon_core.shell[0m [1;30mINFO[0m Creating package script '/home/wego/third_impact/install/limo_lidar/share/limo_lidar/package.sh'
[5.833s] [34mcolcon.colcon_core.shell[0m [1;30mINFO[0m Creating package script '/home/wego/third_impact/install/limo_lidar/share/limo_lidar/package.bash'
[5.833s] [34mcolcon.colcon_core.shell[0m [1;30mINFO[0m Creating package script '/home/wego/third_impact/install/limo_lidar/share/limo_lidar/package.zsh'
[5.834s] [34mcolcon.colcon_core.environment[0m [1;30mLevel 1[0m create_file_with_runtime_dependencies(/home/wego/third_impact/install/limo_lidar/share/colcon-core/packages/limo_lidar)
[5.835s] [34mcolcon.colcon_parallel_executor.executor.parallel[0m [1;30mDEBUG[0m [32mclosing loop[0m
[5.836s] [34mcolcon.colcon_parallel_executor.executor.parallel[0m [1;30mDEBUG[0m [32mloop closed[0m
[5.836s] [34mcolcon.colcon_parallel_executor.executor.parallel[0m [1;30mDEBUG[0m [32mrun_until_complete finished with '0'[0m
[5.837s] [34mcolcon.colcon_core.event_reactor[0m [1;30mDEBUG[0m [32mjoining thread[0m
[5.851s] [34mcolcon.colcon_core.plugin_system[0m [1;30mINFO[0m Skipping extension 'colcon_notification.desktop_notification.terminal_notifier': Not used on non-Darwin systems
[5.852s] [34mcolcon.colcon_core.plugin_system[0m [1;30mINFO[0m Skipping extension 'colcon_notification.desktop_notification.win32': Not used on non-Windows systems
[5.852s] [34mcolcon.colcon_notification.desktop_notification[0m [1;30mINFO[0m Sending desktop notification using 'notify2'
[5.893s] [34mcolcon.colcon_core.event_reactor[0m [1;30mDEBUG[0m [32mjoined thread[0m
[5.894s] [34mcolcon.colcon_core.shell[0m [1;30mINFO[0m Creating prefix script '/home/wego/third_impact/install/local_setup.ps1'
[5.896s] [34mcolcon.colcon_core.shell[0m [1;30mINFO[0m Creating prefix util module '/home/wego/third_impact/install/_local_setup_util_ps1.py'
[5.900s] [34mcolcon.colcon_core.shell[0m [1;30mINFO[0m Creating prefix chain script '/home/wego/third_impact/install/setup.ps1'
[5.902s] [34mcolcon.colcon_core.shell[0m [1;30mINFO[0m Creating prefix script '/home/wego/third_impact/install/local_setup.sh'
[5.903s] [34mcolcon.colcon_core.shell[0m [1;30mINFO[0m Creating prefix util module '/home/wego/third_impact/install/_local_setup_util_sh.py'
[5.905s] [34mcolcon.colcon_core.shell[0m [1;30mINFO[0m Creating prefix chain script '/home/wego/third_impact/install/setup.sh'
[5.908s] [34mcolcon.colcon_core.shell[0m [1;30mINFO[0m Creating prefix script '/home/wego/third_impact/install/local_setup.bash'
[5.909s] [34mcolcon.colcon_core.shell[0m [1;30mINFO[0m Creating prefix chain script '/home/wego/third_impact/install/setup.bash'
[5.911s] [34mcolcon.colcon_core.shell[0m [1;30mINFO[0m Creating prefix script '/home/wego/third_impact/install/local_setup.zsh'
[5.912s] [34mcolcon.colcon_core.shell[0m [1;30mINFO[0m Creating prefix chain script '/home/wego/third_impact/install/setup.zsh'
