[4.063s] Invoking command in '/home/wego/third_impact/build/jetracer_ros2': PYTHONPATH=/home/wego/third_impact/build/jetracer_ros2/prefix_override:/usr/lib/python3/dist-packages/colcon_core/task/python/colcon_distutils_commands:/home/wego/third_impact/install/jetracer_ros2/lib/python3.10/site-packages:${PYTHONPATH} /usr/bin/python3 -W ignore:setup.py install is deprecated -W ignore:easy_install command is deprecated setup.py develop --editable --build-directory /home/wego/third_impact/build/jetracer_ros2/build --no-deps symlink_data
[5.019s] running develop
[5.683s] running egg_info
[5.684s] creating jetracer_ros2.egg-info
[5.742s] writing jetracer_ros2.egg-info/PKG-INFO
[5.743s] writing dependency_links to jetracer_ros2.egg-info/dependency_links.txt
[5.743s] writing entry points to jetracer_ros2.egg-info/entry_points.txt
[5.744s] writing requirements to jetracer_ros2.egg-info/requires.txt
[5.745s] writing top-level names to jetracer_ros2.egg-info/top_level.txt
[5.745s] writing manifest file 'jetracer_ros2.egg-info/SOURCES.txt'
[5.889s] reading manifest file 'jetracer_ros2.egg-info/SOURCES.txt'
[5.892s] writing manifest file 'jetracer_ros2.egg-info/SOURCES.txt'
[5.996s] running build_ext
[5.996s] Creating /home/wego/third_impact/install/jetracer_ros2/lib/python3.10/site-packages/jetracer-ros2.egg-link (link to .)
[6.001s] Installing data_collection_node script to /home/wego/third_impact/install/jetracer_ros2/lib/jetracer_ros2
[6.002s] Installing debug_mission_traffic_light_node script to /home/wego/third_impact/install/jetracer_ros2/lib/jetracer_ros2
[6.002s] Installing inference_StopAndGo_with_joy_node script to /home/wego/third_impact/install/jetracer_ros2/lib/jetracer_ros2
[6.003s] Installing inference_StopAndGo_with_lidar_node script to /home/wego/third_impact/install/jetracer_ros2/lib/jetracer_ros2
[6.004s] Installing inference_node script to /home/wego/third_impact/install/jetracer_ros2/lib/jetracer_ros2
[6.004s] Installing inference_people_estop_node script to /home/wego/third_impact/install/jetracer_ros2/lib/jetracer_ros2
[6.005s] Installing mission_inference_node script to /home/wego/third_impact/install/jetracer_ros2/lib/jetracer_ros2
[6.005s] Installing mission_manager_node script to /home/wego/third_impact/install/jetracer_ros2/lib/jetracer_ros2
[6.005s] Installing mission_manager_tunnel_test_node script to /home/wego/third_impact/install/jetracer_ros2/lib/jetracer_ros2
[6.006s] Installing mission_traffic_light_node script to /home/wego/third_impact/install/jetracer_ros2/lib/jetracer_ros2
[6.007s] Installing mission_tunnel_node script to /home/wego/third_impact/install/jetracer_ros2/lib/jetracer_ros2
[6.008s] 
[6.008s] Installed /home/wego/third_impact/build/jetracer_ros2
[6.008s] running symlink_data
[6.009s] creating /home/wego/third_impact/install/jetracer_ros2/share/ament_index
[6.009s] creating /home/wego/third_impact/install/jetracer_ros2/share/ament_index/resource_index
[6.010s] creating /home/wego/third_impact/install/jetracer_ros2/share/ament_index/resource_index/packages
[6.010s] symbolically linking /home/wego/third_impact/build/jetracer_ros2/resource/jetracer_ros2 -> /home/wego/third_impact/install/jetracer_ros2/share/ament_index/resource_index/packages
[6.010s] symbolically linking /home/wego/third_impact/build/jetracer_ros2/package.xml -> /home/wego/third_impact/install/jetracer_ros2/share/jetracer_ros2
[6.010s] creating /home/wego/third_impact/install/jetracer_ros2/share/jetracer_ros2/launch
[6.011s] creating /home/wego/third_impact/install/jetracer_ros2/share/jetracer_ros2/params
[6.011s] symbolically linking /home/wego/third_impact/build/jetracer_ros2/params/params.yaml -> /home/wego/third_impact/install/jetracer_ros2/share/jetracer_ros2/params
[6.145s] Invoked command in '/home/wego/third_impact/build/jetracer_ros2' returned '0': PYTHONPATH=/home/wego/third_impact/build/jetracer_ros2/prefix_override:/usr/lib/python3/dist-packages/colcon_core/task/python/colcon_distutils_commands:/home/wego/third_impact/install/jetracer_ros2/lib/python3.10/site-packages:${PYTHONPATH} /usr/bin/python3 -W ignore:setup.py install is deprecated -W ignore:easy_install command is deprecated setup.py develop --editable --build-directory /home/wego/third_impact/build/jetracer_ros2/build --no-deps symlink_data
