[3.799s] Invoking command in '/home/wego/third_impact/build/jetracer_ros2': PYTHONPATH=/home/wego/third_impact/build/jetracer_ros2/prefix_override:/usr/lib/python3/dist-packages/colcon_core/task/python/colcon_distutils_commands:/home/wego/third_impact/install/jetracer_ros2/lib/python3.10/site-packages:${PYTHONPATH} /usr/bin/python3 -W ignore:setup.py install is deprecated -W ignore:easy_install command is deprecated setup.py develop --editable --build-directory /home/wego/third_impact/build/jetracer_ros2/build --no-deps symlink_data
[4.664s] running develop
[5.255s] running egg_info
[5.256s] creating jetracer_ros2.egg-info
[5.302s] writing jetracer_ros2.egg-info/PKG-INFO
[5.303s] writing dependency_links to jetracer_ros2.egg-info/dependency_links.txt
[5.304s] writing entry points to jetracer_ros2.egg-info/entry_points.txt
[5.304s] writing requirements to jetracer_ros2.egg-info/requires.txt
[5.305s] writing top-level names to jetracer_ros2.egg-info/top_level.txt
[5.305s] writing manifest file 'jetracer_ros2.egg-info/SOURCES.txt'
[5.398s] reading manifest file 'jetracer_ros2.egg-info/SOURCES.txt'
[5.399s] writing manifest file 'jetracer_ros2.egg-info/SOURCES.txt'
[5.486s] running build_ext
[5.486s] Creating /home/wego/third_impact/install/jetracer_ros2/lib/python3.10/site-packages/jetracer-ros2.egg-link (link to .)
[5.488s] Installing data_collection_node script to /home/wego/third_impact/install/jetracer_ros2/lib/jetracer_ros2
[5.489s] Installing debug_mission_people_estop_node script to /home/wego/third_impact/install/jetracer_ros2/lib/jetracer_ros2
[5.490s] Installing debug_mission_traffic_light_node script to /home/wego/third_impact/install/jetracer_ros2/lib/jetracer_ros2
[5.491s] Installing inference_StopAndGo_with_joy_node script to /home/wego/third_impact/install/jetracer_ros2/lib/jetracer_ros2
[5.495s] Installing inference_StopAndGo_with_lidar_node script to /home/wego/third_impact/install/jetracer_ros2/lib/jetracer_ros2
[5.495s] Installing inference_go_stop_2_node script to /home/wego/third_impact/install/jetracer_ros2/lib/jetracer_ros2
[5.495s] Installing inference_go_stop_node script to /home/wego/third_impact/install/jetracer_ros2/lib/jetracer_ros2
[5.495s] Installing inference_node script to /home/wego/third_impact/install/jetracer_ros2/lib/jetracer_ros2
[5.496s] Installing inference_people_estop_node script to /home/wego/third_impact/install/jetracer_ros2/lib/jetracer_ros2
[5.496s] Installing mission_inference_node script to /home/wego/third_impact/install/jetracer_ros2/lib/jetracer_ros2
[5.496s] Installing mission_manager_node script to /home/wego/third_impact/install/jetracer_ros2/lib/jetracer_ros2
[5.496s] Installing mission_manager_pestop_test_node script to /home/wego/third_impact/install/jetracer_ros2/lib/jetracer_ros2
[5.497s] Installing mission_manager_track_following_test_node script to /home/wego/third_impact/install/jetracer_ros2/lib/jetracer_ros2
[5.498s] Installing mission_manager_tunnel_test_node script to /home/wego/third_impact/install/jetracer_ros2/lib/jetracer_ros2
[5.498s] Installing mission_parking_node script to /home/wego/third_impact/install/jetracer_ros2/lib/jetracer_ros2
[5.498s] Installing mission_people_estop_node script to /home/wego/third_impact/install/jetracer_ros2/lib/jetracer_ros2
[5.498s] Installing mission_track_following_node script to /home/wego/third_impact/install/jetracer_ros2/lib/jetracer_ros2
[5.499s] Installing mission_traffic_light_node script to /home/wego/third_impact/install/jetracer_ros2/lib/jetracer_ros2
[5.500s] Installing mission_tunnel_node script to /home/wego/third_impact/install/jetracer_ros2/lib/jetracer_ros2
[5.500s] 
[5.501s] Installed /home/wego/third_impact/build/jetracer_ros2
[5.501s] running symlink_data
[5.501s] creating /home/wego/third_impact/install/jetracer_ros2/share/ament_index
[5.502s] creating /home/wego/third_impact/install/jetracer_ros2/share/ament_index/resource_index
[5.503s] creating /home/wego/third_impact/install/jetracer_ros2/share/ament_index/resource_index/packages
[5.503s] symbolically linking /home/wego/third_impact/build/jetracer_ros2/resource/jetracer_ros2 -> /home/wego/third_impact/install/jetracer_ros2/share/ament_index/resource_index/packages
[5.504s] symbolically linking /home/wego/third_impact/build/jetracer_ros2/package.xml -> /home/wego/third_impact/install/jetracer_ros2/share/jetracer_ros2
[5.504s] creating /home/wego/third_impact/install/jetracer_ros2/share/jetracer_ros2/launch
[5.505s] symbolically linking /home/wego/third_impact/build/jetracer_ros2/launch/all_in_node.launch.py -> /home/wego/third_impact/install/jetracer_ros2/share/jetracer_ros2/launch
[5.505s] creating /home/wego/third_impact/install/jetracer_ros2/share/jetracer_ros2/params
[5.505s] symbolically linking /home/wego/third_impact/build/jetracer_ros2/params/params.yaml -> /home/wego/third_impact/install/jetracer_ros2/share/jetracer_ros2/params
[5.652s] Invoked command in '/home/wego/third_impact/build/jetracer_ros2' returned '0': PYTHONPATH=/home/wego/third_impact/build/jetracer_ros2/prefix_override:/usr/lib/python3/dist-packages/colcon_core/task/python/colcon_distutils_commands:/home/wego/third_impact/install/jetracer_ros2/lib/python3.10/site-packages:${PYTHONPATH} /usr/bin/python3 -W ignore:setup.py install is deprecated -W ignore:easy_install command is deprecated setup.py develop --editable --build-directory /home/wego/third_impact/build/jetracer_ros2/build --no-deps symlink_data
