[3.227s] Invoking command in '/home/wego/third_impact/build/limo_aj': PYTHONPATH=/home/wego/third_impact/build/limo_aj/prefix_override:/usr/lib/python3/dist-packages/colcon_core/task/python/colcon_distutils_commands:/home/wego/third_impact/install/limo_aj/lib/python3.10/site-packages:${PYTHONPATH} /usr/bin/python3 -W ignore:setup.py install is deprecated -W ignore:easy_install command is deprecated setup.py develop --editable --build-directory /home/wego/third_impact/build/limo_aj/build --no-deps symlink_data
[4.075s] running develop
[4.677s] running egg_info
[4.723s] writing limo_aj.egg-info/PKG-INFO
[4.724s] writing dependency_links to limo_aj.egg-info/dependency_links.txt
[4.725s] writing entry points to limo_aj.egg-info/entry_points.txt
[4.725s] writing requirements to limo_aj.egg-info/requires.txt
[4.726s] writing top-level names to limo_aj.egg-info/top_level.txt
[4.818s] reading manifest file 'limo_aj.egg-info/SOURCES.txt'
[4.820s] writing manifest file 'limo_aj.egg-info/SOURCES.txt'
[4.901s] running build_ext
[4.901s] Creating /home/wego/third_impact/install/limo_aj/lib/python3.10/site-packages/limo-aj.egg-link (link to .)
[4.903s] Installing cone_check_node script to /home/wego/third_impact/install/limo_aj/lib/limo_aj
[4.903s] Installing cone_node script to /home/wego/third_impact/install/limo_aj/lib/limo_aj
[4.905s] Installing lidar_angle_node script to /home/wego/third_impact/install/limo_aj/lib/limo_aj
[4.908s] Installing lidar_check_node script to /home/wego/third_impact/install/limo_aj/lib/limo_aj
[4.911s] Installing steering_test_node script to /home/wego/third_impact/install/limo_aj/lib/limo_aj
[4.911s] Installing traffic_node script to /home/wego/third_impact/install/limo_aj/lib/limo_aj
[4.911s] 
[4.911s] Installed /home/wego/third_impact/build/limo_aj
[4.912s] running symlink_data
[5.069s] Invoked command in '/home/wego/third_impact/build/limo_aj' returned '0': PYTHONPATH=/home/wego/third_impact/build/limo_aj/prefix_override:/usr/lib/python3/dist-packages/colcon_core/task/python/colcon_distutils_commands:/home/wego/third_impact/install/limo_aj/lib/python3.10/site-packages:${PYTHONPATH} /usr/bin/python3 -W ignore:setup.py install is deprecated -W ignore:easy_install command is deprecated setup.py develop --editable --build-directory /home/wego/third_impact/build/limo_aj/build --no-deps symlink_data
