[4.542s] Invoking command in '/home/wego/third_impact/build/limo_aj': PYTHONPATH=/home/wego/third_impact/build/limo_aj/prefix_override:/usr/lib/python3/dist-packages/colcon_core/task/python/colcon_distutils_commands:/home/wego/third_impact/install/limo_aj/lib/python3.10/site-packages:${PYTHONPATH} /usr/bin/python3 -W ignore:setup.py install is deprecated -W ignore:easy_install command is deprecated setup.py develop --editable --build-directory /home/wego/third_impact/build/limo_aj/build --no-deps symlink_data
[5.601s] running develop
[6.542s] running egg_info
[6.616s] writing limo_aj.egg-info/PKG-INFO
[6.617s] writing dependency_links to limo_aj.egg-info/dependency_links.txt
[6.618s] writing entry points to limo_aj.egg-info/entry_points.txt
[6.620s] writing requirements to limo_aj.egg-info/requires.txt
[6.621s] writing top-level names to limo_aj.egg-info/top_level.txt
[6.722s] reading manifest file 'limo_aj.egg-info/SOURCES.txt'
[6.724s] writing manifest file 'limo_aj.egg-info/SOURCES.txt'
[6.810s] running build_ext
[6.810s] Creating /home/wego/third_impact/install/limo_aj/lib/python3.10/site-packages/limo-aj.egg-link (link to .)
[6.812s] Installing cone_check_node script to /home/wego/third_impact/install/limo_aj/lib/limo_aj
[6.813s] Installing cone_node script to /home/wego/third_impact/install/limo_aj/lib/limo_aj
[6.813s] Installing lidar_angle_node script to /home/wego/third_impact/install/limo_aj/lib/limo_aj
[6.814s] Installing lidar_check_node script to /home/wego/third_impact/install/limo_aj/lib/limo_aj
[6.814s] Installing steering_test_node script to /home/wego/third_impact/install/limo_aj/lib/limo_aj
[6.815s] Installing traffic_node script to /home/wego/third_impact/install/limo_aj/lib/limo_aj
[6.815s] 
[6.816s] Installed /home/wego/third_impact/build/limo_aj
[6.816s] running symlink_data
[6.960s] Invoked command in '/home/wego/third_impact/build/limo_aj' returned '0': PYTHONPATH=/home/wego/third_impact/build/limo_aj/prefix_override:/usr/lib/python3/dist-packages/colcon_core/task/python/colcon_distutils_commands:/home/wego/third_impact/install/limo_aj/lib/python3.10/site-packages:${PYTHONPATH} /usr/bin/python3 -W ignore:setup.py install is deprecated -W ignore:easy_install command is deprecated setup.py develop --editable --build-directory /home/wego/third_impact/build/limo_aj/build --no-deps symlink_data
