[3.900s] Invoking command in '/home/wego/third_impact/build/slam_parking': PYTHONPATH=/home/wego/third_impact/build/slam_parking/prefix_override:/usr/lib/python3/dist-packages/colcon_core/task/python/colcon_distutils_commands:/home/wego/third_impact/install/slam_parking/lib/python3.10/site-packages:${PYTHONPATH} /usr/bin/python3 -W ignore:setup.py install is deprecated -W ignore:easy_install command is deprecated setup.py develop --editable --build-directory /home/wego/third_impact/build/slam_parking/build --no-deps symlink_data
[4.853s] running develop
[5.532s] running egg_info
[5.533s] creating slam_parking.egg-info
[5.584s] writing slam_parking.egg-info/PKG-INFO
[5.586s] writing dependency_links to slam_parking.egg-info/dependency_links.txt
[5.587s] writing entry points to slam_parking.egg-info/entry_points.txt
[5.588s] writing requirements to slam_parking.egg-info/requires.txt
[5.588s] writing top-level names to slam_parking.egg-info/top_level.txt
[5.589s] writing manifest file 'slam_parking.egg-info/SOURCES.txt'
[5.693s] reading manifest file 'slam_parking.egg-info/SOURCES.txt'
[5.694s] writing manifest file 'slam_parking.egg-info/SOURCES.txt'
[5.776s] running build_ext
[5.777s] Creating /home/wego/third_impact/install/slam_parking/lib/python3.10/site-packages/slam-parking.egg-link (link to .)
[5.786s] Installing parking_navigator_node script to /home/wego/third_impact/install/slam_parking/lib/slam_parking
[5.787s] Installing parking_pose_recorder_node script to /home/wego/third_impact/install/slam_parking/lib/slam_parking
[5.789s] 
[5.789s] Installed /home/wego/third_impact/build/slam_parking
[5.792s] running symlink_data
[5.796s] creating /home/wego/third_impact/install/slam_parking/share/ament_index
[5.796s] creating /home/wego/third_impact/install/slam_parking/share/ament_index/resource_index
[5.796s] creating /home/wego/third_impact/install/slam_parking/share/ament_index/resource_index/packages
[5.796s] symbolically linking /home/wego/third_impact/build/slam_parking/resource/slam_parking -> /home/wego/third_impact/install/slam_parking/share/ament_index/resource_index/packages
[5.797s] symbolically linking /home/wego/third_impact/build/slam_parking/package.xml -> /home/wego/third_impact/install/slam_parking/share/slam_parking
[5.952s] Invoked command in '/home/wego/third_impact/build/slam_parking' returned '0': PYTHONPATH=/home/wego/third_impact/build/slam_parking/prefix_override:/usr/lib/python3/dist-packages/colcon_core/task/python/colcon_distutils_commands:/home/wego/third_impact/install/slam_parking/lib/python3.10/site-packages:${PYTHONPATH} /usr/bin/python3 -W ignore:setup.py install is deprecated -W ignore:easy_install command is deprecated setup.py develop --editable --build-directory /home/wego/third_impact/build/slam_parking/build --no-deps symlink_data
