[3.975s] Invoking command in '/home/wego/third_impact/build/jetracer_ros2': PYTHONPATH=/home/wego/third_impact/build/jetracer_ros2/prefix_override:/usr/lib/python3/dist-packages/colcon_core/task/python/colcon_distutils_commands:/home/wego/third_impact/install/jetracer_ros2/lib/python3.10/site-packages:${PYTHONPATH} /usr/bin/python3 -W ignore:setup.py install is deprecated -W ignore:easy_install command is deprecated setup.py develop --editable --build-directory /home/wego/third_impact/build/jetracer_ros2/build --no-deps symlink_data
[4.967s] running develop
[5.574s] running egg_info
[5.574s] creating jetracer_ros2.egg-info
[5.620s] writing jetracer_ros2.egg-info/PKG-INFO
[5.625s] writing dependency_links to jetracer_ros2.egg-info/dependency_links.txt
[5.626s] writing entry points to jetracer_ros2.egg-info/entry_points.txt
[5.626s] writing requirements to jetracer_ros2.egg-info/requires.txt
[5.626s] writing top-level names to jetracer_ros2.egg-info/top_level.txt
[5.627s] writing manifest file 'jetracer_ros2.egg-info/SOURCES.txt'
[5.721s] reading manifest file 'jetracer_ros2.egg-info/SOURCES.txt'
[5.722s] writing manifest file 'jetracer_ros2.egg-info/SOURCES.txt'
[5.799s] running build_ext
[5.799s] Creating /home/wego/third_impact/install/jetracer_ros2/lib/python3.10/site-packages/jetracer-ros2.egg-link (link to .)
[5.801s] Installing data_collection_node script to /home/wego/third_impact/install/jetracer_ros2/lib/jetracer_ros2
[5.801s] Installing inference_StopAndGo_with_joy_node script to /home/wego/third_impact/install/jetracer_ros2/lib/jetracer_ros2
[5.802s] Installing inference_StopAndGo_with_lidar_node script to /home/wego/third_impact/install/jetracer_ros2/lib/jetracer_ros2
[5.802s] Installing inference_node script to /home/wego/third_impact/install/jetracer_ros2/lib/jetracer_ros2
[5.802s] Installing inference_people_estop_node script to /home/wego/third_impact/install/jetracer_ros2/lib/jetracer_ros2
[5.811s] Installing mission_inference_node script to /home/wego/third_impact/install/jetracer_ros2/lib/jetracer_ros2
[5.811s] Installing mission_manager_node script to /home/wego/third_impact/install/jetracer_ros2/lib/jetracer_ros2
[5.811s] 
[5.812s] Installed /home/wego/third_impact/build/jetracer_ros2
[5.813s] running symlink_data
[5.813s] creating /home/wego/third_impact/install/jetracer_ros2/share/ament_index
[5.813s] creating /home/wego/third_impact/install/jetracer_ros2/share/ament_index/resource_index
[5.813s] creating /home/wego/third_impact/install/jetracer_ros2/share/ament_index/resource_index/packages
[5.814s] symbolically linking /home/wego/third_impact/build/jetracer_ros2/resource/jetracer_ros2 -> /home/wego/third_impact/install/jetracer_ros2/share/ament_index/resource_index/packages
[5.814s] symbolically linking /home/wego/third_impact/build/jetracer_ros2/package.xml -> /home/wego/third_impact/install/jetracer_ros2/share/jetracer_ros2
[5.814s] creating /home/wego/third_impact/install/jetracer_ros2/share/jetracer_ros2/launch
[5.814s] creating /home/wego/third_impact/install/jetracer_ros2/share/jetracer_ros2/params
[5.815s] symbolically linking /home/wego/third_impact/build/jetracer_ros2/params/params.yaml -> /home/wego/third_impact/install/jetracer_ros2/share/jetracer_ros2/params
[5.916s] Invoked command in '/home/wego/third_impact/build/jetracer_ros2' returned '0': PYTHONPATH=/home/wego/third_impact/build/jetracer_ros2/prefix_override:/usr/lib/python3/dist-packages/colcon_core/task/python/colcon_distutils_commands:/home/wego/third_impact/install/jetracer_ros2/lib/python3.10/site-packages:${PYTHONPATH} /usr/bin/python3 -W ignore:setup.py install is deprecated -W ignore:easy_install command is deprecated setup.py develop --editable --build-directory /home/wego/third_impact/build/jetracer_ros2/build --no-deps symlink_data
