[5.119s] Invoking command in '/home/wego/third_impact/build/limo_lidar': PYTHONPATH=/home/wego/third_impact/build/limo_lidar/prefix_override:/usr/lib/python3/dist-packages/colcon_core/task/python/colcon_distutils_commands:/home/wego/third_impact/install/limo_lidar/lib/python3.10/site-packages:${PYTHONPATH} /usr/bin/python3 -W ignore:setup.py install is deprecated -W ignore:easy_install command is deprecated setup.py develop --editable --build-directory /home/wego/third_impact/build/limo_lidar/build --no-deps symlink_data
[6.486s] running develop
[7.546s] running egg_info
[7.609s] writing limo_lidar.egg-info/PKG-INFO
[7.611s] writing dependency_links to limo_lidar.egg-info/dependency_links.txt
[7.612s] writing entry points to limo_lidar.egg-info/entry_points.txt
[7.614s] writing requirements to limo_lidar.egg-info/requires.txt
[7.615s] writing top-level names to limo_lidar.egg-info/top_level.txt
[7.725s] reading manifest file 'limo_lidar.egg-info/SOURCES.txt'
[7.728s] writing manifest file 'limo_lidar.egg-info/SOURCES.txt'
[7.826s] running build_ext
[7.830s] Creating /home/wego/third_impact/install/limo_lidar/lib/python3.10/site-packages/limo-lidar.egg-link (link to .)
[7.831s] Installing lidar_parking script to /home/wego/third_impact/install/limo_lidar/lib/limo_lidar
[7.832s] Installing lidar_parking_2 script to /home/wego/third_impact/install/limo_lidar/lib/limo_lidar
[7.836s] Installing line_check script to /home/wego/third_impact/install/limo_lidar/lib/limo_lidar
[7.837s] Installing obstacle_avoid script to /home/wego/third_impact/install/limo_lidar/lib/limo_lidar
[7.838s] Installing parking script to /home/wego/third_impact/install/limo_lidar/lib/limo_lidar
[7.839s] Installing reset_steer script to /home/wego/third_impact/install/limo_lidar/lib/limo_lidar
[7.840s] Installing stop_and_go script to /home/wego/third_impact/install/limo_lidar/lib/limo_lidar
[7.842s] Installing stop_test script to /home/wego/third_impact/install/limo_lidar/lib/limo_lidar
[7.842s] Installing stop_test_2 script to /home/wego/third_impact/install/limo_lidar/lib/limo_lidar
[7.843s] Installing test script to /home/wego/third_impact/install/limo_lidar/lib/limo_lidar
[7.844s] 
[7.845s] Installed /home/wego/third_impact/build/limo_lidar
[7.845s] running symlink_data
[7.998s] Invoked command in '/home/wego/third_impact/build/limo_lidar' returned '0': PYTHONPATH=/home/wego/third_impact/build/limo_lidar/prefix_override:/usr/lib/python3/dist-packages/colcon_core/task/python/colcon_distutils_commands:/home/wego/third_impact/install/limo_lidar/lib/python3.10/site-packages:${PYTHONPATH} /usr/bin/python3 -W ignore:setup.py install is deprecated -W ignore:easy_install command is deprecated setup.py develop --editable --build-directory /home/wego/third_impact/build/limo_lidar/build --no-deps symlink_data
