/home/wego/third_impact/install/jetracer_ros2/lib/python3.10/site-packages/jetracer_ros2/mission_track_following_node.py
/home/wego/third_impact/install/jetracer_ros2/lib/python3.10/site-packages/jetracer_ros2/inference_node.py
/home/wego/third_impact/install/jetracer_ros2/lib/python3.10/site-packages/jetracer_ros2/__init__.py
/home/wego/third_impact/install/jetracer_ros2/lib/python3.10/site-packages/jetracer_ros2/mission_people_estop_node.py
/home/wego/third_impact/install/jetracer_ros2/lib/python3.10/site-packages/jetracer_ros2/mission_manager_node.py
/home/wego/third_impact/install/jetracer_ros2/lib/python3.10/site-packages/jetracer_ros2/debug_mission_tunnel_node.py
/home/wego/third_impact/install/jetracer_ros2/lib/python3.10/site-packages/jetracer_ros2/mission_tunnel_node.py
/home/wego/third_impact/install/jetracer_ros2/lib/python3.10/site-packages/jetracer_ros2/debug_mission_people_estop_node.py
/home/wego/third_impact/install/jetracer_ros2/lib/python3.10/site-packages/jetracer_ros2/mission_inference_node.py
/home/wego/third_impact/install/jetracer_ros2/lib/python3.10/site-packages/jetracer_ros2/debug_mission_track_following_node.py
/home/wego/third_impact/install/jetracer_ros2/lib/python3.10/site-packages/jetracer_ros2/debug_mission_traffic_light_node.py
/home/wego/third_impact/install/jetracer_ros2/lib/python3.10/site-packages/jetracer_ros2/data_collection_node.py
/home/wego/third_impact/install/jetracer_ros2/lib/python3.10/site-packages/jetracer_ros2/mission_parking_node.py
/home/wego/third_impact/install/jetracer_ros2/lib/python3.10/site-packages/jetracer_ros2/mission_traffic_light_node.py
/home/wego/third_impact/install/jetracer_ros2/lib/python3.10/site-packages/jetracer_ros2/inference_go_stop_node.py
/home/wego/third_impact/install/jetracer_ros2/lib/python3.10/site-packages/jetracer_ros2/utils/__init__.py
/home/wego/third_impact/install/jetracer_ros2/lib/python3.10/site-packages/jetracer_ros2/utils/ackermann_utils.py
/home/wego/third_impact/install/jetracer_ros2/lib/python3.10/site-packages/jetracer_ros2/__pycache__/mission_track_following_node.cpython-310.pyc
/home/wego/third_impact/install/jetracer_ros2/lib/python3.10/site-packages/jetracer_ros2/__pycache__/inference_node.cpython-310.pyc
/home/wego/third_impact/install/jetracer_ros2/lib/python3.10/site-packages/jetracer_ros2/__pycache__/__init__.cpython-310.pyc
/home/wego/third_impact/install/jetracer_ros2/lib/python3.10/site-packages/jetracer_ros2/__pycache__/mission_people_estop_node.cpython-310.pyc
/home/wego/third_impact/install/jetracer_ros2/lib/python3.10/site-packages/jetracer_ros2/__pycache__/mission_manager_node.cpython-310.pyc
/home/wego/third_impact/install/jetracer_ros2/lib/python3.10/site-packages/jetracer_ros2/__pycache__/debug_mission_tunnel_node.cpython-310.pyc
/home/wego/third_impact/install/jetracer_ros2/lib/python3.10/site-packages/jetracer_ros2/__pycache__/mission_tunnel_node.cpython-310.pyc
/home/wego/third_impact/install/jetracer_ros2/lib/python3.10/site-packages/jetracer_ros2/__pycache__/debug_mission_people_estop_node.cpython-310.pyc
/home/wego/third_impact/install/jetracer_ros2/lib/python3.10/site-packages/jetracer_ros2/__pycache__/mission_inference_node.cpython-310.pyc
/home/wego/third_impact/install/jetracer_ros2/lib/python3.10/site-packages/jetracer_ros2/__pycache__/debug_mission_track_following_node.cpython-310.pyc
/home/wego/third_impact/install/jetracer_ros2/lib/python3.10/site-packages/jetracer_ros2/__pycache__/debug_mission_traffic_light_node.cpython-310.pyc
/home/wego/third_impact/install/jetracer_ros2/lib/python3.10/site-packages/jetracer_ros2/__pycache__/data_collection_node.cpython-310.pyc
/home/wego/third_impact/install/jetracer_ros2/lib/python3.10/site-packages/jetracer_ros2/__pycache__/mission_parking_node.cpython-310.pyc
/home/wego/third_impact/install/jetracer_ros2/lib/python3.10/site-packages/jetracer_ros2/__pycache__/mission_traffic_light_node.cpython-310.pyc
/home/wego/third_impact/install/jetracer_ros2/lib/python3.10/site-packages/jetracer_ros2/__pycache__/inference_go_stop_node.cpython-310.pyc
/home/wego/third_impact/install/jetracer_ros2/lib/python3.10/site-packages/jetracer_ros2/utils/__pycache__/__init__.cpython-310.pyc
/home/wego/third_impact/install/jetracer_ros2/lib/python3.10/site-packages/jetracer_ros2/utils/__pycache__/ackermann_utils.cpython-310.pyc
/home/wego/third_impact/install/jetracer_ros2/share/ament_index/resource_index/packages/jetracer_ros2
/home/wego/third_impact/install/jetracer_ros2/share/jetracer_ros2/package.xml
/home/wego/third_impact/install/jetracer_ros2/share/jetracer_ros2/launch/all_in_node.launch.py
/home/wego/third_impact/install/jetracer_ros2/share/jetracer_ros2/launch/jetracer_teleop.launch.py
/home/wego/third_impact/install/jetracer_ros2/share/jetracer_ros2/params/params.yaml
/home/wego/third_impact/install/jetracer_ros2/lib/python3.10/site-packages/jetracer_ros2-0.0.0-py3.10.egg-info/requires.txt
/home/wego/third_impact/install/jetracer_ros2/lib/python3.10/site-packages/jetracer_ros2-0.0.0-py3.10.egg-info/SOURCES.txt
/home/wego/third_impact/install/jetracer_ros2/lib/python3.10/site-packages/jetracer_ros2-0.0.0-py3.10.egg-info/entry_points.txt
/home/wego/third_impact/install/jetracer_ros2/lib/python3.10/site-packages/jetracer_ros2-0.0.0-py3.10.egg-info/PKG-INFO
/home/wego/third_impact/install/jetracer_ros2/lib/python3.10/site-packages/jetracer_ros2-0.0.0-py3.10.egg-info/top_level.txt
/home/wego/third_impact/install/jetracer_ros2/lib/python3.10/site-packages/jetracer_ros2-0.0.0-py3.10.egg-info/dependency_links.txt
/home/wego/third_impact/install/jetracer_ros2/lib/python3.10/site-packages/jetracer_ros2-0.0.0-py3.10.egg-info/zip-safe
/home/wego/third_impact/install/jetracer_ros2/lib/jetracer_ros2/data_collection_node
/home/wego/third_impact/install/jetracer_ros2/lib/jetracer_ros2/debug_mission_people_estop_node
/home/wego/third_impact/install/jetracer_ros2/lib/jetracer_ros2/debug_mission_track_following_node
/home/wego/third_impact/install/jetracer_ros2/lib/jetracer_ros2/debug_mission_traffic_light_node
/home/wego/third_impact/install/jetracer_ros2/lib/jetracer_ros2/debug_mission_tunnel_node
/home/wego/third_impact/install/jetracer_ros2/lib/jetracer_ros2/inference_go_stop_node
/home/wego/third_impact/install/jetracer_ros2/lib/jetracer_ros2/inference_node
/home/wego/third_impact/install/jetracer_ros2/lib/jetracer_ros2/mission_inference_node
/home/wego/third_impact/install/jetracer_ros2/lib/jetracer_ros2/mission_manager_node
/home/wego/third_impact/install/jetracer_ros2/lib/jetracer_ros2/mission_parking_node
/home/wego/third_impact/install/jetracer_ros2/lib/jetracer_ros2/mission_people_estop_node
/home/wego/third_impact/install/jetracer_ros2/lib/jetracer_ros2/mission_track_following_node
/home/wego/third_impact/install/jetracer_ros2/lib/jetracer_ros2/mission_traffic_light_node
/home/wego/third_impact/install/jetracer_ros2/lib/jetracer_ros2/mission_tunnel_node
