[4.513s] Invoking command in '/home/wego/third_impact/build/limo_lidar': PYTHONPATH=/home/wego/third_impact/build/limo_lidar/prefix_override:/usr/lib/python3/dist-packages/colcon_core/task/python/colcon_distutils_commands:/home/wego/third_impact/install/limo_lidar/lib/python3.10/site-packages:${PYTHONPATH} /usr/bin/python3 -W ignore:setup.py install is deprecated -W ignore:easy_install command is deprecated setup.py develop --editable --build-directory /home/wego/third_impact/build/limo_lidar/build --no-deps symlink_data
[5.495s] running develop
[6.330s] running egg_info
[6.399s] writing limo_lidar.egg-info/PKG-INFO
[6.403s] writing dependency_links to limo_lidar.egg-info/dependency_links.txt
[6.410s] writing entry points to limo_lidar.egg-info/entry_points.txt
[6.415s] writing requirements to limo_lidar.egg-info/requires.txt
[6.415s] writing top-level names to limo_lidar.egg-info/top_level.txt
[6.613s] reading manifest file 'limo_lidar.egg-info/SOURCES.txt'
[6.618s] writing manifest file 'limo_lidar.egg-info/SOURCES.txt'
[6.731s] running build_ext
[6.736s] Creating /home/wego/third_impact/install/limo_lidar/lib/python3.10/site-packages/limo-lidar.egg-link (link to .)
[6.740s] Installing lidar_parking script to /home/wego/third_impact/install/limo_lidar/lib/limo_lidar
[6.741s] Installing lidar_parking_2 script to /home/wego/third_impact/install/limo_lidar/lib/limo_lidar
[6.742s] Installing line_check script to /home/wego/third_impact/install/limo_lidar/lib/limo_lidar
[6.743s] Installing obstacle_avoid script to /home/wego/third_impact/install/limo_lidar/lib/limo_lidar
[6.745s] Installing parking script to /home/wego/third_impact/install/limo_lidar/lib/limo_lidar
[6.748s] Installing reset_steer script to /home/wego/third_impact/install/limo_lidar/lib/limo_lidar
[6.749s] Installing stop_and_go script to /home/wego/third_impact/install/limo_lidar/lib/limo_lidar
[6.751s] Installing stop_test script to /home/wego/third_impact/install/limo_lidar/lib/limo_lidar
[6.759s] Installing stop_test_2 script to /home/wego/third_impact/install/limo_lidar/lib/limo_lidar
[6.760s] Installing test script to /home/wego/third_impact/install/limo_lidar/lib/limo_lidar
[6.760s] 
[6.760s] Installed /home/wego/third_impact/build/limo_lidar
[6.760s] running symlink_data
[6.976s] Invoked command in '/home/wego/third_impact/build/limo_lidar' returned '0': PYTHONPATH=/home/wego/third_impact/build/limo_lidar/prefix_override:/usr/lib/python3/dist-packages/colcon_core/task/python/colcon_distutils_commands:/home/wego/third_impact/install/limo_lidar/lib/python3.10/site-packages:${PYTHONPATH} /usr/bin/python3 -W ignore:setup.py install is deprecated -W ignore:easy_install command is deprecated setup.py develop --editable --build-directory /home/wego/third_impact/build/limo_lidar/build --no-deps symlink_data
