[0.284s] [34mcolcon[0m [1;30mDEBUG[0m [32mCommand line arguments: ['/usr/bin/colcon', 'build', '--symlink-install'][0m
[0.285s] [34mcolcon[0m [1;30mDEBUG[0m [32mParsed command line arguments: Namespace(log_base=None, log_level=None, verb_name='build', build_base='build', install_base='install', merge_install=False, symlink_install=True, test_result_base=None, continue_on_error=False, executor='parallel', parallel_workers=6, event_handlers=None, ignore_user_meta=False, metas=['./colcon.meta'], base_paths=['.'], packages_ignore=None, packages_ignore_regex=None, paths=None, packages_up_to=None, packages_up_to_regex=None, packages_above=None, packages_above_and_dependencies=None, packages_above_depth=None, packages_select_by_dep=None, packages_skip_by_dep=None, packages_skip_up_to=None, packages_select_build_failed=False, packages_skip_build_finished=False, packages_select_test_failures=False, packages_skip_test_passed=False, packages_select=None, packages_skip=None, packages_select_regex=None, packages_skip_regex=None, packages_start=None, packages_end=None, allow_overriding=[], cmake_args=None, cmake_target=None, cmake_target_skip_unavailable=False, cmake_clean_cache=False, cmake_clean_first=False, cmake_force_configure=False, ament_cmake_args=None, catkin_cmake_args=None, catkin_skip_building_tests=False, mixin_files=None, mixin=None, verb_parser=<colcon_mixin.mixin.mixin_argument.MixinArgumentDecorator object at 0xffff7f4fec20>, verb_extension=<colcon_core.verb.build.BuildVerb object at 0xffff7f4fdf00>, main=<bound method BuildVerb.main of <colcon_core.verb.build.BuildVerb object at 0xffff7f4fdf00>>, mixin_verb=('build',))[0m
[0.385s] [34mcolcon.colcon_core.package_discovery[0m [1;30mLevel 1[0m discover_packages(colcon_meta) check parameters
[0.385s] [34mcolcon.colcon_core.package_discovery[0m [1;30mLevel 1[0m discover_packages(recursive) check parameters
[0.385s] [34mcolcon.colcon_core.package_discovery[0m [1;30mLevel 1[0m discover_packages(ignore) check parameters
[0.386s] [34mcolcon.colcon_core.package_discovery[0m [1;30mLevel 1[0m discover_packages(path) check parameters
[0.386s] [34mcolcon.colcon_core.package_discovery[0m [1;30mLevel 1[0m discover_packages(colcon_meta) discover
[0.386s] [34mcolcon.colcon_core.package_discovery[0m [1;30mLevel 1[0m discover_packages(recursive) discover
[0.386s] [34mcolcon.colcon_core.package_discovery[0m [1;30mINFO[0m Crawling recursively for packages in '/home/wego/third_impact'
[0.386s] [34mcolcon.colcon_core.package_identification[0m [1;30mLevel 1[0m _identify(.) by extensions ['ignore', 'ignore_ament_install']
[0.387s] [34mcolcon.colcon_core.package_identification[0m [1;30mLevel 1[0m _identify(.) by extension 'ignore'
[0.387s] [34mcolcon.colcon_core.package_identification[0m [1;30mLevel 1[0m _identify(.) by extension 'ignore_ament_install'
[0.387s] [34mcolcon.colcon_core.package_identification[0m [1;30mLevel 1[0m _identify(.) by extensions ['colcon_pkg']
[0.387s] [34mcolcon.colcon_core.package_identification[0m [1;30mLevel 1[0m _identify(.) by extension 'colcon_pkg'
[0.387s] [34mcolcon.colcon_core.package_identification[0m [1;30mLevel 1[0m _identify(.) by extensions ['colcon_meta']
[0.387s] [34mcolcon.colcon_core.package_identification[0m [1;30mLevel 1[0m _identify(.) by extension 'colcon_meta'
[0.387s] [34mcolcon.colcon_core.package_identification[0m [1;30mLevel 1[0m _identify(.) by extensions ['ros']
[0.387s] [34mcolcon.colcon_core.package_identification[0m [1;30mLevel 1[0m _identify(.) by extension 'ros'
[0.442s] [34mcolcon.colcon_core.package_identification[0m [1;30mLevel 1[0m _identify(.) by extensions ['cmake', 'python']
[0.442s] [34mcolcon.colcon_core.package_identification[0m [1;30mLevel 1[0m _identify(.) by extension 'cmake'
[0.443s] [34mcolcon.colcon_core.package_identification[0m [1;30mLevel 1[0m _identify(.) by extension 'python'
[0.443s] [34mcolcon.colcon_core.package_identification[0m [1;30mLevel 1[0m _identify(.) by extensions ['python_setup_py']
[0.443s] [34mcolcon.colcon_core.package_identification[0m [1;30mLevel 1[0m _identify(.) by extension 'python_setup_py'
[0.443s] [34mcolcon.colcon_core.package_identification[0m [1;30mLevel 1[0m _identify(Log) by extensions ['ignore', 'ignore_ament_install']
[0.443s] [34mcolcon.colcon_core.package_identification[0m [1;30mLevel 1[0m _identify(Log) by extension 'ignore'
[0.444s] [34mcolcon.colcon_core.package_identification[0m [1;30mLevel 1[0m _identify(Log) by extension 'ignore_ament_install'
[0.444s] [34mcolcon.colcon_core.package_identification[0m [1;30mLevel 1[0m _identify(Log) by extensions ['colcon_pkg']
[0.444s] [34mcolcon.colcon_core.package_identification[0m [1;30mLevel 1[0m _identify(Log) by extension 'colcon_pkg'
[0.444s] [34mcolcon.colcon_core.package_identification[0m [1;30mLevel 1[0m _identify(Log) by extensions ['colcon_meta']
[0.444s] [34mcolcon.colcon_core.package_identification[0m [1;30mLevel 1[0m _identify(Log) by extension 'colcon_meta'
[0.444s] [34mcolcon.colcon_core.package_identification[0m [1;30mLevel 1[0m _identify(Log) by extensions ['ros']
[0.444s] [34mcolcon.colcon_core.package_identification[0m [1;30mLevel 1[0m _identify(Log) by extension 'ros'
[0.444s] [34mcolcon.colcon_core.package_identification[0m [1;30mLevel 1[0m _identify(Log) by extensions ['cmake', 'python']
[0.444s] [34mcolcon.colcon_core.package_identification[0m [1;30mLevel 1[0m _identify(Log) by extension 'cmake'
[0.445s] [34mcolcon.colcon_core.package_identification[0m [1;30mLevel 1[0m _identify(Log) by extension 'python'
[0.445s] [34mcolcon.colcon_core.package_identification[0m [1;30mLevel 1[0m _identify(Log) by extensions ['python_setup_py']
[0.445s] [34mcolcon.colcon_core.package_identification[0m [1;30mLevel 1[0m _identify(Log) by extension 'python_setup_py'
[0.445s] [34mcolcon.colcon_core.package_identification[0m [1;30mLevel 1[0m _identify(build) by extensions ['ignore', 'ignore_ament_install']
[0.445s] [34mcolcon.colcon_core.package_identification[0m [1;30mLevel 1[0m _identify(build) by extension 'ignore'
[0.445s] [34mcolcon.colcon_core.package_identification[0m [1;30mLevel 1[0m _identify(build) ignored
[0.446s] [34mcolcon.colcon_core.package_identification[0m [1;30mLevel 1[0m _identify(install) by extensions ['ignore', 'ignore_ament_install']
[0.446s] [34mcolcon.colcon_core.package_identification[0m [1;30mLevel 1[0m _identify(install) by extension 'ignore'
[0.446s] [34mcolcon.colcon_core.package_identification[0m [1;30mLevel 1[0m _identify(install) ignored
[0.446s] [34mcolcon.colcon_core.package_identification[0m [1;30mLevel 1[0m _identify(log) by extensions ['ignore', 'ignore_ament_install']
[0.446s] [34mcolcon.colcon_core.package_identification[0m [1;30mLevel 1[0m _identify(log) by extension 'ignore'
[0.447s] [34mcolcon.colcon_core.package_identification[0m [1;30mLevel 1[0m _identify(log) ignored
[0.447s] [34mcolcon.colcon_core.package_identification[0m [1;30mLevel 1[0m _identify(src) by extensions ['ignore', 'ignore_ament_install']
[0.447s] [34mcolcon.colcon_core.package_identification[0m [1;30mLevel 1[0m _identify(src) by extension 'ignore'
[0.447s] [34mcolcon.colcon_core.package_identification[0m [1;30mLevel 1[0m _identify(src) by extension 'ignore_ament_install'
[0.447s] [34mcolcon.colcon_core.package_identification[0m [1;30mLevel 1[0m _identify(src) by extensions ['colcon_pkg']
[0.447s] [34mcolcon.colcon_core.package_identification[0m [1;30mLevel 1[0m _identify(src) by extension 'colcon_pkg'
[0.447s] [34mcolcon.colcon_core.package_identification[0m [1;30mLevel 1[0m _identify(src) by extensions ['colcon_meta']
[0.447s] [34mcolcon.colcon_core.package_identification[0m [1;30mLevel 1[0m _identify(src) by extension 'colcon_meta'
[0.447s] [34mcolcon.colcon_core.package_identification[0m [1;30mLevel 1[0m _identify(src) by extensions ['ros']
[0.448s] [34mcolcon.colcon_core.package_identification[0m [1;30mLevel 1[0m _identify(src) by extension 'ros'
[0.448s] [34mcolcon.colcon_core.package_identification[0m [1;30mLevel 1[0m _identify(src) by extensions ['cmake', 'python']
[0.448s] [34mcolcon.colcon_core.package_identification[0m [1;30mLevel 1[0m _identify(src) by extension 'cmake'
[0.448s] [34mcolcon.colcon_core.package_identification[0m [1;30mLevel 1[0m _identify(src) by extension 'python'
[0.448s] [34mcolcon.colcon_core.package_identification[0m [1;30mLevel 1[0m _identify(src) by extensions ['python_setup_py']
[0.448s] [34mcolcon.colcon_core.package_identification[0m [1;30mLevel 1[0m _identify(src) by extension 'python_setup_py'
[0.448s] [34mcolcon.colcon_core.package_identification[0m [1;30mLevel 1[0m _identify(src/jetracer_ros2) by extensions ['ignore', 'ignore_ament_install']
[0.449s] [34mcolcon.colcon_core.package_identification[0m [1;30mLevel 1[0m _identify(src/jetracer_ros2) by extension 'ignore'
[0.449s] [34mcolcon.colcon_core.package_identification[0m [1;30mLevel 1[0m _identify(src/jetracer_ros2) by extension 'ignore_ament_install'
[0.449s] [34mcolcon.colcon_core.package_identification[0m [1;30mLevel 1[0m _identify(src/jetracer_ros2) by extensions ['colcon_pkg']
[0.449s] [34mcolcon.colcon_core.package_identification[0m [1;30mLevel 1[0m _identify(src/jetracer_ros2) by extension 'colcon_pkg'
[0.449s] [34mcolcon.colcon_core.package_identification[0m [1;30mLevel 1[0m _identify(src/jetracer_ros2) by extensions ['colcon_meta']
[0.449s] [34mcolcon.colcon_core.package_identification[0m [1;30mLevel 1[0m _identify(src/jetracer_ros2) by extension 'colcon_meta'
[0.449s] [34mcolcon.colcon_core.package_identification[0m [1;30mLevel 1[0m _identify(src/jetracer_ros2) by extensions ['ros']
[0.449s] [34mcolcon.colcon_core.package_identification[0m [1;30mLevel 1[0m _identify(src/jetracer_ros2) by extension 'ros'
[0.455s] [34mcolcon.colcon_core.package_identification[0m [1;30mDEBUG[0m [32mPackage 'src/jetracer_ros2' with type 'ros.ament_python' and name 'jetracer_ros2'[0m
[0.455s] [34mcolcon.colcon_core.package_identification[0m [1;30mLevel 1[0m _identify(src/limo_aj) by extensions ['ignore', 'ignore_ament_install']
[0.455s] [34mcolcon.colcon_core.package_identification[0m [1;30mLevel 1[0m _identify(src/limo_aj) by extension 'ignore'
[0.456s] [34mcolcon.colcon_core.package_identification[0m [1;30mLevel 1[0m _identify(src/limo_aj) by extension 'ignore_ament_install'
[0.456s] [34mcolcon.colcon_core.package_identification[0m [1;30mLevel 1[0m _identify(src/limo_aj) by extensions ['colcon_pkg']
[0.456s] [34mcolcon.colcon_core.package_identification[0m [1;30mLevel 1[0m _identify(src/limo_aj) by extension 'colcon_pkg'
[0.456s] [34mcolcon.colcon_core.package_identification[0m [1;30mLevel 1[0m _identify(src/limo_aj) by extensions ['colcon_meta']
[0.456s] [34mcolcon.colcon_core.package_identification[0m [1;30mLevel 1[0m _identify(src/limo_aj) by extension 'colcon_meta'
[0.456s] [34mcolcon.colcon_core.package_identification[0m [1;30mLevel 1[0m _identify(src/limo_aj) by extensions ['ros']
[0.456s] [34mcolcon.colcon_core.package_identification[0m [1;30mLevel 1[0m _identify(src/limo_aj) by extension 'ros'
[0.457s] [34mcolcon.colcon_core.package_identification[0m [1;30mDEBUG[0m [32mPackage 'src/limo_aj' with type 'ros.ament_python' and name 'limo_aj'[0m
[0.458s] [34mcolcon.colcon_core.package_identification[0m [1;30mLevel 1[0m _identify(src/limo_base) by extensions ['ignore', 'ignore_ament_install']
[0.458s] [34mcolcon.colcon_core.package_identification[0m [1;30mLevel 1[0m _identify(src/limo_base) by extension 'ignore'
[0.458s] [34mcolcon.colcon_core.package_identification[0m [1;30mLevel 1[0m _identify(src/limo_base) by extension 'ignore_ament_install'
[0.458s] [34mcolcon.colcon_core.package_identification[0m [1;30mLevel 1[0m _identify(src/limo_base) by extensions ['colcon_pkg']
[0.458s] [34mcolcon.colcon_core.package_identification[0m [1;30mLevel 1[0m _identify(src/limo_base) by extension 'colcon_pkg'
[0.459s] [34mcolcon.colcon_core.package_identification[0m [1;30mLevel 1[0m _identify(src/limo_base) by extensions ['colcon_meta']
[0.459s] [34mcolcon.colcon_core.package_identification[0m [1;30mLevel 1[0m _identify(src/limo_base) by extension 'colcon_meta'
[0.459s] [34mcolcon.colcon_core.package_identification[0m [1;30mLevel 1[0m _identify(src/limo_base) by extensions ['ros']
[0.459s] [34mcolcon.colcon_core.package_identification[0m [1;30mLevel 1[0m _identify(src/limo_base) by extension 'ros'
[0.461s] [34mcolcon.colcon_core.package_identification[0m [1;30mDEBUG[0m [32mPackage 'src/limo_base' with type 'ros.ament_cmake' and name 'limo_base'[0m
[0.461s] [34mcolcon.colcon_core.package_identification[0m [1;30mLevel 1[0m _identify(src/limo_lidar) by extensions ['ignore', 'ignore_ament_install']
[0.461s] [34mcolcon.colcon_core.package_identification[0m [1;30mLevel 1[0m _identify(src/limo_lidar) by extension 'ignore'
[0.462s] [34mcolcon.colcon_core.package_identification[0m [1;30mLevel 1[0m _identify(src/limo_lidar) by extension 'ignore_ament_install'
[0.462s] [34mcolcon.colcon_core.package_identification[0m [1;30mLevel 1[0m _identify(src/limo_lidar) by extensions ['colcon_pkg']
[0.462s] [34mcolcon.colcon_core.package_identification[0m [1;30mLevel 1[0m _identify(src/limo_lidar) by extension 'colcon_pkg'
[0.462s] [34mcolcon.colcon_core.package_identification[0m [1;30mLevel 1[0m _identify(src/limo_lidar) by extensions ['colcon_meta']
[0.462s] [34mcolcon.colcon_core.package_identification[0m [1;30mLevel 1[0m _identify(src/limo_lidar) by extension 'colcon_meta'
[0.462s] [34mcolcon.colcon_core.package_identification[0m [1;30mLevel 1[0m _identify(src/limo_lidar) by extensions ['ros']
[0.462s] [34mcolcon.colcon_core.package_identification[0m [1;30mLevel 1[0m _identify(src/limo_lidar) by extension 'ros'
[0.463s] [34mcolcon.colcon_core.package_identification[0m [1;30mDEBUG[0m [32mPackage 'src/limo_lidar' with type 'ros.ament_python' and name 'limo_lidar'[0m
[0.464s] [34mcolcon.colcon_core.package_identification[0m [1;30mLevel 1[0m _identify(src/slam_parking) by extensions ['ignore', 'ignore_ament_install']
[0.464s] [34mcolcon.colcon_core.package_identification[0m [1;30mLevel 1[0m _identify(src/slam_parking) by extension 'ignore'
[0.464s] [34mcolcon.colcon_core.package_identification[0m [1;30mLevel 1[0m _identify(src/slam_parking) by extension 'ignore_ament_install'
[0.464s] [34mcolcon.colcon_core.package_identification[0m [1;30mLevel 1[0m _identify(src/slam_parking) by extensions ['colcon_pkg']
[0.464s] [34mcolcon.colcon_core.package_identification[0m [1;30mLevel 1[0m _identify(src/slam_parking) by extension 'colcon_pkg'
[0.464s] [34mcolcon.colcon_core.package_identification[0m [1;30mLevel 1[0m _identify(src/slam_parking) by extensions ['colcon_meta']
[0.465s] [34mcolcon.colcon_core.package_identification[0m [1;30mLevel 1[0m _identify(src/slam_parking) by extension 'colcon_meta'
[0.465s] [34mcolcon.colcon_core.package_identification[0m [1;30mLevel 1[0m _identify(src/slam_parking) by extensions ['ros']
[0.465s] [34mcolcon.colcon_core.package_identification[0m [1;30mLevel 1[0m _identify(src/slam_parking) by extension 'ros'
[0.466s] [34mcolcon.colcon_core.package_identification[0m [1;30mDEBUG[0m [32mPackage 'src/slam_parking' with type 'ros.ament_python' and name 'slam_parking'[0m
[0.466s] [34mcolcon.colcon_core.package_discovery[0m [1;30mLevel 1[0m discover_packages(recursive) using defaults
[0.466s] [34mcolcon.colcon_core.package_discovery[0m [1;30mLevel 1[0m discover_packages(ignore) discover
[0.466s] [34mcolcon.colcon_core.package_discovery[0m [1;30mLevel 1[0m discover_packages(ignore) using defaults
[0.466s] [34mcolcon.colcon_core.package_discovery[0m [1;30mLevel 1[0m discover_packages(path) discover
[0.467s] [34mcolcon.colcon_core.package_discovery[0m [1;30mLevel 1[0m discover_packages(path) using defaults
[0.505s] [34mcolcon.colcon_core.package_discovery[0m [1;30mLevel 1[0m discover_packages(prefix_path) check parameters
[0.505s] [34mcolcon.colcon_core.package_discovery[0m [1;30mLevel 1[0m discover_packages(prefix_path) discover
[0.510s] [34mcolcon.colcon_installed_package_information.package_discovery[0m [1;30mDEBUG[0m [32mFound 5 installed packages in /home/wego/third_impact/install[0m
[0.513s] [34mcolcon.colcon_installed_package_information.package_discovery[0m [1;30mDEBUG[0m [32mFound 365 installed packages in /opt/ros/humble[0m
[0.516s] [34mcolcon.colcon_core.package_discovery[0m [1;30mLevel 1[0m discover_packages(prefix_path) using defaults
[0.647s] [34mcolcon.colcon_core.verb[0m [1;30mLevel 5[0m set package 'jetracer_ros2' build argument 'cmake_args' from command line to 'None'
[0.647s] [34mcolcon.colcon_core.verb[0m [1;30mLevel 5[0m set package 'jetracer_ros2' build argument 'cmake_target' from command line to 'None'
[0.647s] [34mcolcon.colcon_core.verb[0m [1;30mLevel 5[0m set package 'jetracer_ros2' build argument 'cmake_target_skip_unavailable' from command line to 'False'
[0.647s] [34mcolcon.colcon_core.verb[0m [1;30mLevel 5[0m set package 'jetracer_ros2' build argument 'cmake_clean_cache' from command line to 'False'
[0.647s] [34mcolcon.colcon_core.verb[0m [1;30mLevel 5[0m set package 'jetracer_ros2' build argument 'cmake_clean_first' from command line to 'False'
[0.648s] [34mcolcon.colcon_core.verb[0m [1;30mLevel 5[0m set package 'jetracer_ros2' build argument 'cmake_force_configure' from command line to 'False'
[0.648s] [34mcolcon.colcon_core.verb[0m [1;30mLevel 5[0m set package 'jetracer_ros2' build argument 'ament_cmake_args' from command line to 'None'
[0.648s] [34mcolcon.colcon_core.verb[0m [1;30mLevel 5[0m set package 'jetracer_ros2' build argument 'catkin_cmake_args' from command line to 'None'
[0.648s] [34mcolcon.colcon_core.verb[0m [1;30mLevel 5[0m set package 'jetracer_ros2' build argument 'catkin_skip_building_tests' from command line to 'False'
[0.648s] [34mcolcon.colcon_core.verb[0m [1;30mDEBUG[0m [32mBuilding package 'jetracer_ros2' with the following arguments: {'ament_cmake_args': None, 'build_base': '/home/wego/third_impact/build/jetracer_ros2', 'catkin_cmake_args': None, 'catkin_skip_building_tests': False, 'cmake_args': None, 'cmake_clean_cache': False, 'cmake_clean_first': False, 'cmake_force_configure': False, 'cmake_target': None, 'cmake_target_skip_unavailable': False, 'install_base': '/home/wego/third_impact/install/jetracer_ros2', 'merge_install': False, 'path': '/home/wego/third_impact/src/jetracer_ros2', 'symlink_install': True, 'test_result_base': None}[0m
[0.649s] [34mcolcon.colcon_core.verb[0m [1;30mLevel 5[0m set package 'limo_aj' build argument 'cmake_args' from command line to 'None'
[0.649s] [34mcolcon.colcon_core.verb[0m [1;30mLevel 5[0m set package 'limo_aj' build argument 'cmake_target' from command line to 'None'
[0.649s] [34mcolcon.colcon_core.verb[0m [1;30mLevel 5[0m set package 'limo_aj' build argument 'cmake_target_skip_unavailable' from command line to 'False'
[0.649s] [34mcolcon.colcon_core.verb[0m [1;30mLevel 5[0m set package 'limo_aj' build argument 'cmake_clean_cache' from command line to 'False'
[0.649s] [34mcolcon.colcon_core.verb[0m [1;30mLevel 5[0m set package 'limo_aj' build argument 'cmake_clean_first' from command line to 'False'
[0.649s] [34mcolcon.colcon_core.verb[0m [1;30mLevel 5[0m set package 'limo_aj' build argument 'cmake_force_configure' from command line to 'False'
[0.649s] [34mcolcon.colcon_core.verb[0m [1;30mLevel 5[0m set package 'limo_aj' build argument 'ament_cmake_args' from command line to 'None'
[0.649s] [34mcolcon.colcon_core.verb[0m [1;30mLevel 5[0m set package 'limo_aj' build argument 'catkin_cmake_args' from command line to 'None'
[0.649s] [34mcolcon.colcon_core.verb[0m [1;30mLevel 5[0m set package 'limo_aj' build argument 'catkin_skip_building_tests' from command line to 'False'
[0.649s] [34mcolcon.colcon_core.verb[0m [1;30mDEBUG[0m [32mBuilding package 'limo_aj' with the following arguments: {'ament_cmake_args': None, 'build_base': '/home/wego/third_impact/build/limo_aj', 'catkin_cmake_args': None, 'catkin_skip_building_tests': False, 'cmake_args': None, 'cmake_clean_cache': False, 'cmake_clean_first': False, 'cmake_force_configure': False, 'cmake_target': None, 'cmake_target_skip_unavailable': False, 'install_base': '/home/wego/third_impact/install/limo_aj', 'merge_install': False, 'path': '/home/wego/third_impact/src/limo_aj', 'symlink_install': True, 'test_result_base': None}[0m
[0.650s] [34mcolcon.colcon_core.verb[0m [1;30mLevel 5[0m set package 'limo_base' build argument 'cmake_args' from command line to 'None'
[0.650s] [34mcolcon.colcon_core.verb[0m [1;30mLevel 5[0m set package 'limo_base' build argument 'cmake_target' from command line to 'None'
[0.650s] [34mcolcon.colcon_core.verb[0m [1;30mLevel 5[0m set package 'limo_base' build argument 'cmake_target_skip_unavailable' from command line to 'False'
[0.650s] [34mcolcon.colcon_core.verb[0m [1;30mLevel 5[0m set package 'limo_base' build argument 'cmake_clean_cache' from command line to 'False'
[0.650s] [34mcolcon.colcon_core.verb[0m [1;30mLevel 5[0m set package 'limo_base' build argument 'cmake_clean_first' from command line to 'False'
[0.650s] [34mcolcon.colcon_core.verb[0m [1;30mLevel 5[0m set package 'limo_base' build argument 'cmake_force_configure' from command line to 'False'
[0.650s] [34mcolcon.colcon_core.verb[0m [1;30mLevel 5[0m set package 'limo_base' build argument 'ament_cmake_args' from command line to 'None'
[0.650s] [34mcolcon.colcon_core.verb[0m [1;30mLevel 5[0m set package 'limo_base' build argument 'catkin_cmake_args' from command line to 'None'
[0.650s] [34mcolcon.colcon_core.verb[0m [1;30mLevel 5[0m set package 'limo_base' build argument 'catkin_skip_building_tests' from command line to 'False'
[0.651s] [34mcolcon.colcon_core.verb[0m [1;30mDEBUG[0m [32mBuilding package 'limo_base' with the following arguments: {'ament_cmake_args': None, 'build_base': '/home/wego/third_impact/build/limo_base', 'catkin_cmake_args': None, 'catkin_skip_building_tests': False, 'cmake_args': None, 'cmake_clean_cache': False, 'cmake_clean_first': False, 'cmake_force_configure': False, 'cmake_target': None, 'cmake_target_skip_unavailable': False, 'install_base': '/home/wego/third_impact/install/limo_base', 'merge_install': False, 'path': '/home/wego/third_impact/src/limo_base', 'symlink_install': True, 'test_result_base': None}[0m
[0.651s] [34mcolcon.colcon_core.verb[0m [1;30mLevel 5[0m set package 'limo_lidar' build argument 'cmake_args' from command line to 'None'
[0.651s] [34mcolcon.colcon_core.verb[0m [1;30mLevel 5[0m set package 'limo_lidar' build argument 'cmake_target' from command line to 'None'
[0.651s] [34mcolcon.colcon_core.verb[0m [1;30mLevel 5[0m set package 'limo_lidar' build argument 'cmake_target_skip_unavailable' from command line to 'False'
[0.651s] [34mcolcon.colcon_core.verb[0m [1;30mLevel 5[0m set package 'limo_lidar' build argument 'cmake_clean_cache' from command line to 'False'
[0.651s] [34mcolcon.colcon_core.verb[0m [1;30mLevel 5[0m set package 'limo_lidar' build argument 'cmake_clean_first' from command line to 'False'
[0.652s] [34mcolcon.colcon_core.verb[0m [1;30mLevel 5[0m set package 'limo_lidar' build argument 'cmake_force_configure' from command line to 'False'
[0.652s] [34mcolcon.colcon_core.verb[0m [1;30mLevel 5[0m set package 'limo_lidar' build argument 'ament_cmake_args' from command line to 'None'
[0.652s] [34mcolcon.colcon_core.verb[0m [1;30mLevel 5[0m set package 'limo_lidar' build argument 'catkin_cmake_args' from command line to 'None'
[0.652s] [34mcolcon.colcon_core.verb[0m [1;30mLevel 5[0m set package 'limo_lidar' build argument 'catkin_skip_building_tests' from command line to 'False'
[0.652s] [34mcolcon.colcon_core.verb[0m [1;30mDEBUG[0m [32mBuilding package 'limo_lidar' with the following arguments: {'ament_cmake_args': None, 'build_base': '/home/wego/third_impact/build/limo_lidar', 'catkin_cmake_args': None, 'catkin_skip_building_tests': False, 'cmake_args': None, 'cmake_clean_cache': False, 'cmake_clean_first': False, 'cmake_force_configure': False, 'cmake_target': None, 'cmake_target_skip_unavailable': False, 'install_base': '/home/wego/third_impact/install/limo_lidar', 'merge_install': False, 'path': '/home/wego/third_impact/src/limo_lidar', 'symlink_install': True, 'test_result_base': None}[0m
[0.652s] [34mcolcon.colcon_core.verb[0m [1;30mLevel 5[0m set package 'slam_parking' build argument 'cmake_args' from command line to 'None'
[0.653s] [34mcolcon.colcon_core.verb[0m [1;30mLevel 5[0m set package 'slam_parking' build argument 'cmake_target' from command line to 'None'
[0.653s] [34mcolcon.colcon_core.verb[0m [1;30mLevel 5[0m set package 'slam_parking' build argument 'cmake_target_skip_unavailable' from command line to 'False'
[0.653s] [34mcolcon.colcon_core.verb[0m [1;30mLevel 5[0m set package 'slam_parking' build argument 'cmake_clean_cache' from command line to 'False'
[0.653s] [34mcolcon.colcon_core.verb[0m [1;30mLevel 5[0m set package 'slam_parking' build argument 'cmake_clean_first' from command line to 'False'
[0.653s] [34mcolcon.colcon_core.verb[0m [1;30mLevel 5[0m set package 'slam_parking' build argument 'cmake_force_configure' from command line to 'False'
[0.653s] [34mcolcon.colcon_core.verb[0m [1;30mLevel 5[0m set package 'slam_parking' build argument 'ament_cmake_args' from command line to 'None'
[0.653s] [34mcolcon.colcon_core.verb[0m [1;30mLevel 5[0m set package 'slam_parking' build argument 'catkin_cmake_args' from command line to 'None'
[0.653s] [34mcolcon.colcon_core.verb[0m [1;30mLevel 5[0m set package 'slam_parking' build argument 'catkin_skip_building_tests' from command line to 'False'
[0.653s] [34mcolcon.colcon_core.verb[0m [1;30mDEBUG[0m [32mBuilding package 'slam_parking' with the following arguments: {'ament_cmake_args': None, 'build_base': '/home/wego/third_impact/build/slam_parking', 'catkin_cmake_args': None, 'catkin_skip_building_tests': False, 'cmake_args': None, 'cmake_clean_cache': False, 'cmake_clean_first': False, 'cmake_force_configure': False, 'cmake_target': None, 'cmake_target_skip_unavailable': False, 'install_base': '/home/wego/third_impact/install/slam_parking', 'merge_install': False, 'path': '/home/wego/third_impact/src/slam_parking', 'symlink_install': True, 'test_result_base': None}[0m
[0.653s] [34mcolcon.colcon_core.executor[0m [1;30mINFO[0m Executing jobs using 'parallel' executor
[0.655s] [34mcolcon.colcon_parallel_executor.executor.parallel[0m [1;30mDEBUG[0m [32mrun_until_complete[0m
[0.656s] [34mcolcon.colcon_ros.task.ament_python.build[0m [1;30mINFO[0m Building ROS package in '/home/wego/third_impact/src/jetracer_ros2' with build type 'ament_python'
[0.657s] [34mcolcon.colcon_core.shell[0m [1;30mLevel 1[0m create_environment_hook('jetracer_ros2', 'ament_prefix_path')
[0.662s] [34mcolcon.colcon_core.plugin_system[0m [1;30mINFO[0m Skipping extension 'colcon_core.shell.bat': Not used on non-Windows systems
[0.663s] [34mcolcon.colcon_core.shell[0m [1;30mINFO[0m Creating environment hook '/home/wego/third_impact/install/jetracer_ros2/share/jetracer_ros2/hook/ament_prefix_path.ps1'
[0.664s] [34mcolcon.colcon_core.shell[0m [1;30mINFO[0m Creating environment descriptor '/home/wego/third_impact/install/jetracer_ros2/share/jetracer_ros2/hook/ament_prefix_path.dsv'
[0.666s] [34mcolcon.colcon_core.shell[0m [1;30mINFO[0m Creating environment hook '/home/wego/third_impact/install/jetracer_ros2/share/jetracer_ros2/hook/ament_prefix_path.sh'
[0.667s] [34mcolcon.colcon_core.shell[0m [1;30mINFO[0m Skip shell extension 'powershell' for command environment: Not usable outside of PowerShell
[0.668s] [34mcolcon.colcon_core.shell[0m [1;30mDEBUG[0m [32mSkip shell extension 'dsv' for command environment[0m
[0.676s] [34mcolcon.colcon_ros.task.ament_python.build[0m [1;30mINFO[0m Building ROS package in '/home/wego/third_impact/src/limo_aj' with build type 'ament_python'
[0.676s] [34mcolcon.colcon_core.shell[0m [1;30mLevel 1[0m create_environment_hook('limo_aj', 'ament_prefix_path')
[0.677s] [34mcolcon.colcon_core.shell[0m [1;30mINFO[0m Creating environment hook '/home/wego/third_impact/install/limo_aj/share/limo_aj/hook/ament_prefix_path.ps1'
[0.678s] [34mcolcon.colcon_core.shell[0m [1;30mINFO[0m Creating environment descriptor '/home/wego/third_impact/install/limo_aj/share/limo_aj/hook/ament_prefix_path.dsv'
[0.679s] [34mcolcon.colcon_core.shell[0m [1;30mINFO[0m Creating environment hook '/home/wego/third_impact/install/limo_aj/share/limo_aj/hook/ament_prefix_path.sh'
[0.681s] [34mcolcon.colcon_core.shell[0m [1;30mINFO[0m Skip shell extension 'powershell' for command environment: Not usable outside of PowerShell
[0.681s] [34mcolcon.colcon_core.shell[0m [1;30mDEBUG[0m [32mSkip shell extension 'dsv' for command environment[0m
[0.688s] [34mcolcon.colcon_ros.task.ament_cmake.build[0m [1;30mINFO[0m Building ROS package in '/home/wego/third_impact/src/limo_base' with build type 'ament_cmake'
[0.688s] [34mcolcon.colcon_cmake.task.cmake.build[0m [1;30mINFO[0m Building CMake package in '/home/wego/third_impact/src/limo_base'
[0.689s] [34mcolcon.colcon_core.shell[0m [1;30mINFO[0m Skip shell extension 'powershell' for command environment: Not usable outside of PowerShell
[0.689s] [34mcolcon.colcon_core.shell[0m [1;30mDEBUG[0m [32mSkip shell extension 'dsv' for command environment[0m
[0.697s] [34mcolcon.colcon_ros.task.ament_python.build[0m [1;30mINFO[0m Building ROS package in '/home/wego/third_impact/src/limo_lidar' with build type 'ament_python'
[0.698s] [34mcolcon.colcon_core.shell[0m [1;30mLevel 1[0m create_environment_hook('limo_lidar', 'ament_prefix_path')
[0.699s] [34mcolcon.colcon_core.shell[0m [1;30mINFO[0m Creating environment hook '/home/wego/third_impact/install/limo_lidar/share/limo_lidar/hook/ament_prefix_path.ps1'
[0.701s] [34mcolcon.colcon_core.shell[0m [1;30mINFO[0m Creating environment descriptor '/home/wego/third_impact/install/limo_lidar/share/limo_lidar/hook/ament_prefix_path.dsv'
[0.702s] [34mcolcon.colcon_core.shell[0m [1;30mINFO[0m Creating environment hook '/home/wego/third_impact/install/limo_lidar/share/limo_lidar/hook/ament_prefix_path.sh'
[0.704s] [34mcolcon.colcon_core.shell[0m [1;30mINFO[0m Skip shell extension 'powershell' for command environment: Not usable outside of PowerShell
[0.704s] [34mcolcon.colcon_core.shell[0m [1;30mDEBUG[0m [32mSkip shell extension 'dsv' for command environment[0m
[0.713s] [34mcolcon.colcon_ros.task.ament_python.build[0m [1;30mINFO[0m Building ROS package in '/home/wego/third_impact/src/slam_parking' with build type 'ament_python'
[0.714s] [34mcolcon.colcon_core.shell[0m [1;30mLevel 1[0m create_environment_hook('slam_parking', 'ament_prefix_path')
[0.714s] [34mcolcon.colcon_core.shell[0m [1;30mINFO[0m Creating environment hook '/home/wego/third_impact/install/slam_parking/share/slam_parking/hook/ament_prefix_path.ps1'
[0.716s] [34mcolcon.colcon_core.shell[0m [1;30mINFO[0m Creating environment descriptor '/home/wego/third_impact/install/slam_parking/share/slam_parking/hook/ament_prefix_path.dsv'
[0.717s] [34mcolcon.colcon_core.shell[0m [1;30mINFO[0m Creating environment hook '/home/wego/third_impact/install/slam_parking/share/slam_parking/hook/ament_prefix_path.sh'
[0.719s] [34mcolcon.colcon_core.shell[0m [1;30mINFO[0m Skip shell extension 'powershell' for command environment: Not usable outside of PowerShell
[0.719s] [34mcolcon.colcon_core.shell[0m [1;30mDEBUG[0m [32mSkip shell extension 'dsv' for command environment[0m
[1.280s] [34mcolcon.colcon_core.task.python.build[0m [1;30mINFO[0m Building Python package in '/home/wego/third_impact/src/jetracer_ros2'
[1.280s] [34mcolcon.colcon_core.shell[0m [1;30mINFO[0m Skip shell extension 'powershell' for command environment: Not usable outside of PowerShell
[1.281s] [34mcolcon.colcon_core.shell[0m [1;30mDEBUG[0m [32mSkip shell extension 'dsv' for command environment[0m
[1.839s] [34mcolcon.colcon_core.task.python.build[0m [1;30mINFO[0m Building Python package in '/home/wego/third_impact/src/limo_aj'
[1.841s] [34mcolcon.colcon_core.shell[0m [1;30mINFO[0m Skip shell extension 'powershell' for command environment: Not usable outside of PowerShell
[1.842s] [34mcolcon.colcon_core.shell[0m [1;30mDEBUG[0m [32mSkip shell extension 'dsv' for command environment[0m
[1.865s] [34mcolcon.colcon_core.event_handler.log_command[0m [1;30mDEBUG[0m [32mInvoking command in '/home/wego/third_impact/build/limo_base': CMAKE_PREFIX_PATH=/home/wego/third_impact/install/slam_parking:/home/wego/third_impact/install/limo_lidar:/home/wego/third_impact/install/limo_aj:/home/wego/third_impact/install/jetracer_ros2:/opt/ros/humble /usr/bin/cmake /home/wego/third_impact/src/limo_base -DAMENT_CMAKE_SYMLINK_INSTALL=1 -DCMAKE_INSTALL_PREFIX=/home/wego/third_impact/install/limo_base[0m
[2.424s] [34mcolcon.colcon_core.task.python.build[0m [1;30mINFO[0m Building Python package in '/home/wego/third_impact/src/limo_lidar'
[2.425s] [34mcolcon.colcon_core.shell[0m [1;30mINFO[0m Skip shell extension 'powershell' for command environment: Not usable outside of PowerShell
[2.426s] [34mcolcon.colcon_core.shell[0m [1;30mDEBUG[0m [32mSkip shell extension 'dsv' for command environment[0m
[2.998s] [34mcolcon.colcon_core.task.python.build[0m [1;30mINFO[0m Building Python package in '/home/wego/third_impact/src/slam_parking'
[2.999s] [34mcolcon.colcon_core.shell[0m [1;30mINFO[0m Skip shell extension 'powershell' for command environment: Not usable outside of PowerShell
[2.999s] [34mcolcon.colcon_core.shell[0m [1;30mDEBUG[0m [32mSkip shell extension 'dsv' for command environment[0m
[3.042s] [34mcolcon.colcon_core.event_handler.log_command[0m [1;30mDEBUG[0m [32mInvoked command in '/home/wego/third_impact/build/limo_base' returned '1': CMAKE_PREFIX_PATH=/home/wego/third_impact/install/slam_parking:/home/wego/third_impact/install/limo_lidar:/home/wego/third_impact/install/limo_aj:/home/wego/third_impact/install/jetracer_ros2:/opt/ros/humble /usr/bin/cmake /home/wego/third_impact/src/limo_base -DAMENT_CMAKE_SYMLINK_INSTALL=1 -DCMAKE_INSTALL_PREFIX=/home/wego/third_impact/install/limo_base[0m
[3.061s] [34mcolcon.colcon_core.environment[0m [1;30mLevel 1[0m create_environment_scripts_only(limo_base)
[3.068s] [34mcolcon.colcon_core.environment[0m [1;30mLevel 1[0m checking '/home/wego/third_impact/install/limo_base' for CMake module files
[3.069s] [34mcolcon.colcon_core.environment[0m [1;30mLevel 1[0m checking '/home/wego/third_impact/install/limo_base' for CMake config files
[3.070s] [34mcolcon.colcon_core.environment[0m [1;30mLevel 1[0m checking '/home/wego/third_impact/install/limo_base/bin'
[3.071s] [34mcolcon.colcon_core.environment[0m [1;30mLevel 1[0m checking '/home/wego/third_impact/install/limo_base/lib/pkgconfig/limo_base.pc'
[3.071s] [34mcolcon.colcon_core.environment[0m [1;30mLevel 1[0m checking '/home/wego/third_impact/install/limo_base/lib/python3.10/site-packages'
[3.072s] [34mcolcon.colcon_core.environment[0m [1;30mLevel 1[0m checking '/home/wego/third_impact/install/limo_base/bin'
[3.075s] [34mcolcon.colcon_core.shell[0m [1;30mINFO[0m Creating package script '/home/wego/third_impact/install/limo_base/share/limo_base/package.ps1'
[3.077s] [34mcolcon.colcon_core.shell[0m [1;30mINFO[0m Creating package descriptor '/home/wego/third_impact/install/limo_base/share/limo_base/package.dsv'
[3.079s] [34mcolcon.colcon_core.shell[0m [1;30mINFO[0m Creating package script '/home/wego/third_impact/install/limo_base/share/limo_base/package.sh'
[3.081s] [34mcolcon.colcon_core.shell[0m [1;30mINFO[0m Creating package script '/home/wego/third_impact/install/limo_base/share/limo_base/package.bash'
[3.083s] [34mcolcon.colcon_core.shell[0m [1;30mINFO[0m Creating package script '/home/wego/third_impact/install/limo_base/share/limo_base/package.zsh'
[3.086s] [34mcolcon.colcon_core.environment[0m [1;30mLevel 1[0m create_file_with_runtime_dependencies(/home/wego/third_impact/install/limo_base/share/colcon-core/packages/limo_base)
[4.609s] [34mcolcon.colcon_parallel_executor.executor.parallel[0m [1;30mDEBUG[0m [32mclosing loop[0m
[4.610s] [34mcolcon.colcon_parallel_executor.executor.parallel[0m [1;30mDEBUG[0m [32mloop closed[0m
[4.611s] [34mcolcon.colcon_parallel_executor.executor.parallel[0m [1;30mDEBUG[0m [32mrun_until_complete finished with '1'[0m
[4.611s] [34mcolcon.colcon_core.event_reactor[0m [1;30mDEBUG[0m [32mjoining thread[0m
[4.633s] [34mcolcon.colcon_core.plugin_system[0m [1;30mINFO[0m Skipping extension 'colcon_notification.desktop_notification.terminal_notifier': Not used on non-Darwin systems
[4.633s] [34mcolcon.colcon_core.plugin_system[0m [1;30mINFO[0m Skipping extension 'colcon_notification.desktop_notification.win32': Not used on non-Windows systems
[4.633s] [34mcolcon.colcon_notification.desktop_notification[0m [1;30mINFO[0m Sending desktop notification using 'notify2'
[4.672s] [34mcolcon.colcon_core.event_reactor[0m [1;30mDEBUG[0m [32mjoined thread[0m
[4.673s] [34mcolcon.colcon_core.shell[0m [1;30mINFO[0m Creating prefix script '/home/wego/third_impact/install/local_setup.ps1'
[4.676s] [34mcolcon.colcon_core.shell[0m [1;30mINFO[0m Creating prefix util module '/home/wego/third_impact/install/_local_setup_util_ps1.py'
[4.680s] [34mcolcon.colcon_core.shell[0m [1;30mINFO[0m Creating prefix chain script '/home/wego/third_impact/install/setup.ps1'
[4.683s] [34mcolcon.colcon_core.shell[0m [1;30mINFO[0m Creating prefix script '/home/wego/third_impact/install/local_setup.sh'
[4.684s] [34mcolcon.colcon_core.shell[0m [1;30mINFO[0m Creating prefix util module '/home/wego/third_impact/install/_local_setup_util_sh.py'
[4.686s] [34mcolcon.colcon_core.shell[0m [1;30mINFO[0m Creating prefix chain script '/home/wego/third_impact/install/setup.sh'
[4.690s] [34mcolcon.colcon_core.shell[0m [1;30mINFO[0m Creating prefix script '/home/wego/third_impact/install/local_setup.bash'
[4.692s] [34mcolcon.colcon_core.shell[0m [1;30mINFO[0m Creating prefix chain script '/home/wego/third_impact/install/setup.bash'
[4.694s] [34mcolcon.colcon_core.shell[0m [1;30mINFO[0m Creating prefix script '/home/wego/third_impact/install/local_setup.zsh'
[4.696s] [34mcolcon.colcon_core.shell[0m [1;30mINFO[0m Creating prefix chain script '/home/wego/third_impact/install/setup.zsh'
