running develop
running egg_info
creating limo_aj.egg-info
writing limo_aj.egg-info/PKG-INFO
writing dependency_links to limo_aj.egg-info/dependency_links.txt
writing entry points to limo_aj.egg-info/entry_points.txt
writing requirements to limo_aj.egg-info/requires.txt
writing top-level names to limo_aj.egg-info/top_level.txt
writing manifest file 'limo_aj.egg-info/SOURCES.txt'
reading manifest file 'limo_aj.egg-info/SOURCES.txt'
writing manifest file 'limo_aj.egg-info/SOURCES.txt'
running build_ext
Creating /home/wego/third_impact/install/limo_aj/lib/python3.10/site-packages/limo-aj.egg-link (link to .)
Installing cone_check_node script to /home/wego/third_impact/install/limo_aj/lib/limo_aj
Installing cone_node script to /home/wego/third_impact/install/limo_aj/lib/limo_aj
Installing lidar_angle_node script to /home/wego/third_impact/install/limo_aj/lib/limo_aj
Installing lidar_check_node script to /home/wego/third_impact/install/limo_aj/lib/limo_aj
Installing steering_test_node script to /home/wego/third_impact/install/limo_aj/lib/limo_aj
Installing traffic_node script to /home/wego/third_impact/install/limo_aj/lib/limo_aj

Installed /home/wego/third_impact/build/limo_aj
running symlink_data
creating /home/wego/third_impact/install/limo_aj/share/ament_index
creating /home/wego/third_impact/install/limo_aj/share/ament_index/resource_index
creating /home/wego/third_impact/install/limo_aj/share/ament_index/resource_index/packages
symbolically linking /home/wego/third_impact/build/limo_aj/resource/limo_aj -> /home/wego/third_impact/install/limo_aj/share/ament_index/resource_index/packages
symbolically linking /home/wego/third_impact/build/limo_aj/package.xml -> /home/wego/third_impact/install/limo_aj/share/limo_aj
