[3.081s] Invoking command in '/home/wego/third_impact/build/limo_aj': PYTHONPATH=/home/wego/third_impact/build/limo_aj/prefix_override:/usr/lib/python3/dist-packages/colcon_core/task/python/colcon_distutils_commands:/home/wego/third_impact/install/limo_aj/lib/python3.10/site-packages:${PYTHONPATH} /usr/bin/python3 -W ignore:setup.py install is deprecated -W ignore:easy_install command is deprecated setup.py develop --editable --build-directory /home/wego/third_impact/build/limo_aj/build --no-deps symlink_data
[3.919s] running develop
[4.499s] running egg_info
[4.499s] creating limo_aj.egg-info
[4.544s] writing limo_aj.egg-info/PKG-INFO
[4.545s] writing dependency_links to limo_aj.egg-info/dependency_links.txt
[4.546s] writing entry points to limo_aj.egg-info/entry_points.txt
[4.547s] writing requirements to limo_aj.egg-info/requires.txt
[4.547s] writing top-level names to limo_aj.egg-info/top_level.txt
[4.547s] writing manifest file 'limo_aj.egg-info/SOURCES.txt'
[4.638s] reading manifest file 'limo_aj.egg-info/SOURCES.txt'
[4.640s] writing manifest file 'limo_aj.egg-info/SOURCES.txt'
[4.714s] running build_ext
[4.716s] Creating /home/wego/third_impact/install/limo_aj/lib/python3.10/site-packages/limo-aj.egg-link (link to .)
[4.717s] Installing cone_check_node script to /home/wego/third_impact/install/limo_aj/lib/limo_aj
[4.717s] Installing cone_node script to /home/wego/third_impact/install/limo_aj/lib/limo_aj
[4.718s] Installing lidar_angle_node script to /home/wego/third_impact/install/limo_aj/lib/limo_aj
[4.718s] Installing lidar_check_node script to /home/wego/third_impact/install/limo_aj/lib/limo_aj
[4.718s] Installing steering_test_node script to /home/wego/third_impact/install/limo_aj/lib/limo_aj
[4.719s] Installing traffic_node script to /home/wego/third_impact/install/limo_aj/lib/limo_aj
[4.720s] 
[4.720s] Installed /home/wego/third_impact/build/limo_aj
[4.720s] running symlink_data
[4.720s] creating /home/wego/third_impact/install/limo_aj/share/ament_index
[4.721s] creating /home/wego/third_impact/install/limo_aj/share/ament_index/resource_index
[4.721s] creating /home/wego/third_impact/install/limo_aj/share/ament_index/resource_index/packages
[4.721s] symbolically linking /home/wego/third_impact/build/limo_aj/resource/limo_aj -> /home/wego/third_impact/install/limo_aj/share/ament_index/resource_index/packages
[4.721s] symbolically linking /home/wego/third_impact/build/limo_aj/package.xml -> /home/wego/third_impact/install/limo_aj/share/limo_aj
[4.853s] Invoked command in '/home/wego/third_impact/build/limo_aj' returned '0': PYTHONPATH=/home/wego/third_impact/build/limo_aj/prefix_override:/usr/lib/python3/dist-packages/colcon_core/task/python/colcon_distutils_commands:/home/wego/third_impact/install/limo_aj/lib/python3.10/site-packages:${PYTHONPATH} /usr/bin/python3 -W ignore:setup.py install is deprecated -W ignore:easy_install command is deprecated setup.py develop --editable --build-directory /home/wego/third_impact/build/limo_aj/build --no-deps symlink_data
