[3.184s] Invoking command in '/home/wego/third_impact/build/jetracer_ros2': PYTHONPATH=/home/wego/third_impact/build/jetracer_ros2/prefix_override:/usr/lib/python3/dist-packages/colcon_core/task/python/colcon_distutils_commands:/home/wego/third_impact/install/jetracer_ros2/lib/python3.10/site-packages:${PYTHONPATH} /usr/bin/python3 -W ignore:setup.py install is deprecated -W ignore:easy_install command is deprecated setup.py develop --editable --build-directory /home/wego/third_impact/build/jetracer_ros2/build --no-deps symlink_data
[4.007s] running develop
[4.584s] running egg_info
[4.584s] creating jetracer_ros2.egg-info
[4.630s] writing jetracer_ros2.egg-info/PKG-INFO
[4.633s] writing dependency_links to jetracer_ros2.egg-info/dependency_links.txt
[4.633s] writing entry points to jetracer_ros2.egg-info/entry_points.txt
[4.633s] writing requirements to jetracer_ros2.egg-info/requires.txt
[4.634s] writing top-level names to jetracer_ros2.egg-info/top_level.txt
[4.635s] writing manifest file 'jetracer_ros2.egg-info/SOURCES.txt'
[4.723s] reading manifest file 'jetracer_ros2.egg-info/SOURCES.txt'
[4.725s] writing manifest file 'jetracer_ros2.egg-info/SOURCES.txt'
[4.800s] running build_ext
[4.801s] Creating /home/wego/third_impact/install/jetracer_ros2/lib/python3.10/site-packages/jetracer-ros2.egg-link (link to .)
[4.802s] Installing data_collection_node script to /home/wego/third_impact/install/jetracer_ros2/lib/jetracer_ros2
[4.803s] Installing inference_node script to /home/wego/third_impact/install/jetracer_ros2/lib/jetracer_ros2
[4.803s] 
[4.803s] Installed /home/wego/third_impact/build/jetracer_ros2
[4.804s] running symlink_data
[4.804s] creating /home/wego/third_impact/install/jetracer_ros2/share/ament_index
[4.804s] creating /home/wego/third_impact/install/jetracer_ros2/share/ament_index/resource_index
[4.805s] creating /home/wego/third_impact/install/jetracer_ros2/share/ament_index/resource_index/packages
[4.805s] symbolically linking /home/wego/third_impact/build/jetracer_ros2/resource/jetracer_ros2 -> /home/wego/third_impact/install/jetracer_ros2/share/ament_index/resource_index/packages
[4.805s] symbolically linking /home/wego/third_impact/build/jetracer_ros2/package.xml -> /home/wego/third_impact/install/jetracer_ros2/share/jetracer_ros2
[4.805s] creating /home/wego/third_impact/install/jetracer_ros2/share/jetracer_ros2/launch
[4.806s] creating /home/wego/third_impact/install/jetracer_ros2/share/jetracer_ros2/params
[4.806s] symbolically linking /home/wego/third_impact/build/jetracer_ros2/params/params.yaml -> /home/wego/third_impact/install/jetracer_ros2/share/jetracer_ros2/params
[4.945s] Invoked command in '/home/wego/third_impact/build/jetracer_ros2' returned '0': PYTHONPATH=/home/wego/third_impact/build/jetracer_ros2/prefix_override:/usr/lib/python3/dist-packages/colcon_core/task/python/colcon_distutils_commands:/home/wego/third_impact/install/jetracer_ros2/lib/python3.10/site-packages:${PYTHONPATH} /usr/bin/python3 -W ignore:setup.py install is deprecated -W ignore:easy_install command is deprecated setup.py develop --editable --build-directory /home/wego/third_impact/build/jetracer_ros2/build --no-deps symlink_data
