[4.265s] Invoking command in '/home/wego/third_impact/build/limo_lidar': PYTHONPATH=/home/wego/third_impact/build/limo_lidar/prefix_override:/usr/lib/python3/dist-packages/colcon_core/task/python/colcon_distutils_commands:/home/wego/third_impact/install/limo_lidar/lib/python3.10/site-packages:${PYTHONPATH} /usr/bin/python3 -W ignore:setup.py install is deprecated -W ignore:easy_install command is deprecated setup.py develop --editable --build-directory /home/wego/third_impact/build/limo_lidar/build --no-deps symlink_data
[5.349s] running develop
[6.052s] running egg_info
[6.105s] writing limo_lidar.egg-info/PKG-INFO
[6.109s] writing dependency_links to limo_lidar.egg-info/dependency_links.txt
[6.111s] writing entry points to limo_lidar.egg-info/entry_points.txt
[6.114s] writing requirements to limo_lidar.egg-info/requires.txt
[6.116s] writing top-level names to limo_lidar.egg-info/top_level.txt
[6.236s] reading manifest file 'limo_lidar.egg-info/SOURCES.txt'
[6.239s] writing manifest file 'limo_lidar.egg-info/SOURCES.txt'
[6.349s] running build_ext
[6.352s] Creating /home/wego/third_impact/install/limo_lidar/lib/python3.10/site-packages/limo-lidar.egg-link (link to .)
[6.354s] Installing lidar_parking script to /home/wego/third_impact/install/limo_lidar/lib/limo_lidar
[6.355s] Installing lidar_parking_2 script to /home/wego/third_impact/install/limo_lidar/lib/limo_lidar
[6.355s] Installing line_check script to /home/wego/third_impact/install/limo_lidar/lib/limo_lidar
[6.356s] Installing obstacle_avoid script to /home/wego/third_impact/install/limo_lidar/lib/limo_lidar
[6.356s] Installing parking script to /home/wego/third_impact/install/limo_lidar/lib/limo_lidar
[6.356s] Installing reset_steer script to /home/wego/third_impact/install/limo_lidar/lib/limo_lidar
[6.356s] Installing stop_and_go script to /home/wego/third_impact/install/limo_lidar/lib/limo_lidar
[6.356s] Installing stop_test script to /home/wego/third_impact/install/limo_lidar/lib/limo_lidar
[6.357s] Installing stop_test_2 script to /home/wego/third_impact/install/limo_lidar/lib/limo_lidar
[6.357s] Installing test script to /home/wego/third_impact/install/limo_lidar/lib/limo_lidar
[6.357s] 
[6.357s] Installed /home/wego/third_impact/build/limo_lidar
[6.358s] running symlink_data
[6.617s] Invoked command in '/home/wego/third_impact/build/limo_lidar' returned '0': PYTHONPATH=/home/wego/third_impact/build/limo_lidar/prefix_override:/usr/lib/python3/dist-packages/colcon_core/task/python/colcon_distutils_commands:/home/wego/third_impact/install/limo_lidar/lib/python3.10/site-packages:${PYTHONPATH} /usr/bin/python3 -W ignore:setup.py install is deprecated -W ignore:easy_install command is deprecated setup.py develop --editable --build-directory /home/wego/third_impact/build/limo_lidar/build --no-deps symlink_data
