[4.198s] Invoking command in '/home/wego/third_impact/build/jetracer_ros2': PYTHONPATH=/home/wego/third_impact/build/jetracer_ros2/prefix_override:/usr/lib/python3/dist-packages/colcon_core/task/python/colcon_distutils_commands:/home/wego/third_impact/install/jetracer_ros2/lib/python3.10/site-packages:${PYTHONPATH} /usr/bin/python3 -W ignore:setup.py install is deprecated -W ignore:easy_install command is deprecated setup.py develop --editable --build-directory /home/wego/third_impact/build/jetracer_ros2/build --no-deps symlink_data
[5.427s] running develop
[6.184s] running egg_info
[6.184s] creating jetracer_ros2.egg-info
[6.247s] writing jetracer_ros2.egg-info/PKG-INFO
[6.248s] writing dependency_links to jetracer_ros2.egg-info/dependency_links.txt
[6.254s] writing entry points to jetracer_ros2.egg-info/entry_points.txt
[6.255s] writing requirements to jetracer_ros2.egg-info/requires.txt
[6.255s] writing top-level names to jetracer_ros2.egg-info/top_level.txt
[6.258s] writing manifest file 'jetracer_ros2.egg-info/SOURCES.txt'
[6.369s] reading manifest file 'jetracer_ros2.egg-info/SOURCES.txt'
[6.370s] writing manifest file 'jetracer_ros2.egg-info/SOURCES.txt'
[6.450s] running build_ext
[6.451s] Creating /home/wego/third_impact/install/jetracer_ros2/lib/python3.10/site-packages/jetracer-ros2.egg-link (link to .)
[6.460s] Installing data_collection_node script to /home/wego/third_impact/install/jetracer_ros2/lib/jetracer_ros2
[6.460s] Installing debug_mission_people_estop_node script to /home/wego/third_impact/install/jetracer_ros2/lib/jetracer_ros2
[6.460s] Installing debug_mission_track_following_node script to /home/wego/third_impact/install/jetracer_ros2/lib/jetracer_ros2
[6.461s] Installing debug_mission_traffic_light_node script to /home/wego/third_impact/install/jetracer_ros2/lib/jetracer_ros2
[6.461s] Installing debug_mission_tunnel_node script to /home/wego/third_impact/install/jetracer_ros2/lib/jetracer_ros2
[6.461s] Installing inference_go_stop_node script to /home/wego/third_impact/install/jetracer_ros2/lib/jetracer_ros2
[6.461s] Installing inference_node script to /home/wego/third_impact/install/jetracer_ros2/lib/jetracer_ros2
[6.461s] Installing mission_inference_node script to /home/wego/third_impact/install/jetracer_ros2/lib/jetracer_ros2
[6.461s] Installing mission_manager_node script to /home/wego/third_impact/install/jetracer_ros2/lib/jetracer_ros2
[6.462s] Installing mission_parking_node script to /home/wego/third_impact/install/jetracer_ros2/lib/jetracer_ros2
[6.462s] Installing mission_people_estop_node script to /home/wego/third_impact/install/jetracer_ros2/lib/jetracer_ros2
[6.462s] Installing mission_track_following_node script to /home/wego/third_impact/install/jetracer_ros2/lib/jetracer_ros2
[6.462s] Installing mission_traffic_light_node script to /home/wego/third_impact/install/jetracer_ros2/lib/jetracer_ros2
[6.462s] Installing mission_tunnel_node script to /home/wego/third_impact/install/jetracer_ros2/lib/jetracer_ros2
[6.466s] 
[6.466s] Installed /home/wego/third_impact/build/jetracer_ros2
[6.466s] running symlink_data
[6.466s] creating /home/wego/third_impact/install/jetracer_ros2/share/ament_index
[6.467s] creating /home/wego/third_impact/install/jetracer_ros2/share/ament_index/resource_index
[6.467s] creating /home/wego/third_impact/install/jetracer_ros2/share/ament_index/resource_index/packages
[6.467s] symbolically linking /home/wego/third_impact/build/jetracer_ros2/resource/jetracer_ros2 -> /home/wego/third_impact/install/jetracer_ros2/share/ament_index/resource_index/packages
[6.467s] symbolically linking /home/wego/third_impact/build/jetracer_ros2/package.xml -> /home/wego/third_impact/install/jetracer_ros2/share/jetracer_ros2
[6.467s] creating /home/wego/third_impact/install/jetracer_ros2/share/jetracer_ros2/launch
[6.467s] symbolically linking /home/wego/third_impact/build/jetracer_ros2/launch/all_in_node.launch.py -> /home/wego/third_impact/install/jetracer_ros2/share/jetracer_ros2/launch
[6.467s] symbolically linking /home/wego/third_impact/build/jetracer_ros2/launch/jetracer_teleop.launch.py -> /home/wego/third_impact/install/jetracer_ros2/share/jetracer_ros2/launch
[6.468s] creating /home/wego/third_impact/install/jetracer_ros2/share/jetracer_ros2/params
[6.468s] symbolically linking /home/wego/third_impact/build/jetracer_ros2/params/params.yaml -> /home/wego/third_impact/install/jetracer_ros2/share/jetracer_ros2/params
[6.586s] Invoked command in '/home/wego/third_impact/build/jetracer_ros2' returned '0': PYTHONPATH=/home/wego/third_impact/build/jetracer_ros2/prefix_override:/usr/lib/python3/dist-packages/colcon_core/task/python/colcon_distutils_commands:/home/wego/third_impact/install/jetracer_ros2/lib/python3.10/site-packages:${PYTHONPATH} /usr/bin/python3 -W ignore:setup.py install is deprecated -W ignore:easy_install command is deprecated setup.py develop --editable --build-directory /home/wego/third_impact/build/jetracer_ros2/build --no-deps symlink_data
