[3.659s] Invoking command in '/home/wego/third_impact/build/slam_parking': PYTHONPATH=/home/wego/third_impact/build/slam_parking/prefix_override:/usr/lib/python3/dist-packages/colcon_core/task/python/colcon_distutils_commands:/home/wego/third_impact/install/slam_parking/lib/python3.10/site-packages:${PYTHONPATH} /usr/bin/python3 -W ignore:setup.py install is deprecated -W ignore:easy_install command is deprecated setup.py develop --editable --build-directory /home/wego/third_impact/build/slam_parking/build --no-deps symlink_data
[4.492s] running develop
[5.068s] running egg_info
[5.069s] creating slam_parking.egg-info
[5.116s] writing slam_parking.egg-info/PKG-INFO
[5.119s] writing dependency_links to slam_parking.egg-info/dependency_links.txt
[5.119s] writing entry points to slam_parking.egg-info/entry_points.txt
[5.121s] writing requirements to slam_parking.egg-info/requires.txt
[5.122s] writing top-level names to slam_parking.egg-info/top_level.txt
[5.123s] writing manifest file 'slam_parking.egg-info/SOURCES.txt'
[5.209s] reading manifest file 'slam_parking.egg-info/SOURCES.txt'
[5.211s] writing manifest file 'slam_parking.egg-info/SOURCES.txt'
[5.284s] running build_ext
[5.284s] Creating /home/wego/third_impact/install/slam_parking/lib/python3.10/site-packages/slam-parking.egg-link (link to .)
[5.286s] Installing parking_navigator_node script to /home/wego/third_impact/install/slam_parking/lib/slam_parking
[5.287s] Installing parking_pose_recorder_node script to /home/wego/third_impact/install/slam_parking/lib/slam_parking
[5.287s] 
[5.288s] Installed /home/wego/third_impact/build/slam_parking
[5.288s] running symlink_data
[5.288s] creating /home/wego/third_impact/install/slam_parking/share/ament_index
[5.288s] creating /home/wego/third_impact/install/slam_parking/share/ament_index/resource_index
[5.288s] creating /home/wego/third_impact/install/slam_parking/share/ament_index/resource_index/packages
[5.289s] symbolically linking /home/wego/third_impact/build/slam_parking/resource/slam_parking -> /home/wego/third_impact/install/slam_parking/share/ament_index/resource_index/packages
[5.289s] symbolically linking /home/wego/third_impact/build/slam_parking/package.xml -> /home/wego/third_impact/install/slam_parking/share/slam_parking
[5.436s] Invoked command in '/home/wego/third_impact/build/slam_parking' returned '0': PYTHONPATH=/home/wego/third_impact/build/slam_parking/prefix_override:/usr/lib/python3/dist-packages/colcon_core/task/python/colcon_distutils_commands:/home/wego/third_impact/install/slam_parking/lib/python3.10/site-packages:${PYTHONPATH} /usr/bin/python3 -W ignore:setup.py install is deprecated -W ignore:easy_install command is deprecated setup.py develop --editable --build-directory /home/wego/third_impact/build/slam_parking/build --no-deps symlink_data
