[5.180s] Invoking command in '/home/wego/third_impact/build/limo_aj': PYTHONPATH=/home/wego/third_impact/build/limo_aj/prefix_override:/usr/lib/python3/dist-packages/colcon_core/task/python/colcon_distutils_commands:/home/wego/third_impact/install/limo_aj/lib/python3.10/site-packages:${PYTHONPATH} /usr/bin/python3 -W ignore:setup.py install is deprecated -W ignore:easy_install command is deprecated setup.py develop --editable --build-directory /home/wego/third_impact/build/limo_aj/build --no-deps symlink_data
[6.289s] running develop
[7.204s] running egg_info
[7.252s] writing limo_aj.egg-info/PKG-INFO
[7.254s] writing dependency_links to limo_aj.egg-info/dependency_links.txt
[7.257s] writing entry points to limo_aj.egg-info/entry_points.txt
[7.257s] writing requirements to limo_aj.egg-info/requires.txt
[7.257s] writing top-level names to limo_aj.egg-info/top_level.txt
[7.353s] reading manifest file 'limo_aj.egg-info/SOURCES.txt'
[7.355s] writing manifest file 'limo_aj.egg-info/SOURCES.txt'
[7.434s] running build_ext
[7.435s] Creating /home/wego/third_impact/install/limo_aj/lib/python3.10/site-packages/limo-aj.egg-link (link to .)
[7.437s] Installing cone_check_node script to /home/wego/third_impact/install/limo_aj/lib/limo_aj
[7.438s] Installing cone_node script to /home/wego/third_impact/install/limo_aj/lib/limo_aj
[7.438s] Installing lidar_angle_node script to /home/wego/third_impact/install/limo_aj/lib/limo_aj
[7.438s] Installing lidar_check_node script to /home/wego/third_impact/install/limo_aj/lib/limo_aj
[7.438s] Installing steering_test_node script to /home/wego/third_impact/install/limo_aj/lib/limo_aj
[7.439s] Installing traffic_node script to /home/wego/third_impact/install/limo_aj/lib/limo_aj
[7.440s] 
[7.440s] Installed /home/wego/third_impact/build/limo_aj
[7.440s] running symlink_data
[7.574s] Invoked command in '/home/wego/third_impact/build/limo_aj' returned '0': PYTHONPATH=/home/wego/third_impact/build/limo_aj/prefix_override:/usr/lib/python3/dist-packages/colcon_core/task/python/colcon_distutils_commands:/home/wego/third_impact/install/limo_aj/lib/python3.10/site-packages:${PYTHONPATH} /usr/bin/python3 -W ignore:setup.py install is deprecated -W ignore:easy_install command is deprecated setup.py develop --editable --build-directory /home/wego/third_impact/build/limo_aj/build --no-deps symlink_data
