[0.330s] [34mcolcon[0m [1;30mDEBUG[0m [32mCommand line arguments: ['/usr/bin/colcon', 'build', '--symlink-install'][0m
[0.330s] [34mcolcon[0m [1;30mDEBUG[0m [32mParsed command line arguments: Namespace(log_base=None, log_level=None, verb_name='build', build_base='build', install_base='install', merge_install=False, symlink_install=True, test_result_base=None, continue_on_error=False, executor='parallel', parallel_workers=6, event_handlers=None, ignore_user_meta=False, metas=['./colcon.meta'], base_paths=['.'], packages_ignore=None, packages_ignore_regex=None, paths=None, packages_up_to=None, packages_up_to_regex=None, packages_above=None, packages_above_and_dependencies=None, packages_above_depth=None, packages_select_by_dep=None, packages_skip_by_dep=None, packages_skip_up_to=None, packages_select_build_failed=False, packages_skip_build_finished=False, packages_select_test_failures=False, packages_skip_test_passed=False, packages_select=None, packages_skip=None, packages_select_regex=None, packages_skip_regex=None, packages_start=None, packages_end=None, allow_overriding=[], cmake_args=None, cmake_target=None, cmake_target_skip_unavailable=False, cmake_clean_cache=False, cmake_clean_first=False, cmake_force_configure=False, ament_cmake_args=None, catkin_cmake_args=None, catkin_skip_building_tests=False, mixin_files=None, mixin=None, verb_parser=<colcon_mixin.mixin.mixin_argument.MixinArgumentDecorator object at 0xffffaf717130>, verb_extension=<colcon_core.verb.build.BuildVerb object at 0xffffaf716410>, main=<bound method BuildVerb.main of <colcon_core.verb.build.BuildVerb object at 0xffffaf716410>>, mixin_verb=('build',))[0m
[0.440s] [34mcolcon.colcon_core.package_discovery[0m [1;30mLevel 1[0m discover_packages(colcon_meta) check parameters
[0.440s] [34mcolcon.colcon_core.package_discovery[0m [1;30mLevel 1[0m discover_packages(recursive) check parameters
[0.440s] [34mcolcon.colcon_core.package_discovery[0m [1;30mLevel 1[0m discover_packages(ignore) check parameters
[0.440s] [34mcolcon.colcon_core.package_discovery[0m [1;30mLevel 1[0m discover_packages(path) check parameters
[0.441s] [34mcolcon.colcon_core.package_discovery[0m [1;30mLevel 1[0m discover_packages(colcon_meta) discover
[0.441s] [34mcolcon.colcon_core.package_discovery[0m [1;30mLevel 1[0m discover_packages(recursive) discover
[0.441s] [34mcolcon.colcon_core.package_discovery[0m [1;30mINFO[0m Crawling recursively for packages in '/home/wego/third_impact'
[0.441s] [34mcolcon.colcon_core.package_identification[0m [1;30mLevel 1[0m _identify(.) by extensions ['ignore', 'ignore_ament_install']
[0.442s] [34mcolcon.colcon_core.package_identification[0m [1;30mLevel 1[0m _identify(.) by extension 'ignore'
[0.442s] [34mcolcon.colcon_core.package_identification[0m [1;30mLevel 1[0m _identify(.) by extension 'ignore_ament_install'
[0.442s] [34mcolcon.colcon_core.package_identification[0m [1;30mLevel 1[0m _identify(.) by extensions ['colcon_pkg']
[0.442s] [34mcolcon.colcon_core.package_identification[0m [1;30mLevel 1[0m _identify(.) by extension 'colcon_pkg'
[0.442s] [34mcolcon.colcon_core.package_identification[0m [1;30mLevel 1[0m _identify(.) by extensions ['colcon_meta']
[0.442s] [34mcolcon.colcon_core.package_identification[0m [1;30mLevel 1[0m _identify(.) by extension 'colcon_meta'
[0.443s] [34mcolcon.colcon_core.package_identification[0m [1;30mLevel 1[0m _identify(.) by extensions ['ros']
[0.443s] [34mcolcon.colcon_core.package_identification[0m [1;30mLevel 1[0m _identify(.) by extension 'ros'
[0.500s] [34mcolcon.colcon_core.package_identification[0m [1;30mLevel 1[0m _identify(.) by extensions ['cmake', 'python']
[0.500s] [34mcolcon.colcon_core.package_identification[0m [1;30mLevel 1[0m _identify(.) by extension 'cmake'
[0.500s] [34mcolcon.colcon_core.package_identification[0m [1;30mLevel 1[0m _identify(.) by extension 'python'
[0.501s] [34mcolcon.colcon_core.package_identification[0m [1;30mLevel 1[0m _identify(.) by extensions ['python_setup_py']
[0.501s] [34mcolcon.colcon_core.package_identification[0m [1;30mLevel 1[0m _identify(.) by extension 'python_setup_py'
[0.501s] [34mcolcon.colcon_core.package_identification[0m [1;30mLevel 1[0m _identify(Log) by extensions ['ignore', 'ignore_ament_install']
[0.501s] [34mcolcon.colcon_core.package_identification[0m [1;30mLevel 1[0m _identify(Log) by extension 'ignore'
[0.502s] [34mcolcon.colcon_core.package_identification[0m [1;30mLevel 1[0m _identify(Log) by extension 'ignore_ament_install'
[0.502s] [34mcolcon.colcon_core.package_identification[0m [1;30mLevel 1[0m _identify(Log) by extensions ['colcon_pkg']
[0.502s] [34mcolcon.colcon_core.package_identification[0m [1;30mLevel 1[0m _identify(Log) by extension 'colcon_pkg'
[0.502s] [34mcolcon.colcon_core.package_identification[0m [1;30mLevel 1[0m _identify(Log) by extensions ['colcon_meta']
[0.502s] [34mcolcon.colcon_core.package_identification[0m [1;30mLevel 1[0m _identify(Log) by extension 'colcon_meta'
[0.502s] [34mcolcon.colcon_core.package_identification[0m [1;30mLevel 1[0m _identify(Log) by extensions ['ros']
[0.502s] [34mcolcon.colcon_core.package_identification[0m [1;30mLevel 1[0m _identify(Log) by extension 'ros'
[0.503s] [34mcolcon.colcon_core.package_identification[0m [1;30mLevel 1[0m _identify(Log) by extensions ['cmake', 'python']
[0.503s] [34mcolcon.colcon_core.package_identification[0m [1;30mLevel 1[0m _identify(Log) by extension 'cmake'
[0.503s] [34mcolcon.colcon_core.package_identification[0m [1;30mLevel 1[0m _identify(Log) by extension 'python'
[0.503s] [34mcolcon.colcon_core.package_identification[0m [1;30mLevel 1[0m _identify(Log) by extensions ['python_setup_py']
[0.503s] [34mcolcon.colcon_core.package_identification[0m [1;30mLevel 1[0m _identify(Log) by extension 'python_setup_py'
[0.503s] [34mcolcon.colcon_core.package_identification[0m [1;30mLevel 1[0m _identify(build) by extensions ['ignore', 'ignore_ament_install']
[0.503s] [34mcolcon.colcon_core.package_identification[0m [1;30mLevel 1[0m _identify(build) by extension 'ignore'
[0.503s] [34mcolcon.colcon_core.package_identification[0m [1;30mLevel 1[0m _identify(build) ignored
[0.504s] [34mcolcon.colcon_core.package_identification[0m [1;30mLevel 1[0m _identify(install) by extensions ['ignore', 'ignore_ament_install']
[0.504s] [34mcolcon.colcon_core.package_identification[0m [1;30mLevel 1[0m _identify(install) by extension 'ignore'
[0.504s] [34mcolcon.colcon_core.package_identification[0m [1;30mLevel 1[0m _identify(install) ignored
[0.504s] [34mcolcon.colcon_core.package_identification[0m [1;30mLevel 1[0m _identify(log) by extensions ['ignore', 'ignore_ament_install']
[0.505s] [34mcolcon.colcon_core.package_identification[0m [1;30mLevel 1[0m _identify(log) by extension 'ignore'
[0.505s] [34mcolcon.colcon_core.package_identification[0m [1;30mLevel 1[0m _identify(log) ignored
[0.505s] [34mcolcon.colcon_core.package_identification[0m [1;30mLevel 1[0m _identify(src) by extensions ['ignore', 'ignore_ament_install']
[0.505s] [34mcolcon.colcon_core.package_identification[0m [1;30mLevel 1[0m _identify(src) by extension 'ignore'
[0.505s] [34mcolcon.colcon_core.package_identification[0m [1;30mLevel 1[0m _identify(src) by extension 'ignore_ament_install'
[0.505s] [34mcolcon.colcon_core.package_identification[0m [1;30mLevel 1[0m _identify(src) by extensions ['colcon_pkg']
[0.505s] [34mcolcon.colcon_core.package_identification[0m [1;30mLevel 1[0m _identify(src) by extension 'colcon_pkg'
[0.506s] [34mcolcon.colcon_core.package_identification[0m [1;30mLevel 1[0m _identify(src) by extensions ['colcon_meta']
[0.506s] [34mcolcon.colcon_core.package_identification[0m [1;30mLevel 1[0m _identify(src) by extension 'colcon_meta'
[0.506s] [34mcolcon.colcon_core.package_identification[0m [1;30mLevel 1[0m _identify(src) by extensions ['ros']
[0.506s] [34mcolcon.colcon_core.package_identification[0m [1;30mLevel 1[0m _identify(src) by extension 'ros'
[0.506s] [34mcolcon.colcon_core.package_identification[0m [1;30mLevel 1[0m _identify(src) by extensions ['cmake', 'python']
[0.506s] [34mcolcon.colcon_core.package_identification[0m [1;30mLevel 1[0m _identify(src) by extension 'cmake'
[0.506s] [34mcolcon.colcon_core.package_identification[0m [1;30mLevel 1[0m _identify(src) by extension 'python'
[0.506s] [34mcolcon.colcon_core.package_identification[0m [1;30mLevel 1[0m _identify(src) by extensions ['python_setup_py']
[0.507s] [34mcolcon.colcon_core.package_identification[0m [1;30mLevel 1[0m _identify(src) by extension 'python_setup_py'
[0.507s] [34mcolcon.colcon_core.package_identification[0m [1;30mLevel 1[0m _identify(src/jetracer_ros2) by extensions ['ignore', 'ignore_ament_install']
[0.507s] [34mcolcon.colcon_core.package_identification[0m [1;30mLevel 1[0m _identify(src/jetracer_ros2) by extension 'ignore'
[0.507s] [34mcolcon.colcon_core.package_identification[0m [1;30mLevel 1[0m _identify(src/jetracer_ros2) by extension 'ignore_ament_install'
[0.507s] [34mcolcon.colcon_core.package_identification[0m [1;30mLevel 1[0m _identify(src/jetracer_ros2) by extensions ['colcon_pkg']
[0.507s] [34mcolcon.colcon_core.package_identification[0m [1;30mLevel 1[0m _identify(src/jetracer_ros2) by extension 'colcon_pkg'
[0.507s] [34mcolcon.colcon_core.package_identification[0m [1;30mLevel 1[0m _identify(src/jetracer_ros2) by extensions ['colcon_meta']
[0.508s] [34mcolcon.colcon_core.package_identification[0m [1;30mLevel 1[0m _identify(src/jetracer_ros2) by extension 'colcon_meta'
[0.508s] [34mcolcon.colcon_core.package_identification[0m [1;30mLevel 1[0m _identify(src/jetracer_ros2) by extensions ['ros']
[0.508s] [34mcolcon.colcon_core.package_identification[0m [1;30mLevel 1[0m _identify(src/jetracer_ros2) by extension 'ros'
[0.514s] [34mcolcon.colcon_core.package_identification[0m [1;30mDEBUG[0m [32mPackage 'src/jetracer_ros2' with type 'ros.ament_python' and name 'jetracer_ros2'[0m
[0.515s] [34mcolcon.colcon_core.package_identification[0m [1;30mLevel 1[0m _identify(src/limo_aj) by extensions ['ignore', 'ignore_ament_install']
[0.515s] [34mcolcon.colcon_core.package_identification[0m [1;30mLevel 1[0m _identify(src/limo_aj) by extension 'ignore'
[0.515s] [34mcolcon.colcon_core.package_identification[0m [1;30mLevel 1[0m _identify(src/limo_aj) by extension 'ignore_ament_install'
[0.515s] [34mcolcon.colcon_core.package_identification[0m [1;30mLevel 1[0m _identify(src/limo_aj) by extensions ['colcon_pkg']
[0.515s] [34mcolcon.colcon_core.package_identification[0m [1;30mLevel 1[0m _identify(src/limo_aj) by extension 'colcon_pkg'
[0.516s] [34mcolcon.colcon_core.package_identification[0m [1;30mLevel 1[0m _identify(src/limo_aj) by extensions ['colcon_meta']
[0.516s] [34mcolcon.colcon_core.package_identification[0m [1;30mLevel 1[0m _identify(src/limo_aj) by extension 'colcon_meta'
[0.516s] [34mcolcon.colcon_core.package_identification[0m [1;30mLevel 1[0m _identify(src/limo_aj) by extensions ['ros']
[0.516s] [34mcolcon.colcon_core.package_identification[0m [1;30mLevel 1[0m _identify(src/limo_aj) by extension 'ros'
[0.517s] [34mcolcon.colcon_core.package_identification[0m [1;30mDEBUG[0m [32mPackage 'src/limo_aj' with type 'ros.ament_python' and name 'limo_aj'[0m
[0.518s] [34mcolcon.colcon_core.package_identification[0m [1;30mLevel 1[0m _identify(src/limo_lidar) by extensions ['ignore', 'ignore_ament_install']
[0.518s] [34mcolcon.colcon_core.package_identification[0m [1;30mLevel 1[0m _identify(src/limo_lidar) by extension 'ignore'
[0.518s] [34mcolcon.colcon_core.package_identification[0m [1;30mLevel 1[0m _identify(src/limo_lidar) by extension 'ignore_ament_install'
[0.518s] [34mcolcon.colcon_core.package_identification[0m [1;30mLevel 1[0m _identify(src/limo_lidar) by extensions ['colcon_pkg']
[0.518s] [34mcolcon.colcon_core.package_identification[0m [1;30mLevel 1[0m _identify(src/limo_lidar) by extension 'colcon_pkg'
[0.518s] [34mcolcon.colcon_core.package_identification[0m [1;30mLevel 1[0m _identify(src/limo_lidar) by extensions ['colcon_meta']
[0.518s] [34mcolcon.colcon_core.package_identification[0m [1;30mLevel 1[0m _identify(src/limo_lidar) by extension 'colcon_meta'
[0.519s] [34mcolcon.colcon_core.package_identification[0m [1;30mLevel 1[0m _identify(src/limo_lidar) by extensions ['ros']
[0.519s] [34mcolcon.colcon_core.package_identification[0m [1;30mLevel 1[0m _identify(src/limo_lidar) by extension 'ros'
[0.520s] [34mcolcon.colcon_core.package_identification[0m [1;30mDEBUG[0m [32mPackage 'src/limo_lidar' with type 'ros.ament_python' and name 'limo_lidar'[0m
[0.520s] [34mcolcon.colcon_core.package_identification[0m [1;30mLevel 1[0m _identify(src/slam_parking) by extensions ['ignore', 'ignore_ament_install']
[0.520s] [34mcolcon.colcon_core.package_identification[0m [1;30mLevel 1[0m _identify(src/slam_parking) by extension 'ignore'
[0.521s] [34mcolcon.colcon_core.package_identification[0m [1;30mLevel 1[0m _identify(src/slam_parking) by extension 'ignore_ament_install'
[0.521s] [34mcolcon.colcon_core.package_identification[0m [1;30mLevel 1[0m _identify(src/slam_parking) by extensions ['colcon_pkg']
[0.521s] [34mcolcon.colcon_core.package_identification[0m [1;30mLevel 1[0m _identify(src/slam_parking) by extension 'colcon_pkg'
[0.521s] [34mcolcon.colcon_core.package_identification[0m [1;30mLevel 1[0m _identify(src/slam_parking) by extensions ['colcon_meta']
[0.521s] [34mcolcon.colcon_core.package_identification[0m [1;30mLevel 1[0m _identify(src/slam_parking) by extension 'colcon_meta'
[0.521s] [34mcolcon.colcon_core.package_identification[0m [1;30mLevel 1[0m _identify(src/slam_parking) by extensions ['ros']
[0.521s] [34mcolcon.colcon_core.package_identification[0m [1;30mLevel 1[0m _identify(src/slam_parking) by extension 'ros'
[0.523s] [34mcolcon.colcon_core.package_identification[0m [1;30mDEBUG[0m [32mPackage 'src/slam_parking' with type 'ros.ament_python' and name 'slam_parking'[0m
[0.523s] [34mcolcon.colcon_core.package_discovery[0m [1;30mLevel 1[0m discover_packages(recursive) using defaults
[0.523s] [34mcolcon.colcon_core.package_discovery[0m [1;30mLevel 1[0m discover_packages(ignore) discover
[0.523s] [34mcolcon.colcon_core.package_discovery[0m [1;30mLevel 1[0m discover_packages(ignore) using defaults
[0.523s] [34mcolcon.colcon_core.package_discovery[0m [1;30mLevel 1[0m discover_packages(path) discover
[0.523s] [34mcolcon.colcon_core.package_discovery[0m [1;30mLevel 1[0m discover_packages(path) using defaults
[0.567s] [34mcolcon.colcon_core.package_discovery[0m [1;30mLevel 1[0m discover_packages(prefix_path) check parameters
[0.568s] [34mcolcon.colcon_core.package_discovery[0m [1;30mLevel 1[0m discover_packages(prefix_path) discover
[0.574s] [34mcolcon.colcon_installed_package_information.package_discovery[0m [1;30mDEBUG[0m [32mFound 4 installed packages in /home/wego/third_impact/install[0m
[0.577s] [34mcolcon.colcon_installed_package_information.package_discovery[0m [1;30mDEBUG[0m [32mFound 365 installed packages in /opt/ros/humble[0m
[0.582s] [34mcolcon.colcon_core.package_discovery[0m [1;30mLevel 1[0m discover_packages(prefix_path) using defaults
[0.719s] [34mcolcon.colcon_core.verb[0m [1;30mLevel 5[0m set package 'jetracer_ros2' build argument 'cmake_args' from command line to 'None'
[0.719s] [34mcolcon.colcon_core.verb[0m [1;30mLevel 5[0m set package 'jetracer_ros2' build argument 'cmake_target' from command line to 'None'
[0.720s] [34mcolcon.colcon_core.verb[0m [1;30mLevel 5[0m set package 'jetracer_ros2' build argument 'cmake_target_skip_unavailable' from command line to 'False'
[0.720s] [34mcolcon.colcon_core.verb[0m [1;30mLevel 5[0m set package 'jetracer_ros2' build argument 'cmake_clean_cache' from command line to 'False'
[0.720s] [34mcolcon.colcon_core.verb[0m [1;30mLevel 5[0m set package 'jetracer_ros2' build argument 'cmake_clean_first' from command line to 'False'
[0.720s] [34mcolcon.colcon_core.verb[0m [1;30mLevel 5[0m set package 'jetracer_ros2' build argument 'cmake_force_configure' from command line to 'False'
[0.720s] [34mcolcon.colcon_core.verb[0m [1;30mLevel 5[0m set package 'jetracer_ros2' build argument 'ament_cmake_args' from command line to 'None'
[0.720s] [34mcolcon.colcon_core.verb[0m [1;30mLevel 5[0m set package 'jetracer_ros2' build argument 'catkin_cmake_args' from command line to 'None'
[0.720s] [34mcolcon.colcon_core.verb[0m [1;30mLevel 5[0m set package 'jetracer_ros2' build argument 'catkin_skip_building_tests' from command line to 'False'
[0.720s] [34mcolcon.colcon_core.verb[0m [1;30mDEBUG[0m [32mBuilding package 'jetracer_ros2' with the following arguments: {'ament_cmake_args': None, 'build_base': '/home/wego/third_impact/build/jetracer_ros2', 'catkin_cmake_args': None, 'catkin_skip_building_tests': False, 'cmake_args': None, 'cmake_clean_cache': False, 'cmake_clean_first': False, 'cmake_force_configure': False, 'cmake_target': None, 'cmake_target_skip_unavailable': False, 'install_base': '/home/wego/third_impact/install/jetracer_ros2', 'merge_install': False, 'path': '/home/wego/third_impact/src/jetracer_ros2', 'symlink_install': True, 'test_result_base': None}[0m
[0.721s] [34mcolcon.colcon_core.verb[0m [1;30mLevel 5[0m set package 'limo_aj' build argument 'cmake_args' from command line to 'None'
[0.721s] [34mcolcon.colcon_core.verb[0m [1;30mLevel 5[0m set package 'limo_aj' build argument 'cmake_target' from command line to 'None'
[0.721s] [34mcolcon.colcon_core.verb[0m [1;30mLevel 5[0m set package 'limo_aj' build argument 'cmake_target_skip_unavailable' from command line to 'False'
[0.721s] [34mcolcon.colcon_core.verb[0m [1;30mLevel 5[0m set package 'limo_aj' build argument 'cmake_clean_cache' from command line to 'False'
[0.721s] [34mcolcon.colcon_core.verb[0m [1;30mLevel 5[0m set package 'limo_aj' build argument 'cmake_clean_first' from command line to 'False'
[0.721s] [34mcolcon.colcon_core.verb[0m [1;30mLevel 5[0m set package 'limo_aj' build argument 'cmake_force_configure' from command line to 'False'
[0.721s] [34mcolcon.colcon_core.verb[0m [1;30mLevel 5[0m set package 'limo_aj' build argument 'ament_cmake_args' from command line to 'None'
[0.721s] [34mcolcon.colcon_core.verb[0m [1;30mLevel 5[0m set package 'limo_aj' build argument 'catkin_cmake_args' from command line to 'None'
[0.722s] [34mcolcon.colcon_core.verb[0m [1;30mLevel 5[0m set package 'limo_aj' build argument 'catkin_skip_building_tests' from command line to 'False'
[0.722s] [34mcolcon.colcon_core.verb[0m [1;30mDEBUG[0m [32mBuilding package 'limo_aj' with the following arguments: {'ament_cmake_args': None, 'build_base': '/home/wego/third_impact/build/limo_aj', 'catkin_cmake_args': None, 'catkin_skip_building_tests': False, 'cmake_args': None, 'cmake_clean_cache': False, 'cmake_clean_first': False, 'cmake_force_configure': False, 'cmake_target': None, 'cmake_target_skip_unavailable': False, 'install_base': '/home/wego/third_impact/install/limo_aj', 'merge_install': False, 'path': '/home/wego/third_impact/src/limo_aj', 'symlink_install': True, 'test_result_base': None}[0m
[0.722s] [34mcolcon.colcon_core.verb[0m [1;30mLevel 5[0m set package 'limo_lidar' build argument 'cmake_args' from command line to 'None'
[0.723s] [34mcolcon.colcon_core.verb[0m [1;30mLevel 5[0m set package 'limo_lidar' build argument 'cmake_target' from command line to 'None'
[0.723s] [34mcolcon.colcon_core.verb[0m [1;30mLevel 5[0m set package 'limo_lidar' build argument 'cmake_target_skip_unavailable' from command line to 'False'
[0.723s] [34mcolcon.colcon_core.verb[0m [1;30mLevel 5[0m set package 'limo_lidar' build argument 'cmake_clean_cache' from command line to 'False'
[0.723s] [34mcolcon.colcon_core.verb[0m [1;30mLevel 5[0m set package 'limo_lidar' build argument 'cmake_clean_first' from command line to 'False'
[0.723s] [34mcolcon.colcon_core.verb[0m [1;30mLevel 5[0m set package 'limo_lidar' build argument 'cmake_force_configure' from command line to 'False'
[0.723s] [34mcolcon.colcon_core.verb[0m [1;30mLevel 5[0m set package 'limo_lidar' build argument 'ament_cmake_args' from command line to 'None'
[0.723s] [34mcolcon.colcon_core.verb[0m [1;30mLevel 5[0m set package 'limo_lidar' build argument 'catkin_cmake_args' from command line to 'None'
[0.723s] [34mcolcon.colcon_core.verb[0m [1;30mLevel 5[0m set package 'limo_lidar' build argument 'catkin_skip_building_tests' from command line to 'False'
[0.723s] [34mcolcon.colcon_core.verb[0m [1;30mDEBUG[0m [32mBuilding package 'limo_lidar' with the following arguments: {'ament_cmake_args': None, 'build_base': '/home/wego/third_impact/build/limo_lidar', 'catkin_cmake_args': None, 'catkin_skip_building_tests': False, 'cmake_args': None, 'cmake_clean_cache': False, 'cmake_clean_first': False, 'cmake_force_configure': False, 'cmake_target': None, 'cmake_target_skip_unavailable': False, 'install_base': '/home/wego/third_impact/install/limo_lidar', 'merge_install': False, 'path': '/home/wego/third_impact/src/limo_lidar', 'symlink_install': True, 'test_result_base': None}[0m
[0.724s] [34mcolcon.colcon_core.verb[0m [1;30mLevel 5[0m set package 'slam_parking' build argument 'cmake_args' from command line to 'None'
[0.724s] [34mcolcon.colcon_core.verb[0m [1;30mLevel 5[0m set package 'slam_parking' build argument 'cmake_target' from command line to 'None'
[0.724s] [34mcolcon.colcon_core.verb[0m [1;30mLevel 5[0m set package 'slam_parking' build argument 'cmake_target_skip_unavailable' from command line to 'False'
[0.724s] [34mcolcon.colcon_core.verb[0m [1;30mLevel 5[0m set package 'slam_parking' build argument 'cmake_clean_cache' from command line to 'False'
[0.724s] [34mcolcon.colcon_core.verb[0m [1;30mLevel 5[0m set package 'slam_parking' build argument 'cmake_clean_first' from command line to 'False'
[0.724s] [34mcolcon.colcon_core.verb[0m [1;30mLevel 5[0m set package 'slam_parking' build argument 'cmake_force_configure' from command line to 'False'
[0.724s] [34mcolcon.colcon_core.verb[0m [1;30mLevel 5[0m set package 'slam_parking' build argument 'ament_cmake_args' from command line to 'None'
[0.724s] [34mcolcon.colcon_core.verb[0m [1;30mLevel 5[0m set package 'slam_parking' build argument 'catkin_cmake_args' from command line to 'None'
[0.724s] [34mcolcon.colcon_core.verb[0m [1;30mLevel 5[0m set package 'slam_parking' build argument 'catkin_skip_building_tests' from command line to 'False'
[0.725s] [34mcolcon.colcon_core.verb[0m [1;30mDEBUG[0m [32mBuilding package 'slam_parking' with the following arguments: {'ament_cmake_args': None, 'build_base': '/home/wego/third_impact/build/slam_parking', 'catkin_cmake_args': None, 'catkin_skip_building_tests': False, 'cmake_args': None, 'cmake_clean_cache': False, 'cmake_clean_first': False, 'cmake_force_configure': False, 'cmake_target': None, 'cmake_target_skip_unavailable': False, 'install_base': '/home/wego/third_impact/install/slam_parking', 'merge_install': False, 'path': '/home/wego/third_impact/src/slam_parking', 'symlink_install': True, 'test_result_base': None}[0m
[0.725s] [34mcolcon.colcon_core.executor[0m [1;30mINFO[0m Executing jobs using 'parallel' executor
[0.727s] [34mcolcon.colcon_parallel_executor.executor.parallel[0m [1;30mDEBUG[0m [32mrun_until_complete[0m
[0.729s] [34mcolcon.colcon_ros.task.ament_python.build[0m [1;30mINFO[0m Building ROS package in '/home/wego/third_impact/src/jetracer_ros2' with build type 'ament_python'
[0.729s] [34mcolcon.colcon_core.shell[0m [1;30mLevel 1[0m create_environment_hook('jetracer_ros2', 'ament_prefix_path')
[0.742s] [34mcolcon.colcon_core.plugin_system[0m [1;30mINFO[0m Skipping extension 'colcon_core.shell.bat': Not used on non-Windows systems
[0.743s] [34mcolcon.colcon_core.shell[0m [1;30mINFO[0m Creating environment hook '/home/wego/third_impact/install/jetracer_ros2/share/jetracer_ros2/hook/ament_prefix_path.ps1'
[0.745s] [34mcolcon.colcon_core.shell[0m [1;30mINFO[0m Creating environment descriptor '/home/wego/third_impact/install/jetracer_ros2/share/jetracer_ros2/hook/ament_prefix_path.dsv'
[0.746s] [34mcolcon.colcon_core.shell[0m [1;30mINFO[0m Creating environment hook '/home/wego/third_impact/install/jetracer_ros2/share/jetracer_ros2/hook/ament_prefix_path.sh'
[0.747s] [34mcolcon.colcon_core.shell[0m [1;30mINFO[0m Skip shell extension 'powershell' for command environment: Not usable outside of PowerShell
[0.748s] [34mcolcon.colcon_core.shell[0m [1;30mDEBUG[0m [32mSkip shell extension 'dsv' for command environment[0m
[0.755s] [34mcolcon.colcon_ros.task.ament_python.build[0m [1;30mINFO[0m Building ROS package in '/home/wego/third_impact/src/limo_aj' with build type 'ament_python'
[0.756s] [34mcolcon.colcon_core.shell[0m [1;30mLevel 1[0m create_environment_hook('limo_aj', 'ament_prefix_path')
[0.756s] [34mcolcon.colcon_core.shell[0m [1;30mINFO[0m Creating environment hook '/home/wego/third_impact/install/limo_aj/share/limo_aj/hook/ament_prefix_path.ps1'
[0.758s] [34mcolcon.colcon_core.shell[0m [1;30mINFO[0m Creating environment descriptor '/home/wego/third_impact/install/limo_aj/share/limo_aj/hook/ament_prefix_path.dsv'
[0.759s] [34mcolcon.colcon_core.shell[0m [1;30mINFO[0m Creating environment hook '/home/wego/third_impact/install/limo_aj/share/limo_aj/hook/ament_prefix_path.sh'
[0.760s] [34mcolcon.colcon_core.shell[0m [1;30mINFO[0m Skip shell extension 'powershell' for command environment: Not usable outside of PowerShell
[0.760s] [34mcolcon.colcon_core.shell[0m [1;30mDEBUG[0m [32mSkip shell extension 'dsv' for command environment[0m
[0.768s] [34mcolcon.colcon_ros.task.ament_python.build[0m [1;30mINFO[0m Building ROS package in '/home/wego/third_impact/src/limo_lidar' with build type 'ament_python'
[0.768s] [34mcolcon.colcon_core.shell[0m [1;30mLevel 1[0m create_environment_hook('limo_lidar', 'ament_prefix_path')
[0.769s] [34mcolcon.colcon_core.shell[0m [1;30mINFO[0m Creating environment hook '/home/wego/third_impact/install/limo_lidar/share/limo_lidar/hook/ament_prefix_path.ps1'
[0.770s] [34mcolcon.colcon_core.shell[0m [1;30mINFO[0m Creating environment descriptor '/home/wego/third_impact/install/limo_lidar/share/limo_lidar/hook/ament_prefix_path.dsv'
[0.771s] [34mcolcon.colcon_core.shell[0m [1;30mINFO[0m Creating environment hook '/home/wego/third_impact/install/limo_lidar/share/limo_lidar/hook/ament_prefix_path.sh'
[0.772s] [34mcolcon.colcon_core.shell[0m [1;30mINFO[0m Skip shell extension 'powershell' for command environment: Not usable outside of PowerShell
[0.772s] [34mcolcon.colcon_core.shell[0m [1;30mDEBUG[0m [32mSkip shell extension 'dsv' for command environment[0m
[0.781s] [34mcolcon.colcon_ros.task.ament_python.build[0m [1;30mINFO[0m Building ROS package in '/home/wego/third_impact/src/slam_parking' with build type 'ament_python'
[0.782s] [34mcolcon.colcon_core.shell[0m [1;30mLevel 1[0m create_environment_hook('slam_parking', 'ament_prefix_path')
[0.783s] [34mcolcon.colcon_core.shell[0m [1;30mINFO[0m Creating environment hook '/home/wego/third_impact/install/slam_parking/share/slam_parking/hook/ament_prefix_path.ps1'
[0.785s] [34mcolcon.colcon_core.shell[0m [1;30mINFO[0m Creating environment descriptor '/home/wego/third_impact/install/slam_parking/share/slam_parking/hook/ament_prefix_path.dsv'
[0.786s] [34mcolcon.colcon_core.shell[0m [1;30mINFO[0m Creating environment hook '/home/wego/third_impact/install/slam_parking/share/slam_parking/hook/ament_prefix_path.sh'
[0.787s] [34mcolcon.colcon_core.shell[0m [1;30mINFO[0m Skip shell extension 'powershell' for command environment: Not usable outside of PowerShell
[0.787s] [34mcolcon.colcon_core.shell[0m [1;30mDEBUG[0m [32mSkip shell extension 'dsv' for command environment[0m
[1.376s] [34mcolcon.colcon_core.task.python.build[0m [1;30mINFO[0m Building Python package in '/home/wego/third_impact/src/jetracer_ros2'
[1.377s] [34mcolcon.colcon_core.shell[0m [1;30mINFO[0m Skip shell extension 'powershell' for command environment: Not usable outside of PowerShell
[1.377s] [34mcolcon.colcon_core.shell[0m [1;30mDEBUG[0m [32mSkip shell extension 'dsv' for command environment[0m
[1.985s] [34mcolcon.colcon_core.task.python.build[0m [1;30mINFO[0m Building Python package in '/home/wego/third_impact/src/limo_aj'
[1.987s] [34mcolcon.colcon_core.shell[0m [1;30mINFO[0m Skip shell extension 'powershell' for command environment: Not usable outside of PowerShell
[1.987s] [34mcolcon.colcon_core.shell[0m [1;30mDEBUG[0m [32mSkip shell extension 'dsv' for command environment[0m
[2.562s] [34mcolcon.colcon_core.task.python.build[0m [1;30mINFO[0m Building Python package in '/home/wego/third_impact/src/limo_lidar'
[2.563s] [34mcolcon.colcon_core.shell[0m [1;30mINFO[0m Skip shell extension 'powershell' for command environment: Not usable outside of PowerShell
[2.563s] [34mcolcon.colcon_core.shell[0m [1;30mDEBUG[0m [32mSkip shell extension 'dsv' for command environment[0m
[3.213s] [34mcolcon.colcon_core.task.python.build[0m [1;30mINFO[0m Building Python package in '/home/wego/third_impact/src/slam_parking'
[3.215s] [34mcolcon.colcon_core.shell[0m [1;30mINFO[0m Skip shell extension 'powershell' for command environment: Not usable outside of PowerShell
[3.215s] [34mcolcon.colcon_core.shell[0m [1;30mDEBUG[0m [32mSkip shell extension 'dsv' for command environment[0m
[5.093s] [34mcolcon.colcon_core.event_handler.log_command[0m [1;30mDEBUG[0m [32mInvoking command in '/home/wego/third_impact/build/slam_parking': PYTHONPATH=/home/wego/third_impact/build/slam_parking/prefix_override:/usr/lib/python3/dist-packages/colcon_core/task/python/colcon_distutils_commands:/home/wego/third_impact/install/slam_parking/lib/python3.10/site-packages:${PYTHONPATH} /usr/bin/python3 -W ignore:setup.py install is deprecated -W ignore:easy_install command is deprecated setup.py develop --editable --build-directory /home/wego/third_impact/build/slam_parking/build --no-deps symlink_data[0m
[5.173s] [34mcolcon.colcon_core.event_handler.log_command[0m [1;30mDEBUG[0m [32mInvoking command in '/home/wego/third_impact/build/limo_aj': PYTHONPATH=/home/wego/third_impact/build/limo_aj/prefix_override:/usr/lib/python3/dist-packages/colcon_core/task/python/colcon_distutils_commands:/home/wego/third_impact/install/limo_aj/lib/python3.10/site-packages:${PYTHONPATH} /usr/bin/python3 -W ignore:setup.py install is deprecated -W ignore:easy_install command is deprecated setup.py develop --editable --build-directory /home/wego/third_impact/build/limo_aj/build --no-deps symlink_data[0m
[5.207s] [34mcolcon.colcon_core.event_handler.log_command[0m [1;30mDEBUG[0m [32mInvoking command in '/home/wego/third_impact/build/jetracer_ros2': PYTHONPATH=/home/wego/third_impact/build/jetracer_ros2/prefix_override:/usr/lib/python3/dist-packages/colcon_core/task/python/colcon_distutils_commands:/home/wego/third_impact/install/jetracer_ros2/lib/python3.10/site-packages:${PYTHONPATH} /usr/bin/python3 -W ignore:setup.py install is deprecated -W ignore:easy_install command is deprecated setup.py develop --editable --build-directory /home/wego/third_impact/build/jetracer_ros2/build --no-deps symlink_data[0m
[5.239s] [34mcolcon.colcon_core.event_handler.log_command[0m [1;30mDEBUG[0m [32mInvoking command in '/home/wego/third_impact/build/limo_lidar': PYTHONPATH=/home/wego/third_impact/build/limo_lidar/prefix_override:/usr/lib/python3/dist-packages/colcon_core/task/python/colcon_distutils_commands:/home/wego/third_impact/install/limo_lidar/lib/python3.10/site-packages:${PYTHONPATH} /usr/bin/python3 -W ignore:setup.py install is deprecated -W ignore:easy_install command is deprecated setup.py develop --editable --build-directory /home/wego/third_impact/build/limo_lidar/build --no-deps symlink_data[0m
[7.179s] [34mcolcon.colcon_core.shell[0m [1;30mLevel 1[0m create_environment_hook('slam_parking', 'pythonpath_develop')
[7.184s] [34mcolcon.colcon_core.shell[0m [1;30mINFO[0m Creating environment hook '/home/wego/third_impact/build/slam_parking/share/slam_parking/hook/pythonpath_develop.ps1'
[7.187s] [34mcolcon.colcon_core.event_handler.log_command[0m [1;30mDEBUG[0m [32mInvoked command in '/home/wego/third_impact/build/slam_parking' returned '0': PYTHONPATH=/home/wego/third_impact/build/slam_parking/prefix_override:/usr/lib/python3/dist-packages/colcon_core/task/python/colcon_distutils_commands:/home/wego/third_impact/install/slam_parking/lib/python3.10/site-packages:${PYTHONPATH} /usr/bin/python3 -W ignore:setup.py install is deprecated -W ignore:easy_install command is deprecated setup.py develop --editable --build-directory /home/wego/third_impact/build/slam_parking/build --no-deps symlink_data[0m
[7.198s] [34mcolcon.colcon_core.shell[0m [1;30mINFO[0m Creating environment descriptor '/home/wego/third_impact/build/slam_parking/share/slam_parking/hook/pythonpath_develop.dsv'
[7.202s] [34mcolcon.colcon_core.shell[0m [1;30mINFO[0m Creating environment hook '/home/wego/third_impact/build/slam_parking/share/slam_parking/hook/pythonpath_develop.sh'
[7.215s] [34mcolcon.colcon_core.environment[0m [1;30mLevel 1[0m checking '/home/wego/third_impact/install/slam_parking' for CMake module files
[7.217s] [34mcolcon.colcon_core.environment[0m [1;30mLevel 1[0m checking '/home/wego/third_impact/install/slam_parking' for CMake config files
[7.226s] [34mcolcon.colcon_core.environment[0m [1;30mLevel 1[0m checking '/home/wego/third_impact/install/slam_parking/lib'
[7.228s] [34mcolcon.colcon_core.environment[0m [1;30mLevel 1[0m checking '/home/wego/third_impact/install/slam_parking/bin'
[7.228s] [34mcolcon.colcon_core.environment[0m [1;30mLevel 1[0m checking '/home/wego/third_impact/install/slam_parking/lib/pkgconfig/slam_parking.pc'
[7.229s] [34mcolcon.colcon_core.environment[0m [1;30mLevel 1[0m checking '/home/wego/third_impact/install/slam_parking/lib/python3.10/site-packages'
[7.230s] [34mcolcon.colcon_core.shell[0m [1;30mLevel 1[0m create_environment_hook('slam_parking', 'pythonpath')
[7.230s] [34mcolcon.colcon_core.shell[0m [1;30mINFO[0m Creating environment hook '/home/wego/third_impact/install/slam_parking/share/slam_parking/hook/pythonpath.ps1'
[7.233s] [34mcolcon.colcon_core.shell[0m [1;30mINFO[0m Creating environment descriptor '/home/wego/third_impact/install/slam_parking/share/slam_parking/hook/pythonpath.dsv'
[7.235s] [34mcolcon.colcon_core.shell[0m [1;30mINFO[0m Creating environment hook '/home/wego/third_impact/install/slam_parking/share/slam_parking/hook/pythonpath.sh'
[7.238s] [34mcolcon.colcon_core.environment[0m [1;30mLevel 1[0m checking '/home/wego/third_impact/install/slam_parking/bin'
[7.238s] [34mcolcon.colcon_core.environment[0m [1;30mLevel 1[0m create_environment_scripts_only(slam_parking)
[7.239s] [34mcolcon.colcon_core.shell[0m [1;30mINFO[0m Creating package script '/home/wego/third_impact/install/slam_parking/share/slam_parking/package.ps1'
[7.242s] [34mcolcon.colcon_core.shell[0m [1;30mINFO[0m Creating package descriptor '/home/wego/third_impact/install/slam_parking/share/slam_parking/package.dsv'
[7.244s] [34mcolcon.colcon_core.shell[0m [1;30mINFO[0m Creating package script '/home/wego/third_impact/install/slam_parking/share/slam_parking/package.sh'
[7.247s] [34mcolcon.colcon_core.shell[0m [1;30mINFO[0m Creating package script '/home/wego/third_impact/install/slam_parking/share/slam_parking/package.bash'
[7.249s] [34mcolcon.colcon_core.shell[0m [1;30mINFO[0m Creating package script '/home/wego/third_impact/install/slam_parking/share/slam_parking/package.zsh'
[7.253s] [34mcolcon.colcon_core.environment[0m [1;30mLevel 1[0m create_file_with_runtime_dependencies(/home/wego/third_impact/install/slam_parking/share/colcon-core/packages/slam_parking)
[7.258s] [34mcolcon.colcon_core.shell[0m [1;30mLevel 1[0m create_environment_hook('limo_aj', 'pythonpath_develop')
[7.260s] [34mcolcon.colcon_core.shell[0m [1;30mINFO[0m Creating environment hook '/home/wego/third_impact/build/limo_aj/share/limo_aj/hook/pythonpath_develop.ps1'
[7.265s] [34mcolcon.colcon_core.event_handler.log_command[0m [1;30mDEBUG[0m [32mInvoked command in '/home/wego/third_impact/build/limo_aj' returned '0': PYTHONPATH=/home/wego/third_impact/build/limo_aj/prefix_override:/usr/lib/python3/dist-packages/colcon_core/task/python/colcon_distutils_commands:/home/wego/third_impact/install/limo_aj/lib/python3.10/site-packages:${PYTHONPATH} /usr/bin/python3 -W ignore:setup.py install is deprecated -W ignore:easy_install command is deprecated setup.py develop --editable --build-directory /home/wego/third_impact/build/limo_aj/build --no-deps symlink_data[0m
[7.268s] [34mcolcon.colcon_core.shell[0m [1;30mINFO[0m Creating environment descriptor '/home/wego/third_impact/build/limo_aj/share/limo_aj/hook/pythonpath_develop.dsv'
[7.270s] [34mcolcon.colcon_core.shell[0m [1;30mINFO[0m Creating environment hook '/home/wego/third_impact/build/limo_aj/share/limo_aj/hook/pythonpath_develop.sh'
[7.275s] [34mcolcon.colcon_core.environment[0m [1;30mLevel 1[0m checking '/home/wego/third_impact/install/limo_aj' for CMake module files
[7.276s] [34mcolcon.colcon_core.environment[0m [1;30mLevel 1[0m checking '/home/wego/third_impact/install/limo_aj' for CMake config files
[7.277s] [34mcolcon.colcon_core.environment[0m [1;30mLevel 1[0m checking '/home/wego/third_impact/install/limo_aj/lib'
[7.278s] [34mcolcon.colcon_core.environment[0m [1;30mLevel 1[0m checking '/home/wego/third_impact/install/limo_aj/bin'
[7.278s] [34mcolcon.colcon_core.environment[0m [1;30mLevel 1[0m checking '/home/wego/third_impact/install/limo_aj/lib/pkgconfig/limo_aj.pc'
[7.278s] [34mcolcon.colcon_core.environment[0m [1;30mLevel 1[0m checking '/home/wego/third_impact/install/limo_aj/lib/python3.10/site-packages'
[7.278s] [34mcolcon.colcon_core.shell[0m [1;30mLevel 1[0m create_environment_hook('limo_aj', 'pythonpath')
[7.279s] [34mcolcon.colcon_core.shell[0m [1;30mINFO[0m Creating environment hook '/home/wego/third_impact/install/limo_aj/share/limo_aj/hook/pythonpath.ps1'
[7.280s] [34mcolcon.colcon_core.shell[0m [1;30mINFO[0m Creating environment descriptor '/home/wego/third_impact/install/limo_aj/share/limo_aj/hook/pythonpath.dsv'
[7.282s] [34mcolcon.colcon_core.shell[0m [1;30mINFO[0m Creating environment hook '/home/wego/third_impact/install/limo_aj/share/limo_aj/hook/pythonpath.sh'
[7.283s] [34mcolcon.colcon_core.environment[0m [1;30mLevel 1[0m checking '/home/wego/third_impact/install/limo_aj/bin'
[7.284s] [34mcolcon.colcon_core.environment[0m [1;30mLevel 1[0m create_environment_scripts_only(limo_aj)
[7.285s] [34mcolcon.colcon_core.shell[0m [1;30mINFO[0m Creating package script '/home/wego/third_impact/install/limo_aj/share/limo_aj/package.ps1'
[7.286s] [34mcolcon.colcon_core.shell[0m [1;30mINFO[0m Creating package descriptor '/home/wego/third_impact/install/limo_aj/share/limo_aj/package.dsv'
[7.287s] [34mcolcon.colcon_core.shell[0m [1;30mINFO[0m Creating package script '/home/wego/third_impact/install/limo_aj/share/limo_aj/package.sh'
[7.290s] [34mcolcon.colcon_core.shell[0m [1;30mINFO[0m Creating package script '/home/wego/third_impact/install/limo_aj/share/limo_aj/package.bash'
[7.291s] [34mcolcon.colcon_core.shell[0m [1;30mINFO[0m Creating package script '/home/wego/third_impact/install/limo_aj/share/limo_aj/package.zsh'
[7.292s] [34mcolcon.colcon_core.environment[0m [1;30mLevel 1[0m create_file_with_runtime_dependencies(/home/wego/third_impact/install/limo_aj/share/colcon-core/packages/limo_aj)
[7.570s] [34mcolcon.colcon_core.shell[0m [1;30mLevel 1[0m create_environment_hook('limo_lidar', 'pythonpath_develop')
[7.571s] [34mcolcon.colcon_core.shell[0m [1;30mINFO[0m Creating environment hook '/home/wego/third_impact/build/limo_lidar/share/limo_lidar/hook/pythonpath_develop.ps1'
[7.574s] [34mcolcon.colcon_core.event_handler.log_command[0m [1;30mDEBUG[0m [32mInvoked command in '/home/wego/third_impact/build/limo_lidar' returned '0': PYTHONPATH=/home/wego/third_impact/build/limo_lidar/prefix_override:/usr/lib/python3/dist-packages/colcon_core/task/python/colcon_distutils_commands:/home/wego/third_impact/install/limo_lidar/lib/python3.10/site-packages:${PYTHONPATH} /usr/bin/python3 -W ignore:setup.py install is deprecated -W ignore:easy_install command is deprecated setup.py develop --editable --build-directory /home/wego/third_impact/build/limo_lidar/build --no-deps symlink_data[0m
[7.575s] [34mcolcon.colcon_core.shell[0m [1;30mINFO[0m Creating environment descriptor '/home/wego/third_impact/build/limo_lidar/share/limo_lidar/hook/pythonpath_develop.dsv'
[7.576s] [34mcolcon.colcon_core.shell[0m [1;30mINFO[0m Creating environment hook '/home/wego/third_impact/build/limo_lidar/share/limo_lidar/hook/pythonpath_develop.sh'
[7.578s] [34mcolcon.colcon_core.environment[0m [1;30mLevel 1[0m checking '/home/wego/third_impact/install/limo_lidar' for CMake module files
[7.580s] [34mcolcon.colcon_core.environment[0m [1;30mLevel 1[0m checking '/home/wego/third_impact/install/limo_lidar' for CMake config files
[7.582s] [34mcolcon.colcon_core.environment[0m [1;30mLevel 1[0m checking '/home/wego/third_impact/install/limo_lidar/lib'
[7.582s] [34mcolcon.colcon_core.environment[0m [1;30mLevel 1[0m checking '/home/wego/third_impact/install/limo_lidar/bin'
[7.582s] [34mcolcon.colcon_core.environment[0m [1;30mLevel 1[0m checking '/home/wego/third_impact/install/limo_lidar/lib/pkgconfig/limo_lidar.pc'
[7.583s] [34mcolcon.colcon_core.environment[0m [1;30mLevel 1[0m checking '/home/wego/third_impact/install/limo_lidar/lib/python3.10/site-packages'
[7.584s] [34mcolcon.colcon_core.shell[0m [1;30mLevel 1[0m create_environment_hook('limo_lidar', 'pythonpath')
[7.585s] [34mcolcon.colcon_core.shell[0m [1;30mINFO[0m Creating environment hook '/home/wego/third_impact/install/limo_lidar/share/limo_lidar/hook/pythonpath.ps1'
[7.587s] [34mcolcon.colcon_core.shell[0m [1;30mINFO[0m Creating environment descriptor '/home/wego/third_impact/install/limo_lidar/share/limo_lidar/hook/pythonpath.dsv'
[7.589s] [34mcolcon.colcon_core.shell[0m [1;30mINFO[0m Creating environment hook '/home/wego/third_impact/install/limo_lidar/share/limo_lidar/hook/pythonpath.sh'
[7.592s] [34mcolcon.colcon_core.environment[0m [1;30mLevel 1[0m checking '/home/wego/third_impact/install/limo_lidar/bin'
[7.594s] [34mcolcon.colcon_core.environment[0m [1;30mLevel 1[0m create_environment_scripts_only(limo_lidar)
[7.595s] [34mcolcon.colcon_core.shell[0m [1;30mINFO[0m Creating package script '/home/wego/third_impact/install/limo_lidar/share/limo_lidar/package.ps1'
[7.597s] [34mcolcon.colcon_core.shell[0m [1;30mINFO[0m Creating package descriptor '/home/wego/third_impact/install/limo_lidar/share/limo_lidar/package.dsv'
[7.599s] [34mcolcon.colcon_core.shell[0m [1;30mINFO[0m Creating package script '/home/wego/third_impact/install/limo_lidar/share/limo_lidar/package.sh'
[7.601s] [34mcolcon.colcon_core.shell[0m [1;30mINFO[0m Creating package script '/home/wego/third_impact/install/limo_lidar/share/limo_lidar/package.bash'
[7.602s] [34mcolcon.colcon_core.shell[0m [1;30mINFO[0m Creating package script '/home/wego/third_impact/install/limo_lidar/share/limo_lidar/package.zsh'
[7.603s] [34mcolcon.colcon_core.environment[0m [1;30mLevel 1[0m create_file_with_runtime_dependencies(/home/wego/third_impact/install/limo_lidar/share/colcon-core/packages/limo_lidar)
[7.688s] [34mcolcon.colcon_core.shell[0m [1;30mLevel 1[0m create_environment_hook('jetracer_ros2', 'pythonpath_develop')
[7.689s] [34mcolcon.colcon_core.shell[0m [1;30mINFO[0m Creating environment hook '/home/wego/third_impact/build/jetracer_ros2/share/jetracer_ros2/hook/pythonpath_develop.ps1'
[7.690s] [34mcolcon.colcon_core.event_handler.log_command[0m [1;30mDEBUG[0m [32mInvoked command in '/home/wego/third_impact/build/jetracer_ros2' returned '0': PYTHONPATH=/home/wego/third_impact/build/jetracer_ros2/prefix_override:/usr/lib/python3/dist-packages/colcon_core/task/python/colcon_distutils_commands:/home/wego/third_impact/install/jetracer_ros2/lib/python3.10/site-packages:${PYTHONPATH} /usr/bin/python3 -W ignore:setup.py install is deprecated -W ignore:easy_install command is deprecated setup.py develop --editable --build-directory /home/wego/third_impact/build/jetracer_ros2/build --no-deps symlink_data[0m
[7.692s] [34mcolcon.colcon_core.shell[0m [1;30mINFO[0m Creating environment descriptor '/home/wego/third_impact/build/jetracer_ros2/share/jetracer_ros2/hook/pythonpath_develop.dsv'
[7.696s] [34mcolcon.colcon_core.shell[0m [1;30mINFO[0m Creating environment hook '/home/wego/third_impact/build/jetracer_ros2/share/jetracer_ros2/hook/pythonpath_develop.sh'
[7.699s] [34mcolcon.colcon_core.environment[0m [1;30mLevel 1[0m checking '/home/wego/third_impact/install/jetracer_ros2' for CMake module files
[7.701s] [34mcolcon.colcon_core.environment[0m [1;30mLevel 1[0m checking '/home/wego/third_impact/install/jetracer_ros2' for CMake config files
[7.703s] [34mcolcon.colcon_core.environment[0m [1;30mLevel 1[0m checking '/home/wego/third_impact/install/jetracer_ros2/lib'
[7.703s] [34mcolcon.colcon_core.environment[0m [1;30mLevel 1[0m checking '/home/wego/third_impact/install/jetracer_ros2/bin'
[7.704s] [34mcolcon.colcon_core.environment[0m [1;30mLevel 1[0m checking '/home/wego/third_impact/install/jetracer_ros2/lib/pkgconfig/jetracer_ros2.pc'
[7.705s] [34mcolcon.colcon_core.environment[0m [1;30mLevel 1[0m checking '/home/wego/third_impact/install/jetracer_ros2/lib/python3.10/site-packages'
[7.705s] [34mcolcon.colcon_core.shell[0m [1;30mLevel 1[0m create_environment_hook('jetracer_ros2', 'pythonpath')
[7.706s] [34mcolcon.colcon_core.shell[0m [1;30mINFO[0m Creating environment hook '/home/wego/third_impact/install/jetracer_ros2/share/jetracer_ros2/hook/pythonpath.ps1'
[7.708s] [34mcolcon.colcon_core.shell[0m [1;30mINFO[0m Creating environment descriptor '/home/wego/third_impact/install/jetracer_ros2/share/jetracer_ros2/hook/pythonpath.dsv'
[7.710s] [34mcolcon.colcon_core.shell[0m [1;30mINFO[0m Creating environment hook '/home/wego/third_impact/install/jetracer_ros2/share/jetracer_ros2/hook/pythonpath.sh'
[7.713s] [34mcolcon.colcon_core.environment[0m [1;30mLevel 1[0m checking '/home/wego/third_impact/install/jetracer_ros2/bin'
[7.713s] [34mcolcon.colcon_core.environment[0m [1;30mLevel 1[0m create_environment_scripts_only(jetracer_ros2)
[7.715s] [34mcolcon.colcon_core.shell[0m [1;30mINFO[0m Creating package script '/home/wego/third_impact/install/jetracer_ros2/share/jetracer_ros2/package.ps1'
[7.718s] [34mcolcon.colcon_core.shell[0m [1;30mINFO[0m Creating package descriptor '/home/wego/third_impact/install/jetracer_ros2/share/jetracer_ros2/package.dsv'
[7.720s] [34mcolcon.colcon_core.shell[0m [1;30mINFO[0m Creating package script '/home/wego/third_impact/install/jetracer_ros2/share/jetracer_ros2/package.sh'
[7.722s] [34mcolcon.colcon_core.shell[0m [1;30mINFO[0m Creating package script '/home/wego/third_impact/install/jetracer_ros2/share/jetracer_ros2/package.bash'
[7.723s] [34mcolcon.colcon_core.shell[0m [1;30mINFO[0m Creating package script '/home/wego/third_impact/install/jetracer_ros2/share/jetracer_ros2/package.zsh'
[7.726s] [34mcolcon.colcon_core.environment[0m [1;30mLevel 1[0m create_file_with_runtime_dependencies(/home/wego/third_impact/install/jetracer_ros2/share/colcon-core/packages/jetracer_ros2)
[7.727s] [34mcolcon.colcon_parallel_executor.executor.parallel[0m [1;30mDEBUG[0m [32mclosing loop[0m
[7.730s] [34mcolcon.colcon_parallel_executor.executor.parallel[0m [1;30mDEBUG[0m [32mloop closed[0m
[7.730s] [34mcolcon.colcon_parallel_executor.executor.parallel[0m [1;30mDEBUG[0m [32mrun_until_complete finished with '0'[0m
[7.731s] [34mcolcon.colcon_core.event_reactor[0m [1;30mDEBUG[0m [32mjoining thread[0m
[7.757s] [34mcolcon.colcon_core.plugin_system[0m [1;30mINFO[0m Skipping extension 'colcon_notification.desktop_notification.terminal_notifier': Not used on non-Darwin systems
[7.757s] [34mcolcon.colcon_core.plugin_system[0m [1;30mINFO[0m Skipping extension 'colcon_notification.desktop_notification.win32': Not used on non-Windows systems
[7.758s] [34mcolcon.colcon_notification.desktop_notification[0m [1;30mINFO[0m Sending desktop notification using 'notify2'
[7.800s] [34mcolcon.colcon_core.event_reactor[0m [1;30mDEBUG[0m [32mjoined thread[0m
[7.801s] [34mcolcon.colcon_core.shell[0m [1;30mINFO[0m Creating prefix script '/home/wego/third_impact/install/local_setup.ps1'
[7.804s] [34mcolcon.colcon_core.shell[0m [1;30mINFO[0m Creating prefix util module '/home/wego/third_impact/install/_local_setup_util_ps1.py'
[7.807s] [34mcolcon.colcon_core.shell[0m [1;30mINFO[0m Creating prefix chain script '/home/wego/third_impact/install/setup.ps1'
[7.811s] [34mcolcon.colcon_core.shell[0m [1;30mINFO[0m Creating prefix script '/home/wego/third_impact/install/local_setup.sh'
[7.812s] [34mcolcon.colcon_core.shell[0m [1;30mINFO[0m Creating prefix util module '/home/wego/third_impact/install/_local_setup_util_sh.py'
[7.815s] [34mcolcon.colcon_core.shell[0m [1;30mINFO[0m Creating prefix chain script '/home/wego/third_impact/install/setup.sh'
[7.818s] [34mcolcon.colcon_core.shell[0m [1;30mINFO[0m Creating prefix script '/home/wego/third_impact/install/local_setup.bash'
[7.820s] [34mcolcon.colcon_core.shell[0m [1;30mINFO[0m Creating prefix chain script '/home/wego/third_impact/install/setup.bash'
[7.823s] [34mcolcon.colcon_core.shell[0m [1;30mINFO[0m Creating prefix script '/home/wego/third_impact/install/local_setup.zsh'
[7.825s] [34mcolcon.colcon_core.shell[0m [1;30mINFO[0m Creating prefix chain script '/home/wego/third_impact/install/setup.zsh'
