[4.715s] Invoking command in '/home/wego/third_impact/build/limo_lidar': PYTHONPATH=/home/wego/third_impact/build/limo_lidar/prefix_override:/usr/lib/python3/dist-packages/colcon_core/task/python/colcon_distutils_commands:/home/wego/third_impact/install/limo_lidar/lib/python3.10/site-packages:${PYTHONPATH} /usr/bin/python3 -W ignore:setup.py install is deprecated -W ignore:easy_install command is deprecated setup.py develop --editable --build-directory /home/wego/third_impact/build/limo_lidar/build --no-deps symlink_data
[5.793s] running develop
[6.492s] running egg_info
[6.540s] writing limo_lidar.egg-info/PKG-INFO
[6.542s] writing dependency_links to limo_lidar.egg-info/dependency_links.txt
[6.546s] writing entry points to limo_lidar.egg-info/entry_points.txt
[6.548s] writing requirements to limo_lidar.egg-info/requires.txt
[6.548s] writing top-level names to limo_lidar.egg-info/top_level.txt
[6.642s] reading manifest file 'limo_lidar.egg-info/SOURCES.txt'
[6.645s] writing manifest file 'limo_lidar.egg-info/SOURCES.txt'
[6.722s] running build_ext
[6.723s] Creating /home/wego/third_impact/install/limo_lidar/lib/python3.10/site-packages/limo-lidar.egg-link (link to .)
[6.725s] Installing line_check script to /home/wego/third_impact/install/limo_lidar/lib/limo_lidar
[6.725s] Installing obstacle_avoid script to /home/wego/third_impact/install/limo_lidar/lib/limo_lidar
[6.726s] Installing parking script to /home/wego/third_impact/install/limo_lidar/lib/limo_lidar
[6.726s] Installing reset_steer script to /home/wego/third_impact/install/limo_lidar/lib/limo_lidar
[6.726s] Installing stop_and_go script to /home/wego/third_impact/install/limo_lidar/lib/limo_lidar
[6.727s] Installing stop_test script to /home/wego/third_impact/install/limo_lidar/lib/limo_lidar
[6.727s] Installing stop_test_2 script to /home/wego/third_impact/install/limo_lidar/lib/limo_lidar
[6.727s] Installing test script to /home/wego/third_impact/install/limo_lidar/lib/limo_lidar
[6.728s] Installing yellow_det script to /home/wego/third_impact/install/limo_lidar/lib/limo_lidar
[6.729s] 
[6.729s] Installed /home/wego/third_impact/build/limo_lidar
[6.729s] running symlink_data
