[1.127s] Invoking command in '/home/wego/third_impact/build/limo_lidar': PYTHONPATH=/home/wego/third_impact/build/limo_lidar/prefix_override:/usr/lib/python3/dist-packages/colcon_core/task/python/colcon_distutils_commands:/home/wego/third_impact/install/limo_lidar/lib/python3.10/site-packages: /usr/bin/python3 -W ignore:setup.py install is deprecated -W ignore:easy_install command is deprecated setup.py develop --editable --build-directory /home/wego/third_impact/build/limo_lidar/build --no-deps symlink_data
[1.582s] running develop
[1.787s] running egg_info
[1.787s] writing limo_lidar.egg-info/PKG-INFO
[1.787s] writing dependency_links to limo_lidar.egg-info/dependency_links.txt
[1.788s] writing entry points to limo_lidar.egg-info/entry_points.txt
[1.788s] writing requirements to limo_lidar.egg-info/requires.txt
[1.788s] writing top-level names to limo_lidar.egg-info/top_level.txt
[1.792s] reading manifest file 'limo_lidar.egg-info/SOURCES.txt'
[1.794s] writing manifest file 'limo_lidar.egg-info/SOURCES.txt'
[1.796s] running build_ext
[1.797s] Creating /home/wego/third_impact/install/limo_lidar/lib/python3.10/site-packages/limo-lidar.egg-link (link to .)
[1.799s] Installing lidar_parking script to /home/wego/third_impact/install/limo_lidar/lib/limo_lidar
[1.799s] Installing line_check script to /home/wego/third_impact/install/limo_lidar/lib/limo_lidar
[1.800s] Installing obstacle_avoid script to /home/wego/third_impact/install/limo_lidar/lib/limo_lidar
[1.800s] Installing parking script to /home/wego/third_impact/install/limo_lidar/lib/limo_lidar
[1.800s] Installing reset_steer script to /home/wego/third_impact/install/limo_lidar/lib/limo_lidar
[1.801s] Installing stop_and_go script to /home/wego/third_impact/install/limo_lidar/lib/limo_lidar
[1.801s] Installing stop_test script to /home/wego/third_impact/install/limo_lidar/lib/limo_lidar
[1.801s] Installing stop_test_2 script to /home/wego/third_impact/install/limo_lidar/lib/limo_lidar
[1.801s] Installing test script to /home/wego/third_impact/install/limo_lidar/lib/limo_lidar
[1.802s] Installing yellow_det script to /home/wego/third_impact/install/limo_lidar/lib/limo_lidar
[1.802s] 
[1.802s] Installed /home/wego/third_impact/build/limo_lidar
[1.803s] running symlink_data
[1.881s] Invoked command in '/home/wego/third_impact/build/limo_lidar' returned '0': PYTHONPATH=/home/wego/third_impact/build/limo_lidar/prefix_override:/usr/lib/python3/dist-packages/colcon_core/task/python/colcon_distutils_commands:/home/wego/third_impact/install/limo_lidar/lib/python3.10/site-packages: /usr/bin/python3 -W ignore:setup.py install is deprecated -W ignore:easy_install command is deprecated setup.py develop --editable --build-directory /home/wego/third_impact/build/limo_lidar/build --no-deps symlink_data
