[4.002s] Invoking command in '/home/wego/third_impact/build/limo_aj': PYTHONPATH=/home/wego/third_impact/build/limo_aj/prefix_override:/usr/lib/python3/dist-packages/colcon_core/task/python/colcon_distutils_commands:/home/wego/third_impact/install/limo_aj/lib/python3.10/site-packages:${PYTHONPATH} /usr/bin/python3 -W ignore:setup.py install is deprecated -W ignore:easy_install command is deprecated setup.py develop --editable --build-directory /home/wego/third_impact/build/limo_aj/build --no-deps symlink_data
[4.920s] running develop
[5.570s] running egg_info
[5.618s] writing limo_aj.egg-info/PKG-INFO
[5.619s] writing dependency_links to limo_aj.egg-info/dependency_links.txt
[5.620s] writing entry points to limo_aj.egg-info/entry_points.txt
[5.622s] writing requirements to limo_aj.egg-info/requires.txt
[5.622s] writing top-level names to limo_aj.egg-info/top_level.txt
[5.719s] reading manifest file 'limo_aj.egg-info/SOURCES.txt'
[5.722s] writing manifest file 'limo_aj.egg-info/SOURCES.txt'
[5.805s] running build_ext
[5.805s] Creating /home/wego/third_impact/install/limo_aj/lib/python3.10/site-packages/limo-aj.egg-link (link to .)
[5.807s] Installing cone_check_node script to /home/wego/third_impact/install/limo_aj/lib/limo_aj
[5.807s] Installing cone_node script to /home/wego/third_impact/install/limo_aj/lib/limo_aj
[5.808s] Installing lidar_angle_node script to /home/wego/third_impact/install/limo_aj/lib/limo_aj
[5.808s] Installing lidar_check_node script to /home/wego/third_impact/install/limo_aj/lib/limo_aj
[5.809s] Installing steering_test_node script to /home/wego/third_impact/install/limo_aj/lib/limo_aj
[5.810s] Installing traffic_node script to /home/wego/third_impact/install/limo_aj/lib/limo_aj
[5.810s] 
[5.810s] Installed /home/wego/third_impact/build/limo_aj
[5.810s] running symlink_data
[5.926s] Invoked command in '/home/wego/third_impact/build/limo_aj' returned '0': PYTHONPATH=/home/wego/third_impact/build/limo_aj/prefix_override:/usr/lib/python3/dist-packages/colcon_core/task/python/colcon_distutils_commands:/home/wego/third_impact/install/limo_aj/lib/python3.10/site-packages:${PYTHONPATH} /usr/bin/python3 -W ignore:setup.py install is deprecated -W ignore:easy_install command is deprecated setup.py develop --editable --build-directory /home/wego/third_impact/build/limo_aj/build --no-deps symlink_data
