[4.783s] Invoking command in '/home/wego/third_impact/build/jetracer_ros2': PYTHONPATH=/home/wego/third_impact/build/jetracer_ros2/prefix_override:/usr/lib/python3/dist-packages/colcon_core/task/python/colcon_distutils_commands:/home/wego/third_impact/install/jetracer_ros2/lib/python3.10/site-packages:${PYTHONPATH} /usr/bin/python3 -W ignore:setup.py install is deprecated -W ignore:easy_install command is deprecated setup.py develop --editable --build-directory /home/wego/third_impact/build/jetracer_ros2/build --no-deps symlink_data
[5.975s] running develop
[6.780s] running egg_info
[6.830s] writing jetracer_ros2.egg-info/PKG-INFO
[6.831s] writing dependency_links to jetracer_ros2.egg-info/dependency_links.txt
[6.832s] writing entry points to jetracer_ros2.egg-info/entry_points.txt
[6.833s] writing requirements to jetracer_ros2.egg-info/requires.txt
[6.833s] writing top-level names to jetracer_ros2.egg-info/top_level.txt
[6.935s] reading manifest file 'jetracer_ros2.egg-info/SOURCES.txt'
[6.938s] writing manifest file 'jetracer_ros2.egg-info/SOURCES.txt'
[7.017s] running build_ext
[7.018s] Creating /home/wego/third_impact/install/jetracer_ros2/lib/python3.10/site-packages/jetracer-ros2.egg-link (link to .)
[7.020s] Installing data_collection_node script to /home/wego/third_impact/install/jetracer_ros2/lib/jetracer_ros2
[7.020s] Installing debug_mission_people_estop_node script to /home/wego/third_impact/install/jetracer_ros2/lib/jetracer_ros2
[7.021s] Installing debug_mission_track_following_node script to /home/wego/third_impact/install/jetracer_ros2/lib/jetracer_ros2
[7.021s] Installing debug_mission_traffic_light_node script to /home/wego/third_impact/install/jetracer_ros2/lib/jetracer_ros2
[7.021s] Installing debug_mission_tunnel_node script to /home/wego/third_impact/install/jetracer_ros2/lib/jetracer_ros2
[7.027s] Installing inference_go_stop_node script to /home/wego/third_impact/install/jetracer_ros2/lib/jetracer_ros2
[7.027s] Installing inference_node script to /home/wego/third_impact/install/jetracer_ros2/lib/jetracer_ros2
[7.028s] Installing mission_inference_node script to /home/wego/third_impact/install/jetracer_ros2/lib/jetracer_ros2
[7.028s] Installing mission_manager_node script to /home/wego/third_impact/install/jetracer_ros2/lib/jetracer_ros2
[7.028s] Installing mission_parking_node script to /home/wego/third_impact/install/jetracer_ros2/lib/jetracer_ros2
[7.028s] Installing mission_parking_test_node script to /home/wego/third_impact/install/jetracer_ros2/lib/jetracer_ros2
[7.028s] Installing mission_people_estop_node script to /home/wego/third_impact/install/jetracer_ros2/lib/jetracer_ros2
[7.028s] Installing mission_track_following_node script to /home/wego/third_impact/install/jetracer_ros2/lib/jetracer_ros2
[7.028s] Installing mission_traffic_light_node script to /home/wego/third_impact/install/jetracer_ros2/lib/jetracer_ros2
[7.030s] Installing mission_tunnel_node script to /home/wego/third_impact/install/jetracer_ros2/lib/jetracer_ros2
[7.030s] 
[7.031s] Installed /home/wego/third_impact/build/jetracer_ros2
[7.031s] running symlink_data
[7.165s] Invoked command in '/home/wego/third_impact/build/jetracer_ros2' returned '0': PYTHONPATH=/home/wego/third_impact/build/jetracer_ros2/prefix_override:/usr/lib/python3/dist-packages/colcon_core/task/python/colcon_distutils_commands:/home/wego/third_impact/install/jetracer_ros2/lib/python3.10/site-packages:${PYTHONPATH} /usr/bin/python3 -W ignore:setup.py install is deprecated -W ignore:easy_install command is deprecated setup.py develop --editable --build-directory /home/wego/third_impact/build/jetracer_ros2/build --no-deps symlink_data
