[1.176s] Invoking command in '/home/wego/third_impact/build/limo_base': CMAKE_PREFIX_PATH=/home/wego/third_impact/install/slam_parking:/home/wego/third_impact/install/limo_lidar:/home/wego/third_impact/install/limo_aj:/home/wego/third_impact/install/jetracer_ros2:/opt/ros/humble /usr/bin/cmake /home/wego/third_impact/src/limo_base -DAMENT_CMAKE_SYMLINK_INSTALL=1 -DCMAKE_INSTALL_PREFIX=/home/wego/third_impact/install/limo_base
[2.326s] [31mCMake Error at CMakeLists.txt:26 (find_package):
[2.327s]   By not providing "Findlimo_msgs.cmake" in CMAKE_MODULE_PATH this project
[2.328s]   has asked CMake to find a package configuration file provided by
[2.328s]   "limo_msgs", but CMake did not find one.
[2.329s] 
[2.329s]   Could not find a package configuration file provided by "limo_msgs" with
[2.330s]   any of the following names:
[2.330s] 
[2.330s]     limo_msgsConfig.cmake
[2.330s]     limo_msgs-config.cmake
[2.331s] 
[2.331s]   Add the installation prefix of "limo_msgs" to CMAKE_PREFIX_PATH or set
[2.331s]   "limo_msgs_DIR" to a directory containing one of the above files.  If
[2.332s]   "limo_msgs" provides a separate development package or SDK, be sure it has
[2.332s]   been installed.
[2.332s] 
[2.332s] [0m
[2.333s] -- Found ament_cmake: 1.3.12 (/opt/ros/humble/share/ament_cmake/cmake)
[2.333s] -- Override CMake install command with custom implementation using symlinks instead of copying resources
[2.335s] -- Found rclcpp: 16.0.15 (/opt/ros/humble/share/rclcpp/cmake)
[2.337s] -- Found rosidl_generator_c: 3.1.7 (/opt/ros/humble/share/rosidl_generator_c/cmake)
[2.338s] -- Found rosidl_adapter: 3.1.7 (/opt/ros/humble/share/rosidl_adapter/cmake)
[2.339s] -- Found rosidl_generator_cpp: 3.1.7 (/opt/ros/humble/share/rosidl_generator_cpp/cmake)
[2.341s] -- Using all available rosidl_typesupport_c: rosidl_typesupport_fastrtps_c;rosidl_typesupport_introspection_c
[2.341s] -- Using all available rosidl_typesupport_cpp: rosidl_typesupport_fastrtps_cpp;rosidl_typesupport_introspection_cpp
[2.342s] -- Found rmw_implementation_cmake: 6.1.2 (/opt/ros/humble/share/rmw_implementation_cmake/cmake)
[2.344s] -- Found rmw_fastrtps_cpp: 6.2.9 (/opt/ros/humble/share/rmw_fastrtps_cpp/cmake)
[2.345s] -- Using RMW implementation 'rmw_fastrtps_cpp' as default
[2.347s] -- Found geometry_msgs: 4.9.0 (/opt/ros/humble/share/geometry_msgs/cmake)
[2.347s] -- Found nav_msgs: 4.9.0 (/opt/ros/humble/share/nav_msgs/cmake)
[2.347s] -- Found sensor_msgs: 4.9.0 (/opt/ros/humble/share/sensor_msgs/cmake)
[2.349s] -- Found tf2: 0.25.16 (/opt/ros/humble/share/tf2/cmake)
[2.350s] -- Found tf2_ros: 0.25.16 (/opt/ros/humble/share/tf2_ros/cmake)
[2.351s] -- Found tf2_geometry_msgs: 0.25.16 (/opt/ros/humble/share/tf2_geometry_msgs/cmake)
[2.352s] -- Found eigen3_cmake_module: 0.1.1 (/opt/ros/humble/share/eigen3_cmake_module/cmake)
[2.352s] -- Ensuring Eigen3 include directory is part of orocos-kdl CMake target
[2.353s] -- Configuring incomplete, errors occurred!
[2.353s] See also "/home/wego/third_impact/build/limo_base/CMakeFiles/CMakeOutput.log".
[2.354s] Invoked command in '/home/wego/third_impact/build/limo_base' returned '1': CMAKE_PREFIX_PATH=/home/wego/third_impact/install/slam_parking:/home/wego/third_impact/install/limo_lidar:/home/wego/third_impact/install/limo_aj:/home/wego/third_impact/install/jetracer_ros2:/opt/ros/humble /usr/bin/cmake /home/wego/third_impact/src/limo_base -DAMENT_CMAKE_SYMLINK_INSTALL=1 -DCMAKE_INSTALL_PREFIX=/home/wego/third_impact/install/limo_base
