[3.880s] Invoking command in '/home/wego/third_impact/build/slam_parking': PYTHONPATH=/home/wego/third_impact/build/slam_parking/prefix_override:/usr/lib/python3/dist-packages/colcon_core/task/python/colcon_distutils_commands:/home/wego/third_impact/install/slam_parking/lib/python3.10/site-packages:${PYTHONPATH} /usr/bin/python3 -W ignore:setup.py install is deprecated -W ignore:easy_install command is deprecated setup.py develop --editable --build-directory /home/wego/third_impact/build/slam_parking/build --no-deps symlink_data
[4.728s] running develop
[5.325s] running egg_info
[5.325s] creating slam_parking.egg-info
[5.374s] writing slam_parking.egg-info/PKG-INFO
[5.376s] writing dependency_links to slam_parking.egg-info/dependency_links.txt
[5.377s] writing requirements to slam_parking.egg-info/requires.txt
[5.378s] writing top-level names to slam_parking.egg-info/top_level.txt
[5.378s] writing manifest file 'slam_parking.egg-info/SOURCES.txt'
[5.470s] reading manifest file 'slam_parking.egg-info/SOURCES.txt'
[5.471s] writing manifest file 'slam_parking.egg-info/SOURCES.txt'
[5.543s] running build_ext
[5.543s] Creating /home/wego/third_impact/install/slam_parking/lib/python3.10/site-packages/slam-parking.egg-link (link to .)
[5.544s] 
[5.544s] Installed /home/wego/third_impact/build/slam_parking
[5.545s] running symlink_data
[5.545s] creating /home/wego/third_impact/install/slam_parking/share/ament_index
[5.545s] creating /home/wego/third_impact/install/slam_parking/share/ament_index/resource_index
[5.546s] creating /home/wego/third_impact/install/slam_parking/share/ament_index/resource_index/packages
[5.546s] symbolically linking /home/wego/third_impact/build/slam_parking/resource/slam_parking -> /home/wego/third_impact/install/slam_parking/share/ament_index/resource_index/packages
[5.546s] symbolically linking /home/wego/third_impact/build/slam_parking/package.xml -> /home/wego/third_impact/install/slam_parking/share/slam_parking
[5.658s] Invoked command in '/home/wego/third_impact/build/slam_parking' returned '0': PYTHONPATH=/home/wego/third_impact/build/slam_parking/prefix_override:/usr/lib/python3/dist-packages/colcon_core/task/python/colcon_distutils_commands:/home/wego/third_impact/install/slam_parking/lib/python3.10/site-packages:${PYTHONPATH} /usr/bin/python3 -W ignore:setup.py install is deprecated -W ignore:easy_install command is deprecated setup.py develop --editable --build-directory /home/wego/third_impact/build/slam_parking/build --no-deps symlink_data
