[4.070s] Invoking command in '/home/wego/third_impact/build/limo_lidar': PYTHONPATH=/home/wego/third_impact/build/limo_lidar/prefix_override:/usr/lib/python3/dist-packages/colcon_core/task/python/colcon_distutils_commands:/home/wego/third_impact/install/limo_lidar/lib/python3.10/site-packages:${PYTHONPATH} /usr/bin/python3 -W ignore:setup.py install is deprecated -W ignore:easy_install command is deprecated setup.py develop --editable --build-directory /home/wego/third_impact/build/limo_lidar/build --no-deps symlink_data
[5.141s] running develop
[5.864s] running egg_info
[5.864s] creating limo_lidar.egg-info
[5.912s] writing limo_lidar.egg-info/PKG-INFO
[5.913s] writing dependency_links to limo_lidar.egg-info/dependency_links.txt
[5.914s] writing entry points to limo_lidar.egg-info/entry_points.txt
[5.915s] writing requirements to limo_lidar.egg-info/requires.txt
[5.915s] writing top-level names to limo_lidar.egg-info/top_level.txt
[5.916s] writing manifest file 'limo_lidar.egg-info/SOURCES.txt'
[6.015s] reading manifest file 'limo_lidar.egg-info/SOURCES.txt'
[6.017s] writing manifest file 'limo_lidar.egg-info/SOURCES.txt'
[6.097s] running build_ext
[6.097s] Creating /home/wego/third_impact/install/limo_lidar/lib/python3.10/site-packages/limo-lidar.egg-link (link to .)
[6.099s] Installing lidar_parking script to /home/wego/third_impact/install/limo_lidar/lib/limo_lidar
[6.100s] Installing lidar_parking_2 script to /home/wego/third_impact/install/limo_lidar/lib/limo_lidar
[6.100s] Installing line_check script to /home/wego/third_impact/install/limo_lidar/lib/limo_lidar
[6.101s] Installing obstacle_avoid script to /home/wego/third_impact/install/limo_lidar/lib/limo_lidar
[6.101s] Installing parking script to /home/wego/third_impact/install/limo_lidar/lib/limo_lidar
[6.101s] Installing reset_steer script to /home/wego/third_impact/install/limo_lidar/lib/limo_lidar
[6.101s] Installing stop_and_go script to /home/wego/third_impact/install/limo_lidar/lib/limo_lidar
[6.102s] Installing stop_test script to /home/wego/third_impact/install/limo_lidar/lib/limo_lidar
[6.102s] Installing stop_test_2 script to /home/wego/third_impact/install/limo_lidar/lib/limo_lidar
[6.103s] Installing test script to /home/wego/third_impact/install/limo_lidar/lib/limo_lidar
[6.103s] 
[6.103s] Installed /home/wego/third_impact/build/limo_lidar
[6.103s] running symlink_data
[6.104s] creating /home/wego/third_impact/install/limo_lidar/share/ament_index
[6.104s] creating /home/wego/third_impact/install/limo_lidar/share/ament_index/resource_index
[6.104s] creating /home/wego/third_impact/install/limo_lidar/share/ament_index/resource_index/packages
[6.104s] symbolically linking /home/wego/third_impact/build/limo_lidar/resource/limo_lidar -> /home/wego/third_impact/install/limo_lidar/share/ament_index/resource_index/packages
[6.104s] symbolically linking /home/wego/third_impact/build/limo_lidar/package.xml -> /home/wego/third_impact/install/limo_lidar/share/limo_lidar
[6.250s] Invoked command in '/home/wego/third_impact/build/limo_lidar' returned '0': PYTHONPATH=/home/wego/third_impact/build/limo_lidar/prefix_override:/usr/lib/python3/dist-packages/colcon_core/task/python/colcon_distutils_commands:/home/wego/third_impact/install/limo_lidar/lib/python3.10/site-packages:${PYTHONPATH} /usr/bin/python3 -W ignore:setup.py install is deprecated -W ignore:easy_install command is deprecated setup.py develop --editable --build-directory /home/wego/third_impact/build/limo_lidar/build --no-deps symlink_data
