[4.477s] Invoking command in '/home/wego/third_impact/build/jetracer_ros2': PYTHONPATH=/home/wego/third_impact/build/jetracer_ros2/prefix_override:/usr/lib/python3/dist-packages/colcon_core/task/python/colcon_distutils_commands:/home/wego/third_impact/install/jetracer_ros2/lib/python3.10/site-packages:${PYTHONPATH} /usr/bin/python3 -W ignore:setup.py install is deprecated -W ignore:easy_install command is deprecated setup.py develop --editable --build-directory /home/wego/third_impact/build/jetracer_ros2/build --no-deps symlink_data
[5.669s] running develop
[6.577s] running egg_info
[6.630s] writing jetracer_ros2.egg-info/PKG-INFO
[6.631s] writing dependency_links to jetracer_ros2.egg-info/dependency_links.txt
[6.632s] writing entry points to jetracer_ros2.egg-info/entry_points.txt
[6.633s] writing requirements to jetracer_ros2.egg-info/requires.txt
[6.633s] writing top-level names to jetracer_ros2.egg-info/top_level.txt
[6.732s] reading manifest file 'jetracer_ros2.egg-info/SOURCES.txt'
[6.736s] writing manifest file 'jetracer_ros2.egg-info/SOURCES.txt'
[6.819s] running build_ext
[6.820s] Creating /home/wego/third_impact/install/jetracer_ros2/lib/python3.10/site-packages/jetracer-ros2.egg-link (link to .)
[6.822s] Installing data_collection_node script to /home/wego/third_impact/install/jetracer_ros2/lib/jetracer_ros2
[6.822s] Installing debug_mission_people_estop_node script to /home/wego/third_impact/install/jetracer_ros2/lib/jetracer_ros2
[6.822s] Installing debug_mission_traffic_light_node script to /home/wego/third_impact/install/jetracer_ros2/lib/jetracer_ros2
[6.823s] Installing inference_StopAndGo_with_joy_node script to /home/wego/third_impact/install/jetracer_ros2/lib/jetracer_ros2
[6.823s] Installing inference_StopAndGo_with_lidar_node script to /home/wego/third_impact/install/jetracer_ros2/lib/jetracer_ros2
[6.824s] Installing inference_go_stop_node script to /home/wego/third_impact/install/jetracer_ros2/lib/jetracer_ros2
[6.824s] Installing inference_node script to /home/wego/third_impact/install/jetracer_ros2/lib/jetracer_ros2
[6.824s] Installing inference_people_estop_node script to /home/wego/third_impact/install/jetracer_ros2/lib/jetracer_ros2
[6.826s] Installing mission_inference_node script to /home/wego/third_impact/install/jetracer_ros2/lib/jetracer_ros2
[6.827s] Installing mission_manager_node script to /home/wego/third_impact/install/jetracer_ros2/lib/jetracer_ros2
[6.827s] Installing mission_manager_pestop_test_node script to /home/wego/third_impact/install/jetracer_ros2/lib/jetracer_ros2
[6.827s] Installing mission_manager_track_following_test_node script to /home/wego/third_impact/install/jetracer_ros2/lib/jetracer_ros2
[6.827s] Installing mission_manager_tunnel_test_node script to /home/wego/third_impact/install/jetracer_ros2/lib/jetracer_ros2
[6.828s] Installing mission_people_estop_node script to /home/wego/third_impact/install/jetracer_ros2/lib/jetracer_ros2
[6.828s] Installing mission_track_following_node script to /home/wego/third_impact/install/jetracer_ros2/lib/jetracer_ros2
[6.828s] Installing mission_traffic_light_node script to /home/wego/third_impact/install/jetracer_ros2/lib/jetracer_ros2
[6.828s] Installing mission_tunnel_node script to /home/wego/third_impact/install/jetracer_ros2/lib/jetracer_ros2
[6.829s] 
[6.829s] Installed /home/wego/third_impact/build/jetracer_ros2
[6.829s] running symlink_data
[6.960s] Invoked command in '/home/wego/third_impact/build/jetracer_ros2' returned '0': PYTHONPATH=/home/wego/third_impact/build/jetracer_ros2/prefix_override:/usr/lib/python3/dist-packages/colcon_core/task/python/colcon_distutils_commands:/home/wego/third_impact/install/jetracer_ros2/lib/python3.10/site-packages:${PYTHONPATH} /usr/bin/python3 -W ignore:setup.py install is deprecated -W ignore:easy_install command is deprecated setup.py develop --editable --build-directory /home/wego/third_impact/build/jetracer_ros2/build --no-deps symlink_data
