[3.858s] Invoking command in '/home/wego/third_impact/build/slam_parking': PYTHONPATH=/home/wego/third_impact/build/slam_parking/prefix_override:/usr/lib/python3/dist-packages/colcon_core/task/python/colcon_distutils_commands:/home/wego/third_impact/install/slam_parking/lib/python3.10/site-packages:${PYTHONPATH} /usr/bin/python3 -W ignore:setup.py install is deprecated -W ignore:easy_install command is deprecated setup.py develop --editable --build-directory /home/wego/third_impact/build/slam_parking/build --no-deps symlink_data
[4.729s] running develop
[5.354s] running egg_info
[5.355s] creating slam_parking.egg-info
[5.409s] writing slam_parking.egg-info/PKG-INFO
[5.413s] writing dependency_links to slam_parking.egg-info/dependency_links.txt
[5.414s] writing entry points to slam_parking.egg-info/entry_points.txt
[5.414s] writing requirements to slam_parking.egg-info/requires.txt
[5.414s] writing top-level names to slam_parking.egg-info/top_level.txt
[5.414s] writing manifest file 'slam_parking.egg-info/SOURCES.txt'
[5.538s] reading manifest file 'slam_parking.egg-info/SOURCES.txt'
[5.539s] writing manifest file 'slam_parking.egg-info/SOURCES.txt'
[5.636s] running build_ext
[5.636s] Creating /home/wego/third_impact/install/slam_parking/lib/python3.10/site-packages/slam-parking.egg-link (link to .)
[5.638s] Installing parking_navigator_node script to /home/wego/third_impact/install/slam_parking/lib/slam_parking
[5.639s] Installing parking_pose_recorder_node script to /home/wego/third_impact/install/slam_parking/lib/slam_parking
[5.639s] 
[5.639s] Installed /home/wego/third_impact/build/slam_parking
[5.640s] running symlink_data
[5.640s] creating /home/wego/third_impact/install/slam_parking/share/ament_index
[5.640s] creating /home/wego/third_impact/install/slam_parking/share/ament_index/resource_index
[5.641s] creating /home/wego/third_impact/install/slam_parking/share/ament_index/resource_index/packages
[5.641s] symbolically linking /home/wego/third_impact/build/slam_parking/resource/slam_parking -> /home/wego/third_impact/install/slam_parking/share/ament_index/resource_index/packages
[5.641s] symbolically linking /home/wego/third_impact/build/slam_parking/package.xml -> /home/wego/third_impact/install/slam_parking/share/slam_parking
[5.759s] Invoked command in '/home/wego/third_impact/build/slam_parking' returned '0': PYTHONPATH=/home/wego/third_impact/build/slam_parking/prefix_override:/usr/lib/python3/dist-packages/colcon_core/task/python/colcon_distutils_commands:/home/wego/third_impact/install/slam_parking/lib/python3.10/site-packages:${PYTHONPATH} /usr/bin/python3 -W ignore:setup.py install is deprecated -W ignore:easy_install command is deprecated setup.py develop --editable --build-directory /home/wego/third_impact/build/slam_parking/build --no-deps symlink_data
