[3.304s] Invoking command in '/home/wego/third_impact/build/limo_lidar': PYTHONPATH=/home/wego/third_impact/build/limo_lidar/prefix_override:/usr/lib/python3/dist-packages/colcon_core/task/python/colcon_distutils_commands:/home/wego/third_impact/install/limo_lidar/lib/python3.10/site-packages:${PYTHONPATH} /usr/bin/python3 -W ignore:setup.py install is deprecated -W ignore:easy_install command is deprecated setup.py develop --editable --build-directory /home/wego/third_impact/build/limo_lidar/build --no-deps symlink_data
[4.367s] running develop
[5.074s] running egg_info
[5.120s] writing limo_lidar.egg-info/PKG-INFO
[5.124s] writing dependency_links to limo_lidar.egg-info/dependency_links.txt
[5.124s] writing entry points to limo_lidar.egg-info/entry_points.txt
[5.125s] writing requirements to limo_lidar.egg-info/requires.txt
[5.125s] writing top-level names to limo_lidar.egg-info/top_level.txt
[5.218s] reading manifest file 'limo_lidar.egg-info/SOURCES.txt'
[5.219s] writing manifest file 'limo_lidar.egg-info/SOURCES.txt'
[5.298s] running build_ext
[5.298s] Creating /home/wego/third_impact/install/limo_lidar/lib/python3.10/site-packages/limo-lidar.egg-link (link to .)
[5.300s] Installing line_check script to /home/wego/third_impact/install/limo_lidar/lib/limo_lidar
[5.303s] Installing obstacle_avoid script to /home/wego/third_impact/install/limo_lidar/lib/limo_lidar
[5.304s] Installing parking script to /home/wego/third_impact/install/limo_lidar/lib/limo_lidar
[5.304s] Installing reset_steer script to /home/wego/third_impact/install/limo_lidar/lib/limo_lidar
[5.304s] Installing stop_and_go script to /home/wego/third_impact/install/limo_lidar/lib/limo_lidar
[5.304s] Installing stop_test script to /home/wego/third_impact/install/limo_lidar/lib/limo_lidar
[5.305s] Installing stop_test_2 script to /home/wego/third_impact/install/limo_lidar/lib/limo_lidar
[5.305s] Installing test script to /home/wego/third_impact/install/limo_lidar/lib/limo_lidar
[5.305s] Installing yellow_det script to /home/wego/third_impact/install/limo_lidar/lib/limo_lidar
[5.305s] 
[5.306s] Installed /home/wego/third_impact/build/limo_lidar
[5.306s] running symlink_data
[5.414s] Invoked command in '/home/wego/third_impact/build/limo_lidar' returned '0': PYTHONPATH=/home/wego/third_impact/build/limo_lidar/prefix_override:/usr/lib/python3/dist-packages/colcon_core/task/python/colcon_distutils_commands:/home/wego/third_impact/install/limo_lidar/lib/python3.10/site-packages:${PYTHONPATH} /usr/bin/python3 -W ignore:setup.py install is deprecated -W ignore:easy_install command is deprecated setup.py develop --editable --build-directory /home/wego/third_impact/build/limo_lidar/build --no-deps symlink_data
